            --------------------------------------------------------
                             AMBER SQM VERSION 19
 
                                     By
              Ross C. Walker, Michael F. Crowley, Scott Brozell,
                         Tim Giese, Andreas W. Goetz,
                        Tai-Sung Lee and David A. Case
 
            --------------------------------------------------------
 

--------------------------------------------------------------------------------
  QM CALCULATION INFO
--------------------------------------------------------------------------------

| QMMM: Citation for AMBER QMMM Run:
| QMMM: R.C. Walker, M.F. Crowley and D.A. Case, J. COMP. CHEM. 29:1019, 2008

QMMM: SINGLET STATE CALCULATION
QMMM: RHF CALCULATION, NO. OF DOUBLY OCCUPIED LEVELS = 57

| QMMM: *** Selected Hamiltonian *** 
| QMMM: AM1         

| QMMM: *** Parameter sets in use ***
| QMMM: N : M.J.S.DEWAR et al. JACS, 107, 3902, (1985)
| QMMM: C : M.J.S.DEWAR et al. JACS, 107, 3902, (1985)
| QMMM: O : M.J.S.DEWAR et al. JACS, 107, 3902, (1985)
| QMMM: H : M.J.S.DEWAR et al. JACS, 107, 3902, (1985)

| QMMM: *** SCF convergence criteria ***
| QMMM: Energy change                :  0.1D-09 kcal/mol
| QMMM: Error matrix |FP-PF|         :  0.1D+00 au
| QMMM: Density matrix change        :  0.5D-06
| QMMM: Maximum number of SCF cycles :     1000

| QMMM: *** Diagonalization Routine Information ***
| QMMM: Pseudo diagonalizations are allowed.
| QMMM: Auto diagonalization routine selection is in use.
| QMMM:
| QMMM: Timing diagonalization routines:
| QMMM:                              norbs =      109
| QMMM:    diag iterations used for timing =       10
| QMMM:
| QMMM:              Internal diag routine = 0.040508 seconds
| QMMM:                 Dspev diag routine = 0.053377 seconds
| QMMM:                Dspevd diag routine = 0.032600 seconds
| QMMM:                Dspevx diag routine = 0.099433 seconds
| QMMM:                 Dsyev diag routine = 0.041491 seconds
| QMMM:                Dsyevd diag routine = 0.028513 seconds
| QMMM:                Dsyevr diag routine = 0.029137 seconds
| QMMM:
| QMMM:                Pseudo diag routine = 0.013324 seconds
| QMMM:
| QMMM: Using dsyevd routine (diag_routine=6).

  QMMM: QM Region Cartesian Coordinates (*=link atom) 
  QMMM: QM_NO.   MM_NO.  ATOM         X         Y         Z
  QMMM:     1        1      N       10.3860    2.5300   10.7310
  QMMM:     2        2      C       10.3730    2.6510    9.3030
  QMMM:     3        3      C       11.8150    2.4420    8.7040
  QMMM:     4        4      C       12.8080    3.4560    8.7150
  QMMM:     5        5      C       14.1470    3.2310    8.1730
  QMMM:     6        6      C       12.1820    1.2190    8.1530
  QMMM:     7        7      C       13.5070    1.0150    7.6100
  QMMM:     8        8      C       14.5110    2.0140    7.6180
  QMMM:     9        9      C       15.9720    1.7610    7.1450
  QMMM:    10       10      C       16.6890    0.7550    7.7430
  QMMM:    11       11      C       18.0910    0.5000    7.4350
  QMMM:    12       12      C       18.7710    1.2780    6.5080
  QMMM:    13       13      C       18.0740    2.2680    5.8780
  QMMM:    14       14      C       16.6560    2.5310    6.1870
  QMMM:    15       15      C       15.9560    3.5870    5.4410
  QMMM:    16       16      C       14.5990    3.4150    5.0100
  QMMM:    17       17      C       13.9910    4.3960    4.2730
  QMMM:    18       18      C       16.6740    4.7460    5.0820
  QMMM:    19       19      C       16.0800    5.7340    4.3250
  QMMM:    20       20      C       14.7220    5.5310    3.9200
  QMMM:    21       21      C       14.1280    6.4700    3.1710
  QMMM:    22       22      O       12.9330    6.4770    3.0650
  QMMM:    23       23      O       14.8100    7.3110    2.6010
  QMMM:    24       24      H       10.8590    1.7780   10.9430
  QMMM:    25       25      H       10.8120    3.2580   11.0610
  QMMM:    26       26      H       10.0290    3.5490    9.0710
  QMMM:    27       27      H        9.7280    1.9770    8.9630
  QMMM:    28       28      H       12.5790    4.2980    9.0880
  QMMM:    29       29      H       14.8200    3.9270    8.1870
  QMMM:    30       30      H       11.5180    0.5150    8.1490
  QMMM:    31       31      H       13.7330    0.1770    7.2230
  QMMM:    32       32      H       16.2150    0.2250    8.3790
  QMMM:    33       33      H       18.5700   -0.1950    7.8530
  QMMM:    34       34      H       19.7330    1.1290    6.3060
  QMMM:    35       35      H       18.5510    2.7760    5.2280
  QMMM:    36       36      H       14.0940    2.6230    5.2220
  QMMM:    37       37      H       13.0620    4.2820    4.0100
  QMMM:    38       38      H       17.5960    4.8700    5.3580
  QMMM:    39       39      H       16.5850    6.5200    4.0920
  QMMM:    40       40      H       12.5530    7.0190    3.7610

--------------------------------------------------------------------------------
  RESULTS
--------------------------------------------------------------------------------

      iter         sqm energy              rms gradient
      ----    -------------------    -----------------------
xmin    10      -10.1496 kcal/mol        2.8329 kcal/(mol*A)
xmin    20      -12.5213 kcal/mol        0.7018 kcal/(mol*A)
xmin    30      -12.7473 kcal/mol        0.2696 kcal/(mol*A)
xmin    40      -12.8024 kcal/mol        0.1716 kcal/(mol*A)
xmin    50      -12.5525 kcal/mol        2.7336 kcal/(mol*A)
xmin    60      -12.8205 kcal/mol        0.0619 kcal/(mol*A)
xmin    70      -12.8217 kcal/mol        0.0705 kcal/(mol*A)
xmin    80      -12.8222 kcal/mol        0.0278 kcal/(mol*A)
xmin    90      -12.8224 kcal/mol        0.0146 kcal/(mol*A)
xmin   100      -12.8226 kcal/mol        0.0350 kcal/(mol*A)
xmin   110      -12.8234 kcal/mol        0.0152 kcal/(mol*A)
xmin   120      -12.8236 kcal/mol        0.0073 kcal/(mol*A)
xmin   130      -12.8240 kcal/mol        0.0258 kcal/(mol*A)
xmin   140      -12.8243 kcal/mol        0.0222 kcal/(mol*A)
xmin   150      -12.8245 kcal/mol        0.0103 kcal/(mol*A)
xmin   160      -12.8246 kcal/mol        0.0062 kcal/(mol*A)
xmin   170      -12.8250 kcal/mol        0.0094 kcal/(mol*A)
xmin   180      -12.8251 kcal/mol        0.0024 kcal/(mol*A)
xmin   190      -12.8252 kcal/mol        0.0123 kcal/(mol*A)
xmin   200      -12.8252 kcal/mol        0.0063 kcal/(mol*A)
xmin   210      -12.8252 kcal/mol        0.0009 kcal/(mol*A)
xmin   220      -12.8252 kcal/mol        0.0024 kcal/(mol*A)
xmin   230      -12.8252 kcal/mol        0.0020 kcal/(mol*A)
xmin   240      -12.8252 kcal/mol        0.0019 kcal/(mol*A)
xmin   250      -12.8252 kcal/mol        0.0015 kcal/(mol*A)
  ... geometry converged !
 
 Final MO eigenvalues (eV):
 -41.3992  -40.6972  -39.6392  -38.7856  -36.8179  -36.2795  -34.1207  -33.2516
 -32.0017  -31.8209  -30.6560  -29.9517  -26.3577  -25.5926  -24.1698  -23.7914
 -23.1984  -22.9774  -21.9510  -21.4579  -19.7613  -18.5351  -17.7031  -17.4369
 -17.2801  -16.9240  -16.5267  -16.3637  -16.1185  -15.9914  -15.9144  -15.4490
 -15.3664  -15.1058  -14.7720  -14.5714  -14.5374  -14.4690  -14.0385  -13.7244
 -13.6000  -13.3734  -13.1030  -12.7052  -12.5367  -12.3284  -12.2872  -12.1664
 -12.0705  -11.2825  -10.6310  -10.3539  -10.2535  -10.1200  -10.0284   -9.7027
  -9.3151   -0.7755   -0.2581   -0.0055    0.1770    0.2060    0.3388    1.3811
   2.2810    2.3485    2.4102    2.5889    3.2014    3.3129    3.3407    3.4175
   3.4893    3.5210    3.6086    3.6335    3.6754    3.6854    3.7473    3.8477
   3.9250    3.9723    4.0407    4.0954    4.1708    4.2978    4.3442    4.4392
   4.5189    4.5615    4.6262    4.7320    4.7791    4.8204    4.9088    4.9784
   5.0913    5.1680    5.2443    5.2535    5.3094    5.3856    5.4610    5.6706
   5.7415    5.7827    5.9839    6.0581    6.6928

 Heat of formation   =        -12.82524471 kcal/mol  (       -0.55614434 eV)

 Total SCF energy    =     -83985.82582795 kcal/mol  (    -3641.89869598 eV)
 Electronic energy   =    -588596.68155312 kcal/mol  (   -25523.46739314 eV)
 Core-core repulsion =     504610.85572517 kcal/mol  (    21881.56869716 eV)
 
    Atomic Charges for Step       1 :
  Atom    Element       Mulliken Charge
     1      N                 -0.333
     2      C                 -0.049
     3      C                 -0.119
     4      C                 -0.130
     5      C                 -0.108
     6      C                 -0.123
     7      C                 -0.121
     8      C                 -0.045
     9      C                 -0.022
    10      C                 -0.121
    11      C                 -0.122
    12      C                 -0.127
    13      C                 -0.116
    14      C                 -0.039
    15      C                 -0.004
    16      C                 -0.115
    17      C                 -0.104
    18      C                 -0.132
    19      C                 -0.071
    20      C                 -0.154
    21      C                  0.341
    22      O                 -0.288
    23      O                 -0.297
    24      H                  0.145
    25      H                  0.142
    26      H                  0.101
    27      H                  0.098
    28      H                  0.133
    29      H                  0.141
    30      H                  0.135
    31      H                  0.138
    32      H                  0.140
    33      H                  0.137
    34      H                  0.137
    35      H                  0.140
    36      H                  0.150
    37      H                  0.137
    38      H                  0.145
    39      H                  0.158
    40      H                  0.226
 Total Mulliken Charge =       0.000
 
                  X        Y        Z     TOTAL  
  QM DIPOLE     1.628   -4.531    2.978    5.661
 
 Final Structure

  QMMM: QM Region Cartesian Coordinates (*=link atom) 
  QMMM: QM_NO.   MM_NO.  ATOM         X         Y         Z
  QMMM:     1        1      N       10.4803    3.0335   10.5226
  QMMM:     2        2      C       10.6147    2.7173    9.1241
  QMMM:     3        3      C       12.0091    2.4549    8.6257
  QMMM:     4        4      C       12.9849    3.4536    8.7106
  QMMM:     5        5      C       14.2746    3.2230    8.2393
  QMMM:     6        6      C       12.3414    1.2198    8.0625
  QMMM:     7        7      C       13.6312    0.9843    7.5918
  QMMM:     8        8      C       14.6084    1.9856    7.6723
  QMMM:     9        9      C       15.9730    1.7151    7.2113
  QMMM:    10       10      C       16.6826    0.6716    7.8262
  QMMM:    11       11      C       17.9935    0.3858    7.4579
  QMMM:    12       12      C       18.6168    1.1423    6.4651
  QMMM:    13       13      C       17.9219    2.1738    5.8418
  QMMM:    14       14      C       16.5955    2.4663    6.1981
  QMMM:    15       15      C       15.9081    3.5388    5.4751
  QMMM:    16       16      C       14.6684    3.3090    4.8607
  QMMM:    17       17      C       14.0374    4.3234    4.1469
  QMMM:    18       18      C       16.5113    4.7986    5.3513
  QMMM:    19       19      C       15.8816    5.8140    4.6364
  QMMM:    20       20      C       14.6369    5.5834    4.0386
  QMMM:    21       21      C       13.9995    6.6764    3.2829
  QMMM:    22       22      O       12.6350    6.7676    3.2356
  QMMM:    23       23      O       14.5683    7.5742    2.6600
  QMMM:    24       24      H       10.7728    2.2658   11.0950
  QMMM:    25       25      H       11.0256    3.8386   10.7630
  QMMM:    26       26      H       10.1918    3.5836    8.5357
  QMMM:    27       27      H        9.9682    1.8174    8.9128
  QMMM:    28       28      H       12.7314    4.4311    9.1483
  QMMM:    29       29      H       15.0368    4.0138    8.3092
  QMMM:    30       30      H       11.5819    0.4264    7.9904
  QMMM:    31       31      H       13.8879    0.0073    7.1550
  QMMM:    32       32      H       16.1901    0.0800    8.6134
  QMMM:    33       33      H       18.5371   -0.4339    7.9505
  QMMM:    34       34      H       19.6544    0.9232    6.1730
  QMMM:    35       35      H       18.4093    2.7666    5.0521
  QMMM:    36       36      H       14.1934    2.3194    4.9504
  QMMM:    37       37      H       13.0738    4.1207    3.6539
  QMMM:    38       38      H       17.4894    4.9838    5.8214
  QMMM:    39       39      H       16.3584    6.8020    4.5285
  QMMM:    40       40      H       12.2355    6.0882    3.7956

           --------- Calculation Completed ----------

