            --------------------------------------------------------
                             AMBER SQM VERSION 19
 
                                     By
              Ross C. Walker, Michael F. Crowley, Scott Brozell,
                         Tim Giese, Andreas W. Goetz,
                        Tai-Sung Lee and David A. Case
 
            --------------------------------------------------------
 

--------------------------------------------------------------------------------
  QM CALCULATION INFO
--------------------------------------------------------------------------------

| QMMM: Citation for AMBER QMMM Run:
| QMMM: R.C. Walker, M.F. Crowley and D.A. Case, J. COMP. CHEM. 29:1019, 2008

QMMM: SINGLET STATE CALCULATION
QMMM: RHF CALCULATION, NO. OF DOUBLY OCCUPIED LEVELS =428

| QMMM: *** Selected Hamiltonian *** 
| QMMM: AM1         

| QMMM: *** Parameter sets in use ***
| QMMM: N : M.J.S.DEWAR et al. JACS, 107, 3902, (1985)
| QMMM: C : M.J.S.DEWAR et al. JACS, 107, 3902, (1985)
| QMMM: O : M.J.S.DEWAR et al. JACS, 107, 3902, (1985)
| QMMM: H : M.J.S.DEWAR et al. JACS, 107, 3902, (1985)

| QMMM: *** SCF convergence criteria ***
| QMMM: Energy change                :  0.1D-09 kcal/mol
| QMMM: Error matrix |FP-PF|         :  0.1D+00 au
| QMMM: Density matrix change        :  0.5D-06
| QMMM: Maximum number of SCF cycles :     1000

| QMMM: *** Diagonalization Routine Information ***
| QMMM: Pseudo diagonalizations are allowed.
| QMMM: Auto diagonalization routine selection is in use.
| QMMM:
| QMMM: Timing diagonalization routines:
| QMMM:                              norbs =      830
| QMMM:    diag iterations used for timing =        1
| QMMM:
| QMMM:              Internal diag routine = 1.129659 seconds
| QMMM:                 Dspev diag routine = 0.972867 seconds
| QMMM:                Dspevd diag routine = 0.682319 seconds
| QMMM:                Dspevx diag routine = 2.104071 seconds
| QMMM:                 Dsyev diag routine = 1.007040 seconds
| QMMM:                Dsyevd diag routine = 0.714290 seconds
| QMMM:                Dsyevr diag routine = 0.625388 seconds
| QMMM:
| QMMM:                Pseudo diag routine = 0.583598 seconds
| QMMM:
| QMMM: Using dsyevr routine (diag_routine=7).

  QMMM: QM Region Cartesian Coordinates (*=link atom) 
  QMMM: QM_NO.   MM_NO.  ATOM         X         Y         Z
  QMMM:     1        1      N       10.9020    4.9240   18.5950
  QMMM:     2        2      N       14.6820    2.1280   12.1470
  QMMM:     3        3      N       11.4640    3.2790    8.4370
  QMMM:     4        4      N        8.0610    6.9410   14.0410
  QMMM:     5        5      N       13.3670    4.8900   22.7720
  QMMM:     6        6      N       16.7520    0.8820   16.6240
  QMMM:     7        7      N       19.4820   -0.1770   20.9380
  QMMM:     8        8      N       15.6180    5.2260   27.3620
  QMMM:     9        9      C       15.3460    2.7560   13.1770
  QMMM:    10       10      C        5.4330   -0.1790   10.4620
  QMMM:    11       11      C       11.2030    8.1920   16.9910
  QMMM:    12       12      C       11.6900    7.0470   17.6270
  QMMM:    13       13      C       11.4730    1.8440    8.2600
  QMMM:    14       14      C       13.9940    4.8480   12.9270
  QMMM:    15       15      C       13.8640    6.2330   13.0490
  QMMM:    16       16      C       10.1500    1.2280    8.6310
  QMMM:    17       17      C       14.3930    0.7140   12.1830
  QMMM:    18       18      C       15.2140    4.2310   13.2240
  QMMM:    19       19      C       11.9660    8.8590   16.0220
  QMMM:    20       20      C       15.5080    9.2690   12.6540
  QMMM:    21       21      C        9.7230    1.2440    9.9620
  QMMM:    22       22      C       10.8940    6.3700   18.7160
  QMMM:    23       23      C       15.4660   10.6590   12.6830
  QMMM:    24       24      C       12.9700    6.6100   17.2880
  QMMM:    25       25      C       13.7350    7.2940   16.3330
  QMMM:    26       26      C       13.2500    8.4190   15.6560
  QMMM:    27       27      C       14.0570   10.5450   14.6330
  QMMM:    28       28      C       14.0530    9.1310   14.6210
  QMMM:    29       29      C       16.1650    6.3830   13.7650
  QMMM:    30       30      C       14.7460   11.2990   13.6800
  QMMM:    31       31      C       14.8190    8.4840   13.6080
  QMMM:    32       32      C       14.9440    7.0210   13.4710
  QMMM:    33       33      C        8.2880    6.2470   15.2040
  QMMM:    34       34      C       10.8900   -0.7310   12.6430
  QMMM:    35       35      C       12.1570   -0.4620   12.1080
  QMMM:    36       36      C       13.0090    0.4510   12.7310
  QMMM:    37       37      C       12.5620    1.0780   13.8990
  QMMM:    38       38      C       11.2880    0.8240   14.4110
  QMMM:    39       39      C       10.4260   -0.0990   13.8140
  QMMM:    40       40      C        6.9540   -0.0790   15.4690
  QMMM:    41       41      C        6.6930   -1.4460   15.5290
  QMMM:    42       42      C        7.6380   -2.3370   15.0560
  QMMM:    43       43      C        8.8260   -1.8520   14.5110
  QMMM:    44       44      C        9.1180   -0.4660   14.4160
  QMMM:    45       45      C        8.1610    0.4480   14.9380
  QMMM:    46       46      C        8.0770    2.6140   16.1930
  QMMM:    47       47      C        8.3050    1.9250   14.9850
  QMMM:    48       48      C        8.5950    2.6960   13.8500
  QMMM:    49       49      C        8.6110    4.0980   13.9030
  QMMM:    50       50      C        8.3210    4.7610   15.0990
  QMMM:    51       51      C        8.0800    4.0110   16.2510
  QMMM:    52       52      C       16.2970    4.9970   13.6570
  QMMM:    53       53      C       13.5390    6.0980    9.4550
  QMMM:    54       54      C       12.3450    5.4130    9.2100
  QMMM:    55       55      C       11.1800    6.1390    8.9440
  QMMM:    56       56      C       11.2190    7.5400    8.9050
  QMMM:    57       57      C       12.4100    8.2420    9.1520
  QMMM:    58       58      C       13.5690    7.4950    9.4270
  QMMM:    59       59      C       12.4590    9.7210    9.1400
  QMMM:    60       60      C       11.6770   10.5370   10.0050
  QMMM:    61       61      C       11.8240   11.9390    9.9280
  QMMM:    62       62      C       12.7060   12.5340    9.0260
  QMMM:    63       63      C       13.4600   11.7390    8.1740
  QMMM:    64       64      C       13.3370   10.3510    8.2310
  QMMM:    65       65      C       10.7390    9.9880   11.0060
  QMMM:    66       66      C       11.1890    9.1310   12.0160
  QMMM:    67       67      C       10.3050    8.5890   12.9510
  QMMM:    68       68      C        8.9450    8.9200   12.9300
  QMMM:    69       69      C        8.4870    9.7930   11.9370
  QMMM:    70       70      C        9.3720   10.3130   10.9840
  QMMM:    71       71      C       12.3640    3.9230    9.2570
  QMMM:    72       72      C        8.0210    8.3840   13.9950
  QMMM:    73       73      C        5.3750    1.2730   10.7050
  QMMM:    74       74      C        5.4730    1.7790   12.0120
  QMMM:    75       75      C        4.3470   -0.9720   10.8850
  QMMM:    76       76      C        6.4950   -2.2030    9.6290
  QMMM:    77       77      C        9.3520    0.5810    7.6790
  QMMM:    78       78      C        5.2380    2.1790    9.6410
  QMMM:    79       79      C        5.3470    4.0430   11.1760
  QMMM:    80       80      C        5.4080   -2.9670   10.0540
  QMMM:    81       81      C        7.7470   -0.0740    9.3990
  QMMM:    82       82      C        8.1650   -0.0600    8.0600
  QMMM:    83       83      C        4.3340   -2.3520   10.6840
  QMMM:    84       84      C        5.4670    3.1550   12.2470
  QMMM:    85       85      C        8.5450    0.5920   10.3390
  QMMM:    86       86      C        6.5360   -0.8060    9.8240
  QMMM:    87       87      C        5.2230    3.5580    9.8710
  QMMM:    88       88      C       11.0610    2.0350   18.2350
  QMMM:    89       89      C       11.4280   -2.4540   18.4190
  QMMM:    90       90      C       13.6700   -1.3960   18.7680
  QMMM:    91       91      C       10.6380    1.8430   20.5980
  QMMM:    92       92      C        9.0490   -3.6070   19.4050
  QMMM:    93       93      C       13.0240   -1.9980   16.5340
  QMMM:    94       94      C       12.7140   -1.9420   17.9020
  QMMM:    95       95      C        9.9980   -4.4080   18.7850
  QMMM:    96       96      C       10.9240    2.6400   19.4820
  QMMM:    97       97      C       10.8870    0.6520   18.1110
  QMMM:    98       98      C       14.2520   -1.5270   16.0520
  QMMM:    99       99      C       11.1720   -3.8370   18.2970
  QMMM:   100      100      C        9.2770   -2.2370   19.5370
  QMMM:   101      101      C       11.1130    4.1040   19.6820
  QMMM:   102      102      C       10.4880    0.4570   20.4660
  QMMM:   103      103      C       10.6130   -0.1660   19.2160
  QMMM:   104      104      C       13.4850    6.3300   22.7070
  QMMM:   105      105      C       17.5300    1.3860   17.6410
  QMMM:   106      106      C       14.9770    8.1130   19.6730
  QMMM:   107      107      C       14.0700    7.7060   20.6620
  QMMM:   108      108      C       14.4380    6.7530   21.6170
  QMMM:   109      109      C       15.7370    6.2400   21.5720
  QMMM:   110      110      C       16.6440    6.6700   20.6000
  QMMM:   111      111      C       16.2810    7.5950   19.6180
  QMMM:   112      112      C       18.9100    7.7110   16.8370
  QMMM:   113      113      C       19.1000    9.0880   16.7230
  QMMM:   114      114      C       18.3790    9.9480   17.5360
  QMMM:   115      115      C       17.4690    9.4290   18.4560
  QMMM:   116      116      C       17.2510    8.0390   18.5910
  QMMM:   117      117      C       17.9980    7.1530   17.7640
  QMMM:   118      118      C       18.9880    4.8480   17.9710
  QMMM:   119      119      C       17.8670    5.6750   17.7830
  QMMM:   120      120      C       16.6300    5.0470   17.5740
  QMMM:   121      121      C       16.5070    3.6580   17.5150
  QMMM:   122      122      C       17.6380    2.8610   17.6830
  QMMM:   123      123      C       18.8770    3.4530   17.9350
  QMMM:   124      124      C       21.7230    2.6020   21.6380
  QMMM:   125      125      C       13.3630    1.9660   24.9710
  QMMM:   126      126      C       13.5790    2.6850   23.7910
  QMMM:   127      127      C       13.6910    1.9950   22.5810
  QMMM:   128      128      C       13.5410    0.6000   22.5500
  QMMM:   129      129      C       13.2800   -0.1310   23.7190
  QMMM:   130      130      C       13.2130    0.5770   24.9320
  QMMM:   131      131      C       13.0050   -1.5850   23.6960
  QMMM:   132      132      C       13.9160   -2.5750   23.2440
  QMMM:   133      133      C       13.5170   -3.9320   23.3080
  QMMM:   134      134      C       12.2620   -4.3160   23.7780
  QMMM:   135      135      C       11.3650   -3.3480   24.1980
  QMMM:   136      136      C       11.7340   -2.0040   24.1580
  QMMM:   137      137      C       15.2630   -2.2900   22.7020
  QMMM:   138      138      C       16.2330   -1.5910   23.4320
  QMMM:   139      139      C       17.5110   -1.3680   22.9020
  QMMM:   140      140      C       17.8530   -1.8370   21.6240
  QMMM:   141      141      C       16.8970   -2.5480   20.8960
  QMMM:   142      142      C       15.6260   -2.7720   21.4310
  QMMM:   143      143      C       13.7190    4.1650   23.8840
  QMMM:   144      144      C       20.5470    4.7430   21.6860
  QMMM:   145      145      C       20.5830    6.2230   21.7090
  QMMM:   146      146      C       20.7240    9.0430   21.5430
  QMMM:   147      147      C       21.7410    4.0010   21.6750
  QMMM:   148      148      C       19.9960    7.0200   22.7310
  QMMM:   149      149      C       20.0940    8.4270   22.6230
  QMMM:   150      150      C       19.2550    6.4640   23.8850
  QMMM:   151      151      C       19.7980    5.4850   24.7280
  QMMM:   152      152      C       19.0410    4.9220   25.7630
  QMMM:   153      153      C       21.2860    8.2660   20.5420
  QMMM:   154      154      C       16.9260    4.6370   27.0840
  QMMM:   155      155      C       14.8940   -0.9220   18.2900
  QMMM:   156      156      C       21.2220    6.8760   20.6300
  QMMM:   157      157      C       17.9500    6.9040   24.1630
  QMMM:   158      158      C       20.5050    1.9200   21.5890
  QMMM:   159      159      C       19.2260   -1.5910   21.0490
  QMMM:   160      160      C       15.2050   -0.9910   16.9270
  QMMM:   161      161      C       19.3360    4.0330   21.6580
  QMMM:   162      162      C       19.3080    2.6370   21.6050
  QMMM:   163      163      C       16.5520   -0.5330   16.4260
  QMMM:   164      164      C       17.7220    5.3350   26.0050
  QMMM:   165      165      C       17.1950    6.3480   25.2000
  QMMM:   166      166      C       10.4580   -1.6310   19.0570
  QMMM:   167      167      C       20.5040    0.4370   21.6180
  QMMM:   168      168      O       15.9740    2.1740   14.0580
  QMMM:   169      169      O        8.4420    6.7780   16.2990
  QMMM:   170      170      O       13.1760    3.3420    9.9720
  QMMM:   171      171      O       11.4300    4.5140   20.7940
  QMMM:   172      172      O       18.1260    0.7110   18.4760
  QMMM:   173      173      O       14.1130    4.6680   24.9320
  QMMM:   174      174      O       21.3760   -0.1590   22.2390
  QMMM:   175      175      C        5.3510    5.3640   11.4000
  QMMM:   176      176      O        5.7370    5.7030   12.4850
  QMMM:   177      177      O        4.9920    6.1960   10.5780
  QMMM:   178      178      H       17.5040    4.7390   28.0030
  QMMM:   179      179      H       10.2120    8.5730   17.2340
  QMMM:   180      180      H        5.4070   -4.0430    9.9000
  QMMM:   181      181      H        3.4870   -2.9430   11.0230
  QMMM:   182      182      H       13.1270    4.2640   12.6280
  QMMM:   183      183      H       15.9980   11.2370   11.9330
  QMMM:   184      184      H       12.9050    6.6910   12.8240
  QMMM:   185      185      H       17.2380    4.5190   13.9220
  QMMM:   186      186      H       17.0130    6.9700   14.1140
  QMMM:   187      187      H       12.2720    1.3770    8.8460
  QMMM:   188      188      H       10.2560   -1.4470   12.1220
  QMMM:   189      189      H        9.6550    0.5500    6.6350
  QMMM:   190      190      H        7.8700    4.5080   17.1970
  QMMM:   191      191      H       13.3990    5.7470   17.7950
  QMMM:   192      192      H       14.1730    2.6750   11.4500
  QMMM:   193      193      H       14.4700    0.3560   11.1510
  QMMM:   194      194      H       16.0820    8.7820   11.8680
  QMMM:   195      195      H        6.1900    0.5970   15.8520
  QMMM:   196      196      H       14.7170   12.3840   13.7220
  QMMM:   197      197      H       13.2030    1.7690   14.4410
  QMMM:   198      198      H       14.7410    6.9460   16.1320
  QMMM:   199      199      H        8.8430    4.6530   12.9970
  QMMM:   200      200      H        7.4620   -3.4080   15.1130
  QMMM:   201      201      H       15.1330    0.1820   12.7910
  QMMM:   202      202      H        5.7620   -1.8080   15.9550
  QMMM:   203      203      H       13.5160   11.0840   15.4100
  QMMM:   204      204      H        8.7910    2.2160   12.8960
  QMMM:   205      205      H        9.5560   -2.5860   14.1700
  QMMM:   206      206      H        7.3360   -2.7090    9.1590
  QMMM:   207      207      H        7.8740    2.0580   17.1080
  QMMM:   208      208      H        3.4950   -0.5060   11.3770
  QMMM:   209      209      H       10.9910    1.3550   15.3070
  QMMM:   210      210      H       12.4640   -0.9750   11.1990
  QMMM:   211      211      H       10.8830    3.8120    7.8060
  QMMM:   212      212      H       14.4530    5.5490    9.6780
  QMMM:   213      213      H       10.2260    5.6430    8.7940
  QMMM:   214      214      H       10.3000    8.0870    8.7000
  QMMM:   215      215      H       14.5070    8.0040    9.6410
  QMMM:   216      216      H       11.2550   12.5790   10.6000
  QMMM:   217      217      H       12.8050   13.6160    8.9950
  QMMM:   218      218      H       14.1480   12.1960    7.4670
  QMMM:   219      219      H       13.9360    9.7480    7.5500
  QMMM:   220      220      H       12.2440    8.8780   12.0790
  QMMM:   221      221      H       10.6850    7.9090   13.7100
  QMMM:   222      222      H        7.4380   10.0770   11.8960
  QMMM:   223      223      H        8.9860   10.9800   10.2160
  QMMM:   224      224      H        8.2960    8.8200   14.9620
  QMMM:   225      225      H        6.9820    8.6650   13.7880
  QMMM:   226      226      H        7.5990    6.4610   13.2670
  QMMM:   227      227      H        5.1560    4.2380    9.0270
  QMMM:   228      228      H        5.5690    3.5290   13.2640
  QMMM:   229      229      H        5.5870    1.0970   12.8520
  QMMM:   230      230      H        8.2620    0.5800   11.3880
  QMMM:   231      231      H        5.1660    1.8090    8.6200
  QMMM:   232      232      H        7.5710   -0.5660    7.3010
  QMMM:   233      233      H       11.6990    1.6620    7.2030
  QMMM:   234      234      H       10.3270    1.7360   10.7240
  QMMM:   235      235      H       11.5260    9.7290   15.5380
  QMMM:   236      236      H       11.2820    6.6800   19.6910
  QMMM:   237      237      H        9.8420    6.6710   18.6680
  QMMM:   238      238      H       10.5100    4.5550   17.7410
  QMMM:   239      239      H       22.6580    2.0470   21.6580
  QMMM:   240      240      H       18.3470    2.1280   21.6130
  QMMM:   241      241      H       18.3880    4.5590   21.6970
  QMMM:   242      242      H       22.7010    4.5130   21.7150
  QMMM:   243      243      H       21.6640    6.2880   19.8280
  QMMM:   244      244      H       19.6630    9.0580   23.3990
  QMMM:   245      245      H       20.7670   10.1270   21.4860
  QMMM:   246      246      H       21.7670    8.7370   19.6900
  QMMM:   247      247      H       20.8150    5.1310   24.5720
  QMMM:   248      248      H       17.4870    7.6710   23.5450
  QMMM:   249      249      H       19.4870    4.1390   26.3730
  QMMM:   250      250      H       16.1790    6.7070   25.3500
  QMMM:   251      251      H       16.7810    3.5920   26.7850
  QMMM:   252      252      H       19.9760   -2.0860   21.6750
  QMMM:   253      253      H       19.3080   -2.0060   20.0390
  QMMM:   254      254      H       18.2440   -0.8220   23.4930
  QMMM:   255      255      H       17.1280   -2.9250   19.9030
  QMMM:   256      256      H       16.0080   -1.2200   24.4300
  QMMM:   257      257      H       14.9050   -3.3270   20.8330
  QMMM:   258      258      H       14.2080   -4.7120   22.9910
  QMMM:   259      259      H       11.0100   -1.2620   24.4910
  QMMM:   260      260      H       11.9920   -5.3670   23.8110
  QMMM:   261      261      H       10.3810   -3.6330   24.5600
  QMMM:   262      262      H       13.6140    0.0910   21.5930
  QMMM:   263      263      H       13.0300    0.0440   25.8640
  QMMM:   264      264      H       13.2970    2.4870   25.9240
  QMMM:   265      265      H       13.9020    2.5210   21.6540
  QMMM:   266      266      H       13.8220    6.7430   23.6640
  QMMM:   267      267      H       12.4780    6.7160   22.5120
  QMMM:   268      268      H       16.0590    5.5110   22.3140
  QMMM:   269      269      H       13.0730    8.1380   20.6700
  QMMM:   270      270      H       17.6580    6.2850   20.6150
  QMMM:   271      271      H       14.6460    8.8400   18.9330
  QMMM:   272      272      H       16.9290   10.1250   19.0970
  QMMM:   273      273      H       19.4800    7.0560   16.1790
  QMMM:   274      274      H       18.5220   11.0230   17.4620
  QMMM:   275      275      H       19.8080    9.4830   16.0010
  QMMM:   276      276      H       15.7380    5.6470   17.4650
  QMMM:   277      277      H       19.9640    5.2890   18.1600
  QMMM:   278      278      H       19.7570    2.8350   18.0950
  QMMM:   279      279      H       15.5280    3.2130   17.3580
  QMMM:   280      280      H       17.3410   -1.1070   16.9260
  QMMM:   281      281      H       16.6460   -0.7170   15.3500
  QMMM:   282      282      H       14.4560   -1.5860   14.9850
  QMMM:   283      283      H       15.6150   -0.5090   18.9940
  QMMM:   284      284      H       12.3010   -2.4000   15.8280
  QMMM:   285      285      H       13.4630   -1.3460   19.8330
  QMMM:   286      286      H       11.9130   -4.4830   17.8280
  QMMM:   287      287      H        8.5100   -1.6280   20.0130
  QMMM:   288      288      H        9.8310   -5.4770   18.6840
  QMMM:   289      289      H        8.1310   -4.0450   19.7870
  QMMM:   290      290      H       10.2940   -0.1380   21.3570
  QMMM:   291      291      H       10.9880    0.1900   17.1340
  QMMM:   292      292      H       11.3280    2.6090   17.3530
  QMMM:   293      293      H       10.5430    2.2950   21.5840
  QMMM:   294      294      H       15.1380    4.6490   28.0470
  QMMM:   295      295      H       15.0480    5.1300   26.5060
  QMMM:   296      296      H       12.8280    4.4640   22.0190
  QMMM:   297      297      H       16.4050    1.5000   15.8880
  QMMM:   298      298      H       18.9110    0.3430   20.2710
  QMMM:   299      299      H        6.6860    5.8450   12.4570

--------------------------------------------------------------------------------
  RESULTS
--------------------------------------------------------------------------------

      iter         sqm energy              rms gradient
      ----    -------------------    -----------------------
xmin    10      308.3597 kcal/mol        1.1677 kcal/(mol*A)
xmin    20      301.3976 kcal/mol        0.2070 kcal/(mol*A)
xmin    30      297.9154 kcal/mol        0.3916 kcal/(mol*A)
xmin    40      295.0363 kcal/mol        0.3463 kcal/(mol*A)
xmin    50      293.2230 kcal/mol        0.4420 kcal/(mol*A)
xmin    60      291.8484 kcal/mol        0.2715 kcal/(mol*A)
xmin    70      290.8214 kcal/mol        0.3605 kcal/(mol*A)
xmin    80      289.6777 kcal/mol        0.1078 kcal/(mol*A)
xmin    90      289.3971 kcal/mol        0.0882 kcal/(mol*A)
xmin   100      289.2959 kcal/mol        0.0526 kcal/(mol*A)
xmin   110      289.2010 kcal/mol        0.2232 kcal/(mol*A)
xmin   120      289.0222 kcal/mol        0.0715 kcal/(mol*A)
xmin   130      288.8901 kcal/mol        0.0623 kcal/(mol*A)
xmin   140      288.8220 kcal/mol        0.1068 kcal/(mol*A)
xmin   150      288.7714 kcal/mol        0.0402 kcal/(mol*A)
xmin   160      288.7534 kcal/mol        0.0185 kcal/(mol*A)
xmin   170      288.7393 kcal/mol        0.0143 kcal/(mol*A)
xmin   180      288.7172 kcal/mol        0.0688 kcal/(mol*A)
xmin   190      288.5571 kcal/mol        0.0892 kcal/(mol*A)
xmin   200      288.2314 kcal/mol        0.0379 kcal/(mol*A)
xmin   210      288.1799 kcal/mol        0.0321 kcal/(mol*A)
xmin   220      288.1518 kcal/mol        0.0454 kcal/(mol*A)
xmin   230      288.1224 kcal/mol        0.0204 kcal/(mol*A)
xmin   240      288.0793 kcal/mol        0.0621 kcal/(mol*A)
xmin   250      288.0624 kcal/mol        0.0354 kcal/(mol*A)
xmin   260      288.0521 kcal/mol        0.0129 kcal/(mol*A)
xmin   270      288.0394 kcal/mol        0.0142 kcal/(mol*A)
xmin   280      288.0294 kcal/mol        0.0198 kcal/(mol*A)
xmin   290      288.0265 kcal/mol        0.0146 kcal/(mol*A)
xmin   300      288.0253 kcal/mol        0.0066 kcal/(mol*A)
xmin   310      288.0229 kcal/mol        0.0106 kcal/(mol*A)
xmin   320      288.0214 kcal/mol        0.0059 kcal/(mol*A)
xmin   330      288.0205 kcal/mol        0.0080 kcal/(mol*A)
xmin   340      288.0191 kcal/mol        0.0034 kcal/(mol*A)
xmin   350      288.0082 kcal/mol        0.0646 kcal/(mol*A)
xmin   360      287.8041 kcal/mol        0.0809 kcal/(mol*A)
xmin   370      287.5794 kcal/mol        0.0184 kcal/(mol*A)
xmin   380      287.5711 kcal/mol        0.0046 kcal/(mol*A)
xmin   390      287.5671 kcal/mol        0.0129 kcal/(mol*A)
xmin   400      287.5623 kcal/mol        0.0129 kcal/(mol*A)
xmin   410      287.5564 kcal/mol        0.0072 kcal/(mol*A)
xmin   420      287.5525 kcal/mol        0.0205 kcal/(mol*A)
xmin   430      287.5519 kcal/mol        0.0108 kcal/(mol*A)
xmin   440      287.5515 kcal/mol        0.0020 kcal/(mol*A)
  ... geometry converged !
 
 Final MO eigenvalues (eV):
 -41.7767  -41.3876  -41.3080  -41.1234  -41.0705  -40.9378  -40.7781  -40.6380
 -40.6151  -40.5168  -40.4718  -40.2719  -40.1252  -39.9496  -39.9028  -39.7659
 -39.5842  -39.5479  -39.3298  -39.1861  -39.1174  -39.0223  -38.8860  -38.7105
 -38.6768  -38.4713  -38.4422  -38.3031  -38.1320  -37.9931  -37.8274  -37.6379
 -37.3267  -36.3411  -35.9201  -35.8194  -35.6343  -35.4944  -35.4076  -35.2361
 -35.0598  -34.5140  -34.2901  -34.1726  -33.9969  -33.8580  -33.7361  -33.6961
 -33.5510  -33.5050  -33.3756  -33.3202  -33.2402  -33.0819  -32.9074  -32.7338
 -32.4355  -32.4181  -32.1884  -32.1500  -32.0890  -31.8264  -31.8059  -31.6668
 -31.5153  -31.5024  -31.4177  -31.4047  -31.2683  -31.2293  -31.2181  -31.0926
 -31.0735  -30.9058  -30.8814  -30.8388  -30.7914  -30.7212  -30.5957  -30.4430
 -30.3212  -30.2666  -30.0733  -29.8976  -29.7857  -29.6740  -29.5179  -29.3156
 -29.0199  -27.5929  -27.3292  -27.0979  -26.9467  -26.7704  -26.5747  -26.3031
 -26.1709  -25.4460  -25.4127  -25.1876  -25.0844  -24.9176  -24.7418  -24.5446
 -24.3838  -24.3169  -24.2594  -24.2269  -23.9825  -23.8305  -23.7786  -23.7639
 -23.7068  -23.6583  -23.6326  -23.5774  -23.4901  -23.4423  -23.4141  -23.3697
 -23.3137  -23.2315  -23.0947  -23.0287  -22.9565  -22.9057  -22.8508  -22.8059
 -22.7487  -22.5974  -22.5914  -22.4456  -22.3489  -22.3106  -22.2486  -22.2081
 -22.0668  -21.9386  -21.8402  -21.7345  -21.6314  -21.4758  -21.3938  -21.3432
 -21.2123  -21.1298  -20.9899  -20.8996  -20.8282  -20.7312  -20.6830  -20.5099
 -20.3192  -20.2152  -19.3898  -19.1890  -18.9533  -18.8325  -18.8094  -18.6771
 -18.5451  -18.4966  -18.3864  -18.2933  -18.2797  -18.1202  -18.0142  -17.9632
 -17.7890  -17.7832  -17.7295  -17.7155  -17.6339  -17.5968  -17.4179  -17.3235
 -17.3068  -17.2376  -17.1923  -17.0897  -17.0250  -17.0001  -16.9905  -16.9581
 -16.9076  -16.8478  -16.7861  -16.7154  -16.6897  -16.6411  -16.6024  -16.5599
 -16.5277  -16.4949  -16.4496  -16.4239  -16.3689  -16.3407  -16.3342  -16.3215
 -16.2927  -16.2215  -16.1777  -16.1562  -16.1327  -16.1199  -16.0965  -16.0812
 -16.0427  -16.0102  -15.9828  -15.9518  -15.9445  -15.8931  -15.8699  -15.8515
 -15.8287  -15.8110  -15.7728  -15.7176  -15.6730  -15.6404  -15.6208  -15.5790
 -15.5550  -15.5496  -15.5161  -15.4593  -15.4115  -15.3721  -15.3703  -15.3197
 -15.3147  -15.2658  -15.2464  -15.1920  -15.1815  -15.1664  -15.1260  -15.0886
 -15.0177  -14.9974  -14.9487  -14.9267  -14.9103  -14.8840  -14.8704  -14.8399
 -14.8013  -14.7830  -14.7296  -14.7065  -14.6545  -14.6470  -14.6054  -14.5922
 -14.5249  -14.4575  -14.4490  -14.3936  -14.3400  -14.3065  -14.2915  -14.2534
 -14.2390  -14.1966  -14.1929  -14.1752  -14.1417  -14.1253  -14.1072  -14.0936
 -14.0800  -14.0356  -14.0089  -13.9773  -13.9411  -13.9172  -13.8973  -13.8635
 -13.8447  -13.8029  -13.7787  -13.7270  -13.6851  -13.6806  -13.6547  -13.6036
 -13.5881  -13.5773  -13.5504  -13.5197  -13.5099  -13.4971  -13.4608  -13.4293
 -13.4221  -13.4067  -13.3792  -13.3700  -13.3350  -13.3222  -13.2950  -13.2441
 -13.2294  -13.1764  -13.1424  -13.1149  -13.0430  -13.0290  -13.0122  -13.0044
 -12.9879  -12.9302  -12.9049  -12.8666  -12.8487  -12.8284  -12.8103  -12.8008
 -12.7915  -12.7797  -12.7114  -12.6809  -12.6454  -12.6350  -12.6037  -12.5339
 -12.5227  -12.5166  -12.4850  -12.4735  -12.4190  -12.3649  -12.3428  -12.3203
 -12.2976  -12.2706  -12.2294  -12.1949  -12.1325  -12.1063  -12.0818  -12.0515
 -12.0298  -11.9948  -11.9657  -11.9495  -11.9394  -11.8914  -11.8749  -11.8410
 -11.8212  -11.7643  -11.7444  -11.6958  -11.6855  -11.6571  -11.5724  -11.5005
 -11.4914  -11.4790  -11.4229  -11.4160  -11.2774  -11.2152  -11.1368  -10.9955
 -10.8299  -10.7009  -10.6741  -10.6575  -10.6429  -10.5926  -10.5717  -10.5364
 -10.3402  -10.3386  -10.2858  -10.2649  -10.2490  -10.2402  -10.2190  -10.1603
 -10.1541  -10.1164  -10.0491  -10.0389   -9.9859   -9.9622   -9.9538   -9.9435
  -9.9342   -9.9148   -9.8789   -9.8331   -9.8029   -9.7923   -9.7801   -9.7597
  -9.7548   -9.7387   -9.7118   -9.6898   -9.6636   -9.6119   -9.5918   -9.5350
  -9.5239   -9.4667   -9.4317   -9.4079   -9.3966   -9.3632   -9.3600   -9.3319
  -9.3145   -9.2463   -9.1633   -9.1565   -9.1460   -9.0834   -9.0486   -9.0013
  -8.9449   -8.8739   -8.8471   -8.7131   -1.0221   -0.7195   -0.6835   -0.5631
  -0.3676   -0.2926   -0.2506   -0.2070   -0.1825   -0.1439   -0.1210   -0.1062
  -0.0726   -0.0620   -0.0140   -0.0083    0.0312    0.0665    0.1242    0.1409
   0.1456    0.2573    0.2739    0.2770    0.3134    0.3303    0.4176    0.4314
   0.4566    0.4845    0.4988    0.5546    0.6017    0.6132    0.6249    0.6420
   0.6496    0.6688    0.6923    0.7139    0.7837    0.8275    0.8475    0.8641
   0.8662    0.8896    0.9282    1.0695    1.0730    1.0964    1.3379    1.5188
   1.6581    1.7402    1.7513    1.8146    1.9690    1.9902    2.0149    2.1076
   2.1323    2.2063    2.2392    2.2758    2.2808    2.3180    2.3921    2.4365
   2.4701    2.5747    2.6169    2.6305    2.6839    2.6923    2.6973    2.7979
   2.8005    2.8452    2.8681    2.8739    2.9247    2.9419    2.9684    2.9907
   3.0104    3.0166    3.0390    3.0574    3.1383    3.1429    3.1772    3.1951
   3.1968    3.2303    3.2471    3.2617    3.3030    3.3087    3.3529    3.3731
   3.3916    3.3980    3.4068    3.4206    3.4439    3.4615    3.4817    3.4915
   3.5043    3.5188    3.5238    3.5343    3.5623    3.5936    3.6044    3.6400
   3.6507    3.6701    3.6726    3.6844    3.6900    3.6943    3.6983    3.7231
   3.7445    3.7668    3.7756    3.7794    3.7929    3.7974    3.8076    3.8171
   3.8296    3.8490    3.8517    3.8552    3.8644    3.8741    3.8788    3.8875
   3.8941    3.8985    3.9043    3.9217    3.9371    3.9490    3.9540    3.9641
   3.9685    3.9734    3.9794    3.9922    4.0020    4.0088    4.0113    4.0175
   4.0232    4.0357    4.0373    4.0497    4.0533    4.0602    4.0737    4.0910
   4.1164    4.1200    4.1237    4.1275    4.1352    4.1439    4.1874    4.1887
   4.2017    4.2067    4.2102    4.2164    4.2198    4.2245    4.2314    4.2449
   4.2641    4.2713    4.2747    4.2814    4.2934    4.2998    4.3149    4.3172
   4.3271    4.3400    4.3441    4.3476    4.3621    4.3646    4.3755    4.3784
   4.3921    4.3928    4.4002    4.4113    4.4124    4.4280    4.4372    4.4393
   4.4397    4.4480    4.4614    4.4720    4.4726    4.4868    4.4931    4.4985
   4.5189    4.5338    4.5364    4.5393    4.5458    4.5550    4.5695    4.5731
   4.5733    4.5758    4.5790    4.5907    4.5924    4.5966    4.6232    4.6304
   4.6432    4.6658    4.6675    4.6754    4.7041    4.7049    4.7054    4.7193
   4.7271    4.7297    4.7371    4.7556    4.7652    4.7708    4.8047    4.8096
   4.8315    4.8359    4.8404    4.8525    4.8557    4.8604    4.8678    4.8737
   4.8858    4.8910    4.9054    4.9092    4.9214    4.9239    4.9243    4.9399
   4.9401    4.9566    4.9622    4.9749    4.9779    4.9823    4.9836    4.9866
   4.9990    5.0201    5.0243    5.0387    5.0436    5.0571    5.0607    5.0714
   5.0797    5.0857    5.0871    5.0978    5.1189    5.1267    5.1444    5.1601
   5.1689    5.1697    5.1759    5.1792    5.1946    5.2018    5.2167    5.2257
   5.2314    5.2336    5.2502    5.2540    5.2616    5.2817    5.2875    5.2930
   5.3028    5.3079    5.3109    5.3195    5.3269    5.3279    5.3618    5.3701
   5.3821    5.3862    5.3889    5.3949    5.4107    5.4172    5.4316    5.4337
   5.4373    5.4425    5.4481    5.4575    5.4645    5.4675    5.4698    5.4745
   5.4890    5.4919    5.5022    5.5170    5.5273    5.5426    5.5695    5.5766
   5.5931    5.6019    5.6080    5.6127    5.6175    5.6347    5.6509    5.6595
   5.6638    5.6772    5.6828    5.6991    5.6999    5.7093    5.7341    5.7408
   5.7476    5.7611    5.7827    5.7875    5.7921    5.8051    5.8135    5.8237
   5.8262    5.8451    5.8596    5.8708    5.8918    5.9133    5.9362    5.9369
   5.9455    5.9792    5.9810    5.9824    6.0049    6.0262    6.0327    6.0502
   6.0962    6.1191    6.1229    6.1347    6.1399    6.1696    6.1904    6.2221
   6.2224    6.2463    6.2707    6.2806    6.3024    6.3460    6.3905    6.4996
   6.5933    6.5986    6.5994    6.6673    6.8330    6.9656    7.0464    7.0607
   7.0980    7.1076    7.2669    7.3884    7.5444    7.7618

 Heat of formation   =        287.55145628 kcal/mol  (       12.46916683 eV)

 Total SCF energy    =    -615643.73295196 kcal/mol  (   -26696.31555232 eV)
 Electronic energy   =  -14756425.44317288 kcal/mol  (  -639886.62430826 eV)
 Core-core repulsion =   14140781.71022092 kcal/mol  (   613190.30875595 eV)
 
    Atomic Charges for Step       1 :
  Atom    Element       Mulliken Charge
     1      N                 -0.363
     2      N                 -0.358
     3      N                 -0.356
     4      N                 -0.363
     5      N                 -0.353
     6      N                 -0.363
     7      N                 -0.354
     8      N                 -0.337
     9      C                  0.351
    10      C                 -0.046
    11      C                 -0.127
    12      C                 -0.095
    13      C                  0.002
    14      C                 -0.101
    15      C                 -0.129
    16      C                 -0.115
    17      C                  0.011
    18      C                 -0.121
    19      C                 -0.126
    20      C                 -0.119
    21      C                 -0.118
    22      C                  0.010
    23      C                 -0.129
    24      C                 -0.117
    25      C                 -0.112
    26      C                 -0.037
    27      C                 -0.123
    28      C                 -0.019
    29      C                 -0.134
    30      C                 -0.126
    31      C                 -0.037
    32      C                 -0.016
    33      C                  0.356
    34      C                 -0.133
    35      C                 -0.124
    36      C                 -0.101
    37      C                 -0.115
    38      C                 -0.113
    39      C                 -0.046
    40      C                 -0.121
    41      C                 -0.129
    42      C                 -0.124
    43      C                 -0.121
    44      C                 -0.022
    45      C                 -0.039
    46      C                 -0.129
    47      C                 -0.017
    48      C                 -0.131
    49      C                 -0.120
    50      C                 -0.114
    51      C                 -0.088
    52      C                 -0.082
    53      C                 -0.083
    54      C                 -0.130
    55      C                 -0.108
    56      C                 -0.125
    57      C                 -0.003
    58      C                 -0.118
    59      C                 -0.043
    60      C                 -0.019
    61      C                 -0.118
    62      C                 -0.124
    63      C                 -0.129
    64      C                 -0.118
    65      C                 -0.045
    66      C                 -0.122
    67      C                 -0.121
    68      C                 -0.104
    69      C                 -0.122
    70      C                 -0.109
    71      C                  0.353
    72      C                  0.010
    73      C                  0.001
    74      C                 -0.126
    75      C                 -0.114
    76      C                 -0.119
    77      C                 -0.125
    78      C                 -0.120
    79      C                 -0.156
    80      C                 -0.121
    81      C                 -0.035
    82      C                 -0.119
    83      C                 -0.125
    84      C                 -0.102
    85      C                 -0.115
    86      C                 -0.025
    87      C                 -0.069
    88      C                 -0.097
    89      C                 -0.021
    90      C                 -0.112
    91      C                 -0.084
    92      C                 -0.130
    93      C                 -0.127
    94      C                 -0.042
    95      C                 -0.127
    96      C                 -0.123
    97      C                 -0.130
    98      C                 -0.129
    99      C                 -0.120
   100      C                 -0.119
   101      C                  0.349
   102      C                 -0.134
   103      C                 -0.016
   104      C                  0.013
   105      C                  0.346
   106      C                 -0.133
   107      C                 -0.116
   108      C                 -0.101
   109      C                 -0.119
   110      C                 -0.120
   111      C                 -0.043
   112      C                 -0.123
   113      C                 -0.131
   114      C                 -0.126
   115      C                 -0.117
   116      C                 -0.019
   117      C                 -0.034
   118      C                 -0.127
   119      C                 -0.016
   120      C                 -0.122
   121      C                 -0.101
   122      C                 -0.121
   123      C                 -0.088
   124      C                 -0.085
   125      C                 -0.086
   126      C                 -0.122
   127      C                 -0.105
   128      C                 -0.121
   129      C                 -0.014
   130      C                 -0.129
   131      C                 -0.032
   132      C                 -0.016
   133      C                 -0.120
   134      C                 -0.128
   135      C                 -0.132
   136      C                 -0.123
   137      C                 -0.048
   138      C                 -0.116
   139      C                 -0.116
   140      C                 -0.103
   141      C                 -0.117
   142      C                 -0.135
   143      C                  0.347
   144      C                 -0.021
   145      C                 -0.029
   146      C                 -0.130
   147      C                 -0.132
   148      C                 -0.019
   149      C                 -0.120
   150      C                 -0.053
   151      C                 -0.110
   152      C                 -0.129
   153      C                 -0.131
   154      C                 -0.047
   155      C                 -0.119
   156      C                 -0.122
   157      C                 -0.124
   158      C                 -0.116
   159      C                  0.010
   160      C                 -0.097
   161      C                 -0.116
   162      C                 -0.102
   163      C                  0.014
   164      C                 -0.104
   165      C                 -0.130
   166      C                 -0.036
   167      C                  0.335
   168      O                 -0.410
   169      O                 -0.408
   170      O                 -0.398
   171      O                 -0.416
   172      O                 -0.407
   173      O                 -0.414
   174      O                 -0.381
   175      C                  0.349
   176      O                 -0.316
   177      O                 -0.305
   178      H                  0.092
   179      H                  0.131
   180      H                  0.139
   181      H                  0.139
   182      H                  0.156
   183      H                  0.135
   184      H                  0.143
   185      H                  0.155
   186      H                  0.147
   187      H                  0.124
   188      H                  0.132
   189      H                  0.134
   190      H                  0.158
   191      H                  0.149
   192      H                  0.252
   193      H                  0.091
   194      H                  0.138
   195      H                  0.137
   196      H                  0.135
   197      H                  0.161
   198      H                  0.142
   199      H                  0.146
   200      H                  0.137
   201      H                  0.120
   202      H                  0.136
   203      H                  0.139
   204      H                  0.145
   205      H                  0.141
   206      H                  0.141
   207      H                  0.148
   208      H                  0.141
   209      H                  0.146
   210      H                  0.130
   211      H                  0.221
   212      H                  0.157
   213      H                  0.131
   214      H                  0.143
   215      H                  0.150
   216      H                  0.142
   217      H                  0.136
   218      H                  0.135
   219      H                  0.137
   220      H                  0.135
   221      H                  0.141
   222      H                  0.158
   223      H                  0.141
   224      H                  0.121
   225      H                  0.093
   226      H                  0.246
   227      H                  0.156
   228      H                  0.140
   229      H                  0.149
   230      H                  0.141
   231      H                  0.149
   232      H                  0.139
   233      H                  0.097
   234      H                  0.148
   235      H                  0.132
   236      H                  0.123
   237      H                  0.088
   238      H                  0.259
   239      H                  0.151
   240      H                  0.143
   241      H                  0.145
   242      H                  0.137
   243      H                  0.135
   244      H                  0.139
   245      H                  0.131
   246      H                  0.130
   247      H                  0.135
   248      H                  0.132
   249      H                  0.131
   250      H                  0.156
   251      H                  0.094
   252      H                  0.115
   253      H                  0.108
   254      H                  0.157
   255      H                  0.146
   256      H                  0.138
   257      H                  0.133
   258      H                  0.140
   259      H                  0.135
   260      H                  0.132
   261      H                  0.131
   262      H                  0.144
   263      H                  0.142
   264      H                  0.160
   265      H                  0.141
   266      H                  0.113
   267      H                  0.108
   268      H                  0.154
   269      H                  0.145
   270      H                  0.138
   271      H                  0.134
   272      H                  0.141
   273      H                  0.135
   274      H                  0.133
   275      H                  0.132
   276      H                  0.142
   277      H                  0.144
   278      H                  0.152
   279      H                  0.144
   280      H                  0.118
   281      H                  0.096
   282      H                  0.135
   283      H                  0.153
   284      H                  0.133
   285      H                  0.140
   286      H                  0.140
   287      H                  0.138
   288      H                  0.134
   289      H                  0.133
   290      H                  0.145
   291      H                  0.141
   292      H                  0.163
   293      H                  0.152
   294      H                  0.154
   295      H                  0.152
   296      H                  0.247
   297      H                  0.259
   298      H                  0.240
   299      H                  0.238
 Total Mulliken Charge =      -0.000
 
                  X        Y        Z     TOTAL  
  QM DIPOLE   -13.367    0.469  -22.327   26.027
 
 Final Structure

  QMMM: QM Region Cartesian Coordinates (*=link atom) 
  QMMM: QM_NO.   MM_NO.  ATOM         X         Y         Z
  QMMM:     1        1      N       10.6118    6.2033   19.0154
  QMMM:     2        2      N       14.1979    2.1867   12.1191
  QMMM:     3        3      N       11.7554    3.4513    7.8410
  QMMM:     4        4      N        7.6651    5.6135   14.6537
  QMMM:     5        5      N       13.9712    5.4259   23.1274
  QMMM:     6        6      N       15.9883    0.8596   16.9979
  QMMM:     7        7      N       19.4164   -0.0688   21.0170
  QMMM:     8        8      N       16.7828    4.6900   27.3756
  QMMM:     9        9      C       14.6087    2.7473   13.3124
  QMMM:    10       10      C        5.5532    0.0462    7.2305
  QMMM:    11       11      C       11.3367    8.9400   16.8274
  QMMM:    12       12      C       11.7949    7.9637   17.7174
  QMMM:    13       13      C       11.8432    2.0155    7.7720
  QMMM:    14       14      C       13.6238    5.0313   12.8653
  QMMM:    15       15      C       13.7033    6.4201   12.9662
  QMMM:    16       16      C       10.5281    1.3545    7.4616
  QMMM:    17       17      C       14.0939    0.7638   11.9446
  QMMM:    18       18      C       14.6443    4.2358   13.3934
  QMMM:    19       19      C       12.1386    9.3582   15.7687
  QMMM:    20       20      C       15.7759    9.0682   12.6198
  QMMM:    21       21      C        9.7884    0.7418    8.4763
  QMMM:    22       22      C       10.9649    7.5916   18.9146
  QMMM:    23       23      C       15.9371   10.4478   12.5501
  QMMM:    24       24      C       13.0525    7.3882   17.5138
  QMMM:    25       25      C       13.8528    7.7988   16.4500
  QMMM:    26       26      C       13.4097    8.7979   15.5737
  QMMM:    27       27      C       14.4396   10.7060   14.4211
  QMMM:    28       28      C       14.2717    9.3126   14.5076
  QMMM:    29       29      C       15.8248    6.2221   14.1120
  QMMM:    30       30      C       15.2633   11.2703   13.4535
  QMMM:    31       31      C       14.9425    8.4875   13.5895
  QMMM:    32       32      C       14.8090    7.0256   13.5755
  QMMM:    33       33      C        8.3579    4.7377   15.4564
  QMMM:    34       34      C       10.6755   -0.8803   11.6845
  QMMM:    35       35      C       11.9005   -0.3191   11.3289
  QMMM:    36       36      C       12.7613    0.1728   12.3128
  QMMM:    37       37      C       12.3873    0.0955   13.6582
  QMMM:    38       38      C       11.1622   -0.4606   14.0159
  QMMM:    39       39      C       10.2918   -0.9462   13.0305
  QMMM:    40       40      C        6.8383   -1.5159   14.4773
  QMMM:    41       41      C        6.6372   -2.8517   14.1447
  QMMM:    42       42      C        7.6149   -3.5443   13.4302
  QMMM:    43       43      C        8.7924   -2.8997   13.0638
  QMMM:    44       44      C        9.0121   -1.5555   13.4024
  QMMM:    45       45      C        8.0164   -0.8503   14.1027
  QMMM:    46       46      C        7.9272    0.9990   15.7596
  QMMM:    47       47      C        8.1473    0.5684   14.4433
  QMMM:    48       48      C        8.4552    1.5153   13.4561
  QMMM:    49       49      C        8.5238    2.8698   13.7736
  QMMM:    50       50      C        8.2917    3.2924   15.0858
  QMMM:    51       51      C        8.0080    2.3520   16.0810
  QMMM:    52       52      C       15.7383    4.8352   14.0293
  QMMM:    53       53      C       12.0088    6.4709    9.8509
  QMMM:    54       54      C       11.3320    5.5585    9.0342
  QMMM:    55       55      C       10.2404    5.9864    8.2714
  QMMM:    56       56      C        9.8327    7.3171    8.3237
  QMMM:    57       57      C       10.5063    8.2337    9.1425
  QMMM:    58       58      C       11.6000    7.8013    9.9034
  QMMM:    59       59      C       10.0767    9.6359    9.1847
  QMMM:    60       60      C        9.3508   10.1577   10.2692
  QMMM:    61       61      C        8.9849   11.5120   10.2616
  QMMM:    62       62      C        9.3256   12.3346    9.1918
  QMMM:    63       63      C       10.0388   11.8133    8.1123
  QMMM:    64       64      C       10.4110   10.4722    8.1097
  QMMM:    65       65      C        8.9533    9.3306   11.4139
  QMMM:    66       66      C        9.6217    9.4580   12.6380
  QMMM:    67       67      C        9.2288    8.6951   13.7353
  QMMM:    68       68      C        8.1547    7.8068   13.6297
  QMMM:    69       69      C        7.4878    7.6740   12.4075
  QMMM:    70       70      C        7.8853    8.4307   11.3068
  QMMM:    71       71      C       11.7727    4.1351    9.0449
  QMMM:    72       72      C        7.7018    7.0392   14.8398
  QMMM:    73       73      C        5.5649    1.1480    8.1991
  QMMM:    74       74      C        5.3798    0.8884    9.5648
  QMMM:    75       75      C        4.3324   -0.5732    6.9291
  QMMM:    76       76      C        6.6523   -1.4201    5.6435
  QMMM:    77       77      C       10.0294    1.3659    6.1552
  QMMM:    78       78      C        5.7404    2.4693    7.7673
  QMMM:    79       79      C        5.6201    3.2441   10.0565
  QMMM:    80       80      C        5.4337   -2.0241    5.3470
  QMMM:    81       81      C        8.0364    0.2002    6.8903
  QMMM:    82       82      C        8.7955    0.7873    5.8684
  QMMM:    83       83      C        4.2719   -1.6025    5.9935
  QMMM:    84       84      C        5.4097    1.9293   10.4885
  QMMM:    85       85      C        8.5504    0.1692    8.1932
  QMMM:    86       86      C        6.7285   -0.3883    6.5904
  QMMM:    87       87      C        5.7627    3.5126    8.6896
  QMMM:    88       88      C       10.3650    3.2477   18.8051
  QMMM:    89       89      C       10.3451   -1.2079   19.6162
  QMMM:    90       90      C       12.7049   -0.4117   19.6202
  QMMM:    91       91      C       10.8010    3.2656   21.1859
  QMMM:    92       92      C        7.9573   -1.7773   20.9747
  QMMM:    93       93      C       11.7824   -1.3522   17.5945
  QMMM:    94       94      C       11.6206   -0.9748   18.9339
  QMMM:    95       95      C        8.6771   -2.8072   20.3687
  QMMM:    96       96      C       10.7715    3.9323   19.9535
  QMMM:    97       97      C        9.9979    1.9053   18.8900
  QMMM:    98       98      C       13.0019   -1.1563   16.9497
  QMMM:    99       99      C        9.8613   -2.5231   19.6955
  QMMM:   100      100      C        8.4203   -0.4675   20.8939
  QMMM:   101      101      C       11.2054    5.3586   19.9274
  QMMM:   102      102      C       10.4219    1.9292   21.2704
  QMMM:   103      103      C       10.0247    1.2352   20.1190
  QMMM:   104      104      C       14.2585    6.8007   22.8191
  QMMM:   105      105      C       16.8814    1.2489   17.9699
  QMMM:   106      106      C       15.9407    7.6578   19.5263
  QMMM:   107      107      C       14.9615    7.4385   20.4929
  QMMM:   108      108      C       15.3185    7.0019   21.7710
  QMMM:   109      109      C       16.6641    6.7693   22.0704
  QMMM:   110      110      C       17.6440    6.9762   21.1020
  QMMM:   111      111      C       17.2892    7.4242   19.8226
  QMMM:   112      112      C       19.8414    6.9793   17.0561
  QMMM:   113      113      C       20.3609    8.2671   16.9762
  QMMM:   114      114      C       19.8663    9.2683   17.8122
  QMMM:   115      115      C       18.8598    8.9729   18.7267
  QMMM:   116      116      C       18.3275    7.6778   18.8166
  QMMM:   117      117      C       18.8169    6.6713   17.9657
  QMMM:   118      118      C       19.1856    4.2262   18.1752
  QMMM:   119      119      C       18.3025    5.2992   17.9842
  QMMM:   120      120      C       16.9423    5.0370   17.7766
  QMMM:   121      121      C       16.4700    3.7263   17.7517
  QMMM:   122      122      C       17.3550    2.6627   17.9466
  QMMM:   123      123      C       18.7135    2.9167   18.1675
  QMMM:   124      124      C       22.2323    1.8762   22.1720
  QMMM:   125      125      C       14.2443    2.7835   25.5833
  QMMM:   126      126      C       14.3443    3.2886   24.2814
  QMMM:   127      127      C       14.1860    2.4306   23.1899
  QMMM:   128      128      C       13.9130    1.0801   23.3989
  QMMM:   129      129      C       13.7911    0.5704   24.6977
  QMMM:   130      130      C       13.9631    1.4360   25.7888
  QMMM:   131      131      C       13.4379   -0.8318   24.9359
  QMMM:   132      132      C       14.1386   -1.9110   24.3700
  QMMM:   133      133      C       13.7200   -3.2225   24.6452
  QMMM:   134      134      C       12.6270   -3.4661   25.4704
  QMMM:   135      135      C       11.9359   -2.3962   26.0395
  QMMM:   136      136      C       12.3413   -1.0926   25.7756
  QMMM:   137      137      C       15.3140   -1.7359   23.5084
  QMMM:   138      138      C       16.5948   -1.6501   24.0703
  QMMM:   139      139      C       17.7140   -1.5275   23.2498
  QMMM:   140      140      C       17.5664   -1.4818   21.8600
  QMMM:   141      141      C       16.2899   -1.5609   21.2980
  QMMM:   142      142      C       15.1703   -1.6975   22.1158
  QMMM:   143      143      C       14.6542    4.7365   24.1042
  QMMM:   144      144      C       21.7961    4.2533   22.3620
  QMMM:   145      145      C       22.2983    5.6227   22.5015
  QMMM:   146      146      C       23.3039    8.2371   22.6517
  QMMM:   147      147      C       22.6980    3.1803   22.3138
  QMMM:   148      148      C       21.8715    6.4819   23.5300
  QMMM:   149      149      C       22.3798    7.7879   23.5904
  QMMM:   150      150      C       20.9219    6.0546   24.5639
  QMMM:   151      151      C       21.3718    5.3505   25.6886
  QMMM:   152      152      C       20.4721    4.9626   26.6769
  QMMM:   153      153      C       23.7374    7.3815   21.6390
  QMMM:   154      154      C       18.1830    4.8392   27.6672
  QMMM:   155      155      C       13.9279   -0.2338   18.9788
  QMMM:   156      156      C       23.2393    6.0844   21.5676
  QMMM:   157      157      C       19.5619    6.3653   24.4525
  QMMM:   158      158      C       20.8595    1.6304   22.0553
  QMMM:   159      159      C       18.7729   -1.3545   20.9703
  QMMM:   160      160      C       14.0846   -0.6028   17.6389
  QMMM:   161      161      C       20.4231    3.9991   22.2506
  QMMM:   162      162      C       19.9559    2.6955   22.0942
  QMMM:   163      163      C       15.4190   -0.4581   16.9586
  QMMM:   164      164      C       19.1097    5.2663   26.5625
  QMMM:   165      165      C       18.6620    5.9701   25.4411
  QMMM:   166      166      C        9.6071   -0.1677   20.2085
  QMMM:   167      167      C       20.3952    0.2166   21.9487
  QMMM:   168      168      O       15.0058    2.0354   14.2638
  QMMM:   169      169      O        8.9709    5.1179   16.4796
  QMMM:   170      170      O       12.1969    3.5939   10.0901
  QMMM:   171      171      O       12.0488    5.7859   20.7524
  QMMM:   172      172      O       17.3089    0.4406   18.8273
  QMMM:   173      173      O       15.4680    5.3182   24.8601
  QMMM:   174      174      O       20.9185   -0.6855   22.6390
  QMMM:   175      175      C        5.6940    4.3655   11.0068
  QMMM:   176      176      O        6.2018    4.1622   12.2625
  QMMM:   177      177      O        5.3685    5.5380   10.8107
  QMMM:   178      178      H       18.2844    5.5941   28.5019
  QMMM:   179      179      H       10.3419    9.3898   16.9682
  QMMM:   180      180      H        5.3888   -2.8347    4.6044
  QMMM:   181      181      H        3.3077   -2.0801    5.7643
  QMMM:   182      182      H       12.7531    4.5751   12.3634
  QMMM:   183      183      H       16.5944   10.8877   11.7859
  QMMM:   184      184      H       12.8918    7.0448   12.5607
  QMMM:   185      185      H       16.5268    4.1998   14.4641
  QMMM:   186      186      H       16.6936    6.6903   14.5994
  QMMM:   187      187      H       12.2469    1.6260    8.7519
  QMMM:   188      188      H       10.0042   -1.2735   10.9061
  QMMM:   189      189      H       10.6162    1.8316    5.3490
  QMMM:   190      190      H        7.8617    2.6888   17.1208
  QMMM:   191      191      H       13.4199    6.6171   18.2110
  QMMM:   192      192      H       13.7065    2.7584   11.4659
  QMMM:   193      193      H       14.3126    0.5426   10.8595
  QMMM:   194      194      H       16.3059    8.4171   11.9077
  QMMM:   195      195      H        6.0667   -0.9672   15.0395
  QMMM:   196      196      H       15.3862   12.3622   13.4040
  QMMM:   197      197      H       13.0716    0.4824   14.4337
  QMMM:   198      198      H       14.8429    7.3397   16.2960
  QMMM:   199      199      H        8.7792    3.6016   12.9905
  QMMM:   200      200      H        7.4590   -4.5996   13.1615
  QMMM:   201      201      H       14.8883    0.2674   12.5770
  QMMM:   202      202      H        5.7092   -3.3597   14.4459
  QMMM:   203      203      H       13.9151   11.3535   15.1411
  QMMM:   204      204      H        8.6649    1.1786   12.4288
  QMMM:   205      205      H        9.5707   -3.4464   12.5090
  QMMM:   206      206      H        7.5714   -1.7544    5.1378
  QMMM:   207      207      H        7.6985    0.2617   16.5449
  QMMM:   208      208      H        3.4151   -0.2350    7.4353
  QMMM:   209      209      H       10.8782   -0.5198   15.0792
  QMMM:   210      210      H       12.1893   -0.2654   10.2679
  QMMM:   211      211      H       11.3296    3.8984    7.0613
  QMMM:   212      212      H       12.8580    6.1229   10.4641
  QMMM:   213      213      H        9.6790    5.2800    7.6416
  QMMM:   214      214      H        8.9705    7.6511    7.7267
  QMMM:   215      215      H       12.1327    8.5129   10.5532
  QMMM:   216      216      H        8.4189   11.9208   11.1127
  QMMM:   217      217      H        9.0310   13.3945    9.1983
  QMMM:   218      218      H       10.3084   12.4600    7.2644
  QMMM:   219      219      H       10.9769   10.0602    7.2604
  QMMM:   220      220      H       10.4639   10.1598   12.7327
  QMMM:   221      221      H        9.7757    8.7924   14.6885
  QMMM:   222      222      H        6.6416    6.9719   12.3012
  QMMM:   223      223      H        7.3523    8.3219   10.3501
  QMMM:   224      224      H        8.3705    7.2758   15.7183
  QMMM:   225      225      H        6.6550    7.3836   15.0964
  QMMM:   226      226      H        7.2388    5.2777   13.8185
  QMMM:   227      227      H        5.8911    4.5544    8.3535
  QMMM:   228      228      H        5.2534    1.7109   11.5567
  QMMM:   229      229      H        5.2154   -0.1451    9.9067
  QMMM:   230      230      H        7.9653   -0.3024    8.9980
  QMMM:   231      231      H        5.8637    2.6825    6.6944
  QMMM:   232      232      H        8.4086    0.7953    4.8382
  QMMM:   233      233      H       12.5828    1.7564    6.9586
  QMMM:   234      234      H       10.1834    0.7109    9.5060
  QMMM:   235      235      H       11.7746   10.1346   15.0781
  QMMM:   236      236      H       11.5402    7.8901   19.8421
  QMMM:   237      237      H       10.0029    8.1842   18.8935
  QMMM:   238      238      H       10.0378    5.8249   18.2937
  QMMM:   239      239      H       22.9348    1.0278   22.1653
  QMMM:   240      240      H       18.8721    2.5155   22.0223
  QMMM:   241      241      H       19.7083    4.8364   22.3012
  QMMM:   242      242      H       23.7778    3.3720   22.4018
  QMMM:   243      243      H       23.5789    5.4071   20.7691
  QMMM:   244      244      H       22.0416    8.4592   24.3945
  QMMM:   245      245      H       23.6926    9.2641   22.7108
  QMMM:   246      246      H       24.4704    7.7304   20.8974
  QMMM:   247      247      H       22.4382    5.0990   25.7861
  QMMM:   248      248      H       19.1966    6.9212   23.5746
  QMMM:   249      249      H       20.8343    4.4058   27.5543
  QMMM:   250      250      H       17.5918    6.2087   25.3158
  QMMM:   251      251      H       18.5475    3.8469   28.0659
  QMMM:   252      252      H       19.5236   -2.1438   21.2673
  QMMM:   253      253      H       18.4615   -1.5260   19.8978
  QMMM:   254      254      H       18.7242   -1.4611   23.6883
  QMMM:   255      255      H       16.1709   -1.4959   20.2034
  QMMM:   256      256      H       16.7161   -1.6781   25.1633
  QMMM:   257      257      H       14.1693   -1.7678   21.6620
  QMMM:   258      258      H       14.2718   -4.0650   24.2004
  QMMM:   259      259      H       11.7980   -0.2469   26.2249
  QMMM:   260      260      H       12.3113   -4.4993   25.6752
  QMMM:   261      261      H       11.0735   -2.5820   26.6960
  QMMM:   262      262      H       13.8016    0.4041   22.5359
  QMMM:   263      263      H       13.8826    1.0435   26.8141
  QMMM:   264      264      H       14.3956    3.4593   26.4412
  QMMM:   265      265      H       14.2893    2.8066   22.1603
  QMMM:   266      266      H       14.5870    7.3213   23.7657
  QMMM:   267      267      H       13.2926    7.2644   22.4596
  QMMM:   268      268      H       16.9422    6.4157   23.0788
  QMMM:   269      269      H       13.8972    7.5930   20.2471
  QMMM:   270      270      H       18.7016    6.7851   21.3405
  QMMM:   271      271      H       15.6472    8.0103   18.5246
  QMMM:   272      272      H       18.4749    9.7592   19.3941
  QMMM:   273      273      H       20.2324    6.1862   16.4003
  QMMM:   274      274      H       20.2730   10.2883   17.7528
  QMMM:   275      275      H       21.1609    8.4938   16.2565
  QMMM:   276      276      H       16.2398    5.8753   17.6428
  QMMM:   277      277      H       20.2551    4.4240   18.3439
  QMMM:   278      278      H       19.4004    2.0734   18.3436
  QMMM:   279      279      H       15.3968    3.5406   17.5902
  QMMM:   280      280      H       16.1366   -1.1771   17.4565
  QMMM:   281      281      H       15.3150   -0.7494   15.8725
  QMMM:   282      282      H       13.1066   -1.4384   15.8899
  QMMM:   283      283      H       14.7850    0.1879   19.5311
  QMMM:   284      284      H       10.9395   -1.8045   17.0505
  QMMM:   285      285      H       12.5856   -0.1104   20.6728
  QMMM:   286      286      H       10.4368   -3.3349   19.2246
  QMMM:   287      287      H        7.8534    0.3476   21.3692
  QMMM:   288      288      H        8.3135   -3.8435   20.4274
  QMMM:   289      289      H        7.0264   -1.9988   21.5167
  QMMM:   290      290      H       10.4409    1.4118   22.2416
  QMMM:   291      291      H        9.6861    1.3686   17.9796
  QMMM:   292      292      H       10.3240    3.7489   17.8220
  QMMM:   293      293      H       11.1333    3.8098   22.0852
  QMMM:   294      294      H       16.6403    4.0542   26.6117
  QMMM:   295      295      H       16.3710    5.5673   27.1152
  QMMM:   296      296      H       13.4106    4.9313   22.4686
  QMMM:   297      297      H       15.6469    1.5283   16.3424
  QMMM:   298      298      H       18.9351    0.6784   20.5665
  QMMM:   299      299      H        6.4982    3.2455   12.3707

           --------- Calculation Completed ----------

