            --------------------------------------------------------
                             AMBER SQM VERSION 14
 
                                     By
              Ross C. Walker, Michael F. Crowley, Scott Brozell,
                         Tim Giese, Andreas W. Goetz,
                        Tai-Sung Lee and David A. Case
 
            --------------------------------------------------------
 

--------------------------------------------------------------------------------
  QM CALCULATION INFO
--------------------------------------------------------------------------------

| QMMM: Citation for AMBER QMMM Run:
| QMMM: R.C. Walker, M.F. Crowley and D.A. Case, J. COMP. CHEM. 29:1019, 2008

QMMM: SINGLET STATE CALCULATION
QMMM: RHF CALCULATION, NO. OF DOUBLY OCCUPIED LEVELS = 57

| QMMM: *** Selected Hamiltonian *** 
| QMMM: AM1         

| QMMM: *** Parameter sets in use ***
| QMMM: N : M.J.S.DEWAR et al. JACS, 107, 3902, (1985)
| QMMM: C : M.J.S.DEWAR et al. JACS, 107, 3902, (1985)
| QMMM: O : M.J.S.DEWAR et al. JACS, 107, 3902, (1985)
| QMMM: H : M.J.S.DEWAR et al. JACS, 107, 3902, (1985)

| QMMM: *** SCF convergence criteria ***
| QMMM: Energy change                :  0.1D-09 kcal/mol
| QMMM: Error matrix |FP-PF|         :  0.1D+00 au
| QMMM: Density matrix change        :  0.5D-06
| QMMM: Maximum number of SCF cycles :     1000

| QMMM: *** Diagonalization Routine Information ***
| QMMM: Pseudo diagonalizations are allowed.
| QMMM: Auto diagonalization routine selection is in use.
| QMMM:
| QMMM: Timing diagonalization routines:
| QMMM:                              norbs =      109
| QMMM:    diag iterations used for timing =       10
| QMMM:
| QMMM:              Internal diag routine = 0.024728 seconds
| QMMM:                 Dspev diag routine = 0.034858 seconds
| QMMM:                Dspevd diag routine = 0.025144 seconds
| QMMM:                Dspevx diag routine = 0.097654 seconds
| QMMM:                 Dsyev diag routine = 0.036131 seconds
| QMMM:                Dsyevd diag routine = 0.028471 seconds
| QMMM:                Dsyevr diag routine = 0.029296 seconds
| QMMM:
| QMMM:                Pseudo diag routine = 0.011921 seconds
| QMMM:
| QMMM: Using internal diagonalization routine (diag_routine=1).

  QMMM: QM Region Cartesian Coordinates (*=link atom) 
  QMMM: QM_NO.   MM_NO.  ATOM         X         Y         Z
  QMMM:     1        1      N       10.3860    2.5300   10.7310
  QMMM:     2        2      C       10.3730    2.6510    9.3030
  QMMM:     3        3      C       11.8150    2.4420    8.7040
  QMMM:     4        4      C       12.8080    3.4560    8.7150
  QMMM:     5        5      C       14.1470    3.2310    8.1730
  QMMM:     6        6      C       12.1820    1.2190    8.1530
  QMMM:     7        7      C       13.5070    1.0150    7.6100
  QMMM:     8        8      C       14.5110    2.0140    7.6180
  QMMM:     9        9      C       15.9720    1.7610    7.1450
  QMMM:    10       10      C       16.6890    0.7550    7.7430
  QMMM:    11       11      C       18.0910    0.5000    7.4350
  QMMM:    12       12      C       18.7710    1.2780    6.5080
  QMMM:    13       13      C       18.0740    2.2680    5.8780
  QMMM:    14       14      C       16.6560    2.5310    6.1870
  QMMM:    15       15      C       15.9560    3.5870    5.4410
  QMMM:    16       16      C       14.5990    3.4150    5.0100
  QMMM:    17       17      C       13.9910    4.3960    4.2730
  QMMM:    18       18      C       16.6740    4.7460    5.0820
  QMMM:    19       19      C       16.0800    5.7340    4.3250
  QMMM:    20       20      C       14.7220    5.5310    3.9200
  QMMM:    21       21      C       14.1280    6.4700    3.1710
  QMMM:    22       22      O       12.9330    6.4770    3.0650
  QMMM:    23       23      O       14.8100    7.3110    2.6010
  QMMM:    24       24      H       10.8590    1.7780   10.9430
  QMMM:    25       25      H       10.8120    3.2580   11.0610
  QMMM:    26       26      H       10.0290    3.5490    9.0710
  QMMM:    27       27      H        9.7280    1.9770    8.9630
  QMMM:    28       28      H       12.5790    4.2980    9.0880
  QMMM:    29       29      H       14.8200    3.9270    8.1870
  QMMM:    30       30      H       11.5180    0.5150    8.1490
  QMMM:    31       31      H       13.7330    0.1770    7.2230
  QMMM:    32       32      H       16.2150    0.2250    8.3790
  QMMM:    33       33      H       18.5700   -0.1950    7.8530
  QMMM:    34       34      H       19.7330    1.1290    6.3060
  QMMM:    35       35      H       18.5510    2.7760    5.2280
  QMMM:    36       36      H       14.0940    2.6230    5.2220
  QMMM:    37       37      H       13.0620    4.2820    4.0100
  QMMM:    38       38      H       17.5960    4.8700    5.3580
  QMMM:    39       39      H       16.5850    6.5200    4.0920
  QMMM:    40       40      H       12.5530    7.0190    3.7610

--------------------------------------------------------------------------------
  RESULTS
--------------------------------------------------------------------------------

      iter         sqm energy              rms gradient
      ----    -------------------    -----------------------
xmin    10      -10.6783 kcal/mol        3.0789 kcal/(mol*A)
xmin    20      -12.5916 kcal/mol        0.6119 kcal/(mol*A)
xmin    30      -12.7403 kcal/mol        0.4757 kcal/(mol*A)
xmin    40      -12.7805 kcal/mol        0.1336 kcal/(mol*A)
xmin    50      -12.8106 kcal/mol        0.0655 kcal/(mol*A)
xmin    60      -12.8200 kcal/mol        0.0363 kcal/(mol*A)
xmin    70      -12.8215 kcal/mol        0.0059 kcal/(mol*A)
xmin    80      -12.8219 kcal/mol        0.0132 kcal/(mol*A)
xmin    90      -12.8225 kcal/mol        0.0155 kcal/(mol*A)
xmin   100      -12.8229 kcal/mol        0.0261 kcal/(mol*A)
xmin   110      -12.8231 kcal/mol        0.0105 kcal/(mol*A)
xmin   120      -12.8234 kcal/mol        0.0163 kcal/(mol*A)
xmin   130      -12.8242 kcal/mol        0.0147 kcal/(mol*A)
xmin   140      -12.8243 kcal/mol        0.0060 kcal/(mol*A)
xmin   150      -12.8244 kcal/mol        0.0058 kcal/(mol*A)
xmin   160      -12.8246 kcal/mol        0.0071 kcal/(mol*A)
xmin   170      -12.8248 kcal/mol        0.0151 kcal/(mol*A)
xmin   180      -12.8250 kcal/mol        0.0019 kcal/(mol*A)
xmin   190      -12.8251 kcal/mol        0.0045 kcal/(mol*A)
xmin   200      -12.8251 kcal/mol        0.0016 kcal/(mol*A)
xmin   210      -12.8252 kcal/mol        0.0010 kcal/(mol*A)
xmin   220      -12.8252 kcal/mol        0.0013 kcal/(mol*A)
xmin   230      -12.8252 kcal/mol        0.0052 kcal/(mol*A)
  ... geometry converged !
 
 Final MO eigenvalues (eV):
 -41.3989  -40.6971  -39.6393  -38.7854  -36.8177  -36.2795  -34.1204  -33.2517
 -32.0014  -31.8211  -30.6560  -29.9519  -26.3577  -25.5922  -24.1697  -23.7911
 -23.1980  -22.9783  -21.9513  -21.4578  -19.7611  -18.5349  -17.7032  -17.4370
 -17.2801  -16.9238  -16.5266  -16.3630  -16.1184  -15.9915  -15.9149  -15.4487
 -15.3667  -15.1063  -14.7719  -14.5711  -14.5372  -14.4694  -14.0386  -13.7235
 -13.5998  -13.3737  -13.1032  -12.7051  -12.5366  -12.3281  -12.2874  -12.1660
 -12.0706  -11.2823  -10.6315  -10.3529  -10.2531  -10.1195  -10.0285   -9.7025
  -9.3164   -0.7754   -0.2568   -0.0052    0.1771    0.2059    0.3373    1.3813
   2.2811    2.3487    2.4104    2.5884    3.2016    3.3130    3.3407    3.4177
   3.4894    3.5210    3.6085    3.6336    3.6754    3.6854    3.7473    3.8479
   3.9250    3.9723    4.0408    4.0953    4.1710    4.2978    4.3443    4.4392
   4.5190    4.5616    4.6263    4.7320    4.7791    4.8206    4.9089    4.9785
   5.0915    5.1681    5.2443    5.2534    5.3094    5.3853    5.4611    5.6706
   5.7414    5.7829    5.9838    6.0580    6.6930

 Heat of formation   =        -12.82523664 kcal/mol  (       -0.55614399 eV)

 Total SCF energy    =     -83985.82581988 kcal/mol  (    -3641.89869563 eV)
 Electronic energy   =    -588589.95782804 kcal/mol  (   -25523.17583054 eV)
 Core-core repulsion =     504604.13200816 kcal/mol  (    21881.27713491 eV)
 
    Atomic Charges for Step       1 :
  Atom    Element       Mulliken Charge
     1      N                 -0.333
     2      C                 -0.049
     3      C                 -0.119
     4      C                 -0.130
     5      C                 -0.108
     6      C                 -0.123
     7      C                 -0.121
     8      C                 -0.045
     9      C                 -0.022
    10      C                 -0.121
    11      C                 -0.122
    12      C                 -0.127
    13      C                 -0.116
    14      C                 -0.039
    15      C                 -0.004
    16      C                 -0.115
    17      C                 -0.104
    18      C                 -0.132
    19      C                 -0.071
    20      C                 -0.154
    21      C                  0.341
    22      O                 -0.288
    23      O                 -0.297
    24      H                  0.145
    25      H                  0.142
    26      H                  0.101
    27      H                  0.098
    28      H                  0.133
    29      H                  0.141
    30      H                  0.135
    31      H                  0.138
    32      H                  0.140
    33      H                  0.137
    34      H                  0.137
    35      H                  0.140
    36      H                  0.150
    37      H                  0.137
    38      H                  0.145
    39      H                  0.158
    40      H                  0.226
 Total Mulliken Charge =      -0.000
 
                  X        Y        Z     TOTAL  
  QM DIPOLE     1.622   -4.531    2.982    5.661
 
 Final Structure

  QMMM: QM Region Cartesian Coordinates (*=link atom) 
  QMMM: QM_NO.   MM_NO.  ATOM         X         Y         Z
  QMMM:     1        1      N       10.4739    3.0293   10.5170
  QMMM:     2        2      C       10.6109    2.7179    9.1177
  QMMM:     3        3      C       12.0060    2.4553    8.6215
  QMMM:     4        4      C       12.9826    3.4527    8.7110
  QMMM:     5        5      C       14.2730    3.2221    8.2417
  QMMM:     6        6      C       12.3381    1.2213    8.0558
  QMMM:     7        7      C       13.6287    0.9856    7.5871
  QMMM:     8        8      C       14.6068    1.9857    7.6722
  QMMM:     9        9      C       15.9721    1.7151    7.2133
  QMMM:    10       10      C       16.6805    0.6713    7.8292
  QMMM:    11       11      C       17.9918    0.3852    7.4628
  QMMM:    12       12      C       18.6168    1.1417    6.4711
  QMMM:    13       13      C       17.9231    2.1734    5.8469
  QMMM:    14       14      C       16.5962    2.4662    6.2012
  QMMM:    15       15      C       15.9102    3.5390    5.4774
  QMMM:    16       16      C       14.6709    3.3100    4.8620
  QMMM:    17       17      C       14.0412    4.3248    4.1475
  QMMM:    18       18      C       16.5145    4.7984    5.3539
  QMMM:    19       19      C       15.8862    5.8142    4.6382
  QMMM:    20       20      C       14.6418    5.5843    4.0393
  QMMM:    21       21      C       14.0059    6.6775    3.2827
  QMMM:    22       22      O       12.6415    6.7698    3.2343
  QMMM:    23       23      O       14.5759    7.5747    2.6600
  QMMM:    24       24      H       10.7641    2.2592   11.0873
  QMMM:    25       25      H       11.0197    3.8328   10.7614
  QMMM:    26       26      H       10.1904    3.5868    8.5314
  QMMM:    27       27      H        9.9636    1.8196    8.9018
  QMMM:    28       28      H       12.7292    4.4294    9.1507
  QMMM:    29       29      H       15.0359    4.0119    8.3153
  QMMM:    30       30      H       11.5779    0.4288    7.9800
  QMMM:    31       31      H       13.8852    0.0096    7.1482
  QMMM:    32       32      H       16.1866    0.0798    8.6156
  QMMM:    33       33      H       18.5345   -0.4347    7.9562
  QMMM:    34       34      H       19.6548    0.9223    6.1805
  QMMM:    35       35      H       18.4118    2.7661    5.0579
  QMMM:    36       36      H       14.1951    2.3208    4.9515
  QMMM:    37       37      H       13.0779    4.1227    3.6537
  QMMM:    38       38      H       17.4922    4.9830    5.8249
  QMMM:    39       39      H       16.3638    6.8018    4.5305
  QMMM:    40       40      H       12.2410    6.0909    3.7942

           --------- Calculation Completed ----------

