            --------------------------------------------------------
                             AMBER SQM VERSION 14
 
                                     By
              Ross C. Walker, Michael F. Crowley, Scott Brozell,
                         Tim Giese, Andreas W. Goetz,
                        Tai-Sung Lee and David A. Case
 
            --------------------------------------------------------
 

--------------------------------------------------------------------------------
  QM CALCULATION INFO
--------------------------------------------------------------------------------

| QMMM: Citation for AMBER QMMM Run:
| QMMM: R.C. Walker, M.F. Crowley and D.A. Case, J. COMP. CHEM. 29:1019, 2008

QMMM: SINGLET STATE CALCULATION
QMMM: RHF CALCULATION, NO. OF DOUBLY OCCUPIED LEVELS =110

| QMMM: *** Selected Hamiltonian *** 
| QMMM: AM1         

| QMMM: *** Parameter sets in use ***
| QMMM: N : M.J.S.DEWAR et al. JACS, 107, 3902, (1985)
| QMMM: C : M.J.S.DEWAR et al. JACS, 107, 3902, (1985)
| QMMM: O : M.J.S.DEWAR et al. JACS, 107, 3902, (1985)
| QMMM: H : M.J.S.DEWAR et al. JACS, 107, 3902, (1985)

| QMMM: *** SCF convergence criteria ***
| QMMM: Energy change                :  0.1D-09 kcal/mol
| QMMM: Error matrix |FP-PF|         :  0.1D+00 au
| QMMM: Density matrix change        :  0.5D-06
| QMMM: Maximum number of SCF cycles :     1000

| QMMM: *** Diagonalization Routine Information ***
| QMMM: Pseudo diagonalizations are allowed.
| QMMM: Auto diagonalization routine selection is in use.
| QMMM:
| QMMM: Timing diagonalization routines:
| QMMM:                              norbs =      212
| QMMM:    diag iterations used for timing =        4
| QMMM:
| QMMM:              Internal diag routine = 0.123545 seconds
| QMMM:                 Dspev diag routine = 0.139493 seconds
| QMMM:                Dspevd diag routine = 0.091699 seconds
| QMMM:                Dspevx diag routine = 0.300629 seconds
| QMMM:                 Dsyev diag routine = 0.150790 seconds
| QMMM:                Dsyevd diag routine = 0.110895 seconds
| QMMM:                Dsyevr diag routine = 0.091054 seconds
| QMMM:
| QMMM:                Pseudo diag routine = 0.064947 seconds
| QMMM:
| QMMM: Using dsyevr routine (diag_routine=7).

  QMMM: QM Region Cartesian Coordinates (*=link atom) 
  QMMM: QM_NO.   MM_NO.  ATOM         X         Y         Z
  QMMM:     1        1      N       14.5400    2.2820   12.1020
  QMMM:     2        2      N       10.6800    7.4680   18.5900
  QMMM:     3        3      C       16.7510    5.0700   12.8500
  QMMM:     4        4      C        8.5090    4.2040   16.3410
  QMMM:     5        5      C        8.6440    4.9030   15.1390
  QMMM:     6        6      C        8.7530    4.1960   13.9390
  QMMM:     7        7      C        8.6680    2.8000   13.9420
  QMMM:     8        8      C        8.4710    2.0800   15.1310
  QMMM:     9        9      C        8.4170    2.8080   16.3330
  QMMM:    10       10      C        8.2400    0.6170   15.1220
  QMMM:    11       11      C        9.1340   -0.3360   14.5660
  QMMM:    12       12      C        8.7640   -1.7010   14.5960
  QMMM:    13       13      C        7.5540   -2.1300   15.1410
  QMMM:    14       14      C        6.6800   -1.2010   15.6810
  QMMM:    15       15      C        7.0210    0.1510   15.6730
  QMMM:    16       16      C       10.4410    0.0040   13.9600
  QMMM:    17       17      C       11.4320    0.6910   14.6740
  QMMM:    18       18      C       12.6740    0.9690   14.0930
  QMMM:    19       19      C       12.9610    0.5680   12.7810
  QMMM:    20       20      C       11.9820   -0.1240   12.0640
  QMMM:    21       21      C       10.7440   -0.4050   12.6490
  QMMM:    22       22      C       14.3070    0.8610   12.1650
  QMMM:    23       23      C       15.5380    4.3790   12.7970
  QMMM:    24       24      C       14.3360    5.0900   12.8120
  QMMM:    25       25      C       14.3530    6.4860   12.8570
  QMMM:    26       26      C       15.5610    7.2020   12.8910
  QMMM:    27       27      C       16.7600    6.4690   12.8870
  QMMM:    28       28      C       15.5800    8.6820   12.9230
  QMMM:    29       29      C       14.9660    9.4580   13.9440
  QMMM:    30       30      C       15.0270   10.8660   13.8460
  QMMM:    31       31      C       15.6580   11.5040   12.7780
  QMMM:    32       32      C       16.2570   10.7470   11.7820
  QMMM:    33       33      C       16.2240    9.3550   11.8590
  QMMM:    34       34      C       14.2420    8.8680   15.0940
  QMMM:    35       35      C       14.8290    7.9130   15.9350
  QMMM:    36       36      C       14.0980    7.3090   16.9650
  QMMM:    37       37      C       12.7610    7.6590   17.2050
  QMMM:    38       38      C       12.1860    8.6460   16.3980
  QMMM:    39       39      C       12.9160    9.2420   15.3650
  QMMM:    40       40      C       15.5510    2.8950   12.8010
  QMMM:    41       41      C       11.9990    6.9210   18.2820
  QMMM:    42       42      O       16.4290    2.2940   13.4100
  QMMM:    43       43      C        8.6690    6.2430   15.1370
  QMMM:    44       44      O        9.7610    6.7390   15.1330
  QMMM:    45       45      O        7.6660    6.9430   15.1400
  QMMM:    46       46      H        8.4510    4.7440   17.2830
  QMMM:    47       47      H        8.9020    4.7160   12.9970
  QMMM:    48       48      H        8.7350    2.2760   12.9950
  QMMM:    49       49      H        8.2870    2.2870   17.2800
  QMMM:    50       50      H        9.4410   -2.4530   14.1920
  QMMM:    51       51      H        7.3020   -3.1870   15.1430
  QMMM:    52       52      H        5.7340   -1.5220   16.1060
  QMMM:    53       53      H        6.3100    0.8630   16.0910
  QMMM:    54       54      H       11.2500    1.0080   15.6990
  QMMM:    55       55      H       13.4260    1.5010   14.6750
  QMMM:    56       56      H       12.1720   -0.4530   11.0450
  QMMM:    57       57      H       10.0050   -0.9490   12.0640
  QMMM:    58       58      H       15.0890    0.3520   12.7390
  QMMM:    59       59      H       14.3550    0.4880   11.1360
  QMMM:    60       60      H       13.9450    2.8220   11.4710
  QMMM:    61       61      H       17.6910    4.5210   12.8690
  QMMM:    62       62      H       13.3790    4.5740   12.8150
  QMMM:    63       63      H       13.4030    7.0120   12.8800
  QMMM:    64       64      H       17.7170    6.9870   12.9350
  QMMM:    65       65      H       14.5710   11.4820   14.6200
  QMMM:    66       66      H       15.6780   12.5890   12.7280
  QMMM:    67       67      H       16.7440   11.2360   10.9430
  QMMM:    68       68      H       16.6930    8.7820   11.0610
  QMMM:    69       69      H       15.8620    7.6090   15.7810
  QMMM:    70       70      H       14.5790    6.5460   17.5730
  QMMM:    71       71      H       11.1540    8.9540   16.5470
  QMMM:    72       72      H       12.4190    9.9890   14.7490
  QMMM:    73       73      H       11.8790    5.8770   17.9680
  QMMM:    74       74      H       12.5920    6.9310   19.2030
  QMMM:    75       75      H       10.1000    7.3730   17.7420
  QMMM:    76       76      H       10.2290    6.8680   19.2760
  QMMM:    77       77      H       10.0500    6.8700   14.2270

--------------------------------------------------------------------------------
  RESULTS
--------------------------------------------------------------------------------

      iter         sqm energy              rms gradient
      ----    -------------------    -----------------------
xmin    10       39.4152 kcal/mol        1.9809 kcal/(mol*A)
xmin    20       37.0941 kcal/mol        1.1388 kcal/(mol*A)
xmin    30       35.0351 kcal/mol        0.2715 kcal/(mol*A)
xmin    40       34.7930 kcal/mol        0.9378 kcal/(mol*A)
xmin    50       33.9906 kcal/mol        0.4380 kcal/(mol*A)
xmin    60       33.5270 kcal/mol        0.3182 kcal/(mol*A)
xmin    70       32.7801 kcal/mol        0.6312 kcal/(mol*A)
xmin    80       32.0810 kcal/mol        0.3097 kcal/(mol*A)
xmin    90       32.0598 kcal/mol        0.0486 kcal/(mol*A)
xmin   100       32.0566 kcal/mol        0.0204 kcal/(mol*A)
xmin   110       32.0553 kcal/mol        0.0159 kcal/(mol*A)
xmin   120       32.0545 kcal/mol        0.0117 kcal/(mol*A)
xmin   130       32.0498 kcal/mol        0.0456 kcal/(mol*A)
xmin   140       32.0448 kcal/mol        0.0398 kcal/(mol*A)
xmin   150       32.0425 kcal/mol        0.0052 kcal/(mol*A)
xmin   160       32.0416 kcal/mol        0.0236 kcal/(mol*A)
xmin   170       32.0410 kcal/mol        0.0115 kcal/(mol*A)
xmin   180       32.0408 kcal/mol        0.0014 kcal/(mol*A)
xmin   190       32.0408 kcal/mol        0.0011 kcal/(mol*A)
xmin   200       32.0408 kcal/mol        0.0015 kcal/(mol*A)
xmin   210       32.0408 kcal/mol        0.0008 kcal/(mol*A)
xmin   220       32.0408 kcal/mol        0.0014 kcal/(mol*A)
xmin   230       32.0408 kcal/mol        0.0008 kcal/(mol*A)
xmin   230       32.0408 kcal/mol        0.0005 kcal/(mol*A)
  ... geometry converged !
 
 Final MO eigenvalues (eV):
 -41.4733  -41.0300  -40.8090  -40.2402  -39.5680  -39.0606  -38.8201  -38.2760
 -37.0442  -35.8719  -35.5474  -34.2264  -33.9259  -33.3920  -32.8112  -32.1543
 -31.7500  -31.6781  -31.2540  -30.9356  -30.5731  -30.0204  -29.4935  -27.1739
 -25.9601  -25.6362  -24.8955  -24.0803  -23.9244  -23.7919  -23.4363  -23.4082
 -23.0210  -22.5676  -22.3654  -22.0095  -21.5101  -21.2025  -20.9563  -19.9494
 -19.0132  -18.5216  -18.1693  -17.7168  -17.5335  -17.2966  -17.2449  -16.7781
 -16.7596  -16.6304  -16.5069  -16.4116  -16.2782  -16.1730  -16.0916  -15.9216
 -15.7908  -15.7290  -15.5762  -15.5142  -15.3189  -15.2054  -14.9721  -14.9464
 -14.8671  -14.6519  -14.4943  -14.4437  -14.3998  -14.3673  -14.2155  -14.1600
 -13.9397  -13.8946  -13.7335  -13.6957  -13.6424  -13.5104  -13.4136  -13.2729
 -13.1883  -13.0242  -12.8407  -12.6530  -12.6208  -12.5143  -12.3620  -12.3032
 -12.2144  -12.1926  -12.0377  -11.9506  -11.6763  -11.6289  -11.5364  -11.0028
 -10.4098  -10.3380  -10.2952  -10.2255  -10.1538  -10.0154   -9.9594   -9.9228
  -9.8900   -9.5237   -9.4575   -9.2950   -9.1881   -8.8001   -0.7399   -0.3796
  -0.3180   -0.1011    0.0370    0.0910    0.2618    0.3312    0.4099    0.4432
   0.7292    0.8556    1.1627    1.5179    2.0018    2.1076    2.2528    2.4215
   2.5864    2.6918    2.7274    3.0559    3.0812    3.1928    3.3005    3.3654
   3.3836    3.4200    3.5270    3.5945    3.6506    3.6928    3.7167    3.7230
   3.7436    3.7733    3.8012    3.8289    3.9088    3.9359    3.9660    3.9783
   4.0149    4.0562    4.1309    4.1360    4.1726    4.2156    4.2392    4.2666
   4.2691    4.3016    4.3634    4.4172    4.4328    4.4645    4.4835    4.5087
   4.6103    4.6430    4.6563    4.6972    4.7248    4.7871    4.8252    4.8434
   4.8556    4.8626    4.9097    4.9483    4.9912    4.9916    5.1049    5.1256
   5.1473    5.1895    5.2105    5.2487    5.2821    5.3147    5.3269    5.3332
   5.3706    5.4318    5.4458    5.5008    5.5033    5.5554    5.5639    5.6715
   5.6947    5.7412    5.8359    5.8486    5.9001    5.9798    6.1266    6.2510
   6.4182    6.8220    6.9812    7.0210

 Heat of formation   =         32.04078491 kcal/mol  (        1.38939269 eV)

 Total SCF energy    =    -159935.00034476 kcal/mol  (    -6935.30204001 eV)
 Electronic energy   =   -1600581.52095267 kcal/mol  (   -69406.42300649 eV)
 Core-core repulsion =    1440646.52060792 kcal/mol  (    62471.12096648 eV)
 
    Atomic Charges for Step       1 :
  Atom    Element       Mulliken Charge
     1      N                 -0.373
     2      N                 -0.346
     3      C                 -0.080
     4      C                 -0.066
     5      C                 -0.156
     6      C                 -0.103
     7      C                 -0.117
     8      C                  0.003
     9      C                 -0.130
    10      C                 -0.048
    11      C                 -0.017
    12      C                 -0.121
    13      C                 -0.122
    14      C                 -0.128
    15      C                 -0.115
    16      C                 -0.043
    17      C                 -0.114
    18      C                 -0.113
    19      C                 -0.109
    20      C                 -0.125
    21      C                 -0.123
    22      C                  0.011
    23      C                 -0.121
    24      C                 -0.108
    25      C                 -0.116
    26      C                 -0.010
    27      C                 -0.132
    28      C                 -0.043
    29      C                 -0.011
    30      C                 -0.123
    31      C                 -0.124
    32      C                 -0.132
    33      C                 -0.118
    34      C                 -0.055
    35      C                 -0.111
    36      C                 -0.132
    37      C                 -0.070
    38      C                 -0.118
    39      C                 -0.125
    40      C                  0.343
    41      C                 -0.043
    42      O                 -0.368
    43      C                  0.349
    44      O                 -0.297
    45      O                 -0.314
    46      H                  0.159
    47      H                  0.135
    48      H                  0.148
    49      H                  0.149
    50      H                  0.141
    51      H                  0.137
    52      H                  0.137
    53      H                  0.140
    54      H                  0.140
    55      H                  0.159
    56      H                  0.131
    57      H                  0.135
    58      H                  0.128
    59      H                  0.089
    60      H                  0.224
    61      H                  0.155
    62      H                  0.130
    63      H                  0.146
    64      H                  0.144
    65      H                  0.140
    66      H                  0.134
    67      H                  0.134
    68      H                  0.136
    69      H                  0.138
    70      H                  0.134
    71      H                  0.151
    72      H                  0.132
    73      H                  0.052
    74      H                  0.094
    75      H                  0.153
    76      H                  0.161
    77      H                  0.231
 Total Mulliken Charge =      -0.000
 
                  X        Y        Z     TOTAL  
  QM DIPOLE    -1.558   -3.635   -5.026    6.396
 
 Final Structure

  QMMM: QM Region Cartesian Coordinates (*=link atom) 
  QMMM: QM_NO.   MM_NO.  ATOM         X         Y         Z
  QMMM:     1        1      N       14.2230    2.5636   12.0573
  QMMM:     2        2      N       10.0793    8.6004   17.4383
  QMMM:     3        3      C       16.4298    5.0373   13.4942
  QMMM:     4        4      C        9.1658    2.9460   17.0464
  QMMM:     5        5      C        8.8595    3.9535   16.1236
  QMMM:     6        6      C        8.3328    3.6138   14.8717
  QMMM:     7        7      C        8.1313    2.2777   14.5388
  QMMM:     8        8      C        8.4531    1.2648   15.4536
  QMMM:     9        9      C        8.9665    1.6088   16.7109
  QMMM:    10       10      C        8.2114   -0.1413   15.1112
  QMMM:    11       11      C        9.0545   -0.8575   14.2439
  QMMM:    12       12      C        8.7364   -2.1884   13.9277
  QMMM:    13       13      C        7.6136   -2.8029   14.4730
  QMMM:    14       14      C        6.7872   -2.0942   15.3454
  QMMM:    15       15      C        7.0852   -0.7719   15.6607
  QMMM:    16       16      C       10.2687   -0.2797   13.6629
  QMMM:    17       17      C       11.2601    0.2826   14.4788
  QMMM:    18       18      C       12.4405    0.7659   13.9207
  QMMM:    19       19      C       12.6440    0.7024   12.5381
  QMMM:    20       20      C       11.6499    0.1608   11.7191
  QMMM:    21       21      C       10.4734   -0.3341   12.2772
  QMMM:    22       22      C       13.9512    1.1574   11.9515
  QMMM:    23       23      C       15.1670    4.5735   13.1058
  QMMM:    24       24      C       14.1759    5.4861   12.7341
  QMMM:    25       25      C       14.4504    6.8525   12.7316
  QMMM:    26       26      C       15.7199    7.3209   13.0954
  QMMM:    27       27      C       16.7063    6.4013   13.4803
  QMMM:    28       28      C       16.0453    8.7489   13.0244
  QMMM:    29       29      C       15.4013    9.7211   13.8100
  QMMM:    30       30      C       15.7544   11.0717   13.6478
  QMMM:    31       31      C       16.7336   11.4520   12.7365
  QMMM:    32       32      C       17.3824   10.4840   11.9694
  QMMM:    33       33      C       17.0402    9.1439   12.1154
  QMMM:    34       34      C       14.3871    9.3917   14.8130
  QMMM:    35       35      C       14.6175    8.3995   15.7748
  QMMM:    36       36      C       13.6616    8.1291   16.7506
  QMMM:    37       37      C       12.4602    8.8456   16.7861
  QMMM:    38       38      C       12.2286    9.8387   15.8283
  QMMM:    39       39      C       13.1830   10.1096   14.8513
  QMMM:    40       40      C       14.9318    3.1016   13.1174
  QMMM:    41       41      C       11.4598    8.5607   17.8681
  QMMM:    42       42      O       15.4101    2.3695   14.0087
  QMMM:    43       43      C        9.0835    5.3566   16.5058
  QMMM:    44       44      O        9.3775    6.2900   15.5490
  QMMM:    45       45      O        9.0502    5.8357   17.6420
  QMMM:    46       46      H        9.5601    3.2220   18.0382
  QMMM:    47       47      H        8.0561    4.3989   14.1509
  QMMM:    48       48      H        7.7170    2.0129   13.5541
  QMMM:    49       49      H        9.2120    0.8183   17.4367
  QMMM:    50       50      H        9.3938   -2.7481   13.2443
  QMMM:    51       51      H        7.3804   -3.8474   14.2183
  QMMM:    52       52      H        5.9012   -2.5774   15.7829
  QMMM:    53       53      H        6.4313   -0.2091   16.3445
  QMMM:    54       54      H       11.1025    0.3356   15.5674
  QMMM:    55       55      H       13.2306    1.1902   14.5638
  QMMM:    56       56      H       11.7980    0.1114   10.6297
  QMMM:    57       57      H        9.6999   -0.7732   11.6293
  QMMM:    58       58      H       14.7815    0.5967   12.4769
  QMMM:    59       59      H       13.9806    0.8886   10.8552
  QMMM:    60       60      H       13.7198    3.1737   11.4592
  QMMM:    61       61      H       17.1960    4.3129   13.8144
  QMMM:    62       62      H       13.1695    5.1403   12.4550
  QMMM:    63       63      H       13.6668    7.5707   12.4461
  QMMM:    64       64      H       17.7031    6.7634   13.7746
  QMMM:    65       65      H       15.2491   11.8335   14.2619
  QMMM:    66       66      H       16.9983   12.5137   12.6244
  QMMM:    67       67      H       18.1616   10.7783   11.2514
  QMMM:    68       68      H       17.5485    8.3775   11.5102
  QMMM:    69       69      H       15.5592    7.8296   15.7530
  QMMM:    70       70      H       13.8568    7.3460   17.4989
  QMMM:    71       71      H       11.2897   10.4139   15.8493
  QMMM:    72       72      H       12.9929   10.8935   14.1027
  QMMM:    73       73      H       11.7291    7.5715   18.3484
  QMMM:    74       74      H       11.5788    9.3524   18.6667
  QMMM:    75       75      H        9.9750    8.1790   16.5344
  QMMM:    76       76      H        9.5091    8.0901   18.0874
  QMMM:    77       77      H        9.4849    5.8691   14.6854

           --------- Calculation Completed ----------

