CRYST1   50.000   50.000   50.000  90.00  90.00  90.00 P 1           1
CRYST1   49.336   49.336   49.336  90.00  90.00  90.00 P 1           1
CRYST1   48.954   48.954   48.954  90.00  90.00  90.00 P 1           1
CRYST1   49.011   49.011   49.011  90.00  90.00  90.00 P 1           1
CRYST1   49.055   49.055   49.055  90.00  90.00  90.00 P 1           1
CRYST1   49.025   49.025   49.025  90.00  90.00  90.00 P 1           1
CRYST1   49.063   49.063   49.063  90.00  90.00  90.00 P 1           1
CRYST1   49.045   49.045   49.045  90.00  90.00  90.00 P 1           1
CRYST1   49.007   49.007   49.007  90.00  90.00  90.00 P 1           1
CRYST1   48.898   48.898   48.898  90.00  90.00  90.00 P 1           1
CRYST1   48.923   48.923   48.923  90.00  90.00  90.00 P 1           1
CRYST1   48.877   48.877   48.877  90.00  90.00  90.00 P 1           1
CRYST1   48.994   48.994   48.994  90.00  90.00  90.00 P 1           1
CRYST1   48.824   48.824   48.824  90.00  90.00  90.00 P 1           1
CRYST1   48.922   48.922   48.922  90.00  90.00  90.00 P 1           1
CRYST1   48.927   48.927   48.927  90.00  90.00  90.00 P 1           1
CRYST1   48.909   48.909   48.909  90.00  90.00  90.00 P 1           1
CRYST1   48.894   48.894   48.894  90.00  90.00  90.00 P 1           1
CRYST1   48.866   48.866   48.866  90.00  90.00  90.00 P 1           1
CRYST1   48.848   48.848   48.848  90.00  90.00  90.00 P 1           1
CRYST1   48.758   48.758   48.758  90.00  90.00  90.00 P 1           1
CRYST1   48.791   48.791   48.791  90.00  90.00  90.00 P 1           1
CRYST1   48.764   48.764   48.764  90.00  90.00  90.00 P 1           1
CRYST1   48.829   48.829   48.829  90.00  90.00  90.00 P 1           1
CRYST1   48.843   48.843   48.843  90.00  90.00  90.00 P 1           1
CRYST1   48.803   48.803   48.803  90.00  90.00  90.00 P 1           1
CRYST1   48.733   48.733   48.733  90.00  90.00  90.00 P 1           1
CRYST1   48.734   48.734   48.734  90.00  90.00  90.00 P 1           1
CRYST1   48.750   48.750   48.750  90.00  90.00  90.00 P 1           1
CRYST1   48.723   48.723   48.723  90.00  90.00  90.00 P 1           1
CRYST1   48.641   48.641   48.641  90.00  90.00  90.00 P 1           1
CRYST1   48.677   48.677   48.677  90.00  90.00  90.00 P 1           1
CRYST1   48.675   48.675   48.675  90.00  90.00  90.00 P 1           1
CRYST1   48.699   48.699   48.699  90.00  90.00  90.00 P 1           1
CRYST1   48.693   48.693   48.693  90.00  90.00  90.00 P 1           1
CRYST1   48.592   48.592   48.592  90.00  90.00  90.00 P 1           1
CRYST1   48.600   48.600   48.600  90.00  90.00  90.00 P 1           1
CRYST1   48.561   48.561   48.561  90.00  90.00  90.00 P 1           1
CRYST1   48.670   48.670   48.670  90.00  90.00  90.00 P 1           1
CRYST1   48.667   48.667   48.667  90.00  90.00  90.00 P 1           1
CRYST1   48.674   48.674   48.674  90.00  90.00  90.00 P 1           1
CRYST1   48.748   48.748   48.748  90.00  90.00  90.00 P 1           1
CRYST1   48.756   48.756   48.756  90.00  90.00  90.00 P 1           1
CRYST1   48.761   48.761   48.761  90.00  90.00  90.00 P 1           1
CRYST1   48.756   48.756   48.756  90.00  90.00  90.00 P 1           1
CRYST1   48.757   48.757   48.757  90.00  90.00  90.00 P 1           1
CRYST1   48.844   48.844   48.844  90.00  90.00  90.00 P 1           1
CRYST1   48.878   48.878   48.878  90.00  90.00  90.00 P 1           1
CRYST1   48.766   48.766   48.766  90.00  90.00  90.00 P 1           1
CRYST1   48.730   48.730   48.730  90.00  90.00  90.00 P 1           1
CRYST1   48.726   48.726   48.726  90.00  90.00  90.00 P 1           1
CRYST1   48.759   48.759   48.759  90.00  90.00  90.00 P 1           1
CRYST1   48.709   48.709   48.709  90.00  90.00  90.00 P 1           1
CRYST1   48.616   48.616   48.616  90.00  90.00  90.00 P 1           1
CRYST1   48.690   48.690   48.690  90.00  90.00  90.00 P 1           1
CRYST1   48.697   48.697   48.697  90.00  90.00  90.00 P 1           1
CRYST1   48.704   48.704   48.704  90.00  90.00  90.00 P 1           1
CRYST1   48.630   48.630   48.630  90.00  90.00  90.00 P 1           1
CRYST1   48.632   48.632   48.632  90.00  90.00  90.00 P 1           1
CRYST1   48.627   48.627   48.627  90.00  90.00  90.00 P 1           1
CRYST1   48.727   48.727   48.727  90.00  90.00  90.00 P 1           1
CRYST1   48.685   48.685   48.685  90.00  90.00  90.00 P 1           1
CRYST1   48.700   48.700   48.700  90.00  90.00  90.00 P 1           1
CRYST1   48.695   48.695   48.695  90.00  90.00  90.00 P 1           1
CRYST1   48.628   48.628   48.628  90.00  90.00  90.00 P 1           1
CRYST1   48.660   48.660   48.660  90.00  90.00  90.00 P 1           1
CRYST1   48.617   48.617   48.617  90.00  90.00  90.00 P 1           1
CRYST1   48.600   48.600   48.600  90.00  90.00  90.00 P 1           1
CRYST1   48.654   48.654   48.654  90.00  90.00  90.00 P 1           1
CRYST1   48.670   48.670   48.670  90.00  90.00  90.00 P 1           1
CRYST1   48.630   48.630   48.630  90.00  90.00  90.00 P 1           1
CRYST1   48.618   48.618   48.618  90.00  90.00  90.00 P 1           1
CRYST1   48.628   48.628   48.628  90.00  90.00  90.00 P 1           1
CRYST1   48.676   48.676   48.676  90.00  90.00  90.00 P 1           1
CRYST1   48.672   48.672   48.672  90.00  90.00  90.00 P 1           1
CRYST1   48.679   48.679   48.679  90.00  90.00  90.00 P 1           1
CRYST1   48.648   48.648   48.648  90.00  90.00  90.00 P 1           1
CRYST1   48.671   48.671   48.671  90.00  90.00  90.00 P 1           1
CRYST1   48.675   48.675   48.675  90.00  90.00  90.00 P 1           1
CRYST1   48.732   48.732   48.732  90.00  90.00  90.00 P 1           1
CRYST1   48.713   48.713   48.713  90.00  90.00  90.00 P 1           1
CRYST1   48.717   48.717   48.717  90.00  90.00  90.00 P 1           1
CRYST1   48.660   48.660   48.660  90.00  90.00  90.00 P 1           1
CRYST1   48.500   48.500   48.500  90.00  90.00  90.00 P 1           1
CRYST1   48.590   48.590   48.590  90.00  90.00  90.00 P 1           1
CRYST1   48.632   48.632   48.632  90.00  90.00  90.00 P 1           1
CRYST1   48.570   48.570   48.570  90.00  90.00  90.00 P 1           1
CRYST1   48.532   48.532   48.532  90.00  90.00  90.00 P 1           1
CRYST1   48.521   48.521   48.521  90.00  90.00  90.00 P 1           1
CRYST1   48.523   48.523   48.523  90.00  90.00  90.00 P 1           1
CRYST1   48.568   48.568   48.568  90.00  90.00  90.00 P 1           1
CRYST1   48.618   48.618   48.618  90.00  90.00  90.00 P 1           1
CRYST1   48.622   48.622   48.622  90.00  90.00  90.00 P 1           1
CRYST1   48.564   48.564   48.564  90.00  90.00  90.00 P 1           1
CRYST1   48.611   48.611   48.611  90.00  90.00  90.00 P 1           1
CRYST1   48.604   48.604   48.604  90.00  90.00  90.00 P 1           1
CRYST1   48.537   48.537   48.537  90.00  90.00  90.00 P 1           1
CRYST1   48.500   48.500   48.500  90.00  90.00  90.00 P 1           1
CRYST1   48.537   48.537   48.537  90.00  90.00  90.00 P 1           1
CRYST1   48.566   48.566   48.566  90.00  90.00  90.00 P 1           1
CRYST1   48.568   48.568   48.568  90.00  90.00  90.00 P 1           1
CRYST1   48.557   48.557   48.557  90.00  90.00  90.00 P 1           1
CRYST1   48.557   48.557   48.557  90.00  90.00  90.00 P 1           1
CRYST1   48.611   48.611   48.611  90.00  90.00  90.00 P 1           1
CRYST1   48.708   48.708   48.708  90.00  90.00  90.00 P 1           1
CRYST1   48.616   48.616   48.616  90.00  90.00  90.00 P 1           1
CRYST1   48.552   48.552   48.552  90.00  90.00  90.00 P 1           1
CRYST1   48.557   48.557   48.557  90.00  90.00  90.00 P 1           1
CRYST1   48.543   48.543   48.543  90.00  90.00  90.00 P 1           1
CRYST1   48.507   48.507   48.507  90.00  90.00  90.00 P 1           1
CRYST1   48.445   48.445   48.445  90.00  90.00  90.00 P 1           1
CRYST1   48.503   48.503   48.503  90.00  90.00  90.00 P 1           1
CRYST1   48.515   48.515   48.515  90.00  90.00  90.00 P 1           1
CRYST1   48.507   48.507   48.507  90.00  90.00  90.00 P 1           1
CRYST1   48.551   48.551   48.551  90.00  90.00  90.00 P 1           1
CRYST1   48.503   48.503   48.503  90.00  90.00  90.00 P 1           1
CRYST1   48.455   48.455   48.455  90.00  90.00  90.00 P 1           1
CRYST1   48.539   48.539   48.539  90.00  90.00  90.00 P 1           1
CRYST1   48.504   48.504   48.504  90.00  90.00  90.00 P 1           1
CRYST1   48.526   48.526   48.526  90.00  90.00  90.00 P 1           1
CRYST1   48.508   48.508   48.508  90.00  90.00  90.00 P 1           1
CRYST1   48.461   48.461   48.461  90.00  90.00  90.00 P 1           1
CRYST1   48.533   48.533   48.533  90.00  90.00  90.00 P 1           1
CRYST1   48.497   48.497   48.497  90.00  90.00  90.00 P 1           1
CRYST1   48.511   48.511   48.511  90.00  90.00  90.00 P 1           1
CRYST1   48.548   48.548   48.548  90.00  90.00  90.00 P 1           1
CRYST1   48.547   48.547   48.547  90.00  90.00  90.00 P 1           1
CRYST1   48.567   48.567   48.567  90.00  90.00  90.00 P 1           1
CRYST1   48.613   48.613   48.613  90.00  90.00  90.00 P 1           1
CRYST1   48.544   48.544   48.544  90.00  90.00  90.00 P 1           1
CRYST1   48.536   48.536   48.536  90.00  90.00  90.00 P 1           1
CRYST1   48.427   48.427   48.427  90.00  90.00  90.00 P 1           1
CRYST1   48.475   48.475   48.475  90.00  90.00  90.00 P 1           1
CRYST1   48.548   48.548   48.548  90.00  90.00  90.00 P 1           1
CRYST1   48.583   48.583   48.583  90.00  90.00  90.00 P 1           1
CRYST1   48.512   48.512   48.512  90.00  90.00  90.00 P 1           1
CRYST1   48.580   48.580   48.580  90.00  90.00  90.00 P 1           1
CRYST1   48.578   48.578   48.578  90.00  90.00  90.00 P 1           1
CRYST1   48.673   48.673   48.673  90.00  90.00  90.00 P 1           1
CRYST1   48.626   48.626   48.626  90.00  90.00  90.00 P 1           1
CRYST1   48.555   48.555   48.555  90.00  90.00  90.00 P 1           1
CRYST1   48.576   48.576   48.576  90.00  90.00  90.00 P 1           1
CRYST1   48.543   48.543   48.543  90.00  90.00  90.00 P 1           1
CRYST1   48.561   48.561   48.561  90.00  90.00  90.00 P 1           1
CRYST1   48.509   48.509   48.509  90.00  90.00  90.00 P 1           1
CRYST1   48.434   48.434   48.434  90.00  90.00  90.00 P 1           1
CRYST1   48.415   48.415   48.415  90.00  90.00  90.00 P 1           1
CRYST1   48.483   48.483   48.483  90.00  90.00  90.00 P 1           1
CRYST1   48.482   48.482   48.482  90.00  90.00  90.00 P 1           1
CRYST1   48.470   48.470   48.470  90.00  90.00  90.00 P 1           1
CRYST1   48.485   48.485   48.485  90.00  90.00  90.00 P 1           1
CRYST1   48.516   48.516   48.516  90.00  90.00  90.00 P 1           1
CRYST1   48.549   48.549   48.549  90.00  90.00  90.00 P 1           1
CRYST1   48.495   48.495   48.495  90.00  90.00  90.00 P 1           1
CRYST1   48.459   48.459   48.459  90.00  90.00  90.00 P 1           1
CRYST1   48.462   48.462   48.462  90.00  90.00  90.00 P 1           1
CRYST1   48.535   48.535   48.535  90.00  90.00  90.00 P 1           1
CRYST1   48.503   48.503   48.503  90.00  90.00  90.00 P 1           1
CRYST1   48.489   48.489   48.489  90.00  90.00  90.00 P 1           1
CRYST1   48.430   48.430   48.430  90.00  90.00  90.00 P 1           1
CRYST1   48.452   48.452   48.452  90.00  90.00  90.00 P 1           1
CRYST1   48.447   48.447   48.447  90.00  90.00  90.00 P 1           1
CRYST1   48.444   48.444   48.444  90.00  90.00  90.00 P 1           1
CRYST1   48.413   48.413   48.413  90.00  90.00  90.00 P 1           1
CRYST1   48.461   48.461   48.461  90.00  90.00  90.00 P 1           1
CRYST1   48.435   48.435   48.435  90.00  90.00  90.00 P 1           1
CRYST1   48.362   48.362   48.362  90.00  90.00  90.00 P 1           1
CRYST1   48.418   48.418   48.418  90.00  90.00  90.00 P 1           1
CRYST1   48.435   48.435   48.435  90.00  90.00  90.00 P 1           1
CRYST1   48.499   48.499   48.499  90.00  90.00  90.00 P 1           1
CRYST1   48.533   48.533   48.533  90.00  90.00  90.00 P 1           1
CRYST1   48.555   48.555   48.555  90.00  90.00  90.00 P 1           1
CRYST1   48.520   48.520   48.520  90.00  90.00  90.00 P 1           1
CRYST1   48.428   48.428   48.428  90.00  90.00  90.00 P 1           1
CRYST1   48.465   48.465   48.465  90.00  90.00  90.00 P 1           1
CRYST1   48.419   48.419   48.419  90.00  90.00  90.00 P 1           1
CRYST1   48.457   48.457   48.457  90.00  90.00  90.00 P 1           1
CRYST1   48.436   48.436   48.436  90.00  90.00  90.00 P 1           1
CRYST1   48.383   48.383   48.383  90.00  90.00  90.00 P 1           1
CRYST1   48.415   48.415   48.415  90.00  90.00  90.00 P 1           1
CRYST1   48.507   48.507   48.507  90.00  90.00  90.00 P 1           1
CRYST1   48.542   48.542   48.542  90.00  90.00  90.00 P 1           1
CRYST1   48.446   48.446   48.446  90.00  90.00  90.00 P 1           1
CRYST1   48.385   48.385   48.385  90.00  90.00  90.00 P 1           1
CRYST1   48.349   48.349   48.349  90.00  90.00  90.00 P 1           1
CRYST1   48.364   48.364   48.364  90.00  90.00  90.00 P 1           1
CRYST1   48.356   48.356   48.356  90.00  90.00  90.00 P 1           1
CRYST1   48.369   48.369   48.369  90.00  90.00  90.00 P 1           1
CRYST1   48.335   48.335   48.335  90.00  90.00  90.00 P 1           1
CRYST1   48.393   48.393   48.393  90.00  90.00  90.00 P 1           1
CRYST1   48.431   48.431   48.431  90.00  90.00  90.00 P 1           1
CRYST1   48.448   48.448   48.448  90.00  90.00  90.00 P 1           1
CRYST1   48.366   48.366   48.366  90.00  90.00  90.00 P 1           1
CRYST1   48.361   48.361   48.361  90.00  90.00  90.00 P 1           1
CRYST1   48.406   48.406   48.406  90.00  90.00  90.00 P 1           1
CRYST1   48.373   48.373   48.373  90.00  90.00  90.00 P 1           1
CRYST1   48.315   48.315   48.315  90.00  90.00  90.00 P 1           1
CRYST1   48.282   48.282   48.282  90.00  90.00  90.00 P 1           1
CRYST1   48.291   48.291   48.291  90.00  90.00  90.00 P 1           1
CRYST1   48.359   48.359   48.359  90.00  90.00  90.00 P 1           1
CRYST1   48.368   48.368   48.368  90.00  90.00  90.00 P 1           1
CRYST1   48.358   48.358   48.358  90.00  90.00  90.00 P 1           1
CRYST1   48.373   48.373   48.373  90.00  90.00  90.00 P 1           1
CRYST1   48.394   48.394   48.394  90.00  90.00  90.00 P 1           1
CRYST1   48.409   48.409   48.409  90.00  90.00  90.00 P 1           1
CRYST1   48.423   48.423   48.423  90.00  90.00  90.00 P 1           1
CRYST1   48.407   48.407   48.407  90.00  90.00  90.00 P 1           1
CRYST1   48.389   48.389   48.389  90.00  90.00  90.00 P 1           1
CRYST1   48.378   48.378   48.378  90.00  90.00  90.00 P 1           1
CRYST1   48.392   48.392   48.392  90.00  90.00  90.00 P 1           1
CRYST1   48.373   48.373   48.373  90.00  90.00  90.00 P 1           1
CRYST1   48.355   48.355   48.355  90.00  90.00  90.00 P 1           1
CRYST1   48.372   48.372   48.372  90.00  90.00  90.00 P 1           1
CRYST1   48.308   48.308   48.308  90.00  90.00  90.00 P 1           1
CRYST1   48.310   48.310   48.310  90.00  90.00  90.00 P 1           1
CRYST1   48.361   48.361   48.361  90.00  90.00  90.00 P 1           1
CRYST1   48.366   48.366   48.366  90.00  90.00  90.00 P 1           1
CRYST1   48.271   48.271   48.271  90.00  90.00  90.00 P 1           1
CRYST1   48.288   48.288   48.288  90.00  90.00  90.00 P 1           1
CRYST1   48.298   48.298   48.298  90.00  90.00  90.00 P 1           1
CRYST1   48.309   48.309   48.309  90.00  90.00  90.00 P 1           1
CRYST1   48.293   48.293   48.293  90.00  90.00  90.00 P 1           1
CRYST1   48.399   48.399   48.399  90.00  90.00  90.00 P 1           1
CRYST1   48.356   48.356   48.356  90.00  90.00  90.00 P 1           1
CRYST1   48.379   48.379   48.379  90.00  90.00  90.00 P 1           1
CRYST1   48.300   48.300   48.300  90.00  90.00  90.00 P 1           1
CRYST1   48.290   48.290   48.290  90.00  90.00  90.00 P 1           1
CRYST1   48.216   48.216   48.216  90.00  90.00  90.00 P 1           1
CRYST1   48.183   48.183   48.183  90.00  90.00  90.00 P 1           1
CRYST1   48.250   48.250   48.250  90.00  90.00  90.00 P 1           1
CRYST1   48.308   48.308   48.308  90.00  90.00  90.00 P 1           1
CRYST1   48.275   48.275   48.275  90.00  90.00  90.00 P 1           1
CRYST1   48.271   48.271   48.271  90.00  90.00  90.00 P 1           1
CRYST1   48.335   48.335   48.335  90.00  90.00  90.00 P 1           1
CRYST1   48.279   48.279   48.279  90.00  90.00  90.00 P 1           1
CRYST1   48.307   48.307   48.307  90.00  90.00  90.00 P 1           1
CRYST1   48.330   48.330   48.330  90.00  90.00  90.00 P 1           1
CRYST1   48.344   48.344   48.344  90.00  90.00  90.00 P 1           1
CRYST1   48.311   48.311   48.311  90.00  90.00  90.00 P 1           1
CRYST1   48.333   48.333   48.333  90.00  90.00  90.00 P 1           1
CRYST1   48.353   48.353   48.353  90.00  90.00  90.00 P 1           1
CRYST1   48.332   48.332   48.332  90.00  90.00  90.00 P 1           1
CRYST1   48.360   48.360   48.360  90.00  90.00  90.00 P 1           1
CRYST1   48.352   48.352   48.352  90.00  90.00  90.00 P 1           1
CRYST1   48.325   48.325   48.325  90.00  90.00  90.00 P 1           1
CRYST1   48.290   48.290   48.290  90.00  90.00  90.00 P 1           1
CRYST1   48.342   48.342   48.342  90.00  90.00  90.00 P 1           1
CRYST1   48.309   48.309   48.309  90.00  90.00  90.00 P 1           1
CRYST1   48.297   48.297   48.297  90.00  90.00  90.00 P 1           1
CRYST1   48.300   48.300   48.300  90.00  90.00  90.00 P 1           1
CRYST1   48.371   48.371   48.371  90.00  90.00  90.00 P 1           1
CRYST1   48.385   48.385   48.385  90.00  90.00  90.00 P 1           1
CRYST1   48.400   48.400   48.400  90.00  90.00  90.00 P 1           1
CRYST1   48.321   48.321   48.321  90.00  90.00  90.00 P 1           1
CRYST1   48.227   48.227   48.227  90.00  90.00  90.00 P 1           1
CRYST1   48.266   48.266   48.266  90.00  90.00  90.00 P 1           1
CRYST1   48.223   48.223   48.223  90.00  90.00  90.00 P 1           1
CRYST1   48.297   48.297   48.297  90.00  90.00  90.00 P 1           1
CRYST1   48.250   48.250   48.250  90.00  90.00  90.00 P 1           1
CRYST1   48.233   48.233   48.233  90.00  90.00  90.00 P 1           1
CRYST1   48.277   48.277   48.277  90.00  90.00  90.00 P 1           1
CRYST1   48.205   48.205   48.205  90.00  90.00  90.00 P 1           1
CRYST1   48.254   48.254   48.254  90.00  90.00  90.00 P 1           1
CRYST1   48.227   48.227   48.227  90.00  90.00  90.00 P 1           1
CRYST1   48.213   48.213   48.213  90.00  90.00  90.00 P 1           1
CRYST1   48.270   48.270   48.270  90.00  90.00  90.00 P 1           1
CRYST1   48.279   48.279   48.279  90.00  90.00  90.00 P 1           1
CRYST1   48.258   48.258   48.258  90.00  90.00  90.00 P 1           1
CRYST1   48.261   48.261   48.261  90.00  90.00  90.00 P 1           1
CRYST1   48.194   48.194   48.194  90.00  90.00  90.00 P 1           1
CRYST1   48.107   48.107   48.107  90.00  90.00  90.00 P 1           1
CRYST1   48.145   48.145   48.145  90.00  90.00  90.00 P 1           1
CRYST1   48.245   48.245   48.245  90.00  90.00  90.00 P 1           1
CRYST1   48.221   48.221   48.221  90.00  90.00  90.00 P 1           1
CRYST1   48.174   48.174   48.174  90.00  90.00  90.00 P 1           1
CRYST1   48.103   48.103   48.103  90.00  90.00  90.00 P 1           1
CRYST1   48.197   48.197   48.197  90.00  90.00  90.00 P 1           1
CRYST1   48.289   48.289   48.289  90.00  90.00  90.00 P 1           1
CRYST1   48.246   48.246   48.246  90.00  90.00  90.00 P 1           1
CRYST1   48.237   48.237   48.237  90.00  90.00  90.00 P 1           1
CRYST1   48.266   48.266   48.266  90.00  90.00  90.00 P 1           1
CRYST1   48.299   48.299   48.299  90.00  90.00  90.00 P 1           1
CRYST1   48.268   48.268   48.268  90.00  90.00  90.00 P 1           1
CRYST1   48.283   48.283   48.283  90.00  90.00  90.00 P 1           1
CRYST1   48.256   48.256   48.256  90.00  90.00  90.00 P 1           1
CRYST1   48.244   48.244   48.244  90.00  90.00  90.00 P 1           1
CRYST1   48.166   48.166   48.166  90.00  90.00  90.00 P 1           1
CRYST1   48.127   48.127   48.127  90.00  90.00  90.00 P 1           1
CRYST1   48.149   48.149   48.149  90.00  90.00  90.00 P 1           1
CRYST1   48.123   48.123   48.123  90.00  90.00  90.00 P 1           1
CRYST1   48.081   48.081   48.081  90.00  90.00  90.00 P 1           1
CRYST1   48.101   48.101   48.101  90.00  90.00  90.00 P 1           1
CRYST1   48.126   48.126   48.126  90.00  90.00  90.00 P 1           1
CRYST1   48.064   48.064   48.064  90.00  90.00  90.00 P 1           1
CRYST1   48.092   48.092   48.092  90.00  90.00  90.00 P 1           1
CRYST1   48.100   48.100   48.100  90.00  90.00  90.00 P 1           1
CRYST1   48.094   48.094   48.094  90.00  90.00  90.00 P 1           1
CRYST1   48.197   48.197   48.197  90.00  90.00  90.00 P 1           1
CRYST1   48.148   48.148   48.148  90.00  90.00  90.00 P 1           1
CRYST1   48.158   48.158   48.158  90.00  90.00  90.00 P 1           1
CRYST1   48.139   48.139   48.139  90.00  90.00  90.00 P 1           1
CRYST1   48.131   48.131   48.131  90.00  90.00  90.00 P 1           1
CRYST1   48.171   48.171   48.171  90.00  90.00  90.00 P 1           1
CRYST1   48.190   48.190   48.190  90.00  90.00  90.00 P 1           1
CRYST1   48.215   48.215   48.215  90.00  90.00  90.00 P 1           1
CRYST1   48.200   48.200   48.200  90.00  90.00  90.00 P 1           1
CRYST1   48.173   48.173   48.173  90.00  90.00  90.00 P 1           1
CRYST1   48.230   48.230   48.230  90.00  90.00  90.00 P 1           1
CRYST1   48.170   48.170   48.170  90.00  90.00  90.00 P 1           1
CRYST1   48.149   48.149   48.149  90.00  90.00  90.00 P 1           1
CRYST1   48.221   48.221   48.221  90.00  90.00  90.00 P 1           1
CRYST1   48.191   48.191   48.191  90.00  90.00  90.00 P 1           1
CRYST1   48.238   48.238   48.238  90.00  90.00  90.00 P 1           1
CRYST1   48.189   48.189   48.189  90.00  90.00  90.00 P 1           1
CRYST1   48.228   48.228   48.228  90.00  90.00  90.00 P 1           1
CRYST1   48.158   48.158   48.158  90.00  90.00  90.00 P 1           1
CRYST1   48.177   48.177   48.177  90.00  90.00  90.00 P 1           1
CRYST1   48.206   48.206   48.206  90.00  90.00  90.00 P 1           1
CRYST1   48.204   48.204   48.204  90.00  90.00  90.00 P 1           1
CRYST1   48.262   48.262   48.262  90.00  90.00  90.00 P 1           1
CRYST1   48.214   48.214   48.214  90.00  90.00  90.00 P 1           1
CRYST1   48.211   48.211   48.211  90.00  90.00  90.00 P 1           1
CRYST1   48.274   48.274   48.274  90.00  90.00  90.00 P 1           1
CRYST1   48.223   48.223   48.223  90.00  90.00  90.00 P 1           1
CRYST1   48.198   48.198   48.198  90.00  90.00  90.00 P 1           1
CRYST1   48.175   48.175   48.175  90.00  90.00  90.00 P 1           1
CRYST1   48.192   48.192   48.192  90.00  90.00  90.00 P 1           1
CRYST1   48.256   48.256   48.256  90.00  90.00  90.00 P 1           1
CRYST1   48.202   48.202   48.202  90.00  90.00  90.00 P 1           1
CRYST1   48.193   48.193   48.193  90.00  90.00  90.00 P 1           1
CRYST1   48.245   48.245   48.245  90.00  90.00  90.00 P 1           1
CRYST1   48.273   48.273   48.273  90.00  90.00  90.00 P 1           1
CRYST1   48.216   48.216   48.216  90.00  90.00  90.00 P 1           1
CRYST1   48.218   48.218   48.218  90.00  90.00  90.00 P 1           1
CRYST1   48.274   48.274   48.274  90.00  90.00  90.00 P 1           1
CRYST1   48.243   48.243   48.243  90.00  90.00  90.00 P 1           1
CRYST1   48.256   48.256   48.256  90.00  90.00  90.00 P 1           1
CRYST1   48.227   48.227   48.227  90.00  90.00  90.00 P 1           1
CRYST1   48.251   48.251   48.251  90.00  90.00  90.00 P 1           1
CRYST1   48.311   48.311   48.311  90.00  90.00  90.00 P 1           1
CRYST1   48.261   48.261   48.261  90.00  90.00  90.00 P 1           1
CRYST1   48.243   48.243   48.243  90.00  90.00  90.00 P 1           1
CRYST1   48.215   48.215   48.215  90.00  90.00  90.00 P 1           1
CRYST1   48.243   48.243   48.243  90.00  90.00  90.00 P 1           1
CRYST1   48.215   48.215   48.215  90.00  90.00  90.00 P 1           1
CRYST1   48.233   48.233   48.233  90.00  90.00  90.00 P 1           1
CRYST1   48.244   48.244   48.244  90.00  90.00  90.00 P 1           1
CRYST1   48.258   48.258   48.258  90.00  90.00  90.00 P 1           1
CRYST1   48.169   48.169   48.169  90.00  90.00  90.00 P 1           1
CRYST1   48.131   48.131   48.131  90.00  90.00  90.00 P 1           1
CRYST1   48.164   48.164   48.164  90.00  90.00  90.00 P 1           1
CRYST1   48.149   48.149   48.149  90.00  90.00  90.00 P 1           1
CRYST1   48.256   48.256   48.256  90.00  90.00  90.00 P 1           1
CRYST1   48.209   48.209   48.209  90.00  90.00  90.00 P 1           1
CRYST1   48.228   48.228   48.228  90.00  90.00  90.00 P 1           1
CRYST1   48.281   48.281   48.281  90.00  90.00  90.00 P 1           1
CRYST1   48.303   48.303   48.303  90.00  90.00  90.00 P 1           1
CRYST1   48.221   48.221   48.221  90.00  90.00  90.00 P 1           1
CRYST1   48.264   48.264   48.264  90.00  90.00  90.00 P 1           1
CRYST1   48.349   48.349   48.349  90.00  90.00  90.00 P 1           1
CRYST1   48.274   48.274   48.274  90.00  90.00  90.00 P 1           1
CRYST1   48.209   48.209   48.209  90.00  90.00  90.00 P 1           1
CRYST1   48.207   48.207   48.207  90.00  90.00  90.00 P 1           1
CRYST1   48.204   48.204   48.204  90.00  90.00  90.00 P 1           1
CRYST1   48.159   48.159   48.159  90.00  90.00  90.00 P 1           1
CRYST1   48.215   48.215   48.215  90.00  90.00  90.00 P 1           1
CRYST1   48.186   48.186   48.186  90.00  90.00  90.00 P 1           1
CRYST1   48.178   48.178   48.178  90.00  90.00  90.00 P 1           1
CRYST1   48.144   48.144   48.144  90.00  90.00  90.00 P 1           1
CRYST1   48.157   48.157   48.157  90.00  90.00  90.00 P 1           1
CRYST1   48.142   48.142   48.142  90.00  90.00  90.00 P 1           1
CRYST1   48.118   48.118   48.118  90.00  90.00  90.00 P 1           1
CRYST1   48.214   48.214   48.214  90.00  90.00  90.00 P 1           1
CRYST1   48.209   48.209   48.209  90.00  90.00  90.00 P 1           1
CRYST1   48.200   48.200   48.200  90.00  90.00  90.00 P 1           1
CRYST1   48.170   48.170   48.170  90.00  90.00  90.00 P 1           1
CRYST1   48.172   48.172   48.172  90.00  90.00  90.00 P 1           1
CRYST1   48.094   48.094   48.094  90.00  90.00  90.00 P 1           1
CRYST1   48.156   48.156   48.156  90.00  90.00  90.00 P 1           1
CRYST1   48.137   48.137   48.137  90.00  90.00  90.00 P 1           1
CRYST1   48.114   48.114   48.114  90.00  90.00  90.00 P 1           1
CRYST1   48.062   48.062   48.062  90.00  90.00  90.00 P 1           1
CRYST1   48.038   48.038   48.038  90.00  90.00  90.00 P 1           1
CRYST1   48.157   48.157   48.157  90.00  90.00  90.00 P 1           1
CRYST1   48.181   48.181   48.181  90.00  90.00  90.00 P 1           1
CRYST1   48.156   48.156   48.156  90.00  90.00  90.00 P 1           1
CRYST1   48.132   48.132   48.132  90.00  90.00  90.00 P 1           1
CRYST1   48.089   48.089   48.089  90.00  90.00  90.00 P 1           1
CRYST1   48.204   48.204   48.204  90.00  90.00  90.00 P 1           1
CRYST1   48.145   48.145   48.145  90.00  90.00  90.00 P 1           1
CRYST1   48.115   48.115   48.115  90.00  90.00  90.00 P 1           1
CRYST1   48.080   48.080   48.080  90.00  90.00  90.00 P 1           1
CRYST1   48.138   48.138   48.138  90.00  90.00  90.00 P 1           1
CRYST1   48.132   48.132   48.132  90.00  90.00  90.00 P 1           1
CRYST1   48.055   48.055   48.055  90.00  90.00  90.00 P 1           1
CRYST1   48.096   48.096   48.096  90.00  90.00  90.00 P 1           1
CRYST1   48.145   48.145   48.145  90.00  90.00  90.00 P 1           1
CRYST1   48.123   48.123   48.123  90.00  90.00  90.00 P 1           1
CRYST1   48.059   48.059   48.059  90.00  90.00  90.00 P 1           1
CRYST1   48.057   48.057   48.057  90.00  90.00  90.00 P 1           1
CRYST1   48.019   48.019   48.019  90.00  90.00  90.00 P 1           1
CRYST1   48.010   48.010   48.010  90.00  90.00  90.00 P 1           1
CRYST1   48.020   48.020   48.020  90.00  90.00  90.00 P 1           1
CRYST1   48.110   48.110   48.110  90.00  90.00  90.00 P 1           1
CRYST1   48.074   48.074   48.074  90.00  90.00  90.00 P 1           1
CRYST1   48.029   48.029   48.029  90.00  90.00  90.00 P 1           1
CRYST1   48.065   48.065   48.065  90.00  90.00  90.00 P 1           1
CRYST1   48.096   48.096   48.096  90.00  90.00  90.00 P 1           1
CRYST1   48.078   48.078   48.078  90.00  90.00  90.00 P 1           1
CRYST1   48.116   48.116   48.116  90.00  90.00  90.00 P 1           1
CRYST1   48.158   48.158   48.158  90.00  90.00  90.00 P 1           1
CRYST1   48.174   48.174   48.174  90.00  90.00  90.00 P 1           1
CRYST1   48.212   48.212   48.212  90.00  90.00  90.00 P 1           1
CRYST1   48.242   48.242   48.242  90.00  90.00  90.00 P 1           1
CRYST1   48.205   48.205   48.205  90.00  90.00  90.00 P 1           1
CRYST1   48.220   48.220   48.220  90.00  90.00  90.00 P 1           1
CRYST1   48.233   48.233   48.233  90.00  90.00  90.00 P 1           1
CRYST1   48.189   48.189   48.189  90.00  90.00  90.00 P 1           1
CRYST1   48.204   48.204   48.204  90.00  90.00  90.00 P 1           1
CRYST1   48.234   48.234   48.234  90.00  90.00  90.00 P 1           1
CRYST1   48.169   48.169   48.169  90.00  90.00  90.00 P 1           1
CRYST1   48.120   48.120   48.120  90.00  90.00  90.00 P 1           1
CRYST1   48.100   48.100   48.100  90.00  90.00  90.00 P 1           1
CRYST1   48.093   48.093   48.093  90.00  90.00  90.00 P 1           1
CRYST1   48.128   48.128   48.128  90.00  90.00  90.00 P 1           1
CRYST1   48.126   48.126   48.126  90.00  90.00  90.00 P 1           1
CRYST1   48.069   48.069   48.069  90.00  90.00  90.00 P 1           1
CRYST1   48.149   48.149   48.149  90.00  90.00  90.00 P 1           1
CRYST1   48.109   48.109   48.109  90.00  90.00  90.00 P 1           1
CRYST1   48.129   48.129   48.129  90.00  90.00  90.00 P 1           1
CRYST1   48.190   48.190   48.190  90.00  90.00  90.00 P 1           1
CRYST1   48.152   48.152   48.152  90.00  90.00  90.00 P 1           1
CRYST1   48.202   48.202   48.202  90.00  90.00  90.00 P 1           1
CRYST1   48.214   48.214   48.214  90.00  90.00  90.00 P 1           1
CRYST1   48.231   48.231   48.231  90.00  90.00  90.00 P 1           1
CRYST1   48.295   48.295   48.295  90.00  90.00  90.00 P 1           1
CRYST1   48.287   48.287   48.287  90.00  90.00  90.00 P 1           1
CRYST1   48.229   48.229   48.229  90.00  90.00  90.00 P 1           1
CRYST1   48.157   48.157   48.157  90.00  90.00  90.00 P 1           1
CRYST1   48.142   48.142   48.142  90.00  90.00  90.00 P 1           1
CRYST1   48.092   48.092   48.092  90.00  90.00  90.00 P 1           1
CRYST1   48.175   48.175   48.175  90.00  90.00  90.00 P 1           1
CRYST1   48.119   48.119   48.119  90.00  90.00  90.00 P 1           1
CRYST1   48.158   48.158   48.158  90.00  90.00  90.00 P 1           1
CRYST1   48.150   48.150   48.150  90.00  90.00  90.00 P 1           1
CRYST1   48.196   48.196   48.196  90.00  90.00  90.00 P 1           1
CRYST1   48.121   48.121   48.121  90.00  90.00  90.00 P 1           1
CRYST1   48.175   48.175   48.175  90.00  90.00  90.00 P 1           1
CRYST1   48.166   48.166   48.166  90.00  90.00  90.00 P 1           1
CRYST1   48.102   48.102   48.102  90.00  90.00  90.00 P 1           1
CRYST1   48.201   48.201   48.201  90.00  90.00  90.00 P 1           1
CRYST1   48.205   48.205   48.205  90.00  90.00  90.00 P 1           1
CRYST1   48.262   48.262   48.262  90.00  90.00  90.00 P 1           1
CRYST1   48.213   48.213   48.213  90.00  90.00  90.00 P 1           1
CRYST1   48.214   48.214   48.214  90.00  90.00  90.00 P 1           1
CRYST1   48.211   48.211   48.211  90.00  90.00  90.00 P 1           1
CRYST1   48.281   48.281   48.281  90.00  90.00  90.00 P 1           1
CRYST1   48.246   48.246   48.246  90.00  90.00  90.00 P 1           1
CRYST1   48.196   48.196   48.196  90.00  90.00  90.00 P 1           1
CRYST1   48.167   48.167   48.167  90.00  90.00  90.00 P 1           1
CRYST1   48.227   48.227   48.227  90.00  90.00  90.00 P 1           1
CRYST1   48.098   48.098   48.098  90.00  90.00  90.00 P 1           1
CRYST1   48.117   48.117   48.117  90.00  90.00  90.00 P 1           1
CRYST1   48.095   48.095   48.095  90.00  90.00  90.00 P 1           1
CRYST1   48.154   48.154   48.154  90.00  90.00  90.00 P 1           1
CRYST1   48.100   48.100   48.100  90.00  90.00  90.00 P 1           1
CRYST1   48.137   48.137   48.137  90.00  90.00  90.00 P 1           1
CRYST1   48.114   48.114   48.114  90.00  90.00  90.00 P 1           1
CRYST1   48.114   48.114   48.114  90.00  90.00  90.00 P 1           1
CRYST1   48.055   48.055   48.055  90.00  90.00  90.00 P 1           1
CRYST1   48.093   48.093   48.093  90.00  90.00  90.00 P 1           1
CRYST1   48.130   48.130   48.130  90.00  90.00  90.00 P 1           1
CRYST1   48.084   48.084   48.084  90.00  90.00  90.00 P 1           1
CRYST1   48.053   48.053   48.053  90.00  90.00  90.00 P 1           1
CRYST1   48.056   48.056   48.056  90.00  90.00  90.00 P 1           1
CRYST1   48.060   48.060   48.060  90.00  90.00  90.00 P 1           1
CRYST1   48.120   48.120   48.120  90.00  90.00  90.00 P 1           1
CRYST1   48.118   48.118   48.118  90.00  90.00  90.00 P 1           1
CRYST1   48.119   48.119   48.119  90.00  90.00  90.00 P 1           1
CRYST1   48.114   48.114   48.114  90.00  90.00  90.00 P 1           1
CRYST1   48.157   48.157   48.157  90.00  90.00  90.00 P 1           1
CRYST1   48.120   48.120   48.120  90.00  90.00  90.00 P 1           1
CRYST1   48.035   48.035   48.035  90.00  90.00  90.00 P 1           1
CRYST1   48.087   48.087   48.087  90.00  90.00  90.00 P 1           1
CRYST1   48.080   48.080   48.080  90.00  90.00  90.00 P 1           1
CRYST1   47.983   47.983   47.983  90.00  90.00  90.00 P 1           1
CRYST1   48.134   48.134   48.134  90.00  90.00  90.00 P 1           1
CRYST1   48.087   48.087   48.087  90.00  90.00  90.00 P 1           1
CRYST1   48.109   48.109   48.109  90.00  90.00  90.00 P 1           1
CRYST1   48.228   48.228   48.228  90.00  90.00  90.00 P 1           1
CRYST1   48.132   48.132   48.132  90.00  90.00  90.00 P 1           1
CRYST1   48.107   48.107   48.107  90.00  90.00  90.00 P 1           1
CRYST1   48.127   48.127   48.127  90.00  90.00  90.00 P 1           1
CRYST1   48.113   48.113   48.113  90.00  90.00  90.00 P 1           1
CRYST1   48.135   48.135   48.135  90.00  90.00  90.00 P 1           1
CRYST1   48.062   48.062   48.062  90.00  90.00  90.00 P 1           1
CRYST1   48.020   48.020   48.020  90.00  90.00  90.00 P 1           1
CRYST1   47.991   47.991   47.991  90.00  90.00  90.00 P 1           1
CRYST1   47.987   47.987   47.987  90.00  90.00  90.00 P 1           1
CRYST1   47.980   47.980   47.980  90.00  90.00  90.00 P 1           1
CRYST1   48.069   48.069   48.069  90.00  90.00  90.00 P 1           1
