            --------------------------------------------------------
                             AMBER SQM VERSION 19
 
                                     By
              Ross C. Walker, Michael F. Crowley, Scott Brozell,
                         Tim Giese, Andreas W. Goetz,
                        Tai-Sung Lee and David A. Case
 
            --------------------------------------------------------
 

--------------------------------------------------------------------------------
  QM CALCULATION INFO
--------------------------------------------------------------------------------

| QMMM: Citation for AMBER QMMM Run:
| QMMM: R.C. Walker, M.F. Crowley and D.A. Case, J. COMP. CHEM. 29:1019, 2008

QMMM: SINGLET STATE CALCULATION
QMMM: RHF CALCULATION, NO. OF DOUBLY OCCUPIED LEVELS =428

| QMMM: *** Selected Hamiltonian *** 
| QMMM: AM1         

| QMMM: *** Parameter sets in use ***
| QMMM: N : M.J.S.DEWAR et al. JACS, 107, 3902, (1985)
| QMMM: C : M.J.S.DEWAR et al. JACS, 107, 3902, (1985)
| QMMM: O : M.J.S.DEWAR et al. JACS, 107, 3902, (1985)
| QMMM: H : M.J.S.DEWAR et al. JACS, 107, 3902, (1985)

| QMMM: *** SCF convergence criteria ***
| QMMM: Energy change                :  0.1D-09 kcal/mol
| QMMM: Error matrix |FP-PF|         :  0.1D+00 au
| QMMM: Density matrix change        :  0.5D-06
| QMMM: Maximum number of SCF cycles :     1000

| QMMM: *** Diagonalization Routine Information ***
| QMMM: Pseudo diagonalizations are allowed.
| QMMM: Auto diagonalization routine selection is in use.
| QMMM:
| QMMM: Timing diagonalization routines:
| QMMM:                              norbs =      830
| QMMM:    diag iterations used for timing =        1
| QMMM:
| QMMM:              Internal diag routine = 1.182099 seconds
| QMMM:                 Dspev diag routine = 1.026281 seconds
| QMMM:                Dspevd diag routine = 0.702998 seconds
| QMMM:                Dspevx diag routine = 2.051840 seconds
| QMMM:                 Dsyev diag routine = 0.988168 seconds
| QMMM:                Dsyevd diag routine = 0.681718 seconds
| QMMM:                Dsyevr diag routine = 0.620019 seconds
| QMMM:
| QMMM:                Pseudo diag routine = 0.573445 seconds
| QMMM:
| QMMM: Using dsyevr routine (diag_routine=7).

  QMMM: QM Region Cartesian Coordinates (*=link atom) 
  QMMM: QM_NO.   MM_NO.  ATOM         X         Y         Z
  QMMM:     1        1      N        0.0000    0.0000    0.0000
  QMMM:     2        2      N        0.0000    0.0000    0.0000
  QMMM:     3        3      N        0.0000    0.0000    0.0000
  QMMM:     4        4      N        0.0000    0.0000    0.0000
  QMMM:     5        5      N        0.0000    0.0000    0.0000
  QMMM:     6        6      N        0.0000    0.0000    0.0000
  QMMM:     7        7      N        0.0000    0.0000    0.0000
  QMMM:     8        8      N        0.0000    0.0000    0.0000
  QMMM:     9        9      C        0.0000    0.0000    0.0000
  QMMM:    10       10      C        0.0000    0.0000    0.0000
  QMMM:    11       11      C        0.0000    0.0000    0.0000
  QMMM:    12       12      C        0.0000    0.0000    0.0000
  QMMM:    13       13      C        0.0000    0.0000    0.0000
  QMMM:    14       14      C        0.0000    0.0000    0.0000
  QMMM:    15       15      C        0.0000    0.0000    0.0000
  QMMM:    16       16      C        0.0000    0.0000    0.0000
  QMMM:    17       17      C        0.0000    0.0000    0.0000
  QMMM:    18       18      C        0.0000    0.0000    0.0000
  QMMM:    19       19      C        0.0000    0.0000    0.0000
  QMMM:    20       20      C        0.0000    0.0000    0.0000
  QMMM:    21       21      C        0.0000    0.0000    0.0000
  QMMM:    22       22      C        0.0000    0.0000    0.0000
  QMMM:    23       23      C        0.0000    0.0000    0.0000
  QMMM:    24       24      C        0.0000    0.0000    0.0000
  QMMM:    25       25      C        0.0000    0.0000    0.0000
  QMMM:    26       26      C        0.0000    0.0000    0.0000
  QMMM:    27       27      C        0.0000    0.0000    0.0000
  QMMM:    28       28      C        0.0000    0.0000    0.0000
  QMMM:    29       29      C        0.0000    0.0000    0.0000
  QMMM:    30       30      C        0.0000    0.0000    0.0000
  QMMM:    31       31      C        0.0000    0.0000    0.0000
  QMMM:    32       32      C        0.0000    0.0000    0.0000
  QMMM:    33       33      C        0.0000    0.0000    0.0000
  QMMM:    34       34      C        0.0000    0.0000    0.0000
  QMMM:    35       35      C        0.0000    0.0000    0.0000
  QMMM:    36       36      C        0.0000    0.0000    0.0000
  QMMM:    37       37      C        0.0000    0.0000    0.0000
  QMMM:    38       38      C        0.0000    0.0000    0.0000
  QMMM:    39       39      C        0.0000    0.0000    0.0000
  QMMM:    40       40      C        0.0000    0.0000    0.0000
  QMMM:    41       41      C        0.0000    0.0000    0.0000
  QMMM:    42       42      C        0.0000    0.0000    0.0000
  QMMM:    43       43      C        0.0000    0.0000    0.0000
  QMMM:    44       44      C        0.0000    0.0000    0.0000
  QMMM:    45       45      C        0.0000    0.0000    0.0000
  QMMM:    46       46      C        0.0000    0.0000    0.0000
  QMMM:    47       47      C        0.0000    0.0000    0.0000
  QMMM:    48       48      C        0.0000    0.0000    0.0000
  QMMM:    49       49      C        0.0000    0.0000    0.0000
  QMMM:    50       50      C        0.0000    0.0000    0.0000
  QMMM:    51       51      C        0.0000    0.0000    0.0000
  QMMM:    52       52      C        0.0000    0.0000    0.0000
  QMMM:    53       53      C        0.0000    0.0000    0.0000
  QMMM:    54       54      C        0.0000    0.0000    0.0000
  QMMM:    55       55      C        0.0000    0.0000    0.0000
  QMMM:    56       56      C        0.0000    0.0000    0.0000
  QMMM:    57       57      C        0.0000    0.0000    0.0000
  QMMM:    58       58      C        0.0000    0.0000    0.0000
  QMMM:    59       59      C        0.0000    0.0000    0.0000
  QMMM:    60       60      C        0.0000    0.0000    0.0000
  QMMM:    61       61      C        0.0000    0.0000    0.0000
  QMMM:    62       62      C        0.0000    0.0000    0.0000
  QMMM:    63       63      C        0.0000    0.0000    0.0000
  QMMM:    64       64      C        0.0000    0.0000    0.0000
  QMMM:    65       65      C        0.0000    0.0000    0.0000
  QMMM:    66       66      C        0.0000    0.0000    0.0000
  QMMM:    67       67      C        0.0000    0.0000    0.0000
  QMMM:    68       68      C        0.0000    0.0000    0.0000
  QMMM:    69       69      C        0.0000    0.0000    0.0000
  QMMM:    70       70      C        0.0000    0.0000    0.0000
  QMMM:    71       71      C        0.0000    0.0000    0.0000
  QMMM:    72       72      C        0.0000    0.0000    0.0000
  QMMM:    73       73      C        0.0000    0.0000    0.0000
  QMMM:    74       74      C        0.0000    0.0000    0.0000
  QMMM:    75       75      C        0.0000    0.0000    0.0000
  QMMM:    76       76      C        0.0000    0.0000    0.0000
  QMMM:    77       77      C        0.0000    0.0000    0.0000
  QMMM:    78       78      C        0.0000    0.0000    0.0000
  QMMM:    79       79      C        0.0000    0.0000    0.0000
  QMMM:    80       80      C        0.0000    0.0000    0.0000
  QMMM:    81       81      C        0.0000    0.0000    0.0000
  QMMM:    82       82      C        0.0000    0.0000    0.0000
  QMMM:    83       83      C        0.0000    0.0000    0.0000
  QMMM:    84       84      C        0.0000    0.0000    0.0000
  QMMM:    85       85      C        0.0000    0.0000    0.0000
  QMMM:    86       86      C        0.0000    0.0000    0.0000
  QMMM:    87       87      C        0.0000    0.0000    0.0000
  QMMM:    88       88      C        0.0000    0.0000    0.0000
  QMMM:    89       89      C        0.0000    0.0000    0.0000
  QMMM:    90       90      C        0.0000    0.0000    0.0000
  QMMM:    91       91      C        0.0000    0.0000    0.0000
  QMMM:    92       92      C        0.0000    0.0000    0.0000
  QMMM:    93       93      C        0.0000    0.0000    0.0000
  QMMM:    94       94      C        0.0000    0.0000    0.0000
  QMMM:    95       95      C        0.0000    0.0000    0.0000
  QMMM:    96       96      C        0.0000    0.0000    0.0000
  QMMM:    97       97      C        0.0000    0.0000    0.0000
  QMMM:    98       98      C        0.0000    0.0000    0.0000
  QMMM:    99       99      C        0.0000    0.0000    0.0000
  QMMM:   100      100      C        0.0000    0.0000    0.0000
  QMMM:   101      101      C        0.0000    0.0000    0.0000
  QMMM:   102      102      C        0.0000    0.0000    0.0000
  QMMM:   103      103      C        0.0000    0.0000    0.0000
  QMMM:   104      104      C        0.0000    0.0000    0.0000
  QMMM:   105      105      C        0.0000    0.0000    0.0000
  QMMM:   106      106      C        0.0000    0.0000    0.0000
  QMMM:   107      107      C        0.0000    0.0000    0.0000
  QMMM:   108      108      C        0.0000    0.0000    0.0000
  QMMM:   109      109      C        0.0000    0.0000    0.0000
  QMMM:   110      110      C        0.0000    0.0000    0.0000
  QMMM:   111      111      C        0.0000    0.0000    0.0000
  QMMM:   112      112      C        0.0000    0.0000    0.0000
  QMMM:   113      113      C        0.0000    0.0000    0.0000
  QMMM:   114      114      C        0.0000    0.0000    0.0000
  QMMM:   115      115      C        0.0000    0.0000    0.0000
  QMMM:   116      116      C        0.0000    0.0000    0.0000
  QMMM:   117      117      C        0.0000    0.0000    0.0000
  QMMM:   118      118      C        0.0000    0.0000    0.0000
  QMMM:   119      119      C        0.0000    0.0000    0.0000
  QMMM:   120      120      C        0.0000    0.0000    0.0000
  QMMM:   121      121      C        0.0000    0.0000    0.0000
  QMMM:   122      122      C        0.0000    0.0000    0.0000
  QMMM:   123      123      C        0.0000    0.0000    0.0000
  QMMM:   124      124      C        0.0000    0.0000    0.0000
  QMMM:   125      125      C        0.0000    0.0000    0.0000
  QMMM:   126      126      C        0.0000    0.0000    0.0000
  QMMM:   127      127      C        0.0000    0.0000    0.0000
  QMMM:   128      128      C        0.0000    0.0000    0.0000
  QMMM:   129      129      C        0.0000    0.0000    0.0000
  QMMM:   130      130      C        0.0000    0.0000    0.0000
  QMMM:   131      131      C        0.0000    0.0000    0.0000
  QMMM:   132      132      C        0.0000    0.0000    0.0000
  QMMM:   133      133      C        0.0000    0.0000    0.0000
  QMMM:   134      134      C        0.0000    0.0000    0.0000
  QMMM:   135      135      C        0.0000    0.0000    0.0000
  QMMM:   136      136      C        0.0000    0.0000    0.0000
  QMMM:   137      137      C        0.0000    0.0000    0.0000
  QMMM:   138      138      C        0.0000    0.0000    0.0000
  QMMM:   139      139      C        0.0000    0.0000    0.0000
  QMMM:   140      140      C        0.0000    0.0000    0.0000
  QMMM:   141      141      C        0.0000    0.0000    0.0000
  QMMM:   142      142      C        0.0000    0.0000    0.0000
  QMMM:   143      143      C        0.0000    0.0000    0.0000
  QMMM:   144      144      C        0.0000    0.0000    0.0000
  QMMM:   145      145      C        0.0000    0.0000    0.0000
  QMMM:   146      146      C        0.0000    0.0000    0.0000
  QMMM:   147      147      C        0.0000    0.0000    0.0000
  QMMM:   148      148      C        0.0000    0.0000    0.0000
  QMMM:   149      149      C        0.0000    0.0000    0.0000
  QMMM:   150      150      C        0.0000    0.0000    0.0000
  QMMM:   151      151      C        0.0000    0.0000    0.0000
  QMMM:   152      152      C        0.0000    0.0000    0.0000
  QMMM:   153      153      C        0.0000    0.0000    0.0000
  QMMM:   154      154      C        0.0000    0.0000    0.0000
  QMMM:   155      155      C        0.0000    0.0000    0.0000
  QMMM:   156      156      C        0.0000    0.0000    0.0000
  QMMM:   157      157      C        0.0000    0.0000    0.0000
  QMMM:   158      158      C        0.0000    0.0000    0.0000
  QMMM:   159      159      C        0.0000    0.0000    0.0000
  QMMM:   160      160      C        0.0000    0.0000    0.0000
  QMMM:   161      161      C        0.0000    0.0000    0.0000
  QMMM:   162      162      C        0.0000    0.0000    0.0000
  QMMM:   163      163      C        0.0000    0.0000    0.0000
  QMMM:   164      164      C        0.0000    0.0000    0.0000
  QMMM:   165      165      C        0.0000    0.0000    0.0000
  QMMM:   166      166      C        0.0000    0.0000    0.0000
  QMMM:   167      167      C        0.0000    0.0000    0.0000
  QMMM:   168      168      O        0.0000    0.0000    0.0000
  QMMM:   169      169      O        0.0000    0.0000    0.0000
  QMMM:   170      170      O        0.0000    0.0000    0.0000
  QMMM:   171      171      O        0.0000    0.0000    0.0000
  QMMM:   172      172      O        0.0000    0.0000    0.0000
  QMMM:   173      173      O        0.0000    0.0000    0.0000
  QMMM:   174      174      O        0.0000    0.0000    0.0000
  QMMM:   175      175      C        0.0000    0.0000    0.0000
  QMMM:   176      176      O        0.0000    0.0000    0.0000
  QMMM:   177      177      O        0.0000    0.0000    0.0000
  QMMM:   178      178      H        0.0000    0.0000    0.0000
  QMMM:   179      179      H        0.0000    0.0000    0.0000
  QMMM:   180      180      H        0.0000    0.0000    0.0000
  QMMM:   181      181      H        0.0000    0.0000    0.0000
  QMMM:   182      182      H        0.0000    0.0000    0.0000
  QMMM:   183      183      H        0.0000    0.0000    0.0000
  QMMM:   184      184      H        0.0000    0.0000    0.0000
  QMMM:   185      185      H        0.0000    0.0000    0.0000
  QMMM:   186      186      H        0.0000    0.0000    0.0000
  QMMM:   187      187      H        0.0000    0.0000    0.0000
  QMMM:   188      188      H        0.0000    0.0000    0.0000
  QMMM:   189      189      H        0.0000    0.0000    0.0000
  QMMM:   190      190      H        0.0000    0.0000    0.0000
  QMMM:   191      191      H        0.0000    0.0000    0.0000
  QMMM:   192      192      H        0.0000    0.0000    0.0000
  QMMM:   193      193      H        0.0000    0.0000    0.0000
  QMMM:   194      194      H        0.0000    0.0000    0.0000
  QMMM:   195      195      H        0.0000    0.0000    0.0000
  QMMM:   196      196      H        0.0000    0.0000    0.0000
  QMMM:   197      197      H        0.0000    0.0000    0.0000
  QMMM:   198      198      H        0.0000    0.0000    0.0000
  QMMM:   199      199      H        0.0000    0.0000    0.0000
  QMMM:   200      200      H        0.0000    0.0000    0.0000
  QMMM:   201      201      H        0.0000    0.0000    0.0000
  QMMM:   202      202      H        0.0000    0.0000    0.0000
  QMMM:   203      203      H        0.0000    0.0000    0.0000
  QMMM:   204      204      H        0.0000    0.0000    0.0000
  QMMM:   205      205      H        0.0000    0.0000    0.0000
  QMMM:   206      206      H        0.0000    0.0000    0.0000
  QMMM:   207      207      H        0.0000    0.0000    0.0000
  QMMM:   208      208      H        0.0000    0.0000    0.0000
  QMMM:   209      209      H        0.0000    0.0000    0.0000
  QMMM:   210      210      H        0.0000    0.0000    0.0000
  QMMM:   211      211      H        0.0000    0.0000    0.0000
  QMMM:   212      212      H        0.0000    0.0000    0.0000
  QMMM:   213      213      H        0.0000    0.0000    0.0000
  QMMM:   214      214      H        0.0000    0.0000    0.0000
  QMMM:   215      215      H        0.0000    0.0000    0.0000
  QMMM:   216      216      H        0.0000    0.0000    0.0000
  QMMM:   217      217      H        0.0000    0.0000    0.0000
  QMMM:   218      218      H        0.0000    0.0000    0.0000
  QMMM:   219      219      H        0.0000    0.0000    0.0000
  QMMM:   220      220      H        0.0000    0.0000    0.0000
  QMMM:   221      221      H        0.0000    0.0000    0.0000
  QMMM:   222      222      H        0.0000    0.0000    0.0000
  QMMM:   223      223      H        0.0000    0.0000    0.0000
  QMMM:   224      224      H        0.0000    0.0000    0.0000
  QMMM:   225      225      H        0.0000    0.0000    0.0000
  QMMM:   226      226      H        0.0000    0.0000    0.0000
  QMMM:   227      227      H        0.0000    0.0000    0.0000
  QMMM:   228      228      H        0.0000    0.0000    0.0000
  QMMM:   229      229      H        0.0000    0.0000    0.0000
  QMMM:   230      230      H        0.0000    0.0000    0.0000
  QMMM:   231      231      H        0.0000    0.0000    0.0000
  QMMM:   232      232      H        0.0000    0.0000    0.0000
  QMMM:   233      233      H        0.0000    0.0000    0.0000
  QMMM:   234      234      H        0.0000    0.0000    0.0000
  QMMM:   235      235      H        0.0000    0.0000    0.0000
  QMMM:   236      236      H        0.0000    0.0000    0.0000
  QMMM:   237      237      H        0.0000    0.0000    0.0000
  QMMM:   238      238      H        0.0000    0.0000    0.0000
  QMMM:   239      239      H        0.0000    0.0000    0.0000
  QMMM:   240      240      H        0.0000    0.0000    0.0000
  QMMM:   241      241      H        0.0000    0.0000    0.0000
  QMMM:   242      242      H        0.0000    0.0000    0.0000
  QMMM:   243      243      H        0.0000    0.0000    0.0000
  QMMM:   244      244      H        0.0000    0.0000    0.0000
  QMMM:   245      245      H        0.0000    0.0000    0.0000
  QMMM:   246      246      H        0.0000    0.0000    0.0000
  QMMM:   247      247      H        0.0000    0.0000    0.0000
  QMMM:   248      248      H        0.0000    0.0000    0.0000
  QMMM:   249      249      H        0.0000    0.0000    0.0000
  QMMM:   250      250      H        0.0000    0.0000    0.0000
  QMMM:   251      251      H        0.0000    0.0000    0.0000
  QMMM:   252      252      H        0.0000    0.0000    0.0000
  QMMM:   253      253      H        0.0000    0.0000    0.0000
  QMMM:   254      254      H        0.0000    0.0000    0.0000
  QMMM:   255      255      H        0.0000    0.0000    0.0000
  QMMM:   256      256      H        0.0000    0.0000    0.0000
  QMMM:   257      257      H        0.0000    0.0000    0.0000
  QMMM:   258      258      H        0.0000    0.0000    0.0000
  QMMM:   259      259      H        0.0000    0.0000    0.0000
  QMMM:   260      260      H        0.0000    0.0000    0.0000
  QMMM:   261      261      H        0.0000    0.0000    0.0000
  QMMM:   262      262      H        0.0000    0.0000    0.0000
  QMMM:   263      263      H        0.0000    0.0000    0.0000
  QMMM:   264      264      H        0.0000    0.0000    0.0000
  QMMM:   265      265      H        0.0000    0.0000    0.0000
  QMMM:   266      266      H        0.0000    0.0000    0.0000
  QMMM:   267      267      H        0.0000    0.0000    0.0000
  QMMM:   268      268      H        0.0000    0.0000    0.0000
  QMMM:   269      269      H        0.0000    0.0000    0.0000
  QMMM:   270      270      H        0.0000    0.0000    0.0000
  QMMM:   271      271      H        0.0000    0.0000    0.0000
  QMMM:   272      272      H        0.0000    0.0000    0.0000
  QMMM:   273      273      H        0.0000    0.0000    0.0000
  QMMM:   274      274      H        0.0000    0.0000    0.0000
  QMMM:   275      275      H        0.0000    0.0000    0.0000
  QMMM:   276      276      H        0.0000    0.0000    0.0000
  QMMM:   277      277      H        0.0000    0.0000    0.0000
  QMMM:   278      278      H        0.0000    0.0000    0.0000
  QMMM:   279      279      H        0.0000    0.0000    0.0000
  QMMM:   280      280      H        0.0000    0.0000    0.0000
  QMMM:   281      281      H        0.0000    0.0000    0.0000
  QMMM:   282      282      H        0.0000    0.0000    0.0000
  QMMM:   283      283      H        0.0000    0.0000    0.0000
  QMMM:   284      284      H        0.0000    0.0000    0.0000
  QMMM:   285      285      H        0.0000    0.0000    0.0000
  QMMM:   286      286      H        0.0000    0.0000    0.0000
  QMMM:   287      287      H        0.0000    0.0000    0.0000
  QMMM:   288      288      H        0.0000    0.0000    0.0000
  QMMM:   289      289      H        0.0000    0.0000    0.0000
  QMMM:   290      290      H        0.0000    0.0000    0.0000
  QMMM:   291      291      H        0.0000    0.0000    0.0000
  QMMM:   292      292      H        0.0000    0.0000    0.0000
  QMMM:   293      293      H        0.0000    0.0000    0.0000
  QMMM:   294      294      H        0.0000    0.0000    0.0000
  QMMM:   295      295      H        0.0000    0.0000    0.0000
  QMMM:   296      296      H        0.0000    0.0000    0.0000
  QMMM:   297      297      H        0.0000    0.0000    0.0000
  QMMM:   298      298      H        0.0000    0.0000    0.0000
  QMMM:   299      299      H        0.0000    0.0000    0.0000

--------------------------------------------------------------------------------
  RESULTS
--------------------------------------------------------------------------------

Svd_SymmMat_Invert: DBDSDC did not converge
Total failure.  Not sure what to do
