Log file opened on Thu Oct 10 13:12:24 2019
Host: Louie  pid: 2644  rank ID: 0  number of ranks:  1
                   :-) GROMACS - gmx mdrun, VERSION 5.1.4 (-:

                            GROMACS is written by:
     Emile Apol      Rossen Apostolov  Herman J.C. Berendsen    Par Bjelkmar   
 Aldert van Buuren   Rudi van Drunen     Anton Feenstra   Sebastian Fritsch 
  Gerrit Groenhof   Christoph Junghans   Anca Hamuraru    Vincent Hindriksen
 Dimitrios Karkoulis    Peter Kasson        Jiri Kraus      Carsten Kutzner  
    Per Larsson      Justin A. Lemkul   Magnus Lundborg   Pieter Meulenhoff 
   Erik Marklund      Teemu Murtola       Szilard Pall       Sander Pronk   
   Roland Schulz     Alexey Shvetsov     Michael Shirts     Alfons Sijbers  
   Peter Tieleman    Teemu Virolainen  Christian Wennberg    Maarten Wolf   
                           and the project leaders:
        Mark Abraham, Berk Hess, Erik Lindahl, and David van der Spoel

Copyright (c) 1991-2000, University of Groningen, The Netherlands.
Copyright (c) 2001-2015, The GROMACS development team at
Uppsala University, Stockholm University and
the Royal Institute of Technology, Sweden.
check out http://www.gromacs.org for more information.

GROMACS is free software; you can redistribute it and/or modify it
under the terms of the GNU Lesser General Public License
as published by the Free Software Foundation; either version 2.1
of the License, or (at your option) any later version.

GROMACS:      gmx mdrun, VERSION 5.1.4
Executable:   /usr/local/gromacs/bin/gmx
Data prefix:  /usr/local/gromacs
Command line:
  gmx mdrun -v -deffnm berendsen

GROMACS version:    VERSION 5.1.4
Precision:          single
Memory model:       64 bit
MPI library:        thread_mpi
OpenMP support:     enabled (GMX_OPENMP_MAX_THREADS = 32)
GPU support:        disabled
OpenCL support:     disabled
invsqrt routine:    gmx_software_invsqrt(x)
SIMD instructions:  AVX2_256
FFT library:        fftw-3.3.4-sse2-avx
RDTSCP usage:       enabled
C++11 compilation:  enabled
TNG support:        enabled
Tracing support:    disabled
Built on:           Mon Sep 18 10:40:21 DST 2017
Built by:           gmeek@DESKTOP-8OVG652 [CMAKE]
Build OS/arch:      Linux 3.4.0+ x86_64
Build CPU vendor:   GenuineIntel
Build CPU brand:    Intel(R) Core(TM) i7-4700HQ CPU @ 2.40GHz
Build CPU family:   6   Model: 60   Stepping: 3
Build CPU features: aes apic avx avx2 clfsh cmov cx8 cx16 f16c fma htt lahf_lm mmx msr nonstop_tsc pcid pclmuldq pdcm pdpe1gb popcnt pse rdrnd rdtscp sse2 sse3 sse4.1 sse4.2 ssse3 tdt x2apic
C compiler:         /usr/bin/cc GNU 4.8.4
C compiler flags:    -march=core-avx2    -Wundef -Wextra -Wno-missing-field-initializers -Wno-sign-compare -Wpointer-arith -Wall -Wno-unused -Wunused-value -Wunused-parameter  -O3 -DNDEBUG -funroll-all-loops -fexcess-precision=fast  -Wno-array-bounds 
C++ compiler:       /usr/bin/c++ GNU 4.8.4
C++ compiler flags:  -march=core-avx2   -std=c++0x  -Wundef -Wextra -Wno-missing-field-initializers -Wpointer-arith -Wall -Wno-unused-function  -O3 -DNDEBUG -funroll-all-loops -fexcess-precision=fast  -Wno-array-bounds 
Boost version:      1.55.0 (internal)


Running on 1 node with total 8 logical cores
Hardware detected:
  CPU info:
    Vendor: GenuineIntel
    Brand:  Intel(R) Core(TM) i7-4700HQ CPU @ 2.40GHz
    Family:  6  model: 60  stepping:  3
    CPU features: aes apic avx avx2 clfsh cmov cx8 cx16 f16c fma htt lahf_lm mmx msr nonstop_tsc pcid pclmuldq pdcm pdpe1gb popcnt pse rdrnd rdtscp sse2 sse3 sse4.1 sse4.2 ssse3 tdt x2apic
    SIMD instructions most likely to fit this hardware: AVX2_256
    SIMD instructions selected at GROMACS compile time: AVX2_256


++++ PLEASE READ AND CITE THE FOLLOWING REFERENCE ++++
M. J. Abraham, T. Murtola, R. Schulz, S. Páll, J. C. Smith, B. Hess, E.
Lindahl
GROMACS: High performance molecular simulations through multi-level
parallelism from laptops to supercomputers
SoftwareX 1 (2015) pp. 19-25
-------- -------- --- Thank You --- -------- --------


++++ PLEASE READ AND CITE THE FOLLOWING REFERENCE ++++
S. Páll, M. J. Abraham, C. Kutzner, B. Hess, E. Lindahl
Tackling Exascale Software Challenges in Molecular Dynamics Simulations with
GROMACS
In S. Markidis & E. Laure (Eds.), Solving Software Challenges for Exascale 8759 (2015) pp. 3-27
-------- -------- --- Thank You --- -------- --------


++++ PLEASE READ AND CITE THE FOLLOWING REFERENCE ++++
S. Pronk, S. Páll, R. Schulz, P. Larsson, P. Bjelkmar, R. Apostolov, M. R.
Shirts, J. C. Smith, P. M. Kasson, D. van der Spoel, B. Hess, and E. Lindahl
GROMACS 4.5: a high-throughput and highly parallel open source molecular
simulation toolkit
Bioinformatics 29 (2013) pp. 845-54
-------- -------- --- Thank You --- -------- --------


++++ PLEASE READ AND CITE THE FOLLOWING REFERENCE ++++
B. Hess and C. Kutzner and D. van der Spoel and E. Lindahl
GROMACS 4: Algorithms for highly efficient, load-balanced, and scalable
molecular simulation
J. Chem. Theory Comput. 4 (2008) pp. 435-447
-------- -------- --- Thank You --- -------- --------


++++ PLEASE READ AND CITE THE FOLLOWING REFERENCE ++++
D. van der Spoel, E. Lindahl, B. Hess, G. Groenhof, A. E. Mark and H. J. C.
Berendsen
GROMACS: Fast, Flexible and Free
J. Comp. Chem. 26 (2005) pp. 1701-1719
-------- -------- --- Thank You --- -------- --------


++++ PLEASE READ AND CITE THE FOLLOWING REFERENCE ++++
E. Lindahl and B. Hess and D. van der Spoel
GROMACS 3.0: A package for molecular simulation and trajectory analysis
J. Mol. Mod. 7 (2001) pp. 306-317
-------- -------- --- Thank You --- -------- --------


++++ PLEASE READ AND CITE THE FOLLOWING REFERENCE ++++
H. J. C. Berendsen, D. van der Spoel and R. van Drunen
GROMACS: A message-passing parallel molecular dynamics implementation
Comp. Phys. Comm. 91 (1995) pp. 43-56
-------- -------- --- Thank You --- -------- --------

Input Parameters:
   integrator                     = md
   tinit                          = 0
   dt                             = 0.002
   nsteps                         = 100000
   init-step                      = 0
   simulation-part                = 1
   comm-mode                      = Linear
   nstcomm                        = 100
   bd-fric                        = 0
   ld-seed                        = 3495038370
   emtol                          = 10
   emstep                         = 0.01
   niter                          = 20
   fcstep                         = 0
   nstcgsteep                     = 1000
   nbfgscorr                      = 10
   rtpi                           = 0.05
   nstxout                        = 500
   nstvout                        = 500
   nstfout                        = 500
   nstlog                         = 1000
   nstcalcenergy                  = 100
   nstenergy                      = 500
   nstxout-compressed             = 0
   compressed-x-precision         = 1000
   cutoff-scheme                  = Verlet
   nstlist                        = 40
   ns-type                        = Grid
   pbc                            = xyz
   periodic-molecules             = FALSE
   verlet-buffer-tolerance        = 0.005
   rlist                          = 1
   rlistlong                      = 1
   nstcalclr                      = 40
   coulombtype                    = PME
   coulomb-modifier               = Potential-shift
   rcoulomb-switch                = 0
   rcoulomb                       = 1
   epsilon-r                      = 1
   epsilon-rf                     = inf
   vdw-type                       = PME
   vdw-modifier                   = Potential-shift
   rvdw-switch                    = 0
   rvdw                           = 1
   DispCorr                       = EnerPres
   table-extension                = 1
   fourierspacing                 = 0.12
   fourier-nx                     = 72
   fourier-ny                     = 72
   fourier-nz                     = 72
   pme-order                      = 4
   ewald-rtol                     = 1e-05
   ewald-rtol-lj                  = 0.001
   lj-pme-comb-rule               = Geometric
   ewald-geometry                 = 0
   epsilon-surface                = 0
   implicit-solvent               = No
   gb-algorithm                   = Still
   nstgbradii                     = 1
   rgbradii                       = 1
   gb-epsilon-solvent             = 80
   gb-saltconc                    = 0
   gb-obc-alpha                   = 1
   gb-obc-beta                    = 0.8
   gb-obc-gamma                   = 4.85
   gb-dielectric-offset           = 0.009
   sa-algorithm                   = Ace-approximation
   sa-surface-tension             = 2.05016
   tcoupl                         = Berendsen
   nsttcouple                     = 40
   nh-chain-length                = 0
   print-nose-hoover-chain-variables = FALSE
   pcoupl                         = Berendsen
   pcoupltype                     = Isotropic
   nstpcouple                     = 40
   tau-p                          = 1
   compressibility (3x3):
      compressibility[    0]={ 4.50000e-05,  0.00000e+00,  0.00000e+00}
      compressibility[    1]={ 0.00000e+00,  4.50000e-05,  0.00000e+00}
      compressibility[    2]={ 0.00000e+00,  0.00000e+00,  4.50000e-05}
   ref-p (3x3):
      ref-p[    0]={ 1.00000e+00,  0.00000e+00,  0.00000e+00}
      ref-p[    1]={ 0.00000e+00,  1.00000e+00,  0.00000e+00}
      ref-p[    2]={ 0.00000e+00,  0.00000e+00,  1.00000e+00}
   refcoord-scaling               = No
   posres-com (3):
      posres-com[0]= 0.00000e+00
      posres-com[1]= 0.00000e+00
      posres-com[2]= 0.00000e+00
   posres-comB (3):
      posres-comB[0]= 0.00000e+00
      posres-comB[1]= 0.00000e+00
      posres-comB[2]= 0.00000e+00
   QMMM                           = FALSE
   QMconstraints                  = 0
   QMMMscheme                     = 0
   MMChargeScaleFactor            = 1
qm-opts:
   ngQM                           = 0
   constraint-algorithm           = Lincs
   continuation                   = FALSE
   Shake-SOR                      = FALSE
   shake-tol                      = 0.0001
   lincs-order                    = 4
   lincs-iter                     = 1
   lincs-warnangle                = 30
   nwall                          = 0
   wall-type                      = 9-3
   wall-r-linpot                  = -1
   wall-atomtype[0]               = -1
   wall-atomtype[1]               = -1
   wall-density[0]                = 0
   wall-density[1]                = 0
   wall-ewald-zfac                = 3
   pull                           = FALSE
   rotation                       = FALSE
   interactiveMD                  = FALSE
   disre                          = No
   disre-weighting                = Conservative
   disre-mixed                    = FALSE
   dr-fc                          = 1000
   dr-tau                         = 0
   nstdisreout                    = 100
   orire-fc                       = 0
   orire-tau                      = 0
   nstorireout                    = 100
   free-energy                    = no
   cos-acceleration               = 0
   deform (3x3):
      deform[    0]={ 0.00000e+00,  0.00000e+00,  0.00000e+00}
      deform[    1]={ 0.00000e+00,  0.00000e+00,  0.00000e+00}
      deform[    2]={ 0.00000e+00,  0.00000e+00,  0.00000e+00}
   simulated-tempering            = FALSE
   E-x:
      n = 0
   E-xt:
      n = 0
   E-y:
      n = 0
   E-yt:
      n = 0
   E-z:
      n = 0
   E-zt:
      n = 0
   swapcoords                     = no
   adress                         = FALSE
   userint1                       = 0
   userint2                       = 0
   userint3                       = 0
   userint4                       = 0
   userreal1                      = 0
   userreal2                      = 0
   userreal3                      = 0
   userreal4                      = 0
grpopts:
   nrdf:       54268
   ref-t:         300
   tau-t:           2
annealing:          No
annealing-npoints:           0
   acc:	           0           0           0
   nfreeze:           N           N           N
   energygrp-flags[  0]: 0

Using 1 MPI thread
Using 8 OpenMP threads 

Will do PME sum in reciprocal space for electrostatic interactions.

++++ PLEASE READ AND CITE THE FOLLOWING REFERENCE ++++
U. Essmann, L. Perera, M. L. Berkowitz, T. Darden, H. Lee and L. G. Pedersen 
A smooth particle mesh Ewald method
J. Chem. Phys. 103 (1995) pp. 8577-8592
-------- -------- --- Thank You --- -------- --------

Will do ordinary reciprocal space Ewald sum.
Using a Gaussian width (1/beta) of 0.320163 nm for Ewald
Will do PME sum in reciprocal space for LJ dispersion interactions.

++++ PLEASE READ AND CITE THE FOLLOWING REFERENCE ++++
U. Essmann, L. Perera, M. L. Berkowitz, T. Darden, H. Lee and L. G. Pedersen 
A smooth particle mesh Ewald method
J. Chem. Phys. 103 (1995) pp. 8577-8592
-------- -------- --- Thank You --- -------- --------

Using a Gaussian width (1/beta) of 0.298423 nm for LJ Ewald
Using shifted Lennard-Jones, switch between 0 and 1 nm
Cut-off's:   NS: 1   Coulomb: 1   LJ: 1
Long Range LJ corr.: <C6> 2.4559e-05
System total charge: -0.000
Generated table with 1000 data points for Ewald.
Tabscale = 500 points/nm
Generated table with 1000 data points for LJ6Ewald.
Tabscale = 500 points/nm
Generated table with 1000 data points for LJ12.
Tabscale = 500 points/nm
Generated table with 1000 data points for 1-4 COUL.
Tabscale = 500 points/nm
Generated table with 1000 data points for 1-4 LJ6.
Tabscale = 500 points/nm
Generated table with 1000 data points for 1-4 LJ12.
Tabscale = 500 points/nm
Potential shift: LJ r^-12: -1.000e+00 r^-6: -1.000e-03, Ewald -1.000e-05
Initialized non-bonded Ewald correction tables, spacing: 9.33e-04 size: 1073


Using AVX2_256 4x8 non-bonded kernels

Removing pbc first time
Pinning threads with an auto-selected logical core stride of 1

Initializing LINear Constraint Solver

++++ PLEASE READ AND CITE THE FOLLOWING REFERENCE ++++
B. Hess and H. Bekker and H. J. C. Berendsen and J. G. E. M. Fraaije
LINCS: A Linear Constraint Solver for molecular simulations
J. Comp. Chem. 18 (1997) pp. 1463-1472
-------- -------- --- Thank You --- -------- --------

The number of constraints is 3944
Center of mass motion removal mode is Linear
We have the following groups for center of mass motion removal:
  0:  rest

++++ PLEASE READ AND CITE THE FOLLOWING REFERENCE ++++
H. J. C. Berendsen, J. P. M. Postma, A. DiNola and J. R. Haak
Molecular dynamics with coupling to an external bath
J. Chem. Phys. 81 (1984) pp. 3684-3690
-------- -------- --- Thank You --- -------- --------

There are: 19405 Atoms

Constraining the starting coordinates (step 0)

Constraining the coordinates at t0-dt (step 0)
RMS relative constraint deviation after constraining: 1.47e-06
Initial temperature: 299.91 K

Started mdrun on rank 0 Thu Oct 10 13:12:26 2019
           Step           Time         Lambda
              0        0.00000        0.00000

   Energies (kJ/mol)
           Bond          Angle    Proper Dih. Ryckaert-Bell.          LJ-14
    2.87774e+02    7.88089e+02    3.35333e+01    5.83270e+02    4.90658e+02
     Coulomb-14        LJ (SR)  Disper. corr.   Coulomb (SR)   Coul. recip.
    3.06600e+02   -4.59828e+03   -6.71240e+01   -1.26714e+04    2.60713e+03
      LJ recip.      Potential    Kinetic En.   Total Energy    Temperature
   -1.01117e+05   -1.13357e+05    6.76854e+04   -4.56717e+04    3.00018e+02
 Pres. DC (bar) Pressure (bar)   Constr. rmsd
   -1.94515e+00   -1.73332e+03    1.48208e-06

           Step           Time         Lambda
           1000        2.00000        0.00000

   Energies (kJ/mol)
           Bond          Angle    Proper Dih. Ryckaert-Bell.          LJ-14
    9.98061e+03    1.86541e+04    6.28840e+01    7.94356e+02    5.08737e+02
     Coulomb-14        LJ (SR)  Disper. corr.   Coulomb (SR)   Coul. recip.
    3.03172e+02    6.94654e+03   -7.31532e+01   -1.17203e+04    3.12232e+03
      LJ recip.      Potential    Kinetic En.   Total Energy    Temperature
   -1.05589e+05   -7.70099e+04    4.94598e+04   -2.75501e+04    2.19232e+02
 Pres. DC (bar) Pressure (bar)   Constr. rmsd
   -2.30894e+00   -2.21010e+02    1.41911e-06

           Step           Time         Lambda
           2000        4.00000        0.00000

   Energies (kJ/mol)
           Bond          Angle    Proper Dih. Ryckaert-Bell.          LJ-14
    1.01573e+04    1.90777e+04    5.99020e+01    8.50786e+02    5.19857e+02
     Coulomb-14        LJ (SR)  Disper. corr.   Coulomb (SR)   Coul. recip.
    3.02576e+02    7.76059e+03   -7.32228e+01   -1.13549e+04    3.26169e+03
      LJ recip.      Potential    Kinetic En.   Total Energy    Temperature
   -1.04935e+05   -7.43722e+04    5.86776e+04   -1.56947e+04    2.60090e+02
 Pres. DC (bar) Pressure (bar)   Constr. rmsd
   -2.31331e+00    1.31338e+02    1.39175e-06

           Step           Time         Lambda
           3000        6.00000        0.00000

   Energies (kJ/mol)
           Bond          Angle    Proper Dih. Ryckaert-Bell.          LJ-14
    1.12085e+04    2.11004e+04    5.70775e+01    8.54469e+02    5.40521e+02
     Coulomb-14        LJ (SR)  Disper. corr.   Coulomb (SR)   Coul. recip.
    2.87427e+02    8.37027e+03   -7.25078e+01   -1.12386e+04    3.29315e+03
      LJ recip.      Potential    Kinetic En.   Total Energy    Temperature
   -1.04007e+05   -6.96063e+04    6.19039e+04   -7.70239e+03    2.74391e+02
 Pres. DC (bar) Pressure (bar)   Constr. rmsd
   -2.26851e+00    7.72910e+01    1.46692e-06

           Step           Time         Lambda
           4000        8.00000        0.00000

   Energies (kJ/mol)
           Bond          Angle    Proper Dih. Ryckaert-Bell.          LJ-14
    1.18302e+04    2.19555e+04    8.08960e+01    1.00172e+03    5.29100e+02
     Coulomb-14        LJ (SR)  Disper. corr.   Coulomb (SR)   Coul. recip.
    2.80851e+02    8.73101e+03   -7.16813e+01   -1.11434e+04    3.33221e+03
      LJ recip.      Potential    Kinetic En.   Total Energy    Temperature
   -1.03029e+05   -6.65031e+04    6.40218e+04   -2.48124e+03    2.83779e+02
 Pres. DC (bar) Pressure (bar)   Constr. rmsd
   -2.21725e+00    4.94045e+01    1.44538e-06

           Step           Time         Lambda
           5000       10.00000        0.00000

   Energies (kJ/mol)
           Bond          Angle    Proper Dih. Ryckaert-Bell.          LJ-14
    1.21697e+04    2.26810e+04    7.37424e+01    9.44859e+02    5.49057e+02
     Coulomb-14        LJ (SR)  Disper. corr.   Coulomb (SR)   Coul. recip.
    3.00192e+02    8.72371e+03   -7.13208e+01   -1.11193e+04    3.40532e+03
      LJ recip.      Potential    Kinetic En.   Total Energy    Temperature
   -1.02509e+05   -6.48516e+04    6.56176e+04    7.65996e+02    2.90852e+02
 Pres. DC (bar) Pressure (bar)   Constr. rmsd
   -2.19508e+00   -2.45432e+01    1.43829e-06

           Step           Time         Lambda
           6000       12.00000        0.00000

   Energies (kJ/mol)
           Bond          Angle    Proper Dih. Ryckaert-Bell.          LJ-14
    1.24435e+04    2.36503e+04    5.44245e+01    9.00600e+02    5.11394e+02
     Coulomb-14        LJ (SR)  Disper. corr.   Coulomb (SR)   Coul. recip.
    2.95347e+02    9.19154e+03   -7.10471e+01   -1.12482e+04    3.22834e+03
      LJ recip.      Potential    Kinetic En.   Total Energy    Temperature
   -1.02229e+05   -6.32727e+04    6.60222e+04    2.74956e+03    2.92646e+02
 Pres. DC (bar) Pressure (bar)   Constr. rmsd
   -2.17832e+00    7.47650e+01    1.46097e-06

           Step           Time         Lambda
           7000       14.00000        0.00000

   Energies (kJ/mol)
           Bond          Angle    Proper Dih. Ryckaert-Bell.          LJ-14
    1.21683e+04    2.38853e+04    5.52112e+01    9.27971e+02    5.56228e+02
     Coulomb-14        LJ (SR)  Disper. corr.   Coulomb (SR)   Coul. recip.
    2.86422e+02    8.86217e+03   -7.09450e+01   -1.09762e+04    3.39679e+03
      LJ recip.      Potential    Kinetic En.   Total Energy    Temperature
   -1.02049e+05   -6.29573e+04    6.70173e+04    4.05994e+03    2.97056e+02
 Pres. DC (bar) Pressure (bar)   Constr. rmsd
   -2.17208e+00   -4.19587e+01    1.43320e-06

           Step           Time         Lambda
           8000       16.00000        0.00000

   Energies (kJ/mol)
           Bond          Angle    Proper Dih. Ryckaert-Bell.          LJ-14
    1.28161e+04    2.40190e+04    5.81562e+01    8.94459e+02    5.35718e+02
     Coulomb-14        LJ (SR)  Disper. corr.   Coulomb (SR)   Coul. recip.
    2.96733e+02    9.24548e+03   -7.08433e+01   -1.09027e+04    3.46734e+03
      LJ recip.      Potential    Kinetic En.   Total Energy    Temperature
   -1.01995e+05   -6.16356e+04    6.66745e+04    5.03887e+03    2.95537e+02
 Pres. DC (bar) Pressure (bar)   Constr. rmsd
   -2.16588e+00    2.32359e+01    1.44561e-06

           Step           Time         Lambda
           9000       18.00000        0.00000

   Energies (kJ/mol)
           Bond          Angle    Proper Dih. Ryckaert-Bell.          LJ-14
    1.28458e+04    2.40493e+04    6.37194e+01    9.87290e+02    5.26657e+02
     Coulomb-14        LJ (SR)  Disper. corr.   Coulomb (SR)   Coul. recip.
    2.94033e+02    9.26584e+03   -7.07754e+01   -1.10243e+04    3.34066e+03
      LJ recip.      Potential    Kinetic En.   Total Energy    Temperature
   -1.01803e+05   -6.15250e+04    6.70925e+04    5.56742e+03    2.97390e+02
 Pres. DC (bar) Pressure (bar)   Constr. rmsd
   -2.16174e+00    4.37246e+00    1.45440e-06

           Step           Time         Lambda
          10000       20.00000        0.00000

   Energies (kJ/mol)
           Bond          Angle    Proper Dih. Ryckaert-Bell.          LJ-14
    1.27468e+04    2.39198e+04    7.15477e+01    9.73333e+02    5.52289e+02
     Coulomb-14        LJ (SR)  Disper. corr.   Coulomb (SR)   Coul. recip.
    2.89700e+02    9.27736e+03   -7.07202e+01   -1.10505e+04    3.39595e+03
      LJ recip.      Potential    Kinetic En.   Total Energy    Temperature
   -1.01783e+05   -6.16770e+04    6.77011e+04    6.02409e+03    3.00087e+02
 Pres. DC (bar) Pressure (bar)   Constr. rmsd
   -2.15839e+00   -1.98164e+01    1.48179e-06

           Step           Time         Lambda
          11000       22.00000        0.00000

   Energies (kJ/mol)
           Bond          Angle    Proper Dih. Ryckaert-Bell.          LJ-14
    1.27593e+04    2.41397e+04    7.29963e+01    1.04465e+03    5.47133e+02
     Coulomb-14        LJ (SR)  Disper. corr.   Coulomb (SR)   Coul. recip.
    2.86837e+02    9.12829e+03   -7.04478e+01   -1.12899e+04    3.33742e+03
      LJ recip.      Potential    Kinetic En.   Total Energy    Temperature
   -1.01551e+05   -6.15954e+04    6.79406e+04    6.34514e+03    3.01149e+02
 Pres. DC (bar) Pressure (bar)   Constr. rmsd
   -2.14185e+00    3.27484e+01    1.50943e-06

           Step           Time         Lambda
          12000       24.00000        0.00000

   Energies (kJ/mol)
           Bond          Angle    Proper Dih. Ryckaert-Bell.          LJ-14
    1.27798e+04    2.41800e+04    7.66681e+01    1.02529e+03    5.51185e+02
     Coulomb-14        LJ (SR)  Disper. corr.   Coulomb (SR)   Coul. recip.
    2.83929e+02    9.15385e+03   -7.06172e+01   -1.11081e+04    3.37079e+03
      LJ recip.      Potential    Kinetic En.   Total Energy    Temperature
   -1.01660e+05   -6.14173e+04    6.77852e+04    6.36786e+03    3.00460e+02
 Pres. DC (bar) Pressure (bar)   Constr. rmsd
   -2.15212e+00   -9.77189e+01    1.48053e-06

           Step           Time         Lambda
          13000       26.00000        0.00000

   Energies (kJ/mol)
           Bond          Angle    Proper Dih. Ryckaert-Bell.          LJ-14
    1.29597e+04    2.37834e+04    6.79131e+01    9.52182e+02    5.27533e+02
     Coulomb-14        LJ (SR)  Disper. corr.   Coulomb (SR)   Coul. recip.
    3.01212e+02    9.50199e+03   -7.06590e+01   -1.09796e+04    3.37243e+03
      LJ recip.      Potential    Kinetic En.   Total Energy    Temperature
   -1.01785e+05   -6.13692e+04    6.77309e+04    6.36175e+03    3.00220e+02
 Pres. DC (bar) Pressure (bar)   Constr. rmsd
   -2.15467e+00    9.61538e+00    1.44468e-06

           Step           Time         Lambda
          14000       28.00000        0.00000

   Energies (kJ/mol)
           Bond          Angle    Proper Dih. Ryckaert-Bell.          LJ-14
    1.30670e+04    2.41335e+04    6.53955e+01    1.06701e+03    5.30459e+02
     Coulomb-14        LJ (SR)  Disper. corr.   Coulomb (SR)   Coul. recip.
    3.05627e+02    9.36795e+03   -7.06639e+01   -1.09817e+04    3.41709e+03
      LJ recip.      Potential    Kinetic En.   Total Energy    Temperature
   -1.01806e+05   -6.09046e+04    6.72980e+04    6.39345e+03    2.98301e+02
 Pres. DC (bar) Pressure (bar)   Constr. rmsd
   -2.15496e+00    8.49676e+00    1.45088e-06

           Step           Time         Lambda
          15000       30.00000        0.00000

   Energies (kJ/mol)
           Bond          Angle    Proper Dih. Ryckaert-Bell.          LJ-14
    1.32384e+04    2.39422e+04    6.77665e+01    1.01031e+03    5.37390e+02
     Coulomb-14        LJ (SR)  Disper. corr.   Coulomb (SR)   Coul. recip.
    2.89775e+02    9.11878e+03   -7.07282e+01   -1.11022e+04    3.29972e+03
      LJ recip.      Potential    Kinetic En.   Total Energy    Temperature
   -1.01910e+05   -6.15788e+04    6.78724e+04    6.29358e+03    3.00847e+02
 Pres. DC (bar) Pressure (bar)   Constr. rmsd
   -2.15887e+00   -3.03207e+01    1.49007e-06

           Step           Time         Lambda
          16000       32.00000        0.00000

   Energies (kJ/mol)
           Bond          Angle    Proper Dih. Ryckaert-Bell.          LJ-14
    1.28532e+04    2.44400e+04    6.88772e+01    9.92581e+02    5.60375e+02
     Coulomb-14        LJ (SR)  Disper. corr.   Coulomb (SR)   Coul. recip.
    2.84635e+02    9.11270e+03   -7.06721e+01   -1.10917e+04    3.32953e+03
      LJ recip.      Potential    Kinetic En.   Total Energy    Temperature
   -1.01828e+05   -6.13483e+04    6.76473e+04    6.29893e+03    2.99849e+02
 Pres. DC (bar) Pressure (bar)   Constr. rmsd
   -2.15546e+00   -1.39201e+01    1.48616e-06

           Step           Time         Lambda
          17000       34.00000        0.00000

   Energies (kJ/mol)
           Bond          Angle    Proper Dih. Ryckaert-Bell.          LJ-14
    1.30157e+04    2.47577e+04    7.01671e+01    9.95315e+02    5.48728e+02
     Coulomb-14        LJ (SR)  Disper. corr.   Coulomb (SR)   Coul. recip.
    2.87242e+02    8.99833e+03   -7.10281e+01   -1.12184e+04    3.25235e+03
      LJ recip.      Potential    Kinetic En.   Total Energy    Temperature
   -1.02183e+05   -6.15465e+04    6.76617e+04    6.11518e+03    2.99913e+02
 Pres. DC (bar) Pressure (bar)   Constr. rmsd
   -2.17716e+00   -1.88758e+02    1.49077e-06

           Step           Time         Lambda
          18000       36.00000        0.00000

   Energies (kJ/mol)
           Bond          Angle    Proper Dih. Ryckaert-Bell.          LJ-14
    1.29037e+04    2.47002e+04    6.03984e+01    1.02633e+03    5.32765e+02
     Coulomb-14        LJ (SR)  Disper. corr.   Coulomb (SR)   Coul. recip.
    2.94909e+02    8.97689e+03   -7.08566e+01   -1.10898e+04    3.37620e+03
      LJ recip.      Potential    Kinetic En.   Total Energy    Temperature
   -1.02017e+05   -6.13066e+04    6.75090e+04    6.20237e+03    2.99236e+02
 Pres. DC (bar) Pressure (bar)   Constr. rmsd
   -2.16669e+00    6.00855e+00    1.44384e-06

           Step           Time         Lambda
          19000       38.00000        0.00000

   Energies (kJ/mol)
           Bond          Angle    Proper Dih. Ryckaert-Bell.          LJ-14
    1.31274e+04    2.39263e+04    8.67744e+01    1.11021e+03    5.66152e+02
     Coulomb-14        LJ (SR)  Disper. corr.   Coulomb (SR)   Coul. recip.
    2.85750e+02    9.23258e+03   -7.06519e+01   -1.11355e+04    3.32717e+03
      LJ recip.      Potential    Kinetic En.   Total Energy    Temperature
   -1.01860e+05   -6.14036e+04    6.79216e+04    6.51800e+03    3.01065e+02
 Pres. DC (bar) Pressure (bar)   Constr. rmsd
   -2.15423e+00    1.40478e+02    1.44516e-06

           Step           Time         Lambda
          20000       40.00000        0.00000

   Energies (kJ/mol)
           Bond          Angle    Proper Dih. Ryckaert-Bell.          LJ-14
    1.31568e+04    2.41708e+04    6.06357e+01    9.98402e+02    5.29508e+02
     Coulomb-14        LJ (SR)  Disper. corr.   Coulomb (SR)   Coul. recip.
    2.89495e+02    9.06359e+03   -7.08311e+01   -1.11681e+04    3.35728e+03
      LJ recip.      Potential    Kinetic En.   Total Energy    Temperature
   -1.01871e+05   -6.14836e+04    6.77896e+04    6.30597e+03    3.00480e+02
 Pres. DC (bar) Pressure (bar)   Constr. rmsd
   -2.16514e+00   -8.06358e+01    1.46102e-06

           Step           Time         Lambda
          21000       42.00000        0.00000

   Energies (kJ/mol)
           Bond          Angle    Proper Dih. Ryckaert-Bell.          LJ-14
    1.29676e+04    2.43241e+04    6.66509e+01    1.09640e+03    5.41768e+02
     Coulomb-14        LJ (SR)  Disper. corr.   Coulomb (SR)   Coul. recip.
    2.83767e+02    9.26137e+03   -7.08844e+01   -1.10657e+04    3.35507e+03
      LJ recip.      Potential    Kinetic En.   Total Energy    Temperature
   -1.02075e+05   -6.13146e+04    6.75003e+04    6.18568e+03    2.99197e+02
 Pres. DC (bar) Pressure (bar)   Constr. rmsd
   -2.16839e+00    4.25487e+01    1.46125e-06

           Step           Time         Lambda
          22000       44.00000        0.00000

   Energies (kJ/mol)
           Bond          Angle    Proper Dih. Ryckaert-Bell.          LJ-14
    1.31035e+04    2.41078e+04    6.06443e+01    1.00145e+03    5.46067e+02
     Coulomb-14        LJ (SR)  Disper. corr.   Coulomb (SR)   Coul. recip.
    3.01351e+02    9.16679e+03   -7.07427e+01   -1.10809e+04    3.36488e+03
      LJ recip.      Potential    Kinetic En.   Total Energy    Temperature
   -1.01842e+05   -6.13412e+04    6.75943e+04    6.25305e+03    2.99614e+02
 Pres. DC (bar) Pressure (bar)   Constr. rmsd
   -2.15975e+00   -6.20683e+01    1.44569e-06

           Step           Time         Lambda
          23000       46.00000        0.00000

   Energies (kJ/mol)
           Bond          Angle    Proper Dih. Ryckaert-Bell.          LJ-14
    1.33451e+04    2.41888e+04    7.16227e+01    1.04535e+03    5.43160e+02
     Coulomb-14        LJ (SR)  Disper. corr.   Coulomb (SR)   Coul. recip.
    2.83288e+02    8.89817e+03   -7.08756e+01   -1.11441e+04    3.36707e+03
      LJ recip.      Potential    Kinetic En.   Total Energy    Temperature
   -1.02023e+05   -6.14960e+04    6.76296e+04    6.13368e+03    2.99771e+02
 Pres. DC (bar) Pressure (bar)   Constr. rmsd
   -2.16785e+00    4.90439e+01    1.47833e-06

           Step           Time         Lambda
          24000       48.00000        0.00000

   Energies (kJ/mol)
           Bond          Angle    Proper Dih. Ryckaert-Bell.          LJ-14
    1.31411e+04    2.43114e+04    7.27722e+01    1.02371e+03    5.35314e+02
     Coulomb-14        LJ (SR)  Disper. corr.   Coulomb (SR)   Coul. recip.
    2.99427e+02    8.90221e+03   -7.09767e+01   -1.11028e+04    3.33567e+03
      LJ recip.      Potential    Kinetic En.   Total Energy    Temperature
   -1.02104e+05   -6.16565e+04    6.77820e+04    6.12551e+03    3.00446e+02
 Pres. DC (bar) Pressure (bar)   Constr. rmsd
   -2.17402e+00   -5.62147e+01    1.46284e-06

           Step           Time         Lambda
          25000       50.00000        0.00000

   Energies (kJ/mol)
           Bond          Angle    Proper Dih. Ryckaert-Bell.          LJ-14
    1.31831e+04    2.44406e+04    6.61366e+01    1.01362e+03    5.99277e+02
     Coulomb-14        LJ (SR)  Disper. corr.   Coulomb (SR)   Coul. recip.
    2.97303e+02    9.17664e+03   -7.09545e+01   -1.11411e+04    3.40502e+03
      LJ recip.      Potential    Kinetic En.   Total Energy    Temperature
   -1.02153e+05   -6.11832e+04    6.73451e+04    6.16184e+03    2.98509e+02
 Pres. DC (bar) Pressure (bar)   Constr. rmsd
   -2.17266e+00    4.53402e+01    1.47859e-06

           Step           Time         Lambda
          26000       52.00000        0.00000

   Energies (kJ/mol)
           Bond          Angle    Proper Dih. Ryckaert-Bell.          LJ-14
    1.31941e+04    2.38325e+04    6.73208e+01    1.05816e+03    5.37289e+02
     Coulomb-14        LJ (SR)  Disper. corr.   Coulomb (SR)   Coul. recip.
    2.95342e+02    8.98580e+03   -7.10407e+01   -1.10169e+04    3.45286e+03
      LJ recip.      Potential    Kinetic En.   Total Energy    Temperature
   -1.02197e+05   -6.18611e+04    6.79060e+04    6.04497e+03    3.00996e+02
 Pres. DC (bar) Pressure (bar)   Constr. rmsd
   -2.17793e+00   -1.98544e+01    1.45516e-06

           Step           Time         Lambda
          27000       54.00000        0.00000

   Energies (kJ/mol)
           Bond          Angle    Proper Dih. Ryckaert-Bell.          LJ-14
    1.30474e+04    2.42766e+04    6.96726e+01    1.07619e+03    5.53548e+02
     Coulomb-14        LJ (SR)  Disper. corr.   Coulomb (SR)   Coul. recip.
    2.91069e+02    8.89511e+03   -7.07971e+01   -1.10454e+04    3.37494e+03
      LJ recip.      Potential    Kinetic En.   Total Energy    Temperature
   -1.01968e+05   -6.15001e+04    6.77043e+04    6.20416e+03    3.00102e+02
 Pres. DC (bar) Pressure (bar)   Constr. rmsd
   -2.16307e+00    1.03144e+01    1.48211e-06

           Step           Time         Lambda
          28000       56.00000        0.00000

   Energies (kJ/mol)
           Bond          Angle    Proper Dih. Ryckaert-Bell.          LJ-14
    1.32273e+04    2.41353e+04    7.23223e+01    1.12563e+03    5.66520e+02
     Coulomb-14        LJ (SR)  Disper. corr.   Coulomb (SR)   Coul. recip.
    2.74060e+02    9.07462e+03   -7.07702e+01   -1.09398e+04    3.38334e+03
      LJ recip.      Potential    Kinetic En.   Total Energy    Temperature
   -1.01879e+05   -6.10305e+04    6.71878e+04    6.15737e+03    2.97812e+02
 Pres. DC (bar) Pressure (bar)   Constr. rmsd
   -2.16143e+00    2.16915e+01    1.44036e-06

           Step           Time         Lambda
          29000       58.00000        0.00000

   Energies (kJ/mol)
           Bond          Angle    Proper Dih. Ryckaert-Bell.          LJ-14
    1.29159e+04    2.41298e+04    7.71540e+01    1.07796e+03    5.45191e+02
     Coulomb-14        LJ (SR)  Disper. corr.   Coulomb (SR)   Coul. recip.
    2.90204e+02    9.09971e+03   -7.08466e+01   -1.11839e+04    3.39939e+03
      LJ recip.      Potential    Kinetic En.   Total Energy    Temperature
   -1.02002e+05   -6.17212e+04    6.78962e+04    6.17498e+03    3.00952e+02
 Pres. DC (bar) Pressure (bar)   Constr. rmsd
   -2.16608e+00    1.65697e+02    1.41659e-06

           Step           Time         Lambda
          30000       60.00000        0.00000

   Energies (kJ/mol)
           Bond          Angle    Proper Dih. Ryckaert-Bell.          LJ-14
    1.31686e+04    2.40759e+04    7.75979e+01    1.07844e+03    5.57343e+02
     Coulomb-14        LJ (SR)  Disper. corr.   Coulomb (SR)   Coul. recip.
    2.85409e+02    8.79292e+03   -7.08569e+01   -1.11144e+04    3.36372e+03
      LJ recip.      Potential    Kinetic En.   Total Energy    Temperature
   -1.02012e+05   -6.17969e+04    6.79308e+04    6.13391e+03    3.01106e+02
 Pres. DC (bar) Pressure (bar)   Constr. rmsd
   -2.16671e+00   -1.67720e+02    1.49092e-06

           Step           Time         Lambda
          31000       62.00000        0.00000

   Energies (kJ/mol)
           Bond          Angle    Proper Dih. Ryckaert-Bell.          LJ-14
    1.29874e+04    2.42001e+04    6.55312e+01    1.07953e+03    5.27730e+02
     Coulomb-14        LJ (SR)  Disper. corr.   Coulomb (SR)   Coul. recip.
    2.85294e+02    8.80104e+03   -7.10117e+01   -1.10889e+04    3.33771e+03
      LJ recip.      Potential    Kinetic En.   Total Energy    Temperature
   -1.02140e+05   -6.20158e+04    6.80340e+04    6.01822e+03    3.01563e+02
 Pres. DC (bar) Pressure (bar)   Constr. rmsd
   -2.17615e+00   -1.12468e+02    1.48001e-06

           Step           Time         Lambda
          32000       64.00000        0.00000

   Energies (kJ/mol)
           Bond          Angle    Proper Dih. Ryckaert-Bell.          LJ-14
    1.32320e+04    2.41059e+04    6.99289e+01    1.01707e+03    5.36450e+02
     Coulomb-14        LJ (SR)  Disper. corr.   Coulomb (SR)   Coul. recip.
    2.99870e+02    9.00035e+03   -7.08737e+01   -1.11781e+04    3.36474e+03
      LJ recip.      Potential    Kinetic En.   Total Energy    Temperature
   -1.02067e+05   -6.16899e+04    6.77387e+04    6.04878e+03    3.00254e+02
 Pres. DC (bar) Pressure (bar)   Constr. rmsd
   -2.16773e+00   -6.98904e+01    1.48400e-06

           Step           Time         Lambda
          33000       66.00000        0.00000

   Energies (kJ/mol)
           Bond          Angle    Proper Dih. Ryckaert-Bell.          LJ-14
    1.31337e+04    2.43889e+04    7.15176e+01    1.06537e+03    5.64494e+02
     Coulomb-14        LJ (SR)  Disper. corr.   Coulomb (SR)   Coul. recip.
    2.85001e+02    9.03672e+03   -7.10295e+01   -1.11122e+04    3.36442e+03
      LJ recip.      Potential    Kinetic En.   Total Energy    Temperature
   -1.02217e+05   -6.14898e+04    6.75425e+04    6.05272e+03    2.99385e+02
 Pres. DC (bar) Pressure (bar)   Constr. rmsd
   -2.17724e+00    1.41195e+01    1.44773e-06

           Step           Time         Lambda
          34000       68.00000        0.00000

   Energies (kJ/mol)
           Bond          Angle    Proper Dih. Ryckaert-Bell.          LJ-14
    1.33010e+04    2.44685e+04    6.83282e+01    1.00816e+03    5.41624e+02
     Coulomb-14        LJ (SR)  Disper. corr.   Coulomb (SR)   Coul. recip.
    2.96963e+02    8.97255e+03   -7.10512e+01   -1.11438e+04    3.38038e+03
      LJ recip.      Potential    Kinetic En.   Total Energy    Temperature
   -1.02294e+05   -6.14710e+04    6.75488e+04    6.07773e+03    2.99412e+02
 Pres. DC (bar) Pressure (bar)   Constr. rmsd
   -2.17857e+00    2.84680e+01    1.47319e-06

           Step           Time         Lambda
          35000       70.00000        0.00000

   Energies (kJ/mol)
           Bond          Angle    Proper Dih. Ryckaert-Bell.          LJ-14
    1.32642e+04    2.45162e+04    8.81682e+01    1.07036e+03    5.52359e+02
     Coulomb-14        LJ (SR)  Disper. corr.   Coulomb (SR)   Coul. recip.
    3.00215e+02    8.86353e+03   -7.10884e+01   -1.11900e+04    3.42200e+03
      LJ recip.      Potential    Kinetic En.   Total Energy    Temperature
   -1.02332e+05   -6.15163e+04    6.76651e+04    6.14875e+03    2.99928e+02
 Pres. DC (bar) Pressure (bar)   Constr. rmsd
   -2.18084e+00    6.87374e+00    1.47077e-06

           Step           Time         Lambda
          36000       72.00000        0.00000

   Energies (kJ/mol)
           Bond          Angle    Proper Dih. Ryckaert-Bell.          LJ-14
    1.32561e+04    2.42570e+04    6.55456e+01    1.00917e+03    5.29254e+02
     Coulomb-14        LJ (SR)  Disper. corr.   Coulomb (SR)   Coul. recip.
    2.82410e+02    8.76747e+03   -7.14019e+01   -1.10787e+04    3.36006e+03
      LJ recip.      Potential    Kinetic En.   Total Energy    Temperature
   -1.02665e+05   -6.22879e+04    6.81490e+04    5.86113e+03    3.02073e+02
 Pres. DC (bar) Pressure (bar)   Constr. rmsd
   -2.20006e+00   -1.03830e+02    1.48640e-06

           Step           Time         Lambda
          37000       74.00000        0.00000

   Energies (kJ/mol)
           Bond          Angle    Proper Dih. Ryckaert-Bell.          LJ-14
    1.35507e+04    2.43041e+04    6.69523e+01    1.00870e+03    5.34419e+02
     Coulomb-14        LJ (SR)  Disper. corr.   Coulomb (SR)   Coul. recip.
    2.96567e+02    8.92621e+03   -7.13355e+01   -1.12287e+04    3.37264e+03
      LJ recip.      Potential    Kinetic En.   Total Energy    Temperature
   -1.02593e+05   -6.18325e+04    6.76030e+04    5.77054e+03    2.99653e+02
 Pres. DC (bar) Pressure (bar)   Constr. rmsd
   -2.19598e+00    6.31898e+01    1.45103e-06

           Step           Time         Lambda
          38000       76.00000        0.00000

   Energies (kJ/mol)
           Bond          Angle    Proper Dih. Ryckaert-Bell.          LJ-14
    1.34754e+04    2.41594e+04    7.98366e+01    1.08474e+03    5.41523e+02
     Coulomb-14        LJ (SR)  Disper. corr.   Coulomb (SR)   Coul. recip.
    2.99298e+02    8.65572e+03   -7.12862e+01   -1.10928e+04    3.43539e+03
      LJ recip.      Potential    Kinetic En.   Total Energy    Temperature
   -1.02527e+05   -6.19601e+04    6.76481e+04    5.68807e+03    2.99853e+02
 Pres. DC (bar) Pressure (bar)   Constr. rmsd
   -2.19295e+00   -5.75545e+01    1.43495e-06

           Step           Time         Lambda
          39000       78.00000        0.00000

   Energies (kJ/mol)
           Bond          Angle    Proper Dih. Ryckaert-Bell.          LJ-14
    1.35549e+04    2.42524e+04    8.37242e+01    1.08460e+03    5.74659e+02
     Coulomb-14        LJ (SR)  Disper. corr.   Coulomb (SR)   Coul. recip.
    2.96648e+02    8.90761e+03   -7.12235e+01   -1.11964e+04    3.32495e+03
      LJ recip.      Potential    Kinetic En.   Total Energy    Temperature
   -1.02541e+05   -6.17289e+04    6.75410e+04    5.81211e+03    2.99378e+02
 Pres. DC (bar) Pressure (bar)   Constr. rmsd
   -2.18911e+00   -2.89993e+01    1.46983e-06

           Step           Time         Lambda
          40000       80.00000        0.00000

   Energies (kJ/mol)
           Bond          Angle    Proper Dih. Ryckaert-Bell.          LJ-14
    1.34816e+04    2.39688e+04    6.77939e+01    1.01831e+03    5.19781e+02
     Coulomb-14        LJ (SR)  Disper. corr.   Coulomb (SR)   Coul. recip.
    2.75600e+02    8.88976e+03   -7.11635e+01   -1.12154e+04    3.32491e+03
      LJ recip.      Potential    Kinetic En.   Total Energy    Temperature
   -1.02416e+05   -6.21563e+04    6.80034e+04    5.84704e+03    3.01427e+02
 Pres. DC (bar) Pressure (bar)   Constr. rmsd
   -2.18544e+00   -9.86814e+01    1.47151e-06

           Step           Time         Lambda
          41000       82.00000        0.00000

   Energies (kJ/mol)
           Bond          Angle    Proper Dih. Ryckaert-Bell.          LJ-14
    1.32450e+04    2.45099e+04    7.60291e+01    1.01632e+03    5.54836e+02
     Coulomb-14        LJ (SR)  Disper. corr.   Coulomb (SR)   Coul. recip.
    3.11711e+02    8.92000e+03   -7.13213e+01   -1.12172e+04    3.28969e+03
      LJ recip.      Potential    Kinetic En.   Total Energy    Temperature
   -1.02583e+05   -6.19477e+04    6.77437e+04    5.79604e+03    3.00276e+02
 Pres. DC (bar) Pressure (bar)   Constr. rmsd
   -2.19511e+00    1.98248e+00    1.45700e-06

           Step           Time         Lambda
          42000       84.00000        0.00000

   Energies (kJ/mol)
           Bond          Angle    Proper Dih. Ryckaert-Bell.          LJ-14
    1.33921e+04    2.40566e+04    7.17648e+01    1.03476e+03    5.42987e+02
     Coulomb-14        LJ (SR)  Disper. corr.   Coulomb (SR)   Coul. recip.
    3.00769e+02    8.62599e+03   -7.14945e+01   -1.11461e+04    3.31973e+03
      LJ recip.      Potential    Kinetic En.   Total Energy    Temperature
   -1.02753e+05   -6.26264e+04    6.83377e+04    5.71130e+03    3.02909e+02
 Pres. DC (bar) Pressure (bar)   Constr. rmsd
   -2.20575e+00    6.61566e+01    1.43002e-06

           Step           Time         Lambda
          43000       86.00000        0.00000

   Energies (kJ/mol)
           Bond          Angle    Proper Dih. Ryckaert-Bell.          LJ-14
    1.35676e+04    2.45335e+04    7.04433e+01    1.00041e+03    5.35638e+02
     Coulomb-14        LJ (SR)  Disper. corr.   Coulomb (SR)   Coul. recip.
    3.10612e+02    8.75732e+03   -7.14216e+01   -1.12557e+04    3.34189e+03
      LJ recip.      Potential    Kinetic En.   Total Energy    Temperature
   -1.02725e+05   -6.19348e+04    6.76020e+04    5.66727e+03    2.99648e+02
 Pres. DC (bar) Pressure (bar)   Constr. rmsd
   -2.20126e+00    9.10664e+01    1.44670e-06

           Step           Time         Lambda
          44000       88.00000        0.00000

   Energies (kJ/mol)
           Bond          Angle    Proper Dih. Ryckaert-Bell.          LJ-14
    1.34640e+04    2.44235e+04    7.56033e+01    1.08926e+03    5.45205e+02
     Coulomb-14        LJ (SR)  Disper. corr.   Coulomb (SR)   Coul. recip.
    3.01300e+02    8.76888e+03   -7.13277e+01   -1.11207e+04    3.34310e+03
      LJ recip.      Potential    Kinetic En.   Total Energy    Temperature
   -1.02622e+05   -6.18028e+04    6.74504e+04    5.64757e+03    2.98976e+02
 Pres. DC (bar) Pressure (bar)   Constr. rmsd
   -2.19550e+00    1.03085e+02    1.55401e-06

           Step           Time         Lambda
          45000       90.00000        0.00000

   Energies (kJ/mol)
           Bond          Angle    Proper Dih. Ryckaert-Bell.          LJ-14
    1.32713e+04    2.42606e+04    8.01432e+01    1.03766e+03    5.27978e+02
     Coulomb-14        LJ (SR)  Disper. corr.   Coulomb (SR)   Coul. recip.
    2.80941e+02    8.74326e+03   -7.13361e+01   -1.12776e+04    3.33992e+03
      LJ recip.      Potential    Kinetic En.   Total Energy    Temperature
   -1.02646e+05   -6.24529e+04    6.79345e+04    5.48159e+03    3.01122e+02
 Pres. DC (bar) Pressure (bar)   Constr. rmsd
   -2.19602e+00    9.51143e+01    1.45940e-06

           Step           Time         Lambda
          46000       92.00000        0.00000

   Energies (kJ/mol)
           Bond          Angle    Proper Dih. Ryckaert-Bell.          LJ-14
    1.33668e+04    2.41739e+04    8.48620e+01    1.08498e+03    5.28870e+02
     Coulomb-14        LJ (SR)  Disper. corr.   Coulomb (SR)   Coul. recip.
    2.92205e+02    9.09966e+03   -7.14187e+01   -1.12475e+04    3.36214e+03
      LJ recip.      Potential    Kinetic En.   Total Energy    Temperature
   -1.02699e+05   -6.20241e+04    6.76353e+04    5.61120e+03    2.99796e+02
 Pres. DC (bar) Pressure (bar)   Constr. rmsd
   -2.20109e+00    2.24396e+02    1.52878e-06

           Step           Time         Lambda
          47000       94.00000        0.00000

   Energies (kJ/mol)
           Bond          Angle    Proper Dih. Ryckaert-Bell.          LJ-14
    1.34410e+04    2.40759e+04    7.32491e+01    1.11675e+03    5.33866e+02
     Coulomb-14        LJ (SR)  Disper. corr.   Coulomb (SR)   Coul. recip.
    2.93583e+02    8.95990e+03   -7.13513e+01   -1.12258e+04    3.29983e+03
      LJ recip.      Potential    Kinetic En.   Total Energy    Temperature
   -1.02532e+05   -6.20355e+04    6.75885e+04    5.55301e+03    2.99588e+02
 Pres. DC (bar) Pressure (bar)   Constr. rmsd
   -2.19695e+00    7.21851e+01    1.44145e-06

           Step           Time         Lambda
          48000       96.00000        0.00000

   Energies (kJ/mol)
           Bond          Angle    Proper Dih. Ryckaert-Bell.          LJ-14
    1.34540e+04    2.40052e+04    7.11094e+01    1.00491e+03    5.14335e+02
     Coulomb-14        LJ (SR)  Disper. corr.   Coulomb (SR)   Coul. recip.
    2.97158e+02    8.73179e+03   -7.15722e+01   -1.12342e+04    3.33144e+03
      LJ recip.      Potential    Kinetic En.   Total Energy    Temperature
   -1.02889e+05   -6.27851e+04    6.81459e+04    5.36077e+03    3.02059e+02
 Pres. DC (bar) Pressure (bar)   Constr. rmsd
   -2.21053e+00    6.19823e+00    1.50357e-06

           Step           Time         Lambda
          49000       98.00000        0.00000

   Energies (kJ/mol)
           Bond          Angle    Proper Dih. Ryckaert-Bell.          LJ-14
    1.33165e+04    2.45900e+04    6.97088e+01    1.01773e+03    5.49296e+02
     Coulomb-14        LJ (SR)  Disper. corr.   Coulomb (SR)   Coul. recip.
    3.03074e+02    8.97168e+03   -7.13290e+01   -1.12031e+04    3.28562e+03
      LJ recip.      Potential    Kinetic En.   Total Energy    Temperature
   -1.02594e+05   -6.17650e+04    6.72961e+04    5.53107e+03    2.98292e+02
 Pres. DC (bar) Pressure (bar)   Constr. rmsd
   -2.19558e+00    1.19855e+01    1.48481e-06

           Step           Time         Lambda
          50000      100.00000        0.00000

   Energies (kJ/mol)
           Bond          Angle    Proper Dih. Ryckaert-Bell.          LJ-14
    1.36303e+04    2.42504e+04    7.81262e+01    9.64430e+02    5.49235e+02
     Coulomb-14        LJ (SR)  Disper. corr.   Coulomb (SR)   Coul. recip.
    2.77226e+02    8.72899e+03   -7.15044e+01   -1.11967e+04    3.32211e+03
      LJ recip.      Potential    Kinetic En.   Total Energy    Temperature
   -1.02802e+05   -6.22695e+04    6.76063e+04    5.33687e+03    2.99667e+02
 Pres. DC (bar) Pressure (bar)   Constr. rmsd
   -2.20636e+00   -3.02339e+01    1.46517e-06

           Step           Time         Lambda
          51000      102.00000        0.00000

   Energies (kJ/mol)
           Bond          Angle    Proper Dih. Ryckaert-Bell.          LJ-14
    1.34016e+04    2.40945e+04    7.14099e+01    1.04351e+03    5.48887e+02
     Coulomb-14        LJ (SR)  Disper. corr.   Coulomb (SR)   Coul. recip.
    3.01727e+02    8.78631e+03   -7.14465e+01   -1.12863e+04    3.26824e+03
      LJ recip.      Potential    Kinetic En.   Total Energy    Temperature
   -1.02744e+05   -6.25857e+04    6.78645e+04    5.27879e+03    3.00812e+02
 Pres. DC (bar) Pressure (bar)   Constr. rmsd
   -2.20279e+00    1.58826e+02    1.45316e-06

           Step           Time         Lambda
          52000      104.00000        0.00000

   Energies (kJ/mol)
           Bond          Angle    Proper Dih. Ryckaert-Bell.          LJ-14
    1.36110e+04    2.40324e+04    7.22402e+01    1.09511e+03    5.45931e+02
     Coulomb-14        LJ (SR)  Disper. corr.   Coulomb (SR)   Coul. recip.
    2.72094e+02    8.59632e+03   -7.14305e+01   -1.12113e+04    3.37115e+03
      LJ recip.      Potential    Kinetic En.   Total Energy    Temperature
   -1.02683e+05   -6.23695e+04    6.77872e+04    5.41770e+03    3.00469e+02
 Pres. DC (bar) Pressure (bar)   Constr. rmsd
   -2.20181e+00    4.39543e+00    1.48216e-06

           Step           Time         Lambda
          53000      106.00000        0.00000

   Energies (kJ/mol)
           Bond          Angle    Proper Dih. Ryckaert-Bell.          LJ-14
    1.35456e+04    2.45825e+04    6.58546e+01    1.00927e+03    5.53779e+02
     Coulomb-14        LJ (SR)  Disper. corr.   Coulomb (SR)   Coul. recip.
    2.81209e+02    8.89721e+03   -7.14949e+01   -1.12433e+04    3.27268e+03
      LJ recip.      Potential    Kinetic En.   Total Energy    Temperature
   -1.02788e+05   -6.18947e+04    6.73208e+04    5.42615e+03    2.98402e+02
 Pres. DC (bar) Pressure (bar)   Constr. rmsd
   -2.20577e+00    1.79565e+02    1.48972e-06

           Step           Time         Lambda
          54000      108.00000        0.00000

   Energies (kJ/mol)
           Bond          Angle    Proper Dih. Ryckaert-Bell.          LJ-14
    1.35594e+04    2.42560e+04    8.08456e+01    1.10060e+03    5.26965e+02
     Coulomb-14        LJ (SR)  Disper. corr.   Coulomb (SR)   Coul. recip.
    2.82507e+02    9.00803e+03   -7.16047e+01   -1.12918e+04    3.28271e+03
      LJ recip.      Potential    Kinetic En.   Total Energy    Temperature
   -1.02940e+05   -6.22060e+04    6.75323e+04    5.32630e+03    2.99339e+02
 Pres. DC (bar) Pressure (bar)   Constr. rmsd
   -2.21253e+00    2.37408e+01    1.46427e-06

           Step           Time         Lambda
          55000      110.00000        0.00000

   Energies (kJ/mol)
           Bond          Angle    Proper Dih. Ryckaert-Bell.          LJ-14
    1.34119e+04    2.46650e+04    9.26118e+01    1.13778e+03    5.24968e+02
     Coulomb-14        LJ (SR)  Disper. corr.   Coulomb (SR)   Coul. recip.
    2.92532e+02    8.74282e+03   -7.15648e+01   -1.12002e+04    3.33060e+03
      LJ recip.      Potential    Kinetic En.   Total Energy    Temperature
   -1.02859e+05   -6.19322e+04    6.74046e+04    5.47245e+03    2.98773e+02
 Pres. DC (bar) Pressure (bar)   Constr. rmsd
   -2.21007e+00    6.32033e+01    1.48311e-06

           Step           Time         Lambda
          56000      112.00000        0.00000

   Energies (kJ/mol)
           Bond          Angle    Proper Dih. Ryckaert-Bell.          LJ-14
    1.33268e+04    2.40106e+04    7.30965e+01    1.08255e+03    5.26064e+02
     Coulomb-14        LJ (SR)  Disper. corr.   Coulomb (SR)   Coul. recip.
    2.90131e+02    8.88688e+03   -7.15623e+01   -1.11865e+04    3.35890e+03
      LJ recip.      Potential    Kinetic En.   Total Energy    Temperature
   -1.02897e+05   -6.25996e+04    6.80189e+04    5.41930e+03    3.01496e+02
 Pres. DC (bar) Pressure (bar)   Constr. rmsd
   -2.20992e+00    9.82207e+01    1.47237e-06

           Step           Time         Lambda
          57000      114.00000        0.00000

   Energies (kJ/mol)
           Bond          Angle    Proper Dih. Ryckaert-Bell.          LJ-14
    1.35262e+04    2.42840e+04    7.32375e+01    1.14033e+03    5.27091e+02
     Coulomb-14        LJ (SR)  Disper. corr.   Coulomb (SR)   Coul. recip.
    2.86497e+02    8.68511e+03   -7.13857e+01   -1.12306e+04    3.33021e+03
      LJ recip.      Potential    Kinetic En.   Total Energy    Temperature
   -1.02610e+05   -6.20589e+04    6.76908e+04    5.63189e+03    3.00042e+02
 Pres. DC (bar) Pressure (bar)   Constr. rmsd
   -2.19906e+00   -1.53067e+02    1.46365e-06

           Step           Time         Lambda
          58000      116.00000        0.00000

   Energies (kJ/mol)
           Bond          Angle    Proper Dih. Ryckaert-Bell.          LJ-14
    1.36325e+04    2.46580e+04    7.46731e+01    1.09312e+03    5.26830e+02
     Coulomb-14        LJ (SR)  Disper. corr.   Coulomb (SR)   Coul. recip.
    2.88241e+02    8.97184e+03   -7.16045e+01   -1.12232e+04    3.27632e+03
      LJ recip.      Potential    Kinetic En.   Total Energy    Temperature
   -1.02880e+05   -6.16530e+04    6.71073e+04    5.45423e+03    2.97455e+02
 Pres. DC (bar) Pressure (bar)   Constr. rmsd
   -2.21252e+00    7.50240e+01    1.47563e-06

           Step           Time         Lambda
          59000      118.00000        0.00000

   Energies (kJ/mol)
           Bond          Angle    Proper Dih. Ryckaert-Bell.          LJ-14
    1.37906e+04    2.44806e+04    6.82501e+01    1.01426e+03    5.29323e+02
     Coulomb-14        LJ (SR)  Disper. corr.   Coulomb (SR)   Coul. recip.
    2.90594e+02    8.92278e+03   -7.15831e+01   -1.11569e+04    3.33649e+03
      LJ recip.      Potential    Kinetic En.   Total Energy    Temperature
   -1.02953e+05   -6.17484e+04    6.72985e+04    5.55004e+03    2.98303e+02
 Pres. DC (bar) Pressure (bar)   Constr. rmsd
   -2.21120e+00    2.27701e+01    1.44856e-06

           Step           Time         Lambda
          60000      120.00000        0.00000

   Energies (kJ/mol)
           Bond          Angle    Proper Dih. Ryckaert-Bell.          LJ-14
    1.34497e+04    2.43941e+04    7.14903e+01    1.08411e+03    5.37542e+02
     Coulomb-14        LJ (SR)  Disper. corr.   Coulomb (SR)   Coul. recip.
    3.01440e+02    8.62320e+03   -7.16738e+01   -1.11572e+04    3.32554e+03
      LJ recip.      Potential    Kinetic En.   Total Energy    Temperature
   -1.02992e+05   -6.24341e+04    6.78014e+04    5.36729e+03    3.00532e+02
 Pres. DC (bar) Pressure (bar)   Constr. rmsd
   -2.21678e+00    1.04444e+01    1.48941e-06

           Step           Time         Lambda
          61000      122.00000        0.00000

   Energies (kJ/mol)
           Bond          Angle    Proper Dih. Ryckaert-Bell.          LJ-14
    1.34369e+04    2.43316e+04    6.98310e+01    1.03248e+03    5.38977e+02
     Coulomb-14        LJ (SR)  Disper. corr.   Coulomb (SR)   Coul. recip.
    2.96217e+02    8.82310e+03   -7.16200e+01   -1.12081e+04    3.34022e+03
      LJ recip.      Potential    Kinetic En.   Total Energy    Temperature
   -1.02978e+05   -6.23882e+04    6.77677e+04    5.37952e+03    3.00383e+02
 Pres. DC (bar) Pressure (bar)   Constr. rmsd
   -2.21347e+00   -8.81456e+01    1.42763e-06

           Step           Time         Lambda
          62000      124.00000        0.00000

   Energies (kJ/mol)
           Bond          Angle    Proper Dih. Ryckaert-Bell.          LJ-14
    1.35846e+04    2.45265e+04    6.79571e+01    1.04689e+03    5.55007e+02
     Coulomb-14        LJ (SR)  Disper. corr.   Coulomb (SR)   Coul. recip.
    2.90985e+02    8.83146e+03   -7.15669e+01   -1.11719e+04    3.29680e+03
      LJ recip.      Potential    Kinetic En.   Total Energy    Temperature
   -1.02924e+05   -6.19677e+04    6.74846e+04    5.51685e+03    2.99128e+02
 Pres. DC (bar) Pressure (bar)   Constr. rmsd
   -2.21020e+00    1.28524e+02    1.44638e-06

           Step           Time         Lambda
          63000      126.00000        0.00000

   Energies (kJ/mol)
           Bond          Angle    Proper Dih. Ryckaert-Bell.          LJ-14
    1.35551e+04    2.41995e+04    7.02141e+01    1.07346e+03    5.42442e+02
     Coulomb-14        LJ (SR)  Disper. corr.   Coulomb (SR)   Coul. recip.
    2.98690e+02    8.70800e+03   -7.15298e+01   -1.13040e+04    3.34038e+03
      LJ recip.      Potential    Kinetic En.   Total Energy    Temperature
   -1.02864e+05   -6.24519e+04    6.79041e+04    5.45223e+03    3.00987e+02
 Pres. DC (bar) Pressure (bar)   Constr. rmsd
   -2.20792e+00    1.10084e+01    1.49033e-06

           Step           Time         Lambda
          64000      128.00000        0.00000

   Energies (kJ/mol)
           Bond          Angle    Proper Dih. Ryckaert-Bell.          LJ-14
    1.36280e+04    2.42781e+04    6.50915e+01    1.01287e+03    5.22545e+02
     Coulomb-14        LJ (SR)  Disper. corr.   Coulomb (SR)   Coul. recip.
    2.92586e+02    8.77276e+03   -7.15277e+01   -1.12047e+04    3.33010e+03
      LJ recip.      Potential    Kinetic En.   Total Energy    Temperature
   -1.02780e+05   -6.21542e+04    6.77206e+04    5.56637e+03    3.00174e+02
 Pres. DC (bar) Pressure (bar)   Constr. rmsd
   -2.20779e+00   -3.85558e+01    1.47142e-06

           Step           Time         Lambda
          65000      130.00000        0.00000

   Energies (kJ/mol)
           Bond          Angle    Proper Dih. Ryckaert-Bell.          LJ-14
    1.36551e+04    2.43963e+04    7.31263e+01    1.08257e+03    5.30074e+02
     Coulomb-14        LJ (SR)  Disper. corr.   Coulomb (SR)   Coul. recip.
    3.08512e+02    8.79449e+03   -7.15402e+01   -1.12953e+04    3.26409e+03
      LJ recip.      Potential    Kinetic En.   Total Energy    Temperature
   -1.02825e+05   -6.20874e+04    6.77790e+04    5.69157e+03    3.00432e+02
 Pres. DC (bar) Pressure (bar)   Constr. rmsd
   -2.20856e+00    3.51133e+00    1.43757e-06

           Step           Time         Lambda
          66000      132.00000        0.00000

   Energies (kJ/mol)
           Bond          Angle    Proper Dih. Ryckaert-Bell.          LJ-14
    1.36578e+04    2.45324e+04    7.26927e+01    1.04828e+03    5.41751e+02
     Coulomb-14        LJ (SR)  Disper. corr.   Coulomb (SR)   Coul. recip.
    3.11534e+02    8.50006e+03   -7.16656e+01   -1.13292e+04    3.30482e+03
      LJ recip.      Potential    Kinetic En.   Total Energy    Temperature
   -1.02967e+05   -6.23982e+04    6.78308e+04    5.43251e+03    3.00662e+02
 Pres. DC (bar) Pressure (bar)   Constr. rmsd
   -2.21628e+00   -4.74237e+01    1.51769e-06

           Step           Time         Lambda
          67000      134.00000        0.00000

   Energies (kJ/mol)
           Bond          Angle    Proper Dih. Ryckaert-Bell.          LJ-14
    1.34638e+04    2.46927e+04    7.07672e+01    1.04580e+03    5.24624e+02
     Coulomb-14        LJ (SR)  Disper. corr.   Coulomb (SR)   Coul. recip.
    3.11963e+02    8.76772e+03   -7.17402e+01   -1.12901e+04    3.28707e+03
      LJ recip.      Potential    Kinetic En.   Total Energy    Temperature
   -1.03096e+05   -6.22934e+04    6.75616e+04    5.26823e+03    2.99469e+02
 Pres. DC (bar) Pressure (bar)   Constr. rmsd
   -2.22088e+00    3.03605e+01    1.46703e-06

           Step           Time         Lambda
          68000      136.00000        0.00000

   Energies (kJ/mol)
           Bond          Angle    Proper Dih. Ryckaert-Bell.          LJ-14
    1.34140e+04    2.45131e+04    6.18743e+01    9.67269e+02    5.44167e+02
     Coulomb-14        LJ (SR)  Disper. corr.   Coulomb (SR)   Coul. recip.
    3.01073e+02    8.85882e+03   -7.17457e+01   -1.12728e+04    3.21684e+03
      LJ recip.      Potential    Kinetic En.   Total Energy    Temperature
   -1.03092e+05   -6.25595e+04    6.77710e+04    5.21147e+03    3.00397e+02
 Pres. DC (bar) Pressure (bar)   Constr. rmsd
   -2.22122e+00    5.32742e+01    1.41609e-06

           Step           Time         Lambda
          69000      138.00000        0.00000

   Energies (kJ/mol)
           Bond          Angle    Proper Dih. Ryckaert-Bell.          LJ-14
    1.37278e+04    2.45962e+04    6.99395e+01    1.03629e+03    5.35009e+02
     Coulomb-14        LJ (SR)  Disper. corr.   Coulomb (SR)   Coul. recip.
    2.94053e+02    8.40400e+03   -7.19199e+01   -1.12857e+04    3.33274e+03
      LJ recip.      Potential    Kinetic En.   Total Energy    Temperature
   -1.03241e+05   -6.26026e+04    6.77121e+04    5.10950e+03    3.00136e+02
 Pres. DC (bar) Pressure (bar)   Constr. rmsd
   -2.23198e+00   -2.67635e+01    1.44373e-06

           Step           Time         Lambda
          70000      140.00000        0.00000

   Energies (kJ/mol)
           Bond          Angle    Proper Dih. Ryckaert-Bell.          LJ-14
    1.33915e+04    2.44304e+04    6.24178e+01    9.92214e+02    5.62821e+02
     Coulomb-14        LJ (SR)  Disper. corr.   Coulomb (SR)   Coul. recip.
    3.08735e+02    8.59220e+03   -7.18524e+01   -1.14572e+04    3.28870e+03
      LJ recip.      Potential    Kinetic En.   Total Energy    Temperature
   -1.03177e+05   -6.30774e+04    6.81959e+04    5.11857e+03    3.02281e+02
 Pres. DC (bar) Pressure (bar)   Constr. rmsd
   -2.22781e+00    5.91558e+01    1.51244e-06

           Step           Time         Lambda
          71000      142.00000        0.00000

   Energies (kJ/mol)
           Bond          Angle    Proper Dih. Ryckaert-Bell.          LJ-14
    1.34623e+04    2.46318e+04    7.74749e+01    1.04701e+03    5.23141e+02
     Coulomb-14        LJ (SR)  Disper. corr.   Coulomb (SR)   Coul. recip.
    3.07582e+02    8.86277e+03   -7.16382e+01   -1.13725e+04    3.27813e+03
      LJ recip.      Potential    Kinetic En.   Total Energy    Temperature
   -1.02986e+05   -6.22404e+04    6.75038e+04    5.26341e+03    2.99213e+02
 Pres. DC (bar) Pressure (bar)   Constr. rmsd
   -2.21459e+00   -6.34734e+01    1.47682e-06

           Step           Time         Lambda
          72000      144.00000        0.00000

   Energies (kJ/mol)
           Bond          Angle    Proper Dih. Ryckaert-Bell.          LJ-14
    1.33763e+04    2.46551e+04    6.56495e+01    1.02797e+03    4.92510e+02
     Coulomb-14        LJ (SR)  Disper. corr.   Coulomb (SR)   Coul. recip.
    2.98517e+02    8.71348e+03   -7.19162e+01   -1.13477e+04    3.36300e+03
      LJ recip.      Potential    Kinetic En.   Total Energy    Temperature
   -1.03234e+05   -6.26608e+04    6.77659e+04    5.10516e+03    3.00375e+02
 Pres. DC (bar) Pressure (bar)   Constr. rmsd
   -2.23176e+00   -3.46329e+01    1.45275e-06

Writing checkpoint, step 72920 at Thu Oct 10 13:27:26 2019


           Step           Time         Lambda
          73000      146.00000        0.00000

   Energies (kJ/mol)
           Bond          Angle    Proper Dih. Ryckaert-Bell.          LJ-14
    1.34817e+04    2.48505e+04    7.77871e+01    1.10929e+03    5.11780e+02
     Coulomb-14        LJ (SR)  Disper. corr.   Coulomb (SR)   Coul. recip.
    3.03884e+02    8.61427e+03   -7.17360e+01   -1.13112e+04    3.31002e+03
      LJ recip.      Potential    Kinetic En.   Total Energy    Temperature
   -1.03095e+05   -6.22190e+04    6.75535e+04    5.33452e+03    2.99433e+02
 Pres. DC (bar) Pressure (bar)   Constr. rmsd
   -2.22062e+00    2.33262e+01    1.47072e-06

           Step           Time         Lambda
          74000      148.00000        0.00000

   Energies (kJ/mol)
           Bond          Angle    Proper Dih. Ryckaert-Bell.          LJ-14
    1.38484e+04    2.42655e+04    7.25124e+01    1.07293e+03    5.52274e+02
     Coulomb-14        LJ (SR)  Disper. corr.   Coulomb (SR)   Coul. recip.
    2.83152e+02    8.71558e+03   -7.17326e+01   -1.12384e+04    3.27196e+03
      LJ recip.      Potential    Kinetic En.   Total Energy    Temperature
   -1.03078e+05   -6.23054e+04    6.76426e+04    5.33723e+03    2.99828e+02
 Pres. DC (bar) Pressure (bar)   Constr. rmsd
   -2.22042e+00   -2.73748e+01    1.44297e-06

           Step           Time         Lambda
          75000      150.00000        0.00000

   Energies (kJ/mol)
           Bond          Angle    Proper Dih. Ryckaert-Bell.          LJ-14
    1.39155e+04    2.43819e+04    7.10398e+01    1.01486e+03    5.28547e+02
     Coulomb-14        LJ (SR)  Disper. corr.   Coulomb (SR)   Coul. recip.
    2.96398e+02    8.69295e+03   -7.19262e+01   -1.11460e+04    3.34210e+03
      LJ recip.      Potential    Kinetic En.   Total Energy    Temperature
   -1.03366e+05   -6.23407e+04    6.75842e+04    5.24346e+03    2.99569e+02
 Pres. DC (bar) Pressure (bar)   Constr. rmsd
   -2.23237e+00    3.41957e+01    1.49798e-06

           Step           Time         Lambda
          76000      152.00000        0.00000

   Energies (kJ/mol)
           Bond          Angle    Proper Dih. Ryckaert-Bell.          LJ-14
    1.34034e+04    2.45244e+04    7.88523e+01    1.15929e+03    5.54264e+02
     Coulomb-14        LJ (SR)  Disper. corr.   Coulomb (SR)   Coul. recip.
    2.88949e+02    8.82081e+03   -7.15454e+01   -1.13013e+04    3.23758e+03
      LJ recip.      Potential    Kinetic En.   Total Energy    Temperature
   -1.02841e+05   -6.21463e+04    6.74627e+04    5.31643e+03    2.99031e+02
 Pres. DC (bar) Pressure (bar)   Constr. rmsd
   -2.20888e+00    9.19831e+01    1.47149e-06

           Step           Time         Lambda
          77000      154.00000        0.00000

   Energies (kJ/mol)
           Bond          Angle    Proper Dih. Ryckaert-Bell.          LJ-14
    1.36297e+04    2.44312e+04    6.57532e+01    1.02691e+03    5.37485e+02
     Coulomb-14        LJ (SR)  Disper. corr.   Coulomb (SR)   Coul. recip.
    2.91471e+02    8.80790e+03   -7.15352e+01   -1.11493e+04    3.35291e+03
      LJ recip.      Potential    Kinetic En.   Total Energy    Temperature
   -1.02847e+05   -6.19244e+04    6.74573e+04    5.53293e+03    2.99007e+02
 Pres. DC (bar) Pressure (bar)   Constr. rmsd
   -2.20825e+00   -4.76831e+01    1.44337e-06

           Step           Time         Lambda
          78000      156.00000        0.00000

   Energies (kJ/mol)
           Bond          Angle    Proper Dih. Ryckaert-Bell.          LJ-14
    1.35026e+04    2.43759e+04    6.95543e+01    1.07666e+03    5.34414e+02
     Coulomb-14        LJ (SR)  Disper. corr.   Coulomb (SR)   Coul. recip.
    2.83663e+02    8.95497e+03   -7.16972e+01   -1.12572e+04    3.37135e+03
      LJ recip.      Potential    Kinetic En.   Total Energy    Temperature
   -1.03058e+05   -6.22178e+04    6.76897e+04    5.47194e+03    3.00037e+02
 Pres. DC (bar) Pressure (bar)   Constr. rmsd
   -2.21823e+00    1.55690e+02    1.47002e-06

           Step           Time         Lambda
          79000      158.00000        0.00000

   Energies (kJ/mol)
           Bond          Angle    Proper Dih. Ryckaert-Bell.          LJ-14
    1.38426e+04    2.43080e+04    7.84985e+01    1.10393e+03    5.22590e+02
     Coulomb-14        LJ (SR)  Disper. corr.   Coulomb (SR)   Coul. recip.
    2.98728e+02    8.51985e+03   -7.18196e+01   -1.12938e+04    3.34443e+03
      LJ recip.      Potential    Kinetic En.   Total Energy    Temperature
   -1.03180e+05   -6.25267e+04    6.78720e+04    5.34527e+03    3.00845e+02
 Pres. DC (bar) Pressure (bar)   Constr. rmsd
   -2.22578e+00   -4.87587e+01    1.48251e-06

           Step           Time         Lambda
          80000      160.00000        0.00000

   Energies (kJ/mol)
           Bond          Angle    Proper Dih. Ryckaert-Bell.          LJ-14
    1.34729e+04    2.45787e+04    6.76570e+01    1.02524e+03    5.29065e+02
     Coulomb-14        LJ (SR)  Disper. corr.   Coulomb (SR)   Coul. recip.
    2.95426e+02    8.61712e+03   -7.17680e+01   -1.12332e+04    3.25732e+03
      LJ recip.      Potential    Kinetic En.   Total Energy    Temperature
   -1.03087e+05   -6.25489e+04    6.79165e+04    5.36761e+03    3.01042e+02
 Pres. DC (bar) Pressure (bar)   Constr. rmsd
   -2.22260e+00   -4.09018e+01    1.44454e-06

           Step           Time         Lambda
          81000      162.00000        0.00000

   Energies (kJ/mol)
           Bond          Angle    Proper Dih. Ryckaert-Bell.          LJ-14
    1.34241e+04    2.49043e+04    8.82412e+01    1.08987e+03    5.04624e+02
     Coulomb-14        LJ (SR)  Disper. corr.   Coulomb (SR)   Coul. recip.
    2.85665e+02    8.37873e+03   -7.18583e+01   -1.11163e+04    3.34437e+03
      LJ recip.      Potential    Kinetic En.   Total Energy    Temperature
   -1.03189e+05   -6.23573e+04    6.76342e+04    5.27690e+03    2.99791e+02
 Pres. DC (bar) Pressure (bar)   Constr. rmsd
   -2.22818e+00   -7.69272e+01    1.47560e-06

           Step           Time         Lambda
          82000      164.00000        0.00000

   Energies (kJ/mol)
           Bond          Angle    Proper Dih. Ryckaert-Bell.          LJ-14
    1.38395e+04    2.46176e+04    7.43779e+01    1.04046e+03    5.28058e+02
     Coulomb-14        LJ (SR)  Disper. corr.   Coulomb (SR)   Coul. recip.
    2.92268e+02    8.73975e+03   -7.18551e+01   -1.13492e+04    3.30025e+03
      LJ recip.      Potential    Kinetic En.   Total Energy    Temperature
   -1.03252e+05   -6.22408e+04    6.75156e+04    5.27480e+03    2.99265e+02
 Pres. DC (bar) Pressure (bar)   Constr. rmsd
   -2.22798e+00   -1.67023e-01    1.39905e-06

           Step           Time         Lambda
          83000      166.00000        0.00000

   Energies (kJ/mol)
           Bond          Angle    Proper Dih. Ryckaert-Bell.          LJ-14
    1.37415e+04    2.45486e+04    8.99510e+01    1.16485e+03    5.31439e+02
     Coulomb-14        LJ (SR)  Disper. corr.   Coulomb (SR)   Coul. recip.
    2.89896e+02    8.58287e+03   -7.19663e+01   -1.13820e+04    3.24545e+03
      LJ recip.      Potential    Kinetic En.   Total Energy    Temperature
   -1.03392e+05   -6.26518e+04    6.77323e+04    5.08050e+03    3.00226e+02
 Pres. DC (bar) Pressure (bar)   Constr. rmsd
   -2.23486e+00   -4.99531e+01    1.48561e-06

           Step           Time         Lambda
          84000      168.00000        0.00000

   Energies (kJ/mol)
           Bond          Angle    Proper Dih. Ryckaert-Bell.          LJ-14
    1.36967e+04    2.41667e+04    7.51900e+01    1.08072e+03    5.48372e+02
     Coulomb-14        LJ (SR)  Disper. corr.   Coulomb (SR)   Coul. recip.
    3.02077e+02    8.54917e+03   -7.20584e+01   -1.13096e+04    3.32756e+03
      LJ recip.      Potential    Kinetic En.   Total Energy    Temperature
   -1.03463e+05   -6.30986e+04    6.80922e+04    4.99356e+03    3.01821e+02
 Pres. DC (bar) Pressure (bar)   Constr. rmsd
   -2.24056e+00   -2.17465e+01    1.46664e-06

           Step           Time         Lambda
          85000      170.00000        0.00000

   Energies (kJ/mol)
           Bond          Angle    Proper Dih. Ryckaert-Bell.          LJ-14
    1.39007e+04    2.46360e+04    6.98077e+01    1.09585e+03    5.29982e+02
     Coulomb-14        LJ (SR)  Disper. corr.   Coulomb (SR)   Coul. recip.
    2.92514e+02    8.55847e+03   -7.17402e+01   -1.13916e+04    3.24106e+03
      LJ recip.      Potential    Kinetic En.   Total Energy    Temperature
   -1.03110e+05   -6.22485e+04    6.73522e+04    5.10373e+03    2.98541e+02
 Pres. DC (bar) Pressure (bar)   Constr. rmsd
   -2.22088e+00    1.05515e+02    1.47758e-06

           Step           Time         Lambda
          86000      172.00000        0.00000

   Energies (kJ/mol)
           Bond          Angle    Proper Dih. Ryckaert-Bell.          LJ-14
    1.37806e+04    2.45492e+04    8.15674e+01    1.13555e+03    5.38562e+02
     Coulomb-14        LJ (SR)  Disper. corr.   Coulomb (SR)   Coul. recip.
    2.98920e+02    8.48814e+03   -7.18329e+01   -1.13317e+04    3.33013e+03
      LJ recip.      Potential    Kinetic En.   Total Energy    Temperature
   -1.03210e+05   -6.24104e+04    6.75091e+04    5.09864e+03    2.99236e+02
 Pres. DC (bar) Pressure (bar)   Constr. rmsd
   -2.22661e+00   -1.95189e+02    1.50484e-06

           Step           Time         Lambda
          87000      174.00000        0.00000

   Energies (kJ/mol)
           Bond          Angle    Proper Dih. Ryckaert-Bell.          LJ-14
    1.38834e+04    2.45659e+04    6.34443e+01    1.03800e+03    5.38227e+02
     Coulomb-14        LJ (SR)  Disper. corr.   Coulomb (SR)   Coul. recip.
    2.94902e+02    8.22943e+03   -7.18914e+01   -1.11925e+04    3.27664e+03
      LJ recip.      Potential    Kinetic En.   Total Energy    Temperature
   -1.03231e+05   -6.26050e+04    6.77716e+04    5.16655e+03    3.00400e+02
 Pres. DC (bar) Pressure (bar)   Constr. rmsd
   -2.23022e+00   -1.12855e+02    1.47783e-06

           Step           Time         Lambda
          88000      176.00000        0.00000

   Energies (kJ/mol)
           Bond          Angle    Proper Dih. Ryckaert-Bell.          LJ-14
    1.39918e+04    2.46531e+04    6.72028e+01    1.09645e+03    5.47888e+02
     Coulomb-14        LJ (SR)  Disper. corr.   Coulomb (SR)   Coul. recip.
    2.76531e+02    8.44396e+03   -7.21550e+01   -1.12735e+04    3.30433e+03
      LJ recip.      Potential    Kinetic En.   Total Energy    Temperature
   -1.03489e+05   -6.24533e+04    6.76226e+04    5.16930e+03    2.99740e+02
 Pres. DC (bar) Pressure (bar)   Constr. rmsd
   -2.24655e+00    9.90700e-01    1.49770e-06

           Step           Time         Lambda
          89000      178.00000        0.00000

   Energies (kJ/mol)
           Bond          Angle    Proper Dih. Ryckaert-Bell.          LJ-14
    1.37844e+04    2.42676e+04    7.47081e+01    1.06678e+03    5.24725e+02
     Coulomb-14        LJ (SR)  Disper. corr.   Coulomb (SR)   Coul. recip.
    2.98772e+02    8.30990e+03   -7.20698e+01   -1.12067e+04    3.33203e+03
      LJ recip.      Potential    Kinetic En.   Total Energy    Temperature
   -1.03432e+05   -6.30516e+04    6.80043e+04    4.95271e+03    3.01431e+02
 Pres. DC (bar) Pressure (bar)   Constr. rmsd
   -2.24127e+00   -4.40507e+00    1.44892e-06

           Step           Time         Lambda
          90000      180.00000        0.00000

   Energies (kJ/mol)
           Bond          Angle    Proper Dih. Ryckaert-Bell.          LJ-14
    1.36890e+04    2.47602e+04    8.14725e+01    1.13535e+03    5.63925e+02
     Coulomb-14        LJ (SR)  Disper. corr.   Coulomb (SR)   Coul. recip.
    2.92964e+02    8.44023e+03   -7.20524e+01   -1.12601e+04    3.28179e+03
      LJ recip.      Potential    Kinetic En.   Total Energy    Temperature
   -1.03438e+05   -6.25248e+04    6.75172e+04    4.99236e+03    2.99272e+02
 Pres. DC (bar) Pressure (bar)   Constr. rmsd
   -2.24019e+00    7.72173e+00    1.48721e-06

           Step           Time         Lambda
          91000      182.00000        0.00000

   Energies (kJ/mol)
           Bond          Angle    Proper Dih. Ryckaert-Bell.          LJ-14
    1.40010e+04    2.46572e+04    6.60978e+01    1.02713e+03    5.28207e+02
     Coulomb-14        LJ (SR)  Disper. corr.   Coulomb (SR)   Coul. recip.
    2.91081e+02    8.54834e+03   -7.19955e+01   -1.14589e+04    3.22101e+03
      LJ recip.      Potential    Kinetic En.   Total Energy    Temperature
   -1.03384e+05   -6.25748e+04    6.75330e+04    4.95820e+03    2.99342e+02
 Pres. DC (bar) Pressure (bar)   Constr. rmsd
   -2.23667e+00   -3.63838e+01    1.52647e-06

           Step           Time         Lambda
          92000      184.00000        0.00000

   Energies (kJ/mol)
           Bond          Angle    Proper Dih. Ryckaert-Bell.          LJ-14
    1.36283e+04    2.48245e+04    7.50317e+01    1.07039e+03    5.47074e+02
     Coulomb-14        LJ (SR)  Disper. corr.   Coulomb (SR)   Coul. recip.
    2.95337e+02    8.54864e+03   -7.19643e+01   -1.12332e+04    3.28027e+03
      LJ recip.      Potential    Kinetic En.   Total Energy    Temperature
   -1.03399e+05   -6.24347e+04    6.73698e+04    4.93510e+03    2.98619e+02
 Pres. DC (bar) Pressure (bar)   Constr. rmsd
   -2.23474e+00    1.27727e+02    1.44275e-06

           Step           Time         Lambda
          93000      186.00000        0.00000

   Energies (kJ/mol)
           Bond          Angle    Proper Dih. Ryckaert-Bell.          LJ-14
    1.35528e+04    2.45332e+04    8.03924e+01    1.08405e+03    5.41862e+02
     Coulomb-14        LJ (SR)  Disper. corr.   Coulomb (SR)   Coul. recip.
    3.06241e+02    8.06727e+03   -7.19496e+01   -1.13009e+04    3.23557e+03
      LJ recip.      Potential    Kinetic En.   Total Energy    Temperature
   -1.03333e+05   -6.33048e+04    6.83467e+04    5.04195e+03    3.02949e+02
 Pres. DC (bar) Pressure (bar)   Constr. rmsd
   -2.23382e+00   -1.21465e+02    1.43893e-06

           Step           Time         Lambda
          94000      188.00000        0.00000

   Energies (kJ/mol)
           Bond          Angle    Proper Dih. Ryckaert-Bell.          LJ-14
    1.37881e+04    2.42535e+04    6.94447e+01    1.04000e+03    5.32675e+02
     Coulomb-14        LJ (SR)  Disper. corr.   Coulomb (SR)   Coul. recip.
    2.96916e+02    8.23962e+03   -7.21358e+01   -1.12718e+04    3.27676e+03
      LJ recip.      Potential    Kinetic En.   Total Energy    Temperature
   -1.03598e+05   -6.34444e+04    6.82039e+04    4.75949e+03    3.02316e+02
 Pres. DC (bar) Pressure (bar)   Constr. rmsd
   -2.24536e+00    1.89821e+00    1.42917e-06

           Step           Time         Lambda
          95000      190.00000        0.00000

   Energies (kJ/mol)
           Bond          Angle    Proper Dih. Ryckaert-Bell.          LJ-14
    1.37089e+04    2.45463e+04    7.91446e+01    1.08293e+03    5.66314e+02
     Coulomb-14        LJ (SR)  Disper. corr.   Coulomb (SR)   Coul. recip.
    2.77288e+02    8.20404e+03   -7.21152e+01   -1.12619e+04    3.29930e+03
      LJ recip.      Potential    Kinetic En.   Total Energy    Temperature
   -1.03524e+05   -6.30936e+04    6.78865e+04    4.79291e+03    3.00909e+02
 Pres. DC (bar) Pressure (bar)   Constr. rmsd
   -2.24408e+00   -1.23145e+01    1.42523e-06

           Step           Time         Lambda
          96000      192.00000        0.00000

   Energies (kJ/mol)
           Bond          Angle    Proper Dih. Ryckaert-Bell.          LJ-14
    1.38570e+04    2.46098e+04    7.31395e+01    1.11734e+03    5.46764e+02
     Coulomb-14        LJ (SR)  Disper. corr.   Coulomb (SR)   Coul. recip.
    2.87823e+02    8.40524e+03   -7.18867e+01   -1.13176e+04    3.26604e+03
      LJ recip.      Potential    Kinetic En.   Total Energy    Temperature
   -1.03276e+05   -6.25027e+04    6.76249e+04    5.12221e+03    2.99750e+02
 Pres. DC (bar) Pressure (bar)   Constr. rmsd
   -2.22993e+00   -1.48632e+02    1.44063e-06

           Step           Time         Lambda
          97000      194.00000        0.00000

   Energies (kJ/mol)
           Bond          Angle    Proper Dih. Ryckaert-Bell.          LJ-14
    1.34217e+04    2.47981e+04    7.04753e+01    1.05745e+03    5.33617e+02
     Coulomb-14        LJ (SR)  Disper. corr.   Coulomb (SR)   Coul. recip.
    2.95624e+02    8.61684e+03   -7.17450e+01   -1.13533e+04    3.30421e+03
      LJ recip.      Potential    Kinetic En.   Total Energy    Temperature
   -1.03119e+05   -6.24455e+04    6.76171e+04    5.17159e+03    2.99715e+02
 Pres. DC (bar) Pressure (bar)   Constr. rmsd
   -2.22118e+00   -2.43920e+01    1.45860e-06

           Step           Time         Lambda
          98000      196.00000        0.00000

   Energies (kJ/mol)
           Bond          Angle    Proper Dih. Ryckaert-Bell.          LJ-14
    1.37204e+04    2.43952e+04    7.71816e+01    1.06581e+03    5.53357e+02
     Coulomb-14        LJ (SR)  Disper. corr.   Coulomb (SR)   Coul. recip.
    2.93828e+02    8.39185e+03   -7.19820e+01   -1.11844e+04    3.35711e+03
      LJ recip.      Potential    Kinetic En.   Total Energy    Temperature
   -1.03335e+05   -6.27365e+04    6.78187e+04    5.08226e+03    3.00609e+02
 Pres. DC (bar) Pressure (bar)   Constr. rmsd
   -2.23583e+00    3.86467e+01    1.46998e-06

           Step           Time         Lambda
          99000      198.00000        0.00000

   Energies (kJ/mol)
           Bond          Angle    Proper Dih. Ryckaert-Bell.          LJ-14
    1.39434e+04    2.42927e+04    7.41342e+01    1.11658e+03    5.40770e+02
     Coulomb-14        LJ (SR)  Disper. corr.   Coulomb (SR)   Coul. recip.
    2.95083e+02    8.55525e+03   -7.20863e+01   -1.11736e+04    3.31842e+03
      LJ recip.      Potential    Kinetic En.   Total Energy    Temperature
   -1.03477e+05   -6.25867e+04    6.75764e+04    4.98966e+03    2.99535e+02
 Pres. DC (bar) Pressure (bar)   Constr. rmsd
   -2.24229e+00   -7.22460e+01    1.45218e-06

           Step           Time         Lambda
         100000      200.00000        0.00000

Writing checkpoint, step 100000 at Thu Oct 10 13:33:21 2019


   Energies (kJ/mol)
           Bond          Angle    Proper Dih. Ryckaert-Bell.          LJ-14
    1.39714e+04    2.45237e+04    7.71980e+01    1.13769e+03    5.21791e+02
     Coulomb-14        LJ (SR)  Disper. corr.   Coulomb (SR)   Coul. recip.
    2.91126e+02    8.13783e+03   -7.21437e+01   -1.13093e+04    3.30532e+03
      LJ recip.      Potential    Kinetic En.   Total Energy    Temperature
   -1.03536e+05   -6.29512e+04    6.79052e+04    4.95392e+03    3.00992e+02
 Pres. DC (bar) Pressure (bar)   Constr. rmsd
   -2.24585e+00   -3.07314e+01    1.44844e-06

	<======  ###############  ==>
	<====  A V E R A G E S  ====>
	<==  ###############  ======>

	Statistics over 100001 steps using 1001 frames

   Energies (kJ/mol)
           Bond          Angle    Proper Dih. Ryckaert-Bell.          LJ-14
    1.32730e+04    2.40792e+04    7.23180e+01    1.03503e+03    5.37820e+02
     Coulomb-14        LJ (SR)  Disper. corr.   Coulomb (SR)   Coul. recip.
    2.94624e+02    8.75180e+03   -7.14485e+01   -1.12149e+04    3.32301e+03
      LJ recip.      Potential    Kinetic En.   Total Energy    Temperature
   -1.02751e+05   -6.26709e+04    6.71392e+04    4.46836e+03    2.97597e+02
 Pres. DC (bar) Pressure (bar)   Constr. rmsd
   -2.20305e+00   -5.44928e+00    0.00000e+00

          Box-X          Box-Y          Box-Z
    8.14521e+00    8.14521e+00    8.14521e+00

   Total Virial (kJ/mol)
    2.24367e+04   -8.87185e+01   -2.03817e-01
   -8.87178e+01    2.25053e+04   -4.83851e+01
   -2.02463e-01   -4.83850e+01    2.24741e+04

   Pressure (bar)
   -3.24331e+00    6.64701e+00   -4.38938e-01
    6.64697e+00   -7.31768e+00    2.14571e+00
   -4.39020e-01    2.14571e+00   -5.78686e+00


	M E G A - F L O P S   A C C O U N T I N G

 NB=Group-cutoff nonbonded kernels    NxN=N-by-N cluster Verlet kernels
 RF=Reaction-Field  VdW=Van der Waals  QSTab=quadratic-spline table
 W3=SPC/TIP3p  W4=TIP4p (single or pairs)
 V&F=Potential and force  V=Potential only  F=Force only

 Computing:                               M-Number         M-Flops  % Flops
-----------------------------------------------------------------------------
 Pair Search distance check           11383.182536      102448.643     0.2
 NxN Ewald Elec. + LJ [F]            412952.531808    42121158.244    62.0
 NxN Ewald Elec. + LJ [V&F]            4175.434800      584560.872     0.9
 NxN Ewald Elec. [F]                   4030.582368      245865.524     0.4
 NxN Ewald Elec. [V&F]                   40.766928        3424.422     0.0
 1,4 nonbonded interactions              72.800728        6552.066     0.0
 Calc Weights                          5821.558215      209576.096     0.3
 Spread Q Bspline                    248386.483840      496772.968     0.7
 Gather F Bspline                    248386.483840     1490318.903     2.2
 3D-FFT                             2763522.034944    22108176.280    32.5
 Solve PME                             1036.810368       66355.864     0.1
 Shift-X                                 48.531905         291.191     0.0
 Bonds                                 1166.311663       68812.388     0.1
 Angles                                2345.723457      394081.541     0.6
 Propers                                 16.000160        3664.037     0.0
 RB-Dihedrals                            71.000710       17537.175     0.0
 Virial                                  58.369450        1050.650     0.0
 Stop-CM                                 19.443810         194.438     0.0
 P-Coupling                              48.512500         291.075     0.0
 Calc-Ekin                              194.088810        5240.398     0.0
 Lincs                                  394.411832       23664.710     0.0
 Lincs-Mat                               12.000360          48.001     0.0
 Constraint-V                           788.815776        6310.526     0.0
 Constraint-Vir                          11.835944         284.063     0.0
-----------------------------------------------------------------------------
 Total                                                67956680.074   100.0
-----------------------------------------------------------------------------


     R E A L   C Y C L E   A N D   T I M E   A C C O U N T I N G

On 1 MPI rank, each using 8 OpenMP threads

 Computing:          Num   Num      Call    Wall time         Giga-Cycles
                     Ranks Threads  Count      (s)         total sum    %
-----------------------------------------------------------------------------
 Neighbor search        1    8       2501      12.170        233.123   1.0
 Force                  1    8     100001     458.653       8785.902  36.5
 PME mesh               1    8     100001     731.238      14007.502  58.2
 NB X/F buffer ops.     1    8     197501      22.116        423.643   1.8
 Write traj.            1    8        202       2.821         54.035   0.2
 Update                 1    8     100001      14.762        282.781   1.2
 Constraints            1    8     100001       9.378        179.653   0.7
 Rest                                           5.107         97.823   0.4
-----------------------------------------------------------------------------
 Total                                       1256.244      24064.461 100.0
-----------------------------------------------------------------------------
 Breakdown of PME mesh computation
-----------------------------------------------------------------------------
 PME spread/gather      1    8     400004     349.176       6688.764  27.8
 PME 3D-FFT             1    8     400004     294.000       5631.834  23.4
 PME solve LJ           1    8     100001      64.638       1238.197   5.1
 PME solve Elec         1    8     100001      18.692        358.064   1.5
-----------------------------------------------------------------------------

               Core t (s)   Wall t (s)        (%)
       Time:     9796.000     1256.244      779.8
                 (ns/day)    (hour/ns)
Performance:       13.755        1.745
Finished mdrun on rank 0 Thu Oct 10 13:33:22 2019
