Log file opened on Sun Sep 22 23:42:43 2019
Host: Louie  pid: 2612  rank ID: 0  number of ranks:  1
                   :-) GROMACS - gmx mdrun, VERSION 5.1.4 (-:

                            GROMACS is written by:
     Emile Apol      Rossen Apostolov  Herman J.C. Berendsen    Par Bjelkmar   
 Aldert van Buuren   Rudi van Drunen     Anton Feenstra   Sebastian Fritsch 
  Gerrit Groenhof   Christoph Junghans   Anca Hamuraru    Vincent Hindriksen
 Dimitrios Karkoulis    Peter Kasson        Jiri Kraus      Carsten Kutzner  
    Per Larsson      Justin A. Lemkul   Magnus Lundborg   Pieter Meulenhoff 
   Erik Marklund      Teemu Murtola       Szilard Pall       Sander Pronk   
   Roland Schulz     Alexey Shvetsov     Michael Shirts     Alfons Sijbers  
   Peter Tieleman    Teemu Virolainen  Christian Wennberg    Maarten Wolf   
                           and the project leaders:
        Mark Abraham, Berk Hess, Erik Lindahl, and David van der Spoel

Copyright (c) 1991-2000, University of Groningen, The Netherlands.
Copyright (c) 2001-2015, The GROMACS development team at
Uppsala University, Stockholm University and
the Royal Institute of Technology, Sweden.
check out http://www.gromacs.org for more information.

GROMACS is free software; you can redistribute it and/or modify it
under the terms of the GNU Lesser General Public License
as published by the Free Software Foundation; either version 2.1
of the License, or (at your option) any later version.

GROMACS:      gmx mdrun, VERSION 5.1.4
Executable:   /usr/local/gromacs/bin/gmx
Data prefix:  /usr/local/gromacs
Command line:
  gmx mdrun -nsteps 5000 -pforce 0.1 -v -deffnm em2

GROMACS version:    VERSION 5.1.4
Precision:          single
Memory model:       64 bit
MPI library:        thread_mpi
OpenMP support:     enabled (GMX_OPENMP_MAX_THREADS = 32)
GPU support:        disabled
OpenCL support:     disabled
invsqrt routine:    gmx_software_invsqrt(x)
SIMD instructions:  AVX2_256
FFT library:        fftw-3.3.4-sse2-avx
RDTSCP usage:       enabled
C++11 compilation:  enabled
TNG support:        enabled
Tracing support:    disabled
Built on:           Mon Sep 18 10:40:21 DST 2017
Built by:           gmeek@DESKTOP-8OVG652 [CMAKE]
Build OS/arch:      Linux 3.4.0+ x86_64
Build CPU vendor:   GenuineIntel
Build CPU brand:    Intel(R) Core(TM) i7-4700HQ CPU @ 2.40GHz
Build CPU family:   6   Model: 60   Stepping: 3
Build CPU features: aes apic avx avx2 clfsh cmov cx8 cx16 f16c fma htt lahf_lm mmx msr nonstop_tsc pcid pclmuldq pdcm pdpe1gb popcnt pse rdrnd rdtscp sse2 sse3 sse4.1 sse4.2 ssse3 tdt x2apic
C compiler:         /usr/bin/cc GNU 4.8.4
C compiler flags:    -march=core-avx2    -Wundef -Wextra -Wno-missing-field-initializers -Wno-sign-compare -Wpointer-arith -Wall -Wno-unused -Wunused-value -Wunused-parameter  -O3 -DNDEBUG -funroll-all-loops -fexcess-precision=fast  -Wno-array-bounds 
C++ compiler:       /usr/bin/c++ GNU 4.8.4
C++ compiler flags:  -march=core-avx2   -std=c++0x  -Wundef -Wextra -Wno-missing-field-initializers -Wpointer-arith -Wall -Wno-unused-function  -O3 -DNDEBUG -funroll-all-loops -fexcess-precision=fast  -Wno-array-bounds 
Boost version:      1.55.0 (internal)


Running on 1 node with total 8 logical cores
Hardware detected:
  CPU info:
    Vendor: GenuineIntel
    Brand:  Intel(R) Core(TM) i7-4700HQ CPU @ 2.40GHz
    Family:  6  model: 60  stepping:  3
    CPU features: aes apic avx avx2 clfsh cmov cx8 cx16 f16c fma htt lahf_lm mmx msr nonstop_tsc pcid pclmuldq pdcm pdpe1gb popcnt pse rdrnd rdtscp sse2 sse3 sse4.1 sse4.2 ssse3 tdt x2apic
    SIMD instructions most likely to fit this hardware: AVX2_256
    SIMD instructions selected at GROMACS compile time: AVX2_256


++++ PLEASE READ AND CITE THE FOLLOWING REFERENCE ++++
M. J. Abraham, T. Murtola, R. Schulz, S. Páll, J. C. Smith, B. Hess, E.
Lindahl
GROMACS: High performance molecular simulations through multi-level
parallelism from laptops to supercomputers
SoftwareX 1 (2015) pp. 19-25
-------- -------- --- Thank You --- -------- --------


++++ PLEASE READ AND CITE THE FOLLOWING REFERENCE ++++
S. Páll, M. J. Abraham, C. Kutzner, B. Hess, E. Lindahl
Tackling Exascale Software Challenges in Molecular Dynamics Simulations with
GROMACS
In S. Markidis & E. Laure (Eds.), Solving Software Challenges for Exascale 8759 (2015) pp. 3-27
-------- -------- --- Thank You --- -------- --------


++++ PLEASE READ AND CITE THE FOLLOWING REFERENCE ++++
S. Pronk, S. Páll, R. Schulz, P. Larsson, P. Bjelkmar, R. Apostolov, M. R.
Shirts, J. C. Smith, P. M. Kasson, D. van der Spoel, B. Hess, and E. Lindahl
GROMACS 4.5: a high-throughput and highly parallel open source molecular
simulation toolkit
Bioinformatics 29 (2013) pp. 845-54
-------- -------- --- Thank You --- -------- --------


++++ PLEASE READ AND CITE THE FOLLOWING REFERENCE ++++
B. Hess and C. Kutzner and D. van der Spoel and E. Lindahl
GROMACS 4: Algorithms for highly efficient, load-balanced, and scalable
molecular simulation
J. Chem. Theory Comput. 4 (2008) pp. 435-447
-------- -------- --- Thank You --- -------- --------


++++ PLEASE READ AND CITE THE FOLLOWING REFERENCE ++++
D. van der Spoel, E. Lindahl, B. Hess, G. Groenhof, A. E. Mark and H. J. C.
Berendsen
GROMACS: Fast, Flexible and Free
J. Comp. Chem. 26 (2005) pp. 1701-1719
-------- -------- --- Thank You --- -------- --------


++++ PLEASE READ AND CITE THE FOLLOWING REFERENCE ++++
E. Lindahl and B. Hess and D. van der Spoel
GROMACS 3.0: A package for molecular simulation and trajectory analysis
J. Mol. Mod. 7 (2001) pp. 306-317
-------- -------- --- Thank You --- -------- --------


++++ PLEASE READ AND CITE THE FOLLOWING REFERENCE ++++
H. J. C. Berendsen, D. van der Spoel and R. van Drunen
GROMACS: A message-passing parallel molecular dynamics implementation
Comp. Phys. Comm. 91 (1995) pp. 43-56
-------- -------- --- Thank You --- -------- --------

Input Parameters:
   integrator                     = steep
   tinit                          = 0
   dt                             = 0.001
   nsteps                         = 500
   init-step                      = 0
   simulation-part                = 1
   comm-mode                      = Linear
   nstcomm                        = 100
   bd-fric                        = 0
   ld-seed                        = 1380217166
   emtol                          = 10
   emstep                         = 0.01
   niter                          = 20
   fcstep                         = 0
   nstcgsteep                     = 1000
   nbfgscorr                      = 10
   rtpi                           = 0.05
   nstxout                        = 0
   nstvout                        = 0
   nstfout                        = 0
   nstlog                         = 1000
   nstcalcenergy                  = 100
   nstenergy                      = 1000
   nstxout-compressed             = 0
   compressed-x-precision         = 1000
   cutoff-scheme                  = Verlet
   nstlist                        = 10
   ns-type                        = Grid
   pbc                            = xyz
   periodic-molecules             = FALSE
   verlet-buffer-tolerance        = 0.005
   rlist                          = 1.05
   rlistlong                      = 1.05
   nstcalclr                      = 10
   coulombtype                    = Cut-off
   coulomb-modifier               = Potential-shift
   rcoulomb-switch                = 0
   rcoulomb                       = 1
   epsilon-r                      = 1
   epsilon-rf                     = inf
   vdw-type                       = Cut-off
   vdw-modifier                   = Potential-shift
   rvdw-switch                    = 0
   rvdw                           = 1
   DispCorr                       = No
   table-extension                = 1
   fourierspacing                 = 0.12
   fourier-nx                     = 0
   fourier-ny                     = 0
   fourier-nz                     = 0
   pme-order                      = 4
   ewald-rtol                     = 1e-05
   ewald-rtol-lj                  = 0.001
   lj-pme-comb-rule               = Geometric
   ewald-geometry                 = 0
   epsilon-surface                = 0
   implicit-solvent               = No
   gb-algorithm                   = Still
   nstgbradii                     = 1
   rgbradii                       = 1
   gb-epsilon-solvent             = 80
   gb-saltconc                    = 0
   gb-obc-alpha                   = 1
   gb-obc-beta                    = 0.8
   gb-obc-gamma                   = 4.85
   gb-dielectric-offset           = 0.009
   sa-algorithm                   = Ace-approximation
   sa-surface-tension             = 2.05016
   tcoupl                         = No
   nsttcouple                     = -1
   nh-chain-length                = 0
   print-nose-hoover-chain-variables = FALSE
   pcoupl                         = No
   pcoupltype                     = Isotropic
   nstpcouple                     = -1
   tau-p                          = 1
   compressibility (3x3):
      compressibility[    0]={ 0.00000e+00,  0.00000e+00,  0.00000e+00}
      compressibility[    1]={ 0.00000e+00,  0.00000e+00,  0.00000e+00}
      compressibility[    2]={ 0.00000e+00,  0.00000e+00,  0.00000e+00}
   ref-p (3x3):
      ref-p[    0]={ 0.00000e+00,  0.00000e+00,  0.00000e+00}
      ref-p[    1]={ 0.00000e+00,  0.00000e+00,  0.00000e+00}
      ref-p[    2]={ 0.00000e+00,  0.00000e+00,  0.00000e+00}
   refcoord-scaling               = No
   posres-com (3):
      posres-com[0]= 0.00000e+00
      posres-com[1]= 0.00000e+00
      posres-com[2]= 0.00000e+00
   posres-comB (3):
      posres-comB[0]= 0.00000e+00
      posres-comB[1]= 0.00000e+00
      posres-comB[2]= 0.00000e+00
   QMMM                           = FALSE
   QMconstraints                  = 0
   QMMMscheme                     = 0
   MMChargeScaleFactor            = 1
qm-opts:
   ngQM                           = 0
   constraint-algorithm           = Lincs
   continuation                   = FALSE
   Shake-SOR                      = FALSE
   shake-tol                      = 0.0001
   lincs-order                    = 4
   lincs-iter                     = 1
   lincs-warnangle                = 30
   nwall                          = 0
   wall-type                      = 9-3
   wall-r-linpot                  = -1
   wall-atomtype[0]               = -1
   wall-atomtype[1]               = -1
   wall-density[0]                = 0
   wall-density[1]                = 0
   wall-ewald-zfac                = 3
   pull                           = FALSE
   rotation                       = FALSE
   interactiveMD                  = FALSE
   disre                          = No
   disre-weighting                = Conservative
   disre-mixed                    = FALSE
   dr-fc                          = 1000
   dr-tau                         = 0
   nstdisreout                    = 100
   orire-fc                       = 0
   orire-tau                      = 0
   nstorireout                    = 100
   free-energy                    = no
   cos-acceleration               = 0
   deform (3x3):
      deform[    0]={ 0.00000e+00,  0.00000e+00,  0.00000e+00}
      deform[    1]={ 0.00000e+00,  0.00000e+00,  0.00000e+00}
      deform[    2]={ 0.00000e+00,  0.00000e+00,  0.00000e+00}
   simulated-tempering            = FALSE
   E-x:
      n = 0
   E-xt:
      n = 0
   E-y:
      n = 0
   E-yt:
      n = 0
   E-z:
      n = 0
   E-zt:
      n = 0
   swapcoords                     = no
   adress                         = FALSE
   userint1                       = 0
   userint2                       = 0
   userint3                       = 0
   userint4                       = 0
   userreal1                      = 0
   userreal2                      = 0
   userreal3                      = 0
   userreal4                      = 0
grpopts:
   nrdf:         117
   ref-t:           0
   tau-t:           0
annealing:          No
annealing-npoints:           0
   acc:	           0           0           0
   nfreeze:           N           N           N
   energygrp-flags[  0]: 0


Overriding nsteps with value passed on the command line: 5000 steps

Using 1 MPI thread
Using 8 OpenMP threads 

Cut-off's:   NS: 1.05   Coulomb: 1   LJ: 1
System total charge: -0.000
Generated table with 1025 data points for 1-4 COUL.
Tabscale = 500 points/nm
Generated table with 1025 data points for 1-4 LJ6.
Tabscale = 500 points/nm
Generated table with 1025 data points for 1-4 LJ12.
Tabscale = 500 points/nm
Potential shift: LJ r^-12: -1.000e+00 r^-6: -1.000e+00, Coulomb -1e+00

Using AVX2_256 4x8 non-bonded kernels

Using Lorentz-Berthelot Lennard-Jones combination rule

Removing pbc first time
Pinning threads with an auto-selected logical core stride of 1
Initiating Steepest Descents
Started Steepest Descents on rank 0 Sun Sep 22 23:42:43 2019

Steepest Descents:
   Tolerance (Fmax)   =  1.00000e+01
   Number of steps    =         5000
           Step           Time         Lambda
              0        0.00000        0.00000

   Energies (kJ/mol)
           Bond          Angle    Proper Dih. Ryckaert-Bell.          LJ-14
    5.26791e+00    7.02345e+00    2.30986e-01    3.89318e+01    4.85834e+01
     Coulomb-14        LJ (SR)   Coulomb (SR)      Potential Pressure (bar)
    6.17831e+01   -1.14471e+01   -1.53423e+02   -3.04974e+00    0.00000e+00

           Step           Time         Lambda
              1        1.00000        0.00000

           Step           Time         Lambda
              2        2.00000        0.00000

           Step           Time         Lambda
              3        3.00000        0.00000

           Step           Time         Lambda
              4        4.00000        0.00000

           Step           Time         Lambda
              5        5.00000        0.00000

   Energies (kJ/mol)
           Bond          Angle    Proper Dih. Ryckaert-Bell.          LJ-14
    4.26560e+00    6.93645e+00    2.07768e-01    3.88691e+01    4.86803e+01
     Coulomb-14        LJ (SR)   Coulomb (SR)      Potential Pressure (bar)
    6.18037e+01   -1.14551e+01   -1.53484e+02   -4.17580e+00    0.00000e+00

           Step           Time         Lambda
              6        6.00000        0.00000

           Step           Time         Lambda
              7        7.00000        0.00000

   Energies (kJ/mol)
           Bond          Angle    Proper Dih. Ryckaert-Bell.          LJ-14
    4.37224e+00    6.77612e+00    1.98940e-01    3.88482e+01    4.87566e+01
     Coulomb-14        LJ (SR)   Coulomb (SR)      Potential Pressure (bar)
    6.19019e+01   -1.14492e+01   -1.53591e+02   -4.18639e+00    0.00000e+00

           Step           Time         Lambda
              8        8.00000        0.00000

           Step           Time         Lambda
              9        9.00000        0.00000

   Energies (kJ/mol)
           Bond          Angle    Proper Dih. Ryckaert-Bell.          LJ-14
    4.12287e+00    6.88230e+00    1.89584e-01    3.88330e+01    4.87506e+01
     Coulomb-14        LJ (SR)   Coulomb (SR)      Potential Pressure (bar)
    6.18754e+01   -1.14683e+01   -1.53575e+02   -4.38925e+00    0.00000e+00

           Step           Time         Lambda
             10       10.00000        0.00000

           Step           Time         Lambda
             11       11.00000        0.00000

   Energies (kJ/mol)
           Bond          Angle    Proper Dih. Ryckaert-Bell.          LJ-14
    4.12175e+00    6.82407e+00    1.87723e-01    3.88292e+01    4.87752e+01
     Coulomb-14        LJ (SR)   Coulomb (SR)      Potential Pressure (bar)
    6.19203e+01   -1.14700e+01   -1.53599e+02   -4.41080e+00    0.00000e+00

           Step           Time         Lambda
             12       12.00000        0.00000

           Step           Time         Lambda
             13       13.00000        0.00000

   Energies (kJ/mol)
           Bond          Angle    Proper Dih. Ryckaert-Bell.          LJ-14
    4.07432e+00    6.86625e+00    1.84532e-01    3.88248e+01    4.87837e+01
     Coulomb-14        LJ (SR)   Coulomb (SR)      Potential Pressure (bar)
    6.19094e+01   -1.14773e+01   -1.53598e+02   -4.43263e+00    0.00000e+00

           Step           Time         Lambda
             14       14.00000        0.00000

   Energies (kJ/mol)
           Bond          Angle    Proper Dih. Ryckaert-Bell.          LJ-14
    4.05975e+00    6.83240e+00    1.83050e-01    3.88227e+01    4.88133e+01
     Coulomb-14        LJ (SR)   Coulomb (SR)      Potential Pressure (bar)
    6.19453e+01   -1.14810e+01   -1.53616e+02   -4.44058e+00    0.00000e+00

           Step           Time         Lambda
             15       15.00000        0.00000

           Step           Time         Lambda
             16       16.00000        0.00000

   Energies (kJ/mol)
           Bond          Angle    Proper Dih. Ryckaert-Bell.          LJ-14
    4.02880e+00    6.86598e+00    1.81365e-01    3.88204e+01    4.88193e+01
     Coulomb-14        LJ (SR)   Coulomb (SR)      Potential Pressure (bar)
    6.19311e+01   -1.14852e+01   -1.53615e+02   -4.45338e+00    0.00000e+00

           Step           Time         Lambda
             17       17.00000        0.00000

           Step           Time         Lambda
             18       18.00000        0.00000

   Energies (kJ/mol)
           Bond          Angle    Proper Dih. Ryckaert-Bell.          LJ-14
    4.02108e+00    6.84836e+00    1.81531e-01    3.88204e+01    4.88309e+01
     Coulomb-14        LJ (SR)   Coulomb (SR)      Potential Pressure (bar)
    6.19460e+01   -1.14854e+01   -1.53621e+02   -4.45818e+00    0.00000e+00

           Step           Time         Lambda
             19       19.00000        0.00000

   Energies (kJ/mol)
           Bond          Angle    Proper Dih. Ryckaert-Bell.          LJ-14
    4.00072e+00    6.87137e+00    1.80304e-01    3.88187e+01    4.88418e+01
     Coulomb-14        LJ (SR)   Coulomb (SR)      Potential Pressure (bar)
    6.19384e+01   -1.14883e+01   -1.53624e+02   -4.46130e+00    0.00000e+00

           Step           Time         Lambda
             20       20.00000        0.00000

   Energies (kJ/mol)
           Bond          Angle    Proper Dih. Ryckaert-Bell.          LJ-14
    4.00046e+00    6.84360e+00    1.81178e-01    3.88195e+01    4.88498e+01
     Coulomb-14        LJ (SR)   Coulomb (SR)      Potential Pressure (bar)
    6.19585e+01   -1.14872e+01   -1.53629e+02   -4.46353e+00    0.00000e+00

           Step           Time         Lambda
             21       21.00000        0.00000

   Energies (kJ/mol)
           Bond          Angle    Proper Dih. Ryckaert-Bell.          LJ-14
    3.98401e+00    6.87801e+00    1.79757e-01    3.88176e+01    4.88567e+01
     Coulomb-14        LJ (SR)   Coulomb (SR)      Potential Pressure (bar)
    6.19412e+01   -1.14896e+01   -1.53632e+02   -4.46385e+00    0.00000e+00

           Step           Time         Lambda
             22       22.00000        0.00000

   Energies (kJ/mol)
           Bond          Angle    Proper Dih. Ryckaert-Bell.          LJ-14
    3.98886e+00    6.84051e+00    1.81194e-01    3.88191e+01    4.88614e+01
     Coulomb-14        LJ (SR)   Coulomb (SR)      Potential Pressure (bar)
    6.19672e+01   -1.14878e+01   -1.53635e+02   -4.46483e+00    0.00000e+00

           Step           Time         Lambda
             23       23.00000        0.00000

           Step           Time         Lambda
             24       24.00000        0.00000

   Energies (kJ/mol)
           Bond          Angle    Proper Dih. Ryckaert-Bell.          LJ-14
    3.97494e+00    6.86093e+00    1.80280e-01    3.88180e+01    4.88644e+01
     Coulomb-14        LJ (SR)   Coulomb (SR)      Potential Pressure (bar)
    6.19541e+01   -1.14890e+01   -1.53637e+02   -4.47284e+00    0.00000e+00

           Step           Time         Lambda
             25       25.00000        0.00000

   Energies (kJ/mol)
           Bond          Angle    Proper Dih. Ryckaert-Bell.          LJ-14
    3.96642e+00    6.84831e+00    1.80827e-01    3.88181e+01    4.88749e+01
     Coulomb-14        LJ (SR)   Coulomb (SR)      Potential Pressure (bar)
    6.19698e+01   -1.14891e+01   -1.53643e+02   -4.47363e+00    0.00000e+00

           Step           Time         Lambda
             26       26.00000        0.00000

   Energies (kJ/mol)
           Bond          Angle    Proper Dih. Ryckaert-Bell.          LJ-14
    3.95934e+00    6.87470e+00    1.79587e-01    3.88167e+01    4.88801e+01
     Coulomb-14        LJ (SR)   Coulomb (SR)      Potential Pressure (bar)
    6.19523e+01   -1.14896e+01   -1.53647e+02   -4.47406e+00    0.00000e+00

           Step           Time         Lambda
             27       27.00000        0.00000

           Step           Time         Lambda
             28       28.00000        0.00000

   Energies (kJ/mol)
           Bond          Angle    Proper Dih. Ryckaert-Bell.          LJ-14
    3.95710e+00    6.86031e+00    1.80244e-01    3.88173e+01    4.88789e+01
     Coulomb-14        LJ (SR)   Coulomb (SR)      Potential Pressure (bar)
    6.19626e+01   -1.14894e+01   -1.53646e+02   -4.47940e+00    0.00000e+00


Steepest Descents converged to Fmax < 10 in 29 steps
Potential Energy  = -4.4794006e+00
Maximum force     =  8.6022291e+00 on atom 23
Norm of force     =  4.3048587e+00

	M E G A - F L O P S   A C C O U N T I N G

 NB=Group-cutoff nonbonded kernels    NxN=N-by-N cluster Verlet kernels
 RF=Reaction-Field  VdW=Van der Waals  QSTab=quadratic-spline table
 W3=SPC/TIP3p  W4=TIP4p (single or pairs)
 V&F=Potential and force  V=Potential only  F=Force only

 Computing:                               M-Number         M-Flops  % Flops
-----------------------------------------------------------------------------
 Pair Search distance check               0.017748           0.160     5.1
 NxN RF Elec. + LJ [V&F]                  0.027840           1.503    48.0
 1,4 nonbonded interactions               0.002581           0.232     7.4
 Shift-X                                  0.001160           0.007     0.2
 Bonds                                    0.001218           0.072     2.3
 Angles                                   0.001943           0.326    10.4
 Propers                                  0.000551           0.126     4.0
 RB-Dihedrals                             0.002668           0.659    21.1
 Virial                                   0.002465           0.044     1.4
-----------------------------------------------------------------------------
 Total                                                       3.130   100.0
-----------------------------------------------------------------------------


     R E A L   C Y C L E   A N D   T I M E   A C C O U N T I N G

On 1 MPI rank, each using 8 OpenMP threads

 Computing:          Num   Num      Call    Wall time         Giga-Cycles
                     Ranks Threads  Count      (s)         total sum    %
-----------------------------------------------------------------------------
 Neighbor search        1    8         29       0.010          0.367   3.2
 Force                  1    8         29       0.001          0.041   0.4
 NB X/F buffer ops.     1    8         29       0.002          0.086   0.7
 Rest                                           0.286         10.964  95.7
-----------------------------------------------------------------------------
 Total                                          0.299         11.458 100.0
-----------------------------------------------------------------------------

               Core t (s)   Wall t (s)        (%)
       Time:        1.000        0.299      334.4
               (steps/hour)
Performance:       349080.3
Finished mdrun on rank 0 Sun Sep 22 23:42:43 2019
