            --------------------------------------------------------
                             AMBER SQM VERSION 19
 
                                     By
              Ross C. Walker, Michael F. Crowley, Scott Brozell,
                         Tim Giese, Andreas W. Goetz,
                        Tai-Sung Lee and David A. Case
 
            --------------------------------------------------------
 

--------------------------------------------------------------------------------
  QM CALCULATION INFO
--------------------------------------------------------------------------------

| QMMM: Citation for AMBER QMMM Run:
| QMMM: R.C. Walker, M.F. Crowley and D.A. Case, J. COMP. CHEM. 29:1019, 2008

QMMM: SINGLET STATE CALCULATION
QMMM: RHF CALCULATION, NO. OF DOUBLY OCCUPIED LEVELS = 57

| QMMM: *** Selected Hamiltonian *** 
| QMMM: AM1         

| QMMM: *** Parameter sets in use ***
| QMMM: N : M.J.S.DEWAR et al. JACS, 107, 3902, (1985)
| QMMM: C : M.J.S.DEWAR et al. JACS, 107, 3902, (1985)
| QMMM: O : M.J.S.DEWAR et al. JACS, 107, 3902, (1985)
| QMMM: H : M.J.S.DEWAR et al. JACS, 107, 3902, (1985)

| QMMM: *** SCF convergence criteria ***
| QMMM: Energy change                :  0.1D-09 kcal/mol
| QMMM: Error matrix |FP-PF|         :  0.1D+00 au
| QMMM: Density matrix change        :  0.5D-06
| QMMM: Maximum number of SCF cycles :     1000

| QMMM: *** Diagonalization Routine Information ***
| QMMM: Pseudo diagonalizations are allowed.
| QMMM: Auto diagonalization routine selection is in use.
| QMMM:
| QMMM: Timing diagonalization routines:
| QMMM:                              norbs =      109
| QMMM:    diag iterations used for timing =       10
| QMMM:
| QMMM:              Internal diag routine = 0.047482 seconds
| QMMM:                 Dspev diag routine = 0.030330 seconds
| QMMM:                Dspevd diag routine = 0.038614 seconds
| QMMM:                Dspevx diag routine = 0.094798 seconds
| QMMM:                 Dsyev diag routine = 0.053152 seconds
| QMMM:                Dsyevd diag routine = 0.026931 seconds
| QMMM:                Dsyevr diag routine = 0.026906 seconds
| QMMM:
| QMMM:                Pseudo diag routine = 0.011097 seconds
| QMMM:
| QMMM: Using dsyevr routine (diag_routine=7).

  QMMM: QM Region Cartesian Coordinates (*=link atom) 
  QMMM: QM_NO.   MM_NO.  ATOM         X         Y         Z
  QMMM:     1        1      N       10.3860    2.5300   10.7310
  QMMM:     2        2      C       10.3730    2.6510    9.3030
  QMMM:     3        3      C       11.8150    2.4420    8.7040
  QMMM:     4        4      C       12.8080    3.4560    8.7150
  QMMM:     5        5      C       14.1470    3.2310    8.1730
  QMMM:     6        6      C       12.1820    1.2190    8.1530
  QMMM:     7        7      C       13.5070    1.0150    7.6100
  QMMM:     8        8      C       14.5110    2.0140    7.6180
  QMMM:     9        9      C       15.9720    1.7610    7.1450
  QMMM:    10       10      C       16.6890    0.7550    7.7430
  QMMM:    11       11      C       18.0910    0.5000    7.4350
  QMMM:    12       12      C       18.7710    1.2780    6.5080
  QMMM:    13       13      C       18.0740    2.2680    5.8780
  QMMM:    14       14      C       16.6560    2.5310    6.1870
  QMMM:    15       15      C       15.9560    3.5870    5.4410
  QMMM:    16       16      C       14.5990    3.4150    5.0100
  QMMM:    17       17      C       13.9910    4.3960    4.2730
  QMMM:    18       18      C       16.6740    4.7460    5.0820
  QMMM:    19       19      C       16.0800    5.7340    4.3250
  QMMM:    20       20      C       14.7220    5.5310    3.9200
  QMMM:    21       21      C       14.1280    6.4700    3.1710
  QMMM:    22       22      O       12.9330    6.4770    3.0650
  QMMM:    23       23      O       14.8100    7.3110    2.6010
  QMMM:    24       24      H       10.8590    1.7780   10.9430
  QMMM:    25       25      H       10.8120    3.2580   11.0610
  QMMM:    26       26      H       10.0290    3.5490    9.0710
  QMMM:    27       27      H        9.7280    1.9770    8.9630
  QMMM:    28       28      H       12.5790    4.2980    9.0880
  QMMM:    29       29      H       14.8200    3.9270    8.1870
  QMMM:    30       30      H       11.5180    0.5150    8.1490
  QMMM:    31       31      H       13.7330    0.1770    7.2230
  QMMM:    32       32      H       16.2150    0.2250    8.3790
  QMMM:    33       33      H       18.5700   -0.1950    7.8530
  QMMM:    34       34      H       19.7330    1.1290    6.3060
  QMMM:    35       35      H       18.5510    2.7760    5.2280
  QMMM:    36       36      H       14.0940    2.6230    5.2220
  QMMM:    37       37      H       13.0620    4.2820    4.0100
  QMMM:    38       38      H       17.5960    4.8700    5.3580
  QMMM:    39       39      H       16.5850    6.5200    4.0920
  QMMM:    40       40      H       12.5530    7.0190    3.7610

--------------------------------------------------------------------------------
  RESULTS
--------------------------------------------------------------------------------

      iter         sqm energy              rms gradient
      ----    -------------------    -----------------------
xmin    10      -11.1697 kcal/mol        2.3023 kcal/(mol*A)
xmin    20      -12.6647 kcal/mol        0.2484 kcal/(mol*A)
xmin    30      -12.7594 kcal/mol        0.6295 kcal/(mol*A)
xmin    40      -12.8103 kcal/mol        0.2269 kcal/(mol*A)
xmin    50      -12.8169 kcal/mol        0.0432 kcal/(mol*A)
xmin    60      -12.8213 kcal/mol        0.0553 kcal/(mol*A)
xmin    70      -12.8220 kcal/mol        0.0152 kcal/(mol*A)
xmin    80      -12.8225 kcal/mol        0.0152 kcal/(mol*A)
xmin    90      -12.8228 kcal/mol        0.0234 kcal/(mol*A)
xmin   100      -12.8236 kcal/mol        0.0238 kcal/(mol*A)
xmin   110      -12.8241 kcal/mol        0.0075 kcal/(mol*A)
xmin   120      -12.8242 kcal/mol        0.0085 kcal/(mol*A)
xmin   130      -12.8243 kcal/mol        0.0169 kcal/(mol*A)
xmin   140      -12.8245 kcal/mol        0.0070 kcal/(mol*A)
xmin   150      -12.8248 kcal/mol        0.0069 kcal/(mol*A)
xmin   160      -12.8249 kcal/mol        0.0048 kcal/(mol*A)
xmin   170      -12.8250 kcal/mol        0.0044 kcal/(mol*A)
xmin   180      -12.8251 kcal/mol        0.0041 kcal/(mol*A)
xmin   190      -12.8251 kcal/mol        0.0025 kcal/(mol*A)
xmin   200      -12.8252 kcal/mol        0.0020 kcal/(mol*A)
xmin   210      -12.8252 kcal/mol        0.0072 kcal/(mol*A)
xmin   220      -12.8252 kcal/mol        0.0023 kcal/(mol*A)
xmin   230      -12.8252 kcal/mol        0.0013 kcal/(mol*A)
xmin   240      -12.8252 kcal/mol        0.0023 kcal/(mol*A)
xmin   250      -12.8252 kcal/mol        0.0044 kcal/(mol*A)
xmin   260      -12.8252 kcal/mol        0.0007 kcal/(mol*A)
xmin   270      -12.8252 kcal/mol        0.0016 kcal/(mol*A)
  ... geometry converged !
 
 Final MO eigenvalues (eV):
 -41.3990  -40.6972  -39.6393  -38.7855  -36.8178  -36.2794  -34.1206  -33.2516
 -32.0017  -31.8209  -30.6561  -29.9518  -26.3576  -25.5924  -24.1697  -23.7914
 -23.1983  -22.9777  -21.9511  -21.4578  -19.7613  -18.5350  -17.7031  -17.4369
 -17.2801  -16.9239  -16.5265  -16.3635  -16.1185  -15.9914  -15.9145  -15.4490
 -15.3665  -15.1061  -14.7720  -14.5713  -14.5373  -14.4691  -14.0385  -13.7240
 -13.5999  -13.3734  -13.1030  -12.7051  -12.5366  -12.3283  -12.2873  -12.1663
 -12.0704  -11.2824  -10.6309  -10.3536  -10.2533  -10.1197  -10.0284   -9.7028
  -9.3156   -0.7754   -0.2577   -0.0055    0.1770    0.2060    0.3383    1.3812
   2.2811    2.3486    2.4103    2.5887    3.2014    3.3129    3.3407    3.4176
   3.4894    3.5210    3.6086    3.6336    3.6755    3.6854    3.7473    3.8478
   3.9250    3.9723    4.0408    4.0954    4.1709    4.2979    4.3443    4.4393
   4.5190    4.5615    4.6263    4.7320    4.7792    4.8204    4.9088    4.9784
   5.0914    5.1680    5.2443    5.2535    5.3095    5.3856    5.4611    5.6706
   5.7415    5.7828    5.9839    6.0581    6.6929

 Heat of formation   =        -12.82524357 kcal/mol  (       -0.55614429 eV)

 Total SCF energy    =     -83985.82582682 kcal/mol  (    -3641.89869593 eV)
 Electronic energy   =    -588590.87626598 kcal/mol  (   -25523.21565700 eV)
 Core-core repulsion =     504605.05043916 kcal/mol  (    21881.31696107 eV)
 
    Atomic Charges for Step       1 :
  Atom    Element       Mulliken Charge
     1      N                 -0.333
     2      C                 -0.049
     3      C                 -0.119
     4      C                 -0.130
     5      C                 -0.108
     6      C                 -0.123
     7      C                 -0.121
     8      C                 -0.045
     9      C                 -0.022
    10      C                 -0.121
    11      C                 -0.122
    12      C                 -0.127
    13      C                 -0.116
    14      C                 -0.039
    15      C                 -0.004
    16      C                 -0.115
    17      C                 -0.104
    18      C                 -0.132
    19      C                 -0.071
    20      C                 -0.154
    21      C                  0.341
    22      O                 -0.288
    23      O                 -0.297
    24      H                  0.145
    25      H                  0.142
    26      H                  0.101
    27      H                  0.098
    28      H                  0.133
    29      H                  0.141
    30      H                  0.135
    31      H                  0.138
    32      H                  0.140
    33      H                  0.137
    34      H                  0.137
    35      H                  0.140
    36      H                  0.150
    37      H                  0.137
    38      H                  0.145
    39      H                  0.158
    40      H                  0.226
 Total Mulliken Charge =       0.000
 
                  X        Y        Z     TOTAL  
  QM DIPOLE     1.620   -4.540    2.968    5.661
 
 Final Structure

  QMMM: QM Region Cartesian Coordinates (*=link atom) 
  QMMM: QM_NO.   MM_NO.  ATOM         X         Y         Z
  QMMM:     1        1      N       10.4670    3.0161   10.5089
  QMMM:     2        2      C       10.6066    2.7069    9.1094
  QMMM:     3        3      C       12.0029    2.4471    8.6149
  QMMM:     4        4      C       12.9778    3.4458    8.7074
  QMMM:     5        5      C       14.2694    3.2178    8.2398
  QMMM:     6        6      C       12.3377    1.2145    8.0479
  QMMM:     7        7      C       13.6294    0.9814    7.5809
  QMMM:     8        8      C       14.6059    1.9828    7.6690
  QMMM:     9        9      C       15.9723    1.7148    7.2120
  QMMM:    10       10      C       16.6804    0.6698    7.8260
  QMMM:    11       11      C       17.9928    0.3861    7.4614
  QMMM:    12       12      C       18.6191    1.1463    6.4733
  QMMM:    13       13      C       17.9257    2.1793    5.8510
  QMMM:    14       14      C       16.5978    2.4697    6.2035
  QMMM:    15       15      C       15.9122    3.5441    5.4816
  QMMM:    16       16      C       14.6749    3.3155    4.8620
  QMMM:    17       17      C       14.0457    4.3319    4.1493
  QMMM:    18       18      C       16.5151    4.8047    5.3641
  QMMM:    19       19      C       15.8872    5.8221    4.6503
  QMMM:    20       20      C       14.6448    5.5926    4.0473
  QMMM:    21       21      C       14.0094    6.6876    3.2928
  QMMM:    22       22      O       12.6450    6.7780    3.2407
  QMMM:    23       23      O       14.5799    7.5879    2.6750
  QMMM:    24       24      H       10.7575    2.2456   11.0785
  QMMM:    25       25      H       11.0113    3.8200   10.7553
  QMMM:    26       26      H       10.1857    3.5760    8.5236
  QMMM:    27       27      H        9.9610    1.8079    8.8912
  QMMM:    28       28      H       12.7223    4.4215    9.1481
  QMMM:    29       29      H       15.0309    4.0087    8.3157
  QMMM:    30       30      H       11.5789    0.4210    7.9697
  QMMM:    31       31      H       13.8881    0.0064    7.1410
  QMMM:    32       32      H       16.1855    0.0754    8.6095
  QMMM:    33       33      H       18.5352   -0.4348    7.9533
  QMMM:    34       34      H       19.6579    0.9288    6.1841
  QMMM:    35       35      H       18.4154    2.7750    5.0649
  QMMM:    36       36      H       14.2003    2.3253    4.9468
  QMMM:    37       37      H       13.0840    4.1301    3.6522
  QMMM:    38       38      H       17.4913    4.9891    5.8383
  QMMM:    39       39      H       16.3638    6.8108    4.5473
  QMMM:    40       40      H       12.2439    6.0965    3.7970

           --------- Calculation Completed ----------

