            --------------------------------------------------------
                             AMBER SQM VERSION 19
 
                                     By
              Ross C. Walker, Michael F. Crowley, Scott Brozell,
                         Tim Giese, Andreas W. Goetz,
                        Tai-Sung Lee and David A. Case
 
            --------------------------------------------------------
 

--------------------------------------------------------------------------------
  QM CALCULATION INFO
--------------------------------------------------------------------------------

| QMMM: Citation for AMBER QMMM Run:
| QMMM: R.C. Walker, M.F. Crowley and D.A. Case, J. COMP. CHEM. 29:1019, 2008

QMMM: SINGLET STATE CALCULATION
QMMM: RHF CALCULATION, NO. OF DOUBLY OCCUPIED LEVELS =269

| QMMM: *** Selected Hamiltonian *** 
| QMMM: AM1         

| QMMM: *** Parameter sets in use ***
| QMMM: N : M.J.S.DEWAR et al. JACS, 107, 3902, (1985)
| QMMM: C : M.J.S.DEWAR et al. JACS, 107, 3902, (1985)
| QMMM: O : M.J.S.DEWAR et al. JACS, 107, 3902, (1985)
| QMMM: H : M.J.S.DEWAR et al. JACS, 107, 3902, (1985)

| QMMM: *** SCF convergence criteria ***
| QMMM: Energy change                :  0.1D-09 kcal/mol
| QMMM: Error matrix |FP-PF|         :  0.1D+00 au
| QMMM: Density matrix change        :  0.5D-06
| QMMM: Maximum number of SCF cycles :     1000

| QMMM: *** Diagonalization Routine Information ***
| QMMM: Pseudo diagonalizations are allowed.
| QMMM: Auto diagonalization routine selection is in use.
| QMMM:
| QMMM: Timing diagonalization routines:
| QMMM:                              norbs =      521
| QMMM:    diag iterations used for timing =        1
| QMMM:
| QMMM:              Internal diag routine = 0.304088 seconds
| QMMM:                 Dspev diag routine = 0.506273 seconds
| QMMM:                Dspevd diag routine = 0.204342 seconds
| QMMM:                Dspevx diag routine = 0.644799 seconds
| QMMM:                 Dsyev diag routine = 0.344960 seconds
| QMMM:                Dsyevd diag routine = 0.250661 seconds
| QMMM:                Dsyevr diag routine = 0.220713 seconds
| QMMM:
| QMMM:                Pseudo diag routine = 0.209262 seconds
| QMMM: Pseudo diagonalization appears to be slower than regular
| QMMM: diagonalization. Setting pseudo_diag=0 for optimum performance.
| QMMM:
| QMMM: Using dspevd routine (diag_routine=3).

  QMMM: QM Region Cartesian Coordinates (*=link atom) 
  QMMM: QM_NO.   MM_NO.  ATOM         X         Y         Z
  QMMM:     1        1      N        4.2690    6.1780   11.3530
  QMMM:     2        2      N        8.1720    7.0380   14.0800
  QMMM:     3        3      N       11.4230    3.3900    8.3960
  QMMM:     4        4      N       14.5400    2.2820   12.1020
  QMMM:     5        5      N       10.6800    7.4680   18.5900
  QMMM:     6        6      C        9.5370    1.5400    9.8890
  QMMM:     7        7      C        7.9220    9.3110    7.1200
  QMMM:     8        8      C       11.4160    1.9490    8.2550
  QMMM:     9        9      C       10.0870    1.3380    8.6200
  QMMM:    10       10      C        4.4120    7.6180   11.4310
  QMMM:    11       11      C        8.4350    5.9000    6.0840
  QMMM:    12       12      C        7.0320    8.9460    8.2360
  QMMM:    13       13      C        5.3980   -0.2410   10.5500
  QMMM:    14       14      C        7.8650    4.6220    6.0900
  QMMM:    15       15      C        4.9480    3.5210   10.2980
  QMMM:    16       16      C        6.5170   -0.7970    9.8690
  QMMM:    17       17      C        9.7690   10.0500    5.1290
  QMMM:    18       18      C        5.3200    8.1190   10.3340
  QMMM:    19       19      C        5.6720    5.6110    5.8690
  QMMM:    20       20      C        8.3750    0.8630   10.2820
  QMMM:    21       21      C        6.2480    6.8840    5.8630
  QMMM:    22       22      C        5.3260    2.9320   12.6130
  QMMM:    23       23      C        6.6340    7.6450   10.2480
  QMMM:    24       24      C        7.4690    8.0430    9.2100
  QMMM:    25       25      C        4.3590   -2.4590   10.6680
  QMMM:    26       26      C        9.1600    8.7950    5.0880
  QMMM:    27       27      C        8.2590   -0.1980    8.1430
  QMMM:    28       28      C        7.7060   -0.0200    9.4250
  QMMM:    29       29      C        5.7330    9.4640    8.3490
  QMMM:    30       30      C        5.4520   -3.0110   10.0200
  QMMM:    31       31      C        5.0970    3.9040   11.6370
  QMMM:    32       32      C        8.5370   10.5770    7.1310
  QMMM:    33       33      C        5.0290    2.1690    9.9430
  QMMM:    34       34      C        6.4760    4.4760    6.0040
  QMMM:    35       35      C        9.4310    0.4630    7.7470
  QMMM:    36       36      C        6.5130   -2.1920    9.6290
  QMMM:    37       37      C        4.3350   -1.0910   10.9310
  QMMM:    38       38      C        5.1060    5.3320   12.0470
  QMMM:    39       39      C        4.8820    9.0480    9.3820
  QMMM:    40       40      C        9.4570   10.9410    6.1490
  QMMM:    41       41      C        8.2340    8.4000    6.0740
  QMMM:    42       42      C        5.4060    1.5840   12.2520
  QMMM:    43       43      C        7.6350    7.0520    5.9980
  QMMM:    44       44      C        5.2780    1.1840   10.9100
  QMMM:    45       45      C        8.1570    8.4810   13.9740
  QMMM:    46       46      C       12.3330    4.0300    9.2120
  QMMM:    47       47      C        9.5650   10.4540   11.0160
  QMMM:    48       48      C        8.6770    9.9420   11.9730
  QMMM:    49       49      C        9.1000    8.9910   12.9090
  QMMM:    50       50      C       10.4400    8.5900   12.8780
  QMMM:    51       51      C       11.3290    9.1210   11.9340
  QMMM:    52       52      C       10.9090   10.0490   10.9730
  QMMM:    53       53      C       13.5110   10.4580    8.1910
  QMMM:    54       54      C       13.6360   11.8470    8.1610
  QMMM:    55       55      C       12.8840   12.6250    9.0290
  QMMM:    56       56      C       12.0050   12.0140    9.9230
  QMMM:    57       57      C       11.8520   10.6100    9.9760
  QMMM:    58       58      C       12.6300    9.8140    9.0880
  QMMM:    59       59      C       13.6800    7.5540    9.3610
  QMMM:    60       60      C       12.5590    8.3380    9.0520
  QMMM:    61       61      C       11.3650    7.6790    8.7330
  QMMM:    62       62      C       11.2660    6.2830    8.7840
  QMMM:    63       63      C       12.3860    5.5160    9.1150
  QMMM:    64       64      C       13.5970    6.1580    9.3910
  QMMM:    65       65      C       16.7510    5.0700   12.8500
  QMMM:    66       66      C        8.5090    4.2040   16.3410
  QMMM:    67       67      C        8.6440    4.9030   15.1390
  QMMM:    68       68      C        8.7530    4.1960   13.9390
  QMMM:    69       69      C        8.6680    2.8000   13.9420
  QMMM:    70       70      C        8.4710    2.0800   15.1310
  QMMM:    71       71      C        8.4170    2.8080   16.3330
  QMMM:    72       72      C        8.2400    0.6170   15.1220
  QMMM:    73       73      C        9.1340   -0.3360   14.5660
  QMMM:    74       74      C        8.7640   -1.7010   14.5960
  QMMM:    75       75      C        7.5540   -2.1300   15.1410
  QMMM:    76       76      C        6.6800   -1.2010   15.6810
  QMMM:    77       77      C        7.0210    0.1510   15.6730
  QMMM:    78       78      C       10.4410    0.0040   13.9600
  QMMM:    79       79      C       11.4320    0.6910   14.6740
  QMMM:    80       80      C       12.6740    0.9690   14.0930
  QMMM:    81       81      C       12.9610    0.5680   12.7810
  QMMM:    82       82      C       11.9820   -0.1240   12.0640
  QMMM:    83       83      C       10.7440   -0.4050   12.6490
  QMMM:    84       84      C        8.6980    6.3890   15.1740
  QMMM:    85       85      C       14.3070    0.8610   12.1650
  QMMM:    86       86      C       15.5380    4.3790   12.7970
  QMMM:    87       87      C       14.3360    5.0900   12.8120
  QMMM:    88       88      C       14.3530    6.4860   12.8570
  QMMM:    89       89      C       15.5610    7.2020   12.8910
  QMMM:    90       90      C       16.7600    6.4690   12.8870
  QMMM:    91       91      C       15.5800    8.6820   12.9230
  QMMM:    92       92      C       14.9660    9.4580   13.9440
  QMMM:    93       93      C       15.0270   10.8660   13.8460
  QMMM:    94       94      C       15.6580   11.5040   12.7780
  QMMM:    95       95      C       16.2570   10.7470   11.7820
  QMMM:    96       96      C       16.2240    9.3550   11.8590
  QMMM:    97       97      C       14.2420    8.8680   15.0940
  QMMM:    98       98      C       14.8290    7.9130   15.9350
  QMMM:    99       99      C       14.0980    7.3090   16.9650
  QMMM:   100      100      C       12.7610    7.6590   17.2050
  QMMM:   101      101      C       12.1860    8.6460   16.3980
  QMMM:   102      102      C       12.9160    9.2420   15.3650
  QMMM:   103      103      C       15.5510    2.8950   12.8010
  QMMM:   104      104      C       11.9990    6.9210   18.2820
  QMMM:   105      105      O        5.8680    5.7060   12.9340
  QMMM:   106      106      O       13.0980    3.4410    9.9690
  QMMM:   107      107      O        9.1720    6.9560   16.1520
  QMMM:   108      108      O       16.4290    2.2940   13.4100
  QMMM:   109      109      C        5.9210    3.2570    6.0510
  QMMM:   110      110      O        4.7210    3.2360    6.0460
  QMMM:   111      111      O        6.5630    2.2170    6.0960
  QMMM:   112      112      H        9.8370    0.2610    6.7570
  QMMM:   113      113      H        3.4700   -0.6760   11.4480
  QMMM:   114      114      H        5.4880   -4.0790    9.8230
  QMMM:   115      115      H        8.5170    3.7550    6.1450
  QMMM:   116      116      H        3.5280   -3.0880   10.9770
  QMMM:   117      117      H        7.3660   -2.6650    9.1450
  QMMM:   118      118      H        4.8110    7.9160   12.4060
  QMMM:   119      119      H        8.4720    7.6340    9.1740
  QMMM:   120      120      H        3.8720    9.4510    9.4270
  QMMM:   121      121      H       12.2020    1.4860    8.8620
  QMMM:   122      122      H       10.0420    2.1850   10.6070
  QMMM:   123      123      H       10.4880   10.3310    4.3630
  QMMM:   124      124      H       11.6540    1.7470    7.2050
  QMMM:   125      125      H        7.7870   -0.8790    7.4360
  QMMM:   126      126      H        7.0280    6.9520   10.9870
  QMMM:   127      127      H        9.9370   11.9160    6.1890
  QMMM:   128      128      H        4.9040    1.8850    8.9000
  QMMM:   129      129      H        9.4130    8.1180    4.2750
  QMMM:   130      130      H        8.3170   11.2810    7.9310
  QMMM:   131      131      H        9.5160    6.0010    6.1560
  QMMM:   132      132      H        4.5920    5.5120    5.7770
  QMMM:   133      133      H        5.3670   10.1750    7.6110
  QMMM:   134      134      H        3.4080    8.0430   11.3290
  QMMM:   135      135      H        8.0250    0.9950   11.3020
  QMMM:   136      136      H        5.6000    0.8410   13.0230
  QMMM:   137      137      H        5.4620    3.2180   13.6540
  QMMM:   138      138      H        4.8070    4.2580    9.5120
  QMMM:   139      139      H        5.6000    7.7530    5.7670
  QMMM:   140      140      H        3.6950    5.8140   10.6060
  QMMM:   141      141      H        7.5230    6.5210   13.4870
  QMMM:   142      142      H        7.1250    8.7600   13.7340
  QMMM:   143      143      H        8.4130    8.9470   14.9310
  QMMM:   144      144      H        9.1930   11.1790   10.2970
  QMMM:   145      145      H        7.6470   10.2920   11.9710
  QMMM:   146      146      H       10.8120    7.8750   13.6100
  QMMM:   147      147      H       12.3710    8.8140   11.9640
  QMMM:   148      148      H       14.1060    9.8660    7.4990
  QMMM:   149      149      H       14.3240   12.3160    7.4620
  QMMM:   150      150      H       12.9830   13.7070    9.0190
  QMMM:   151      151      H       11.4410   12.6450   10.6090
  QMMM:   152      152      H       14.6250    8.0290    9.6130
  QMMM:   153      153      H       10.4920    8.2700    8.4700
  QMMM:   154      154      H       10.2990    5.8230    8.6070
  QMMM:   155      155      H       14.4800    5.5780    9.6550
  QMMM:   156      156      H       10.9080    3.9220    7.7130
  QMMM:   157      157      H        8.4510    4.7440   17.2830
  QMMM:   158      158      H        8.9020    4.7160   12.9970
  QMMM:   159      159      H        8.7350    2.2760   12.9950
  QMMM:   160      160      H        8.2870    2.2870   17.2800
  QMMM:   161      161      H        9.4410   -2.4530   14.1920
  QMMM:   162      162      H        7.3020   -3.1870   15.1430
  QMMM:   163      163      H        5.7340   -1.5220   16.1060
  QMMM:   164      164      H        6.3100    0.8630   16.0910
  QMMM:   165      165      H       11.2500    1.0080   15.6990
  QMMM:   166      166      H       13.4260    1.5010   14.6750
  QMMM:   167      167      H       12.1720   -0.4530   11.0450
  QMMM:   168      168      H       10.0050   -0.9490   12.0640
  QMMM:   169      169      H       15.0890    0.3520   12.7390
  QMMM:   170      170      H       14.3550    0.4880   11.1360
  QMMM:   171      171      H       13.9450    2.8220   11.4710
  QMMM:   172      172      H       17.6910    4.5210   12.8690
  QMMM:   173      173      H       13.3790    4.5740   12.8150
  QMMM:   174      174      H       13.4030    7.0120   12.8800
  QMMM:   175      175      H       17.7170    6.9870   12.9350
  QMMM:   176      176      H       14.5710   11.4820   14.6200
  QMMM:   177      177      H       15.6780   12.5890   12.7280
  QMMM:   178      178      H       16.7440   11.2360   10.9430
  QMMM:   179      179      H       16.6930    8.7820   11.0610
  QMMM:   180      180      H       15.8620    7.6090   15.7810
  QMMM:   181      181      H       14.5790    6.5460   17.5730
  QMMM:   182      182      H       11.1540    8.9540   16.5470
  QMMM:   183      183      H       12.4190    9.9890   14.7490
  QMMM:   184      184      H       11.8790    5.8770   17.9680
  QMMM:   185      185      H       12.5920    6.9310   19.2030
  QMMM:   186      186      H       10.1000    7.3730   17.7420
  QMMM:   187      187      H       10.2290    6.8680   19.2760
  QMMM:   188      188      H        4.4050    3.1940    5.1410

--------------------------------------------------------------------------------
  RESULTS
--------------------------------------------------------------------------------

      iter         sqm energy              rms gradient
      ----    -------------------    -----------------------
xmin    10      176.5894 kcal/mol        0.6220 kcal/(mol*A)
xmin    20      173.1094 kcal/mol        0.7378 kcal/(mol*A)
xmin    30      169.0153 kcal/mol        0.6650 kcal/(mol*A)
xmin    40      167.2922 kcal/mol        0.4266 kcal/(mol*A)
xmin    50      164.1432 kcal/mol        0.2822 kcal/(mol*A)
xmin    60      163.1551 kcal/mol        0.1237 kcal/(mol*A)
xmin    70      162.8370 kcal/mol        0.0684 kcal/(mol*A)
xmin    80      161.8427 kcal/mol        0.2219 kcal/(mol*A)
xmin    90      161.1557 kcal/mol        0.1755 kcal/(mol*A)
xmin   100      159.5608 kcal/mol        0.2007 kcal/(mol*A)
xmin   110      159.5226 kcal/mol        0.0680 kcal/(mol*A)
xmin   120      159.4862 kcal/mol        0.0381 kcal/(mol*A)
xmin   130      159.4208 kcal/mol        0.0659 kcal/(mol*A)
xmin   140      159.3871 kcal/mol        0.0495 kcal/(mol*A)
xmin   150      159.3633 kcal/mol        0.0171 kcal/(mol*A)
xmin   160      159.3549 kcal/mol        0.0159 kcal/(mol*A)
xmin   170      159.3513 kcal/mol        0.0246 kcal/(mol*A)
xmin   180      159.3357 kcal/mol        0.0294 kcal/(mol*A)
xmin   190      159.3229 kcal/mol        0.0322 kcal/(mol*A)
xmin   200      159.2976 kcal/mol        0.0647 kcal/(mol*A)
xmin   210      159.2268 kcal/mol        0.0460 kcal/(mol*A)
xmin   220      159.1325 kcal/mol        0.1990 kcal/(mol*A)
xmin   230      158.9891 kcal/mol        0.0679 kcal/(mol*A)
xmin   240      158.8526 kcal/mol        0.1008 kcal/(mol*A)
xmin   250      158.7501 kcal/mol        0.0873 kcal/(mol*A)
xmin   260      158.6285 kcal/mol        0.1818 kcal/(mol*A)
xmin   270      158.5497 kcal/mol        0.0926 kcal/(mol*A)
xmin   280      158.5124 kcal/mol        0.0554 kcal/(mol*A)
xmin   290      158.5002 kcal/mol        0.0133 kcal/(mol*A)
xmin   300      158.4974 kcal/mol        0.0081 kcal/(mol*A)
xmin   310      158.4956 kcal/mol        0.0096 kcal/(mol*A)
xmin   320      158.4947 kcal/mol        0.0044 kcal/(mol*A)
xmin   330      158.4942 kcal/mol        0.0031 kcal/(mol*A)
xmin   340      158.4937 kcal/mol        0.0046 kcal/(mol*A)
xmin   350      158.4932 kcal/mol        0.0023 kcal/(mol*A)
xmin   360      158.4931 kcal/mol        0.0027 kcal/(mol*A)
xmin   370      158.4930 kcal/mol        0.0037 kcal/(mol*A)
  ... geometry converged !
 
 Final MO eigenvalues (eV):
 -41.7792  -41.2245  -41.1019  -40.8971  -40.7222  -40.5928  -40.4951  -40.1436
 -39.9023  -39.7659  -39.6495  -39.3183  -39.1294  -39.0020  -38.8352  -38.5716
 -38.5073  -38.1110  -37.9551  -37.7196  -37.3972  -36.1720  -35.6260  -35.5370
 -35.3841  -35.1320  -34.4845  -34.1332  -33.8284  -33.6707  -33.5941  -33.4537
 -33.2547  -33.0279  -32.8294  -32.5101  -32.4456  -32.0061  -31.9682  -31.5825
 -31.5618  -31.4094  -31.3782  -31.1979  -31.1738  -30.9640  -30.9626  -30.8300
 -30.7147  -30.5605  -30.3700  -30.1313  -29.8699  -29.6605  -29.4321  -29.1052
 -27.4545  -27.0145  -26.7169  -26.4071  -26.1591  -25.4958  -25.2541  -24.9126
 -24.6665  -24.4017  -24.3262  -24.2142  -23.9093  -23.8603  -23.7117  -23.6014
 -23.4976  -23.3633  -23.3106  -23.2789  -23.2081  -23.0154  -22.9215  -22.8769
 -22.7367  -22.6342  -22.4366  -22.3436  -22.2786  -22.1577  -21.9316  -21.8068
 -21.5816  -21.3282  -21.1877  -20.9737  -20.8172  -20.7716  -20.6477  -20.3919
 -20.2470  -19.2725  -18.8497  -18.7573  -18.6642  -18.3673  -18.3370  -18.1105
 -17.9568  -17.9087  -17.8082  -17.7830  -17.5004  -17.4675  -17.3360  -17.1143
 -17.0820  -17.0489  -17.0147  -16.9343  -16.8625  -16.7676  -16.5847  -16.5629
 -16.5115  -16.4591  -16.3993  -16.3347  -16.3081  -16.2570  -16.2100  -16.1768
 -16.1548  -16.0886  -16.0317  -16.0125  -15.9699  -15.9489  -15.9265  -15.8354
 -15.7306  -15.6781  -15.6623  -15.6150  -15.5852  -15.5625  -15.4841  -15.4711
 -15.4081  -15.3711  -15.2958  -15.2745  -15.2141  -15.1519  -15.1401  -15.0233
 -14.9816  -14.9233  -14.8480  -14.7562  -14.7431  -14.7046  -14.6847  -14.6021
 -14.5773  -14.5029  -14.3772  -14.3173  -14.2840  -14.2201  -14.1933  -14.1637
 -14.1474  -14.1090  -14.0745  -14.0234  -14.0073  -13.9536  -13.9402  -13.8911
 -13.8758  -13.7231  -13.6740  -13.6207  -13.6056  -13.5893  -13.5425  -13.5301
 -13.5182  -13.4364  -13.3365  -13.2862  -13.2450  -13.2011  -13.1504  -13.1206
 -13.1077  -13.0803  -13.0442  -12.9739  -12.9496  -12.9460  -12.8846  -12.8170
 -12.8068  -12.7711  -12.7212  -12.6683  -12.6153  -12.5811  -12.4858  -12.4597
 -12.4508  -12.3995  -12.3829  -12.2604  -12.2313  -12.1394  -12.0714  -12.0270
 -11.9701  -11.9231  -11.9165  -11.8520  -11.7861  -11.7655  -11.7385  -11.7106
 -11.6504  -11.5922  -11.5479  -11.4984  -11.3698  -11.3259  -11.3103  -10.7638
 -10.7067  -10.6664  -10.6031  -10.5598  -10.4429  -10.3270  -10.1993  -10.1923
 -10.1879  -10.1678  -10.1198  -10.0940  -10.0107   -9.8431   -9.8370   -9.7806
  -9.7704   -9.7297   -9.6998   -9.6657   -9.6522   -9.5875   -9.5616   -9.5085
  -9.4755   -9.4331   -9.3791   -9.3431   -9.3221   -9.2580   -9.2480   -9.1520
  -9.1084   -9.0604   -9.0132   -8.9406   -8.8072   -1.0094   -0.6169   -0.4826
  -0.3862   -0.2222   -0.1618   -0.1419   -0.1077    0.0366    0.0714    0.0923
   0.1529    0.2156    0.3517    0.4312    0.5146    0.5276    0.5335    0.5459
   0.5818    0.6012    0.6155    0.6620    0.6656    0.6963    0.7721    0.7840
   0.7888    0.8451    0.9699    0.9878    1.2712    1.7826    1.7847    1.8020
   1.8443    1.9198    2.1455    2.1823    2.3288    2.3964    2.4453    2.4504
   2.5580    2.7135    2.7988    2.8008    2.8282    2.8581    2.9119    2.9324
   2.9454    2.9855    3.0238    3.0299    3.1187    3.1420    3.1500    3.1734
   3.2231    3.3025    3.3116    3.3377    3.3743    3.4535    3.4776    3.4913
   3.5040    3.5411    3.5481    3.5976    3.6111    3.6383    3.6936    3.7140
   3.7262    3.7813    3.8117    3.8147    3.8398    3.8478    3.8770    3.8939
   3.8953    3.9093    3.9266    3.9332    3.9487    3.9639    3.9761    3.9838
   3.9936    4.0054    4.0210    4.0282    4.0313    4.0503    4.0696    4.0917
   4.0956    4.1221    4.1358    4.1517    4.1596    4.1647    4.1665    4.1763
   4.1881    4.2003    4.2181    4.2418    4.2476    4.2493    4.2976    4.3080
   4.3257    4.3287    4.3527    4.3606    4.3823    4.3900    4.3920    4.4181
   4.4205    4.4387    4.4562    4.4605    4.4662    4.4774    4.4876    4.5068
   4.5206    4.5352    4.5467    4.5570    4.5696    4.5883    4.5961    4.6106
   4.6211    4.6258    4.6446    4.6518    4.6808    4.6936    4.7119    4.7222
   4.7614    4.7636    4.7718    4.7890    4.7936    4.8384    4.8536    4.8625
   4.8750    4.8815    4.8872    4.9170    4.9275    4.9506    4.9548    4.9566
   4.9866    4.9926    5.0278    5.0604    5.0629    5.0670    5.0696    5.0841
   5.0842    5.0962    5.1049    5.1253    5.1314    5.1359    5.1577    5.1747
   5.1822    5.1958    5.2102    5.2186    5.2291    5.2458    5.2574    5.2633
   5.2986    5.3442    5.3528    5.3645    5.3962    5.4113    5.4223    5.4529
   5.4584    5.4723    5.4815    5.5104    5.5132    5.5280    5.5498    5.5560
   5.5617    5.5705    5.5835    5.5892    5.6054    5.6273    5.6454    5.6509
   5.6643    5.6979    5.7066    5.7099    5.7337    5.7387    5.7543    5.7756
   5.8005    5.8176    5.8249    5.8406    5.8638    5.8767    5.9215    5.9576
   5.9681    5.9978    6.0133    6.0291    6.0369    6.0526    6.0699    6.0862
   6.1354    6.1673    6.1766    6.1881    6.2302    6.2768    6.4951    6.5131
   6.5703    6.6187    6.7833    6.9611    6.9951    7.0014    7.3061    7.3813
   7.7052

 Heat of formation   =        158.49298646 kcal/mol  (        6.87277163 eV)

 Total SCF energy    =    -387790.66978250 kcal/mol  (   -16815.86530430 eV)
 Electronic energy   =   -7027627.62047157 kcal/mol  (  -304740.80137338 eV)
 Core-core repulsion =    6639836.95068907 kcal/mol  (   287924.93606908 eV)
 
    Atomic Charges for Step       1 :
  Atom    Element       Mulliken Charge
     1      N                 -0.359
     2      N                 -0.354
     3      N                 -0.363
     4      N                 -0.355
     5      N                 -0.336
     6      C                 -0.123
     7      C                 -0.021
     8      C                  0.009
     9      C                 -0.099
    10      C                  0.004
    11      C                 -0.130
    12      C                 -0.039
    13      C                 -0.044
    14      C                 -0.067
    15      C                 -0.108
    16      C                 -0.014
    17      C                 -0.126
    18      C                 -0.113
    19      C                 -0.103
    20      C                 -0.124
    21      C                 -0.118
    22      C                 -0.076
    23      C                 -0.112
    24      C                 -0.114
    25      C                 -0.130
    26      C                 -0.114
    27      C                 -0.113
    28      C                 -0.046
    29      C                 -0.121
    30      C                 -0.123
    31      C                 -0.126
    32      C                 -0.119
    33      C                 -0.133
    34      C                 -0.161
    35      C                 -0.121
    36      C                 -0.122
    37      C                 -0.118
    38      C                  0.349
    39      C                 -0.123
    40      C                 -0.120
    41      C                 -0.049
    42      C                 -0.115
    43      C                  0.005
    44      C                 -0.005
    45      C                  0.014
    46      C                  0.350
    47      C                 -0.131
    48      C                 -0.116
    49      C                 -0.102
    50      C                 -0.117
    51      C                 -0.118
    52      C                 -0.039
    53      C                 -0.121
    54      C                 -0.130
    55      C                 -0.128
    56      C                 -0.119
    57      C                 -0.024
    58      C                 -0.031
    59      C                 -0.130
    60      C                 -0.016
    61      C                 -0.124
    62      C                 -0.095
    63      C                 -0.122
    64      C                 -0.085
    65      C                 -0.085
    66      C                 -0.084
    67      C                 -0.123
    68      C                 -0.109
    69      C                 -0.121
    70      C                 -0.013
    71      C                 -0.127
    72      C                 -0.033
    73      C                 -0.017
    74      C                 -0.121
    75      C                 -0.128
    76      C                 -0.132
    77      C                 -0.122
    78      C                 -0.047
    79      C                 -0.117
    80      C                 -0.114
    81      C                 -0.102
    82      C                 -0.119
    83      C                 -0.135
    84      C                  0.348
    85      C                  0.010
    86      C                 -0.115
    87      C                 -0.103
    88      C                 -0.116
    89      C                 -0.021
    90      C                 -0.131
    91      C                 -0.030
    92      C                 -0.020
    93      C                 -0.120
    94      C                 -0.130
    95      C                 -0.131
    96      C                 -0.122
    97      C                 -0.052
    98      C                 -0.109
    99      C                 -0.128
   100      C                 -0.104
   101      C                 -0.130
   102      C                 -0.124
   103      C                  0.336
   104      C                 -0.048
   105      O                 -0.390
   106      O                 -0.405
   107      O                 -0.410
   108      O                 -0.381
   109      C                  0.357
   110      O                 -0.290
   111      O                 -0.332
   112      H                  0.154
   113      H                  0.137
   114      H                  0.135
   115      H                  0.160
   116      H                  0.135
   117      H                  0.141
   118      H                  0.127
   119      H                  0.141
   120      H                  0.133
   121      H                  0.120
   122      H                  0.140
   123      H                  0.139
   124      H                  0.094
   125      H                  0.133
   126      H                  0.147
   127      H                  0.139
   128      H                  0.140
   129      H                  0.139
   130      H                  0.142
   131      H                  0.151
   132      H                  0.135
   133      H                  0.138
   134      H                  0.096
   135      H                  0.137
   136      H                  0.153
   137      H                  0.154
   138      H                  0.129
   139      H                  0.149
   140      H                  0.220
   141      H                  0.244
   142      H                  0.100
   143      H                  0.115
   144      H                  0.127
   145      H                  0.137
   146      H                  0.155
   147      H                  0.140
   148      H                  0.137
   149      H                  0.133
   150      H                  0.133
   151      H                  0.140
   152      H                  0.143
   153      H                  0.139
   154      H                  0.153
   155      H                  0.153
   156      H                  0.249
   157      H                  0.160
   158      H                  0.140
   159      H                  0.146
   160      H                  0.143
   161      H                  0.140
   162      H                  0.132
   163      H                  0.132
   164      H                  0.136
   165      H                  0.137
   166      H                  0.157
   167      H                  0.146
   168      H                  0.130
   169      H                  0.115
   170      H                  0.108
   171      H                  0.241
   172      H                  0.151
   173      H                  0.143
   174      H                  0.143
   175      H                  0.137
   176      H                  0.139
   177      H                  0.131
   178      H                  0.131
   179      H                  0.135
   180      H                  0.135
   181      H                  0.131
   182      H                  0.155
   183      H                  0.131
   184      H                  0.094
   185      H                  0.093
   186      H                  0.151
   187      H                  0.153
   188      H                  0.233
 Total Mulliken Charge =      -0.000
 
                  X        Y        Z     TOTAL  
  QM DIPOLE   -12.203    4.056  -13.550   18.681
 
 Final Structure

  QMMM: QM Region Cartesian Coordinates (*=link atom) 
  QMMM: QM_NO.   MM_NO.  ATOM         X         Y         Z
  QMMM:     1        1      N        4.3828    6.8663   10.7818
  QMMM:     2        2      N        8.2718    6.6155   14.1430
  QMMM:     3        3      N       11.4019    2.5509    8.3285
  QMMM:     4        4      N       14.8847    2.3961   12.4261
  QMMM:     5        5      N       10.9413    6.4430   18.5434
  QMMM:     6        6      C        9.6123   -0.2033    9.8188
  QMMM:     7        7      C        5.2365   10.1274    5.2617
  QMMM:     8        8      C       11.1167    1.1429    8.3286
  QMMM:     9        9      C        9.7456    0.7652    8.8187
  QMMM:    10       10      C        4.5230    8.2960   10.6918
  QMMM:    11       11      C        7.9797    8.0367    4.9757
  QMMM:    12       12      C        5.0583    9.6789    6.6448
  QMMM:    13       13      C        4.8580    0.3493   10.5517
  QMMM:    14       14      C        8.5581    6.8235    5.3425
  QMMM:    15       15      C        4.5961    4.0434    9.8709
  QMMM:    16       16      C        5.8772   -0.5110   10.1093
  QMMM:    17       17      C        5.5611   11.0800    2.6428
  QMMM:    18       18      C        4.7075    8.7978    9.2857
  QMMM:    19       19      C        6.4121    5.7268    5.0889
  QMMM:    20       20      C        8.3503   -0.6057   10.2474
  QMMM:    21       21      C        5.8336    6.9415    4.7335
  QMMM:    22       22      C        5.8556    3.7189   11.9110
  QMMM:    23       23      C        5.9936    8.9594    8.7627
  QMMM:    24       24      C        6.1682    9.3982    7.4528
  QMMM:    25       25      C        3.3753   -1.5532   10.8457
  QMMM:    26       26      C        6.1526    9.8794    3.0270
  QMMM:    27       27      C        7.3345    0.9428    8.6962
  QMMM:    28       28      C        7.1974   -0.0361    9.6886
  QMMM:    29       29      C        3.7704    9.5411    7.1808
  QMMM:    30       30      C        4.3895   -2.4110   10.4191
  QMMM:    31       31      C        5.2736    4.5784   10.9717
  QMMM:    32       32      C        4.6391   11.3309    4.8585
  QMMM:    33       33      C        4.4798    2.6632    9.7265
  QMMM:    34       34      C        7.7750    5.6649    5.4031
  QMMM:    35       35      C        8.5980    1.3365    8.2602
  QMMM:    36       36      C        5.6280   -1.8930   10.0559
  QMMM:    37       37      C        3.6104   -0.1837   10.9113
  QMMM:    38       38      C        5.4306    6.0473   11.1676
  QMMM:    39       39      C        3.5979    9.0984    8.4903
  QMMM:    40       40      C        4.8005   11.8052    3.5598
  QMMM:    41       41      C        5.9929    9.3912    4.3309
  QMMM:    42       42      C        5.7384    2.3382   11.7665
  QMMM:    43       43      C        6.6108    8.1080    4.6855
  QMMM:    44       44      C        5.0428    1.7997   10.6765
  QMMM:    45       45      C        8.3070    8.0269   13.8712
  QMMM:    46       46      C       12.2536    3.1323    9.2446
  QMMM:    47       47      C        9.8851    9.2241   10.6326
  QMMM:    48       48      C        8.9400    8.8038   11.5657
  QMMM:    49       49      C        9.3354    8.4470   12.8573
  QMMM:    50       50      C       10.6887    8.4960   13.2041
  QMMM:    51       51      C       11.6375    8.9041   12.2692
  QMMM:    52       52      C       11.2421    9.2727   10.9765
  QMMM:    53       53      C       13.9438    9.3571    8.3214
  QMMM:    54       54      C       14.1747   10.7261    8.2323
  QMMM:    55       55      C       13.4393   11.6074    9.0249
  QMMM:    56       56      C       12.4822   11.1134    9.9061
  QMMM:    57       57      C       12.2406    9.7350   10.0051
  QMMM:    58       58      C       12.9725    8.8468    9.1976
  QMMM:    59       59      C       13.8430    6.5394    9.4883
  QMMM:    60       60      C       12.7638    7.3966    9.2281
  QMMM:    61       61      C       11.5032    6.8471    8.9637
  QMMM:    62       62      C       11.3199    5.4656    8.9499
  QMMM:    63       63      C       12.3979    4.6166    9.2148
  QMMM:    64       64      C       13.6587    5.1600    9.4927
  QMMM:    65       65      C       17.1248    4.8833   13.7681
  QMMM:    66       66      C        8.9787    4.0033   16.5532
  QMMM:    67       67      C        9.0005    4.5562   15.2671
  QMMM:    68       68      C        9.0164    3.7159   14.1502
  QMMM:    69       69      C        8.9981    2.3327   14.3182
  QMMM:    70       70      C        8.9565    1.7724   15.6014
  QMMM:    71       71      C        8.9483    2.6213   16.7180
  QMMM:    72       72      C        8.8724    0.3216   15.7925
  QMMM:    73       73      C        9.8249   -0.5763   15.2808
  QMMM:    74       74      C        9.6604   -1.9526   15.5031
  QMMM:    75       75      C        8.5719   -2.4350   16.2226
  QMMM:    76       76      C        7.6310   -1.5437   16.7388
  QMMM:    77       77      C        7.7840   -0.1776   16.5275
  QMMM:    78       78      C       11.0108   -0.1379   14.5353
  QMMM:    79       79      C       12.2072    0.1320   15.2134
  QMMM:    80       80      C       13.3473    0.5051   14.5050
  QMMM:    81       81      C       13.3031    0.6193   13.1122
  QMMM:    82       82      C       12.1078    0.3650   12.4356
  QMMM:    83       83      C       10.9706   -0.0242   13.1402
  QMMM:    84       84      C        9.0359    6.0410   15.1361
  QMMM:    85       85      C       14.5359    1.0038   12.3398
  QMMM:    86       86      C       15.8460    4.3590   13.5493
  QMMM:    87       87      C       14.7432    5.2151   13.4891
  QMMM:    88       88      C       14.9189    6.5882   13.6487
  QMMM:    89       89      C       16.1969    7.1208   13.8615
  QMMM:    90       90      C       17.3002    6.2568   13.9125
  QMMM:    91       91      C       16.3934    8.5658   14.0058
  QMMM:    92       92      C       15.7358    9.3204   14.9939
  QMMM:    93       93      C       15.9559   10.7039   15.0628
  QMMM:    94       94      C       16.8203   11.3330   14.1716
  QMMM:    95       95      C       17.4826   10.5833   13.1996
  QMMM:    96       96      C       17.2716    9.2103   13.1205
  QMMM:    97       97      C       14.8372    8.7054   15.9775
  QMMM:    98       98      C       15.3562    8.1361   17.1478
  QMMM:    99       99      C       14.5018    7.5653   18.0864
  QMMM:   100      100      C       13.1173    7.5494   17.8762
  QMMM:   101      101      C       12.6002    8.1205   16.7101
  QMMM:   102      102      C       13.4531    8.6980   15.7707
  QMMM:   103      103      C       15.6902    2.8795   13.4381
  QMMM:   104      104      C       12.2368    6.9341   18.9287
  QMMM:   105      105      O        6.4464    6.5260   11.7186
  QMMM:   106      106      O       12.9332    2.4379   10.0360
  QMMM:   107      107      O        9.6869    6.7468   15.9413
  QMMM:   108      108      O       16.3140    2.1067   14.1980
  QMMM:   109      109      C        8.3933    4.4059    5.8478
  QMMM:   110      110      O        7.9719    3.2119    5.3332
  QMMM:   111      111      O        9.2916    4.2757    6.6846
  QMMM:   112      112      H        8.6875    2.0988    7.4658
  QMMM:   113      113      H        2.8142    0.4941   11.2554
  QMMM:   114      114      H        4.2109   -3.4953   10.3698
  QMMM:   115      115      H        9.6292    6.7696    5.5979
  QMMM:   116      116      H        2.3936   -1.9574   11.1327
  QMMM:   117      117      H        6.4293   -2.5678    9.7164
  QMMM:   118      118      H        5.4039    8.6139   11.3240
  QMMM:   119      119      H        7.1834    9.5164    7.0423
  QMMM:   120      120      H        2.5826    8.9885    8.9005
  QMMM:   121      121      H       11.8984    0.6164    8.9517
  QMMM:   122      122      H       10.5092   -0.6528   10.2743
  QMMM:   123      123      H        5.6941   11.4539    1.6168
  QMMM:   124      124      H       11.2115    0.7759    7.2629
  QMMM:   125      125      H        6.4341    1.4021    8.2601
  QMMM:   126      126      H        6.8734    8.7336    9.3870
  QMMM:   127      127      H        4.3298   12.7530    3.2589
  QMMM:   128      128      H        3.9431    2.2448    8.8618
  QMMM:   129      129      H        6.7491    9.3042    2.3026
  QMMM:   130      130      H        4.0432   11.9045    5.5854
  QMMM:   131      131      H        8.5981    8.9465    4.9269
  QMMM:   132      132      H        5.7871    4.8220    5.1443
  QMMM:   133      133      H        2.8935    9.7785    6.5598
  QMMM:   134      134      H        3.5903    8.7590   11.1285
  QMMM:   135      135      H        8.2557   -1.3722   11.0317
  QMMM:   136      136      H        6.1968    1.6684   12.5109
  QMMM:   137      137      H        6.4146    4.1435   12.7618
  QMMM:   138      138      H        4.1626    4.6972    9.0994
  QMMM:   139      139      H        4.7592    6.9912    4.4994
  QMMM:   140      140      H        3.6400    6.4630   10.2600
  QMMM:   141      141      H        7.8700    6.0390   13.4366
  QMMM:   142      142      H        7.2810    8.3133   13.4942
  QMMM:   143      143      H        8.5089    8.5749   14.8376
  QMMM:   144      144      H        9.5655    9.5154    9.6212
  QMMM:   145      145      H        7.8759    8.7336   11.2872
  QMMM:   146      146      H       10.9986    8.2031   14.2226
  QMMM:   147      147      H       12.7029    8.9349   12.5454
  QMMM:   148      148      H       14.5249    8.6586    7.6997
  QMMM:   149      149      H       14.9373   11.1111    7.5398
  QMMM:   150      150      H       13.6184   12.6905    8.9586
  QMMM:   151      151      H       11.9091   11.8066   10.5407
  QMMM:   152      152      H       14.8367    6.9623    9.7004
  QMMM:   153      153      H       10.6476    7.5146    8.7776
  QMMM:   154      154      H       10.3181    5.0612    8.7290
  QMMM:   155      155      H       14.4989    4.4840    9.7210
  QMMM:   156      156      H       10.7972    3.1336    7.7924
  QMMM:   157      157      H        8.9923    4.6704   17.4311
  QMMM:   158      158      H        9.0629    4.1322   13.1319
  QMMM:   159      159      H        9.0282    1.6733   13.4364
  QMMM:   160      160      H        8.9259    2.1903   17.7305
  QMMM:   161      161      H       10.4096   -2.6533   15.1037
  QMMM:   162      162      H        8.4566   -3.5163   16.3872
  QMMM:   163      163      H        6.7714   -1.9187   17.3130
  QMMM:   164      164      H        7.0454    0.5284   16.9372
  QMMM:   165      165      H       12.2451    0.0500   16.3098
  QMMM:   166      166      H       14.2907    0.7197   15.0351
  QMMM:   167      167      H       12.0667    0.4963   11.3409
  QMMM:   168      168      H       10.0379   -0.2389   12.5947
  QMMM:   169      169      H       15.4047    0.3910   12.7197
  QMMM:   170      170      H       14.3721    0.7738   11.2458
  QMMM:   171      171      H       14.3101    3.0260   11.9108
  QMMM:   172      172      H       17.9844    4.1983   13.8386
  QMMM:   173      173      H       13.7293    4.8139   13.3360
  QMMM:   174      174      H       14.0462    7.2603   13.6215
  QMMM:   175      175      H       18.3068    6.6680   14.0801
  QMMM:   176      176      H       15.4382   11.2926   15.8355
  QMMM:   177      177      H       16.9822   12.4187   14.2366
  QMMM:   178      178      H       18.1701   11.0751   12.4963
  QMMM:   179      179      H       17.7929    8.6159   12.3547
  QMMM:   180      180      H       16.4426    8.1350   17.3205
  QMMM:   181      181      H       14.9195    7.1158   19.0001
  QMMM:   182      182      H       11.5150    8.1081   16.5108
  QMMM:   183      183      H       13.0335    9.1463   14.8564
  QMMM:   184      184      H       12.7962    6.0684   19.3916
  QMMM:   185      185      H       12.0876    7.7086   19.7379
  QMMM:   186      186      H       10.3498    7.1897   18.2275
  QMMM:   187      187      H       11.0169    5.7824   17.7913
  QMMM:   188      188      H        7.3235    3.3593    4.6304

           --------- Calculation Completed ----------

