                      :-) GROMACS - gmx mdrun, 2019.2 (-:

                            GROMACS is written by:
     Emile Apol      Rossen Apostolov      Paul Bauer     Herman J.C. Berendsen
    Par Bjelkmar      Christian Blau   Viacheslav Bolnykh     Kevin Boyd    
 Aldert van Buuren   Rudi van Drunen     Anton Feenstra       Alan Gray     
  Gerrit Groenhof     Anca Hamuraru    Vincent Hindriksen  M. Eric Irrgang  
  Aleksei Iupinov   Christoph Junghans     Joe Jordan     Dimitrios Karkoulis
    Peter Kasson        Jiri Kraus      Carsten Kutzner      Per Larsson    
  Justin A. Lemkul    Viveca Lindahl    Magnus Lundborg     Erik Marklund   
    Pascal Merz     Pieter Meulenhoff    Teemu Murtola       Szilard Pall   
    Sander Pronk      Roland Schulz      Michael Shirts    Alexey Shvetsov  
   Alfons Sijbers     Peter Tieleman      Jon Vincent      Teemu Virolainen 
 Christian Wennberg    Maarten Wolf   
                           and the project leaders:
        Mark Abraham, Berk Hess, Erik Lindahl, and David van der Spoel

Copyright (c) 1991-2000, University of Groningen, The Netherlands.
Copyright (c) 2001-2018, The GROMACS development team at
Uppsala University, Stockholm University and
the Royal Institute of Technology, Sweden.
check out http://www.gromacs.org for more information.

GROMACS is free software; you can redistribute it and/or modify it
under the terms of the GNU Lesser General Public License
as published by the Free Software Foundation; either version 2.1
of the License, or (at your option) any later version.

GROMACS:      gmx mdrun, version 2019.2
Executable:   /usr/local/gromacs/bin/gmx
Data prefix:  /usr/local/gromacs
Working dir:  /home/gmeek/Foldamers/terphenyl_folding/o-terphenyl/monomer/within_polymer
Process ID:   3786
Command line:
  gmx mdrun -nsteps 5000 -pforce 0.1 -v -deffnm em2

GROMACS version:    2019.2
Precision:          single
Memory model:       64 bit
MPI library:        thread_mpi
OpenMP support:     enabled (GMX_OPENMP_MAX_THREADS = 64)
GPU support:        disabled
SIMD instructions:  AVX2_256
FFT library:        fftw-3.3.8-sse2-avx-avx2-avx2_128-avx512
RDTSCP usage:       enabled
TNG support:        enabled
Hwloc support:      disabled
Tracing support:    disabled
C compiler:         /usr/bin/cc GNU 7.4.0
C compiler flags:    -mavx2 -mfma     -O3 -DNDEBUG -funroll-all-loops -fexcess-precision=fast  
C++ compiler:       /usr/bin/c++ GNU 7.4.0
C++ compiler flags:  -mavx2 -mfma    -std=c++11   -O3 -DNDEBUG -funroll-all-loops -fexcess-precision=fast  


Running on 1 node with total 10 cores, 20 logical cores
Hardware detected:
  CPU info:
    Vendor: Intel
    Brand:  Intel(R) Xeon(R) CPU E5-2630 v4 @ 2.20GHz
    Family: 6   Model: 79   Stepping: 1
    Features: aes apic avx avx2 clfsh cmov cx8 cx16 f16c fma hle htt intel lahf mmx msr nonstop_tsc pcid pclmuldq pdcm pdpe1gb popcnt pse rdrnd rdtscp rtm sse2 sse3 sse4.1 sse4.2 ssse3 tdt x2apic
  Hardware topology: Basic
    Sockets, cores, and logical processors:
      Socket  0: [   0  10] [   1  11] [   2  12] [   3  13] [   4  14] [   5  15] [   6  16] [   7  17] [   8  18] [   9  19]


++++ PLEASE READ AND CITE THE FOLLOWING REFERENCE ++++
M. J. Abraham, T. Murtola, R. Schulz, S. Páll, J. C. Smith, B. Hess, E.
Lindahl
GROMACS: High performance molecular simulations through multi-level
parallelism from laptops to supercomputers
SoftwareX 1 (2015) pp. 19-25
-------- -------- --- Thank You --- -------- --------


++++ PLEASE READ AND CITE THE FOLLOWING REFERENCE ++++
S. Páll, M. J. Abraham, C. Kutzner, B. Hess, E. Lindahl
Tackling Exascale Software Challenges in Molecular Dynamics Simulations with
GROMACS
In S. Markidis & E. Laure (Eds.), Solving Software Challenges for Exascale 8759 (2015) pp. 3-27
-------- -------- --- Thank You --- -------- --------


++++ PLEASE READ AND CITE THE FOLLOWING REFERENCE ++++
S. Pronk, S. Páll, R. Schulz, P. Larsson, P. Bjelkmar, R. Apostolov, M. R.
Shirts, J. C. Smith, P. M. Kasson, D. van der Spoel, B. Hess, and E. Lindahl
GROMACS 4.5: a high-throughput and highly parallel open source molecular
simulation toolkit
Bioinformatics 29 (2013) pp. 845-54
-------- -------- --- Thank You --- -------- --------


++++ PLEASE READ AND CITE THE FOLLOWING REFERENCE ++++
B. Hess and C. Kutzner and D. van der Spoel and E. Lindahl
GROMACS 4: Algorithms for highly efficient, load-balanced, and scalable
molecular simulation
J. Chem. Theory Comput. 4 (2008) pp. 435-447
-------- -------- --- Thank You --- -------- --------


++++ PLEASE READ AND CITE THE FOLLOWING REFERENCE ++++
D. van der Spoel, E. Lindahl, B. Hess, G. Groenhof, A. E. Mark and H. J. C.
Berendsen
GROMACS: Fast, Flexible and Free
J. Comp. Chem. 26 (2005) pp. 1701-1719
-------- -------- --- Thank You --- -------- --------


++++ PLEASE READ AND CITE THE FOLLOWING REFERENCE ++++
E. Lindahl and B. Hess and D. van der Spoel
GROMACS 3.0: A package for molecular simulation and trajectory analysis
J. Mol. Mod. 7 (2001) pp. 306-317
-------- -------- --- Thank You --- -------- --------


++++ PLEASE READ AND CITE THE FOLLOWING REFERENCE ++++
H. J. C. Berendsen, D. van der Spoel and R. van Drunen
GROMACS: A message-passing parallel molecular dynamics implementation
Comp. Phys. Comm. 91 (1995) pp. 43-56
-------- -------- --- Thank You --- -------- --------


++++ PLEASE CITE THE DOI FOR THIS VERSION OF GROMACS ++++
https://doi.org/10.5281/zenodo.2636382
-------- -------- --- Thank You --- -------- --------

Input Parameters:
   integrator                     = steep
   tinit                          = 0
   dt                             = 0.001
   nsteps                         = 500
   init-step                      = 0
   simulation-part                = 1
   comm-mode                      = Linear
   nstcomm                        = 100
   bd-fric                        = 0
   ld-seed                        = -115279209
   emtol                          = 10
   emstep                         = 0.01
   niter                          = 20
   fcstep                         = 0
   nstcgsteep                     = 1000
   nbfgscorr                      = 10
   rtpi                           = 0.05
   nstxout                        = 0
   nstvout                        = 0
   nstfout                        = 0
   nstlog                         = 1000
   nstcalcenergy                  = 100
   nstenergy                      = 1000
   nstxout-compressed             = 0
   compressed-x-precision         = 1000
   cutoff-scheme                  = Verlet
   nstlist                        = 10
   ns-type                        = Grid
   pbc                            = xyz
   periodic-molecules             = false
   verlet-buffer-tolerance        = 0.005
   rlist                          = 1.05
   coulombtype                    = Cut-off
   coulomb-modifier               = Potential-shift
   rcoulomb-switch                = 0
   rcoulomb                       = 1
   epsilon-r                      = 1
   epsilon-rf                     = inf
   vdw-type                       = Cut-off
   vdw-modifier                   = Potential-shift
   rvdw-switch                    = 0
   rvdw                           = 1
   DispCorr                       = No
   table-extension                = 1
   fourierspacing                 = 0.12
   fourier-nx                     = 0
   fourier-ny                     = 0
   fourier-nz                     = 0
   pme-order                      = 4
   ewald-rtol                     = 1e-05
   ewald-rtol-lj                  = 0.001
   lj-pme-comb-rule               = Geometric
   ewald-geometry                 = 0
   epsilon-surface                = 0
   tcoupl                         = No
   nsttcouple                     = -1
   nh-chain-length                = 0
   print-nose-hoover-chain-variables = false
   pcoupl                         = No
   pcoupltype                     = Isotropic
   nstpcouple                     = -1
   tau-p                          = 1
   compressibility (3x3):
      compressibility[    0]={ 0.00000e+00,  0.00000e+00,  0.00000e+00}
      compressibility[    1]={ 0.00000e+00,  0.00000e+00,  0.00000e+00}
      compressibility[    2]={ 0.00000e+00,  0.00000e+00,  0.00000e+00}
   ref-p (3x3):
      ref-p[    0]={ 0.00000e+00,  0.00000e+00,  0.00000e+00}
      ref-p[    1]={ 0.00000e+00,  0.00000e+00,  0.00000e+00}
      ref-p[    2]={ 0.00000e+00,  0.00000e+00,  0.00000e+00}
   refcoord-scaling               = No
   posres-com (3):
      posres-com[0]= 0.00000e+00
      posres-com[1]= 0.00000e+00
      posres-com[2]= 0.00000e+00
   posres-comB (3):
      posres-comB[0]= 0.00000e+00
      posres-comB[1]= 0.00000e+00
      posres-comB[2]= 0.00000e+00
   QMMM                           = false
   QMconstraints                  = 0
   QMMMscheme                     = 0
   MMChargeScaleFactor            = 1
qm-opts:
   ngQM                           = 0
   constraint-algorithm           = Lincs
   continuation                   = false
   Shake-SOR                      = false
   shake-tol                      = 0.0001
   lincs-order                    = 4
   lincs-iter                     = 1
   lincs-warnangle                = 30
   nwall                          = 0
   wall-type                      = 9-3
   wall-r-linpot                  = -1
   wall-atomtype[0]               = -1
   wall-atomtype[1]               = -1
   wall-density[0]                = 0
   wall-density[1]                = 0
   wall-ewald-zfac                = 3
   pull                           = false
   awh                            = false
   rotation                       = false
   interactiveMD                  = false
   disre                          = No
   disre-weighting                = Conservative
   disre-mixed                    = false
   dr-fc                          = 1000
   dr-tau                         = 0
   nstdisreout                    = 100
   orire-fc                       = 0
   orire-tau                      = 0
   nstorireout                    = 100
   free-energy                    = no
   cos-acceleration               = 0
   deform (3x3):
      deform[    0]={ 0.00000e+00,  0.00000e+00,  0.00000e+00}
      deform[    1]={ 0.00000e+00,  0.00000e+00,  0.00000e+00}
      deform[    2]={ 0.00000e+00,  0.00000e+00,  0.00000e+00}
   simulated-tempering            = false
   swapcoords                     = no
   userint1                       = 0
   userint2                       = 0
   userint3                       = 0
   userint4                       = 0
   userreal1                      = 0
   userreal2                      = 0
   userreal3                      = 0
   userreal4                      = 0
   applied-forces:
     electric-field:
       x:
         E0                       = 0
         omega                    = 0
         t0                       = 0
         sigma                    = 0
       y:
         E0                       = 0
         omega                    = 0
         t0                       = 0
         sigma                    = 0
       z:
         E0                       = 0
         omega                    = 0
         t0                       = 0
         sigma                    = 0
grpopts:
   nrdf:         117
   ref-t:           0
   tau-t:           0
annealing:          No
annealing-npoints:           0
   acc:	           0           0           0
   nfreeze:           N           N           N
   energygrp-flags[  0]: 0

The -nsteps functionality is deprecated, and may be removed in a future version. Consider using gmx convert-tpr -nsteps or changing the appropriate .mdp file field.

Overriding nsteps with value passed on the command line: 5000 steps

Using 1 MPI thread
Using 16 OpenMP threads 

Pinning threads with an auto-selected logical core stride of 1
System total charge: -0.000
Potential shift: LJ r^-12: -1.000e+00 r^-6: -1.000e+00, Coulomb -1e+00
Generated table with 1025 data points for 1-4 COUL.
Tabscale = 500 points/nm
Generated table with 1025 data points for 1-4 LJ6.
Tabscale = 500 points/nm
Generated table with 1025 data points for 1-4 LJ12.
Tabscale = 500 points/nm

Using SIMD 4x8 nonbonded short-range kernels

Using a 4x8 pair-list setup:
  updated every 10 steps, buffer 0.050 nm, rlist 1.050 nm

Using Lorentz-Berthelot Lennard-Jones combination rule

Removing pbc first time

Note that activating steepest-descent energy minimization via the integrator .mdp option and the command gmx mdrun may be available in a different form in a future version of GROMACS, e.g. gmx minimize and an .mdp option.
Initiating Steepest Descents
Started Steepest Descents on rank 0 Mon Jun 17 09:34:40 2019


Steepest Descents:
   Tolerance (Fmax)   =  1.00000e+01
   Number of steps    =         5000
           Step           Time
              0        0.00000

   Energies (kJ/mol)
           Bond          Angle    Proper Dih. Ryckaert-Bell.          LJ-14
    6.34011e+00    7.17209e+00    2.12032e-01    3.92227e+01    4.85790e+01
     Coulomb-14        LJ (SR)   Coulomb (SR)      Potential Pressure (bar)
    6.26891e+01   -1.19477e+01   -1.50333e+02    1.93422e+00    0.00000e+00

           Step           Time
              1        1.00000

           Step           Time
              2        2.00000

           Step           Time
              3        3.00000

           Step           Time
              4        4.00000

   Energies (kJ/mol)
           Bond          Angle    Proper Dih. Ryckaert-Bell.          LJ-14
    4.65715e+00    7.33550e+00    2.14865e-01    3.91434e+01    4.94235e+01
     Coulomb-14        LJ (SR)   Coulomb (SR)      Potential Pressure (bar)
    6.30132e+01   -1.20098e+01   -1.50344e+02    1.43423e+00    0.00000e+00

           Step           Time
              5        5.00000

           Step           Time
              6        6.00000

   Energies (kJ/mol)
           Bond          Angle    Proper Dih. Ryckaert-Bell.          LJ-14
    4.12999e+00    7.10283e+00    2.16966e-01    3.91410e+01    4.92330e+01
     Coulomb-14        LJ (SR)   Coulomb (SR)      Potential Pressure (bar)
    6.28440e+01   -1.19939e+01   -1.50374e+02    2.99805e-01    0.00000e+00

           Step           Time
              7        7.00000

           Step           Time
              8        8.00000

           Step           Time
              9        9.00000

   Energies (kJ/mol)
           Bond          Angle    Proper Dih. Ryckaert-Bell.          LJ-14
    4.15220e+00    7.07445e+00    2.20879e-01    3.91232e+01    4.91541e+01
     Coulomb-14        LJ (SR)   Coulomb (SR)      Potential Pressure (bar)
    6.28806e+01   -1.19852e+01   -1.50362e+02    2.58682e-01    0.00000e+00

           Step           Time
             10       10.00000

           Step           Time
             11       11.00000

   Energies (kJ/mol)
           Bond          Angle    Proper Dih. Ryckaert-Bell.          LJ-14
    4.14938e+00    7.06479e+00    2.21908e-01    3.91122e+01    4.91875e+01
     Coulomb-14        LJ (SR)   Coulomb (SR)      Potential Pressure (bar)
    6.28577e+01   -1.19827e+01   -1.50379e+02    2.31506e-01    0.00000e+00

           Step           Time
             12       12.00000

   Energies (kJ/mol)
           Bond          Angle    Proper Dih. Ryckaert-Bell.          LJ-14
    4.11747e+00    7.06282e+00    2.25820e-01    3.90938e+01    4.91867e+01
     Coulomb-14        LJ (SR)   Coulomb (SR)      Potential Pressure (bar)
    6.28891e+01   -1.19776e+01   -1.50374e+02    2.23770e-01    0.00000e+00

           Step           Time
             13       13.00000

   Energies (kJ/mol)
           Bond          Angle    Proper Dih. Ryckaert-Bell.          LJ-14
    4.14961e+00    7.05906e+00    2.26040e-01    3.90849e+01    4.92114e+01
     Coulomb-14        LJ (SR)   Coulomb (SR)      Potential Pressure (bar)
    6.28548e+01   -1.19701e+01   -1.50393e+02    2.23099e-01    0.00000e+00

           Step           Time
             14       14.00000

   Energies (kJ/mol)
           Bond          Angle    Proper Dih. Ryckaert-Bell.          LJ-14
    4.10324e+00    7.06048e+00    2.28718e-01    3.90769e+01    4.91933e+01
     Coulomb-14        LJ (SR)   Coulomb (SR)      Potential Pressure (bar)
    6.28979e+01   -1.19687e+01   -1.50374e+02    2.17545e-01    0.00000e+00

           Step           Time
             15       15.00000

           Step           Time
             16       16.00000

   Energies (kJ/mol)
           Bond          Angle    Proper Dih. Ryckaert-Bell.          LJ-14
    4.10541e+00    7.05337e+00    2.28172e-01    3.90730e+01    4.92111e+01
     Coulomb-14        LJ (SR)   Coulomb (SR)      Potential Pressure (bar)
    6.28743e+01   -1.19637e+01   -1.50387e+02    1.94977e-01    0.00000e+00

           Step           Time
             17       17.00000

           Step           Time
             18       18.00000

   Energies (kJ/mol)
           Bond          Angle    Proper Dih. Ryckaert-Bell.          LJ-14
    4.08769e+00    7.05240e+00    2.29709e-01    3.90664e+01    4.92055e+01
     Coulomb-14        LJ (SR)   Coulomb (SR)      Potential Pressure (bar)
    6.28901e+01   -1.19606e+01   -1.50379e+02    1.92154e-01    0.00000e+00

           Step           Time
             19       19.00000

           Step           Time
             20       20.00000

   Energies (kJ/mol)
           Bond          Angle    Proper Dih. Ryckaert-Bell.          LJ-14
    4.08897e+00    7.04921e+00    2.29574e-01    3.90630e+01    4.92140e+01
     Coulomb-14        LJ (SR)   Coulomb (SR)      Potential Pressure (bar)
    6.28830e+01   -1.19572e+01   -1.50384e+02    1.86890e-01    0.00000e+00

           Step           Time
             21       21.00000

   Energies (kJ/mol)
           Bond          Angle    Proper Dih. Ryckaert-Bell.          LJ-14
    4.07155e+00    7.04651e+00    2.31140e-01    3.90527e+01    4.92128e+01
     Coulomb-14        LJ (SR)   Coulomb (SR)      Potential Pressure (bar)
    6.28961e+01   -1.19507e+01   -1.50377e+02    1.83533e-01    0.00000e+00

           Step           Time
             22       22.00000

   Energies (kJ/mol)
           Bond          Angle    Proper Dih. Ryckaert-Bell.          LJ-14
    4.07955e+00    7.04046e+00    2.30679e-01    3.90480e+01    4.92250e+01
     Coulomb-14        LJ (SR)   Coulomb (SR)      Potential Pressure (bar)
    6.28871e+01   -1.19457e+01   -1.50383e+02    1.82007e-01    0.00000e+00

           Step           Time
             23       23.00000

   Energies (kJ/mol)
           Bond          Angle    Proper Dih. Ryckaert-Bell.          LJ-14
    4.06330e+00    7.04225e+00    2.31697e-01    3.90448e+01    4.92146e+01
     Coulomb-14        LJ (SR)   Coulomb (SR)      Potential Pressure (bar)
    6.29020e+01   -1.19452e+01   -1.50373e+02    1.80511e-01    0.00000e+00

           Step           Time
             24       24.00000

           Step           Time
             25       25.00000

   Energies (kJ/mol)
           Bond          Angle    Proper Dih. Ryckaert-Bell.          LJ-14
    4.06682e+00    7.03681e+00    2.31276e-01    3.90421e+01    4.92233e+01
     Coulomb-14        LJ (SR)   Coulomb (SR)      Potential Pressure (bar)
    6.28958e+01   -1.19422e+01   -1.50378e+02    1.76163e-01    0.00000e+00

           Step           Time
             26       26.00000

   Energies (kJ/mol)
           Bond          Angle    Proper Dih. Ryckaert-Bell.          LJ-14
    4.05417e+00    7.03562e+00    2.32094e-01    3.90354e+01    4.92176e+01
     Coulomb-14        LJ (SR)   Coulomb (SR)      Potential Pressure (bar)
    6.29086e+01   -1.19388e+01   -1.50368e+02    1.76147e-01    0.00000e+00

           Step           Time
             27       27.00000

   Energies (kJ/mol)
           Bond          Angle    Proper Dih. Ryckaert-Bell.          LJ-14
    4.06352e+00    7.02757e+00    2.31391e-01    3.90318e+01    4.92305e+01
     Coulomb-14        LJ (SR)   Coulomb (SR)      Potential Pressure (bar)
    6.29000e+01   -1.19347e+01   -1.50376e+02    1.74332e-01    0.00000e+00

           Step           Time
             28       28.00000

           Step           Time
             29       29.00000

   Energies (kJ/mol)
           Bond          Angle    Proper Dih. Ryckaert-Bell.          LJ-14
    4.05341e+00    7.02894e+00    2.31866e-01    3.90305e+01    4.92239e+01
     Coulomb-14        LJ (SR)   Coulomb (SR)      Potential Pressure (bar)
    6.29070e+01   -1.19351e+01   -1.50370e+02    1.70822e-01    0.00000e+00

           Step           Time
             30       30.00000

   Energies (kJ/mol)
           Bond          Angle    Proper Dih. Ryckaert-Bell.          LJ-14
    4.05485e+00    7.01829e+00    2.31518e-01    3.90203e+01    4.92338e+01
     Coulomb-14        LJ (SR)   Coulomb (SR)      Potential Pressure (bar)
    6.29088e+01   -1.19282e+01   -1.50369e+02    1.70044e-01    0.00000e+00

           Step           Time
             31       31.00000

   Energies (kJ/mol)
           Bond          Angle    Proper Dih. Ryckaert-Bell.          LJ-14
    4.04283e+00    7.02187e+00    2.32132e-01    3.90192e+01    4.92231e+01
     Coulomb-14        LJ (SR)   Coulomb (SR)      Potential Pressure (bar)
    6.29180e+01   -1.19295e+01   -1.50360e+02    1.67419e-01    0.00000e+00

           Step           Time
             32       32.00000

           Step           Time
             33       33.00000

   Energies (kJ/mol)
           Bond          Angle    Proper Dih. Ryckaert-Bell.          LJ-14
    4.04775e+00    7.01613e+00    2.31697e-01    3.90167e+01    4.92303e+01
     Coulomb-14        LJ (SR)   Coulomb (SR)      Potential Pressure (bar)
    6.29145e+01   -1.19272e+01   -1.50364e+02    1.65909e-01    0.00000e+00

           Step           Time
             34       34.00000

   Energies (kJ/mol)
           Bond          Angle    Proper Dih. Ryckaert-Bell.          LJ-14
    4.03993e+00    7.01828e+00    2.32110e-01    3.90145e+01    4.92232e+01
     Coulomb-14        LJ (SR)   Coulomb (SR)      Potential Pressure (bar)
    6.29218e+01   -1.19276e+01   -1.50357e+02    1.65604e-01    0.00000e+00

           Step           Time
             35       35.00000

   Energies (kJ/mol)
           Bond          Angle    Proper Dih. Ryckaert-Bell.          LJ-14
    4.04875e+00    7.01049e+00    2.31491e-01    3.90112e+01    4.92336e+01
     Coulomb-14        LJ (SR)   Coulomb (SR)      Potential Pressure (bar)
    6.29167e+01   -1.19247e+01   -1.50362e+02    1.65466e-01    0.00000e+00

           Step           Time
             36       36.00000

   Energies (kJ/mol)
           Bond          Angle    Proper Dih. Ryckaert-Bell.          LJ-14
    4.03672e+00    7.01594e+00    2.32121e-01    3.90101e+01    4.92225e+01
     Coulomb-14        LJ (SR)   Coulomb (SR)      Potential Pressure (bar)
    6.29258e+01   -1.19263e+01   -1.50352e+02    1.64673e-01    0.00000e+00

           Step           Time
             37       37.00000

           Step           Time
             38       38.00000

   Energies (kJ/mol)
           Bond          Angle    Proper Dih. Ryckaert-Bell.          LJ-14
    4.04136e+00    7.00981e+00    2.31687e-01    3.90081e+01    4.92300e+01
     Coulomb-14        LJ (SR)   Coulomb (SR)      Potential Pressure (bar)
    6.29219e+01   -1.19244e+01   -1.50357e+02    1.62003e-01    0.00000e+00

           Step           Time
             39       39.00000

           Step           Time
             40       40.00000

   Energies (kJ/mol)
           Bond          Angle    Proper Dih. Ryckaert-Bell.          LJ-14
    4.03709e+00    7.01055e+00    2.31862e-01    3.90061e+01    4.92262e+01
     Coulomb-14        LJ (SR)   Coulomb (SR)      Potential Pressure (bar)
    6.29258e+01   -1.19244e+01   -1.50352e+02    1.61194e-01    0.00000e+00

           Step           Time
             41       41.00000

   Energies (kJ/mol)
           Bond          Angle    Proper Dih. Ryckaert-Bell.          LJ-14
    4.04141e+00    7.00526e+00    2.31507e-01    3.90030e+01    4.92320e+01
     Coulomb-14        LJ (SR)   Coulomb (SR)      Potential Pressure (bar)
    6.29240e+01   -1.19226e+01   -1.50354e+02    1.60706e-01    0.00000e+00

           Step           Time
             42       42.00000

   Energies (kJ/mol)
           Bond          Angle    Proper Dih. Ryckaert-Bell.          LJ-14
    4.03513e+00    7.00775e+00    2.31803e-01    3.90019e+01    4.92262e+01
     Coulomb-14        LJ (SR)   Coulomb (SR)      Potential Pressure (bar)
    6.29286e+01   -1.19234e+01   -1.50348e+02    1.59576e-01    0.00000e+00

           Step           Time
             43       43.00000

           Step           Time
             44       44.00000

   Energies (kJ/mol)
           Bond          Angle    Proper Dih. Ryckaert-Bell.          LJ-14
    4.03799e+00    7.00412e+00    2.31544e-01    3.90000e+01    4.92301e+01
     Coulomb-14        LJ (SR)   Coulomb (SR)      Potential Pressure (bar)
    6.29272e+01   -1.19222e+01   -1.50350e+02    1.58737e-01    0.00000e+00

           Step           Time
             45       45.00000

   Energies (kJ/mol)
           Bond          Angle    Proper Dih. Ryckaert-Bell.          LJ-14
    4.03341e+00    7.00523e+00    2.31711e-01    3.89980e+01    4.92264e+01
     Coulomb-14        LJ (SR)   Coulomb (SR)      Potential Pressure (bar)
    6.29310e+01   -1.19225e+01   -1.50345e+02    1.57974e-01    0.00000e+00

           Step           Time
             46       46.00000

   Energies (kJ/mol)
           Bond          Angle    Proper Dih. Ryckaert-Bell.          LJ-14
    4.03848e+00    7.00005e+00    2.31325e-01    3.89952e+01    4.92322e+01
     Coulomb-14        LJ (SR)   Coulomb (SR)      Potential Pressure (bar)
    6.29287e+01   -1.19208e+01   -1.50348e+02    1.57455e-01    0.00000e+00

           Step           Time
             47       47.00000

   Energies (kJ/mol)
           Bond          Angle    Proper Dih. Ryckaert-Bell.          LJ-14
    4.03194e+00    7.00316e+00    2.31651e-01    3.89943e+01    4.92259e+01
     Coulomb-14        LJ (SR)   Coulomb (SR)      Potential Pressure (bar)
    6.29333e+01   -1.19219e+01   -1.50342e+02    1.56540e-01    0.00000e+00

           Step           Time
             48       48.00000

           Step           Time
             49       49.00000

   Energies (kJ/mol)
           Bond          Angle    Proper Dih. Ryckaert-Bell.          LJ-14
    4.03505e+00    6.99931e+00    2.31385e-01    3.89925e+01    4.92302e+01
     Coulomb-14        LJ (SR)   Coulomb (SR)      Potential Pressure (bar)
    6.29317e+01   -1.19208e+01   -1.50344e+02    1.55609e-01    0.00000e+00

           Step           Time
             50       50.00000

   Energies (kJ/mol)
           Bond          Angle    Proper Dih. Ryckaert-Bell.          LJ-14
    4.03095e+00    7.00080e+00    2.31545e-01    3.89905e+01    4.92259e+01
     Coulomb-14        LJ (SR)   Coulomb (SR)      Potential Pressure (bar)
    6.29353e+01   -1.19213e+01   -1.50339e+02    1.54907e-01    0.00000e+00

           Step           Time
             51       51.00000

   Energies (kJ/mol)
           Bond          Angle    Proper Dih. Ryckaert-Bell.          LJ-14
    4.03600e+00    6.99564e+00    2.31154e-01    3.89879e+01    4.92322e+01
     Coulomb-14        LJ (SR)   Coulomb (SR)      Potential Pressure (bar)
    6.29329e+01   -1.19198e+01   -1.50342e+02    1.54419e-01    0.00000e+00

           Step           Time
             52       52.00000

   Energies (kJ/mol)
           Bond          Angle    Proper Dih. Ryckaert-Bell.          LJ-14
    4.02949e+00    6.99927e+00    2.31488e-01    3.89870e+01    4.92256e+01
     Coulomb-14        LJ (SR)   Coulomb (SR)      Potential Pressure (bar)
    6.29373e+01   -1.19210e+01   -1.50336e+02    1.53625e-01    0.00000e+00

           Step           Time
             53       53.00000

           Step           Time
             54       54.00000

   Energies (kJ/mol)
           Bond          Angle    Proper Dih. Ryckaert-Bell.          LJ-14
    4.03261e+00    6.99566e+00    2.31211e-01    3.89855e+01    4.92299e+01
     Coulomb-14        LJ (SR)   Coulomb (SR)      Potential Pressure (bar)
    6.29355e+01   -1.19200e+01   -1.50338e+02    1.52527e-01    0.00000e+00

           Step           Time
             55       55.00000

   Energies (kJ/mol)
           Bond          Angle    Proper Dih. Ryckaert-Bell.          LJ-14
    4.02845e+00    6.99701e+00    2.31345e-01    3.89831e+01    4.92260e+01
     Coulomb-14        LJ (SR)   Coulomb (SR)      Potential Pressure (bar)
    6.29391e+01   -1.19205e+01   -1.50333e+02    1.51764e-01    0.00000e+00

           Step           Time
             56       56.00000

   Energies (kJ/mol)
           Bond          Angle    Proper Dih. Ryckaert-Bell.          LJ-14
    4.03386e+00    6.99199e+00    2.30939e-01    3.89808e+01    4.92322e+01
     Coulomb-14        LJ (SR)   Coulomb (SR)      Potential Pressure (bar)
    6.29364e+01   -1.19190e+01   -1.50336e+02    1.51184e-01    0.00000e+00

           Step           Time
             57       57.00000

   Energies (kJ/mol)
           Bond          Angle    Proper Dih. Ryckaert-Bell.          LJ-14
    4.02710e+00    6.99588e+00    2.31274e-01    3.89800e+01    4.92255e+01
     Coulomb-14        LJ (SR)   Coulomb (SR)      Potential Pressure (bar)
    6.29409e+01   -1.19203e+01   -1.50330e+02    1.50558e-01    0.00000e+00

           Step           Time
             58       58.00000

           Step           Time
             59       59.00000

   Energies (kJ/mol)
           Bond          Angle    Proper Dih. Ryckaert-Bell.          LJ-14
    4.03038e+00    6.99216e+00    2.31010e-01    3.89785e+01    4.92300e+01
     Coulomb-14        LJ (SR)   Coulomb (SR)      Potential Pressure (bar)
    6.29389e+01   -1.19192e+01   -1.50332e+02    1.49475e-01    0.00000e+00

           Step           Time
             60       60.00000

   Energies (kJ/mol)
           Bond          Angle    Proper Dih. Ryckaert-Bell.          LJ-14
    4.02699e+00    6.99347e+00    2.31155e-01    3.89760e+01    4.92259e+01
     Coulomb-14        LJ (SR)   Coulomb (SR)      Potential Pressure (bar)
    6.29422e+01   -1.19199e+01   -1.50327e+02    1.48605e-01    0.00000e+00

           Step           Time
             61       61.00000

   Energies (kJ/mol)
           Bond          Angle    Proper Dih. Ryckaert-Bell.          LJ-14
    4.03221e+00    6.98871e+00    2.30741e-01    3.89737e+01    4.92326e+01
     Coulomb-14        LJ (SR)   Coulomb (SR)      Potential Pressure (bar)
    6.29392e+01   -1.19184e+01   -1.50331e+02    1.48209e-01    0.00000e+00

           Step           Time
             62       62.00000

   Energies (kJ/mol)
           Bond          Angle    Proper Dih. Ryckaert-Bell.          LJ-14
    4.02562e+00    6.99309e+00    2.31094e-01    3.89730e+01    4.92252e+01
     Coulomb-14        LJ (SR)   Coulomb (SR)      Potential Pressure (bar)
    6.29436e+01   -1.19198e+01   -1.50324e+02    1.47476e-01    0.00000e+00

           Step           Time
             63       63.00000

           Step           Time
             64       64.00000

   Energies (kJ/mol)
           Bond          Angle    Proper Dih. Ryckaert-Bell.          LJ-14
    4.02917e+00    6.98917e+00    2.30806e-01    3.89716e+01    4.92300e+01
     Coulomb-14        LJ (SR)   Coulomb (SR)      Potential Pressure (bar)
    6.29413e+01   -1.19188e+01   -1.50327e+02    1.46271e-01    0.00000e+00

           Step           Time
             65       65.00000

   Energies (kJ/mol)
           Bond          Angle    Proper Dih. Ryckaert-Bell.          LJ-14
    4.02500e+00    6.99135e+00    2.30984e-01    3.89692e+01    4.92255e+01
     Coulomb-14        LJ (SR)   Coulomb (SR)      Potential Pressure (bar)
    6.29448e+01   -1.19196e+01   -1.50322e+02    1.45538e-01    0.00000e+00

           Step           Time
             66       66.00000

   Energies (kJ/mol)
           Bond          Angle    Proper Dih. Ryckaert-Bell.          LJ-14
    4.03095e+00    6.98618e+00    2.30549e-01    3.89671e+01    4.92323e+01
     Coulomb-14        LJ (SR)   Coulomb (SR)      Potential Pressure (bar)
    6.29416e+01   -1.19181e+01   -1.50326e+02    1.44943e-01    0.00000e+00

           Step           Time
             67       67.00000

   Energies (kJ/mol)
           Bond          Angle    Proper Dih. Ryckaert-Bell.          LJ-14
    4.02428e+00    6.99089e+00    2.30917e-01    3.89664e+01    4.92247e+01
     Coulomb-14        LJ (SR)   Coulomb (SR)      Potential Pressure (bar)
    6.29461e+01   -1.19196e+01   -1.50319e+02    1.44501e-01    0.00000e+00

           Step           Time
             68       68.00000

           Step           Time
             69       69.00000

   Energies (kJ/mol)
           Bond          Angle    Proper Dih. Ryckaert-Bell.          LJ-14
    4.02782e+00    6.98701e+00    2.30635e-01    3.89650e+01    4.92296e+01
     Coulomb-14        LJ (SR)   Coulomb (SR)      Potential Pressure (bar)
    6.29437e+01   -1.19185e+01   -1.50322e+02    1.43188e-01    0.00000e+00

           Step           Time
             70       70.00000

   Energies (kJ/mol)
           Bond          Angle    Proper Dih. Ryckaert-Bell.          LJ-14
    4.02424e+00    6.98883e+00    2.30782e-01    3.89626e+01    4.92258e+01
     Coulomb-14        LJ (SR)   Coulomb (SR)      Potential Pressure (bar)
    6.29468e+01   -1.19193e+01   -1.50317e+02    1.42319e-01    0.00000e+00

           Step           Time
             71       71.00000

   Energies (kJ/mol)
           Bond          Angle    Proper Dih. Ryckaert-Bell.          LJ-14
    4.03089e+00    6.98347e+00    2.30336e-01    3.89603e+01    4.92328e+01
     Coulomb-14        LJ (SR)   Coulomb (SR)      Potential Pressure (bar)
    6.29434e+01   -1.19178e+01   -1.50321e+02    1.42151e-01    0.00000e+00

           Step           Time
             72       72.00000

   Energies (kJ/mol)
           Bond          Angle    Proper Dih. Ryckaert-Bell.          LJ-14
    4.02369e+00    6.98816e+00    2.30747e-01    3.89598e+01    4.92250e+01
     Coulomb-14        LJ (SR)   Coulomb (SR)      Potential Pressure (bar)
    6.29482e+01   -1.19195e+01   -1.50315e+02    1.41296e-01    0.00000e+00

           Step           Time
             73       73.00000

           Step           Time
             74       74.00000

   Energies (kJ/mol)
           Bond          Angle    Proper Dih. Ryckaert-Bell.          LJ-14
    4.02722e+00    6.98442e+00    2.30440e-01    3.89584e+01    4.92300e+01
     Coulomb-14        LJ (SR)   Coulomb (SR)      Potential Pressure (bar)
    6.29457e+01   -1.19184e+01   -1.50318e+02    1.40106e-01    0.00000e+00

           Step           Time
             75       75.00000

   Energies (kJ/mol)
           Bond          Angle    Proper Dih. Ryckaert-Bell.          LJ-14
    4.02284e+00    6.98760e+00    2.30641e-01    3.89566e+01    4.92249e+01
     Coulomb-14        LJ (SR)   Coulomb (SR)      Potential Pressure (bar)
    6.29489e+01   -1.19194e+01   -1.50313e+02    1.39603e-01    0.00000e+00

           Step           Time
             76       76.00000

   Energies (kJ/mol)
           Bond          Angle    Proper Dih. Ryckaert-Bell.          LJ-14
    4.02931e+00    6.98217e+00    2.30199e-01    3.89546e+01    4.92323e+01
     Coulomb-14        LJ (SR)   Coulomb (SR)      Potential Pressure (bar)
    6.29453e+01   -1.19179e+01   -1.50317e+02    1.38992e-01    0.00000e+00

           Step           Time
             77       77.00000

   Energies (kJ/mol)
           Bond          Angle    Proper Dih. Ryckaert-Bell.          LJ-14
    4.02222e+00    6.98754e+00    2.30616e-01    3.89540e+01    4.92240e+01
     Coulomb-14        LJ (SR)   Coulomb (SR)      Potential Pressure (bar)
    6.29501e+01   -1.19195e+01   -1.50310e+02    1.38672e-01    0.00000e+00

           Step           Time
             78       78.00000

           Step           Time
             79       79.00000

   Energies (kJ/mol)
           Bond          Angle    Proper Dih. Ryckaert-Bell.          LJ-14
    4.02571e+00    6.98364e+00    2.30323e-01    3.89527e+01    4.92293e+01
     Coulomb-14        LJ (SR)   Coulomb (SR)      Potential Pressure (bar)
    6.29473e+01   -1.19184e+01   -1.50313e+02    1.37131e-01    0.00000e+00

           Step           Time
             80       80.00000

   Energies (kJ/mol)
           Bond          Angle    Proper Dih. Ryckaert-Bell.          LJ-14
    4.02320e+00    6.98505e+00    2.30408e-01    3.89503e+01    4.92257e+01
     Coulomb-14        LJ (SR)   Coulomb (SR)      Potential Pressure (bar)
    6.29499e+01   -1.19191e+01   -1.50309e+02    1.36124e-01    0.00000e+00

           Step           Time
             81       81.00000

           Step           Time
             82       82.00000

   Energies (kJ/mol)
           Bond          Angle    Proper Dih. Ryckaert-Bell.          LJ-14
    4.02583e+00    6.98250e+00    2.30164e-01    3.89491e+01    4.92294e+01
     Coulomb-14        LJ (SR)   Coulomb (SR)      Potential Pressure (bar)
    6.29480e+01   -1.19183e+01   -1.50311e+02    1.35315e-01    0.00000e+00

           Step           Time
             83       83.00000

   Energies (kJ/mol)
           Bond          Angle    Proper Dih. Ryckaert-Bell.          LJ-14
    4.02281e+00    6.98441e+00    2.30285e-01    3.89474e+01    4.92259e+01
     Coulomb-14        LJ (SR)   Coulomb (SR)      Potential Pressure (bar)
    6.29503e+01   -1.19191e+01   -1.50307e+02    1.34613e-01    0.00000e+00

           Step           Time
             84       84.00000

   Energies (kJ/mol)
           Bond          Angle    Proper Dih. Ryckaert-Bell.          LJ-14
    4.02746e+00    6.98069e+00    2.29947e-01    3.89455e+01    4.92313e+01
     Coulomb-14        LJ (SR)   Coulomb (SR)      Potential Pressure (bar)
    6.29476e+01   -1.19179e+01   -1.50311e+02    1.34079e-01    0.00000e+00

           Step           Time
             85       85.00000

   Energies (kJ/mol)
           Bond          Angle    Proper Dih. Ryckaert-Bell.          LJ-14
    4.02215e+00    6.98443e+00    2.30236e-01    3.89449e+01    4.92253e+01
     Coulomb-14        LJ (SR)   Coulomb (SR)      Potential Pressure (bar)
    6.29511e+01   -1.19192e+01   -1.50305e+02    1.33453e-01    0.00000e+00

           Step           Time
             86       86.00000

           Step           Time
             87       87.00000

   Energies (kJ/mol)
           Bond          Angle    Proper Dih. Ryckaert-Bell.          LJ-14
    4.02536e+00    6.98153e+00    2.29995e-01    3.89437e+01    4.92291e+01
     Coulomb-14        LJ (SR)   Coulomb (SR)      Potential Pressure (bar)
    6.29490e+01   -1.19183e+01   -1.50308e+02    1.32446e-01    0.00000e+00

           Step           Time
             88       88.00000

   Energies (kJ/mol)
           Bond          Angle    Proper Dih. Ryckaert-Bell.          LJ-14
    4.02243e+00    6.98349e+00    2.30146e-01    3.89420e+01    4.92259e+01
     Coulomb-14        LJ (SR)   Coulomb (SR)      Potential Pressure (bar)
    6.29512e+01   -1.19190e+01   -1.50304e+02    1.31729e-01    0.00000e+00

           Step           Time
             89       89.00000

   Energies (kJ/mol)
           Bond          Angle    Proper Dih. Ryckaert-Bell.          LJ-14
    4.02756e+00    6.97976e+00    2.29797e-01    3.89400e+01    4.92312e+01
     Coulomb-14        LJ (SR)   Coulomb (SR)      Potential Pressure (bar)
    6.29482e+01   -1.19178e+01   -1.50308e+02    1.31241e-01    0.00000e+00

           Step           Time
             90       90.00000

   Energies (kJ/mol)
           Bond          Angle    Proper Dih. Ryckaert-Bell.          LJ-14
    4.02190e+00    6.98357e+00    2.30110e-01    3.89395e+01    4.92252e+01
     Coulomb-14        LJ (SR)   Coulomb (SR)      Potential Pressure (bar)
    6.29519e+01   -1.19192e+01   -1.50302e+02    1.30539e-01    0.00000e+00

           Step           Time
             91       91.00000

           Step           Time
             92       92.00000

   Energies (kJ/mol)
           Bond          Angle    Proper Dih. Ryckaert-Bell.          LJ-14
    4.02513e+00    6.98090e+00    2.29874e-01    3.89382e+01    4.92289e+01
     Coulomb-14        LJ (SR)   Coulomb (SR)      Potential Pressure (bar)
    6.29497e+01   -1.19183e+01   -1.50305e+02    1.29684e-01    0.00000e+00

           Step           Time
             93       93.00000

   Energies (kJ/mol)
           Bond          Angle    Proper Dih. Ryckaert-Bell.          LJ-14
    4.02241e+00    6.98276e+00    2.30021e-01    3.89367e+01    4.92251e+01
     Coulomb-14        LJ (SR)   Coulomb (SR)      Potential Pressure (bar)
    6.29521e+01   -1.19191e+01   -1.50301e+02    1.29044e-01    0.00000e+00

           Step           Time
             94       94.00000

   Energies (kJ/mol)
           Bond          Angle    Proper Dih. Ryckaert-Bell.          LJ-14
    4.02713e+00    6.97931e+00    2.29665e-01    3.89349e+01    4.92307e+01
     Coulomb-14        LJ (SR)   Coulomb (SR)      Potential Pressure (bar)
    6.29490e+01   -1.19179e+01   -1.50304e+02    1.28464e-01    0.00000e+00

           Step           Time
             95       95.00000

   Energies (kJ/mol)
           Bond          Angle    Proper Dih. Ryckaert-Bell.          LJ-14
    4.02166e+00    6.98322e+00    2.29975e-01    3.89343e+01    4.92244e+01
     Coulomb-14        LJ (SR)   Coulomb (SR)      Potential Pressure (bar)
    6.29527e+01   -1.19193e+01   -1.50299e+02    1.27930e-01    0.00000e+00

           Step           Time
             96       96.00000

           Step           Time
             97       97.00000

   Energies (kJ/mol)
           Bond          Angle    Proper Dih. Ryckaert-Bell.          LJ-14
    4.02496e+00    6.98024e+00    2.29706e-01    3.89332e+01    4.92285e+01
     Coulomb-14        LJ (SR)   Coulomb (SR)      Potential Pressure (bar)
    6.29504e+01   -1.19184e+01   -1.50302e+02    1.26831e-01    0.00000e+00

           Step           Time
             98       98.00000

   Energies (kJ/mol)
           Bond          Angle    Proper Dih. Ryckaert-Bell.          LJ-14
    4.02201e+00    6.98235e+00    2.29839e-01    3.89315e+01    4.92253e+01
     Coulomb-14        LJ (SR)   Coulomb (SR)      Potential Pressure (bar)
    6.29524e+01   -1.19191e+01   -1.50298e+02    1.26007e-01    0.00000e+00

           Step           Time
             99       99.00000

   Energies (kJ/mol)
           Bond          Angle    Proper Dih. Ryckaert-Bell.          LJ-14
    4.02798e+00    6.97810e+00    2.29444e-01    3.89294e+01    4.92314e+01
     Coulomb-14        LJ (SR)   Coulomb (SR)      Potential Pressure (bar)
    6.29493e+01   -1.19178e+01   -1.50302e+02    1.25809e-01    0.00000e+00

           Step           Time
            100      100.00000

   Energies (kJ/mol)
           Bond          Angle    Proper Dih. Ryckaert-Bell.          LJ-14
    4.02182e+00    6.98242e+00    2.29785e-01    3.89290e+01    4.92244e+01
     Coulomb-14        LJ (SR)   Coulomb (SR)      Potential Pressure (bar)
    6.29531e+01   -1.19192e+01   -1.50297e+02    1.24786e-01    0.00000e+00

           Step           Time
            101      101.00000

           Step           Time
            102      102.00000

   Energies (kJ/mol)
           Bond          Angle    Proper Dih. Ryckaert-Bell.          LJ-14
    4.02527e+00    6.97929e+00    2.29528e-01    3.89277e+01    4.92289e+01
     Coulomb-14        LJ (SR)   Coulomb (SR)      Potential Pressure (bar)
    6.29508e+01   -1.19182e+01   -1.50299e+02    1.23962e-01    0.00000e+00

           Step           Time
            103      103.00000

   Energies (kJ/mol)
           Bond          Angle    Proper Dih. Ryckaert-Bell.          LJ-14
    4.02145e+00    6.98238e+00    2.29725e-01    3.89264e+01    4.92244e+01
     Coulomb-14        LJ (SR)   Coulomb (SR)      Potential Pressure (bar)
    6.29534e+01   -1.19192e+01   -1.50295e+02    1.23459e-01    0.00000e+00

           Step           Time
            104      104.00000

   Energies (kJ/mol)
           Bond          Angle    Proper Dih. Ryckaert-Bell.          LJ-14
    4.02717e+00    6.97786e+00    2.29337e-01    3.89247e+01    4.92306e+01
     Coulomb-14        LJ (SR)   Coulomb (SR)      Potential Pressure (bar)
    6.29503e+01   -1.19178e+01   -1.50299e+02    1.22955e-01    0.00000e+00

           Step           Time
            105      105.00000

   Energies (kJ/mol)
           Bond          Angle    Proper Dih. Ryckaert-Bell.          LJ-14
    4.02092e+00    6.98263e+00    2.29675e-01    3.89241e+01    4.92237e+01
     Coulomb-14        LJ (SR)   Coulomb (SR)      Potential Pressure (bar)
    6.29541e+01   -1.19193e+01   -1.50293e+02    1.22452e-01    0.00000e+00

           Step           Time
            106      106.00000

           Step           Time
            107      107.00000

   Energies (kJ/mol)
           Bond          Angle    Proper Dih. Ryckaert-Bell.          LJ-14
    4.02469e+00    6.97905e+00    2.29429e-01    3.89230e+01    4.92281e+01
     Coulomb-14        LJ (SR)   Coulomb (SR)      Potential Pressure (bar)
    6.29518e+01   -1.19184e+01   -1.50296e+02    1.21262e-01    0.00000e+00

           Step           Time
            108      108.00000

   Energies (kJ/mol)
           Bond          Angle    Proper Dih. Ryckaert-Bell.          LJ-14
    4.02173e+00    6.98116e+00    2.29522e-01    3.89212e+01    4.92249e+01
     Coulomb-14        LJ (SR)   Coulomb (SR)      Potential Pressure (bar)
    6.29538e+01   -1.19190e+01   -1.50293e+02    1.20331e-01    0.00000e+00

           Step           Time
            109      109.00000

   Energies (kJ/mol)
           Bond          Angle    Proper Dih. Ryckaert-Bell.          LJ-14
    4.02830e+00    6.97660e+00    2.29132e-01    3.89191e+01    4.92315e+01
     Coulomb-14        LJ (SR)   Coulomb (SR)      Potential Pressure (bar)
    6.29503e+01   -1.19177e+01   -1.50297e+02    1.20239e-01    0.00000e+00

           Step           Time
            110      110.00000

   Energies (kJ/mol)
           Bond          Angle    Proper Dih. Ryckaert-Bell.          LJ-14
    4.02097e+00    6.98172e+00    2.29484e-01    3.89188e+01    4.92241e+01
     Coulomb-14        LJ (SR)   Coulomb (SR)      Potential Pressure (bar)
    6.29546e+01   -1.19192e+01   -1.50291e+02    1.19232e-01    0.00000e+00

           Step           Time
            111      111.00000

           Step           Time
            112      112.00000

   Energies (kJ/mol)
           Bond          Angle    Proper Dih. Ryckaert-Bell.          LJ-14
    4.02513e+00    6.97828e+00    2.29230e-01    3.89176e+01    4.92287e+01
     Coulomb-14        LJ (SR)   Coulomb (SR)      Potential Pressure (bar)
    6.29520e+01   -1.19183e+01   -1.50294e+02    1.18362e-01    0.00000e+00

           Step           Time
            113      113.00000

   Energies (kJ/mol)
           Bond          Angle    Proper Dih. Ryckaert-Bell.          LJ-14
    4.02120e+00    6.98164e+00    2.29427e-01    3.89164e+01    4.92237e+01
     Coulomb-14        LJ (SR)   Coulomb (SR)      Potential Pressure (bar)
    6.29547e+01   -1.19193e+01   -1.50290e+02    1.17813e-01    0.00000e+00

           Step           Time
            114      114.00000

   Energies (kJ/mol)
           Bond          Angle    Proper Dih. Ryckaert-Bell.          LJ-14
    4.02727e+00    6.97700e+00    2.29043e-01    3.89147e+01    4.92304e+01
     Coulomb-14        LJ (SR)   Coulomb (SR)      Potential Pressure (bar)
    6.29511e+01   -1.19179e+01   -1.50294e+02    1.17355e-01    0.00000e+00

           Step           Time
            115      115.00000

   Energies (kJ/mol)
           Bond          Angle    Proper Dih. Ryckaert-Bell.          LJ-14
    4.02066e+00    6.98214e+00    2.29392e-01    3.89143e+01    4.92229e+01
     Coulomb-14        LJ (SR)   Coulomb (SR)      Potential Pressure (bar)
    6.29554e+01   -1.19195e+01   -1.50288e+02    1.16913e-01    0.00000e+00

           Step           Time
            116      116.00000

           Step           Time
            117      117.00000

   Energies (kJ/mol)
           Bond          Angle    Proper Dih. Ryckaert-Bell.          LJ-14
    4.02432e+00    6.97875e+00    2.29112e-01    3.89131e+01    4.92276e+01
     Coulomb-14        LJ (SR)   Coulomb (SR)      Potential Pressure (bar)
    6.29526e+01   -1.19185e+01   -1.50291e+02    1.15646e-01    0.00000e+00

           Step           Time
            118      118.00000

   Energies (kJ/mol)
           Bond          Angle    Proper Dih. Ryckaert-Bell.          LJ-14
    4.02094e+00    6.98128e+00    2.29251e-01    3.89113e+01    4.92244e+01
     Coulomb-14        LJ (SR)   Coulomb (SR)      Potential Pressure (bar)
    6.29548e+01   -1.19192e+01   -1.50288e+02    1.14807e-01    0.00000e+00

           Step           Time
            119      119.00000

   Energies (kJ/mol)
           Bond          Angle    Proper Dih. Ryckaert-Bell.          LJ-14
    4.02841e+00    6.97662e+00    2.28827e-01    3.89093e+01    4.92308e+01
     Coulomb-14        LJ (SR)   Coulomb (SR)      Potential Pressure (bar)
    6.29508e+01   -1.19178e+01   -1.50292e+02    1.14639e-01    0.00000e+00

           Step           Time
            120      120.00000

   Energies (kJ/mol)
           Bond          Angle    Proper Dih. Ryckaert-Bell.          LJ-14
    4.02100e+00    6.98153e+00    2.29227e-01    3.89091e+01    4.92233e+01
     Coulomb-14        LJ (SR)   Coulomb (SR)      Potential Pressure (bar)
    6.29553e+01   -1.19194e+01   -1.50286e+02    1.13754e-01    0.00000e+00

           Step           Time
            121      121.00000

           Step           Time
            122      122.00000

   Energies (kJ/mol)
           Bond          Angle    Proper Dih. Ryckaert-Bell.          LJ-14
    4.02471e+00    6.97842e+00    2.28933e-01    3.89079e+01    4.92281e+01
     Coulomb-14        LJ (SR)   Coulomb (SR)      Potential Pressure (bar)
    6.29525e+01   -1.19183e+01   -1.50290e+02    1.12671e-01    0.00000e+00

           Step           Time
            123      123.00000

   Energies (kJ/mol)
           Bond          Angle    Proper Dih. Ryckaert-Bell.          LJ-14
    4.02090e+00    6.98163e+00    2.29167e-01    3.89065e+01    4.92230e+01
     Coulomb-14        LJ (SR)   Coulomb (SR)      Potential Pressure (bar)
    6.29554e+01   -1.19193e+01   -1.50285e+02    1.12244e-01    0.00000e+00

           Step           Time
            124      124.00000

   Energies (kJ/mol)
           Bond          Angle    Proper Dih. Ryckaert-Bell.          LJ-14
    4.02730e+00    6.97698e+00    2.28735e-01    3.89048e+01    4.92300e+01
     Coulomb-14        LJ (SR)   Coulomb (SR)      Potential Pressure (bar)
    6.29514e+01   -1.19178e+01   -1.50290e+02    1.11618e-01    0.00000e+00

           Step           Time
            125      125.00000

   Energies (kJ/mol)
           Bond          Angle    Proper Dih. Ryckaert-Bell.          LJ-14
    4.02036e+00    6.98239e+00    2.29137e-01    3.89044e+01    4.92221e+01
     Coulomb-14        LJ (SR)   Coulomb (SR)      Potential Pressure (bar)
    6.29560e+01   -1.19195e+01   -1.50283e+02    1.11450e-01    0.00000e+00

           Step           Time
            126      126.00000

           Step           Time
            127      127.00000

   Energies (kJ/mol)
           Bond          Angle    Proper Dih. Ryckaert-Bell.          LJ-14
    4.02393e+00    6.97881e+00    2.28827e-01    3.89033e+01    4.92271e+01
     Coulomb-14        LJ (SR)   Coulomb (SR)      Potential Pressure (bar)
    6.29531e+01   -1.19184e+01   -1.50287e+02    1.09833e-01    0.00000e+00

           Step           Time
            128      128.00000

   Energies (kJ/mol)
           Bond          Angle    Proper Dih. Ryckaert-Bell.          LJ-14
    4.02188e+00    6.98064e+00    2.28933e-01    3.89012e+01    4.92241e+01
     Coulomb-14        LJ (SR)   Coulomb (SR)      Potential Pressure (bar)
    6.29547e+01   -1.19190e+01   -1.50284e+02    1.08795e-01    0.00000e+00

           Step           Time
            129      129.00000

           Step           Time
            130      130.00000

   Energies (kJ/mol)
           Bond          Angle    Proper Dih. Ryckaert-Bell.          LJ-14
    4.02490e+00    6.97840e+00    2.28710e-01    3.89001e+01    4.92277e+01
     Coulomb-14        LJ (SR)   Coulomb (SR)      Potential Pressure (bar)
    6.29526e+01   -1.19182e+01   -1.50286e+02    1.08124e-01    0.00000e+00

           Step           Time
            131      131.00000

   Energies (kJ/mol)
           Bond          Angle    Proper Dih. Ryckaert-Bell.          LJ-14
    4.02202e+00    6.98052e+00    2.28891e-01    3.88991e+01    4.92239e+01
     Coulomb-14        LJ (SR)   Coulomb (SR)      Potential Pressure (bar)
    6.29548e+01   -1.19190e+01   -1.50283e+02    1.07513e-01    0.00000e+00

           Step           Time
            132      132.00000

   Energies (kJ/mol)
           Bond          Angle    Proper Dih. Ryckaert-Bell.          LJ-14
    4.02673e+00    6.97743e+00    2.28540e-01    3.88974e+01    4.92291e+01
     Coulomb-14        LJ (SR)   Coulomb (SR)      Potential Pressure (bar)
    6.29518e+01   -1.19178e+01   -1.50286e+02    1.07086e-01    0.00000e+00

           Step           Time
            133      133.00000

   Energies (kJ/mol)
           Bond          Angle    Proper Dih. Ryckaert-Bell.          LJ-14
    4.02167e+00    6.98101e+00    2.28847e-01    3.88970e+01    4.92232e+01
     Coulomb-14        LJ (SR)   Coulomb (SR)      Potential Pressure (bar)
    6.29553e+01   -1.19190e+01   -1.50282e+02    1.06430e-01    0.00000e+00

           Step           Time
            134      134.00000

           Step           Time
            135      135.00000

   Energies (kJ/mol)
           Bond          Angle    Proper Dih. Ryckaert-Bell.          LJ-14
    4.02454e+00    6.97860e+00    2.28596e-01    3.88959e+01    4.92270e+01
     Coulomb-14        LJ (SR)   Coulomb (SR)      Potential Pressure (bar)
    6.29532e+01   -1.19182e+01   -1.50284e+02    1.05606e-01    0.00000e+00

           Step           Time
            136      136.00000

   Energies (kJ/mol)
           Bond          Angle    Proper Dih. Ryckaert-Bell.          LJ-14
    4.02220e+00    6.98064e+00    2.28733e-01    3.88946e+01    4.92235e+01
     Coulomb-14        LJ (SR)   Coulomb (SR)      Potential Pressure (bar)
    6.29549e+01   -1.19189e+01   -1.50281e+02    1.04843e-01    0.00000e+00

           Step           Time
            137      137.00000

   Energies (kJ/mol)
           Bond          Angle    Proper Dih. Ryckaert-Bell.          LJ-14
    4.02748e+00    6.97689e+00    2.28391e-01    3.88928e+01    4.92292e+01
     Coulomb-14        LJ (SR)   Coulomb (SR)      Potential Pressure (bar)
    6.29519e+01   -1.19177e+01   -1.50285e+02    1.04355e-01    0.00000e+00

           Step           Time
            138      138.00000

   Energies (kJ/mol)
           Bond          Angle    Proper Dih. Ryckaert-Bell.          LJ-14
    4.02149e+00    6.98133e+00    2.28705e-01    3.88924e+01    4.92231e+01
     Coulomb-14        LJ (SR)   Coulomb (SR)      Potential Pressure (bar)
    6.29553e+01   -1.19190e+01   -1.50280e+02    1.03699e-01    0.00000e+00

           Step           Time
            139      139.00000

           Step           Time
            140      140.00000

   Energies (kJ/mol)
           Bond          Angle    Proper Dih. Ryckaert-Bell.          LJ-14
    4.02471e+00    6.97856e+00    2.28462e-01    3.88913e+01    4.92270e+01
     Coulomb-14        LJ (SR)   Coulomb (SR)      Potential Pressure (bar)
    6.29531e+01   -1.19182e+01   -1.50282e+02    1.02814e-01    0.00000e+00

           Step           Time
            141      141.00000

   Energies (kJ/mol)
           Bond          Angle    Proper Dih. Ryckaert-Bell.          LJ-14
    4.02176e+00    6.98106e+00    2.28638e-01    3.88899e+01    4.92231e+01
     Coulomb-14        LJ (SR)   Coulomb (SR)      Potential Pressure (bar)
    6.29554e+01   -1.19189e+01   -1.50279e+02    1.02188e-01    0.00000e+00

           Step           Time
            142      142.00000

   Energies (kJ/mol)
           Bond          Angle    Proper Dih. Ryckaert-Bell.          LJ-14
    4.02692e+00    6.97743e+00    2.28291e-01    3.88884e+01    4.92287e+01
     Coulomb-14        LJ (SR)   Coulomb (SR)      Potential Pressure (bar)
    6.29521e+01   -1.19178e+01   -1.50282e+02    1.01669e-01    0.00000e+00

           Step           Time
            143      143.00000

   Energies (kJ/mol)
           Bond          Angle    Proper Dih. Ryckaert-Bell.          LJ-14
    4.02153e+00    6.98162e+00    2.28628e-01    3.88880e+01    4.92224e+01
     Coulomb-14        LJ (SR)   Coulomb (SR)      Potential Pressure (bar)
    6.29556e+01   -1.19191e+01   -1.50277e+02    1.01196e-01    0.00000e+00

           Step           Time
            144      144.00000

   Energies (kJ/mol)
           Bond          Angle    Proper Dih. Ryckaert-Bell.          LJ-14
    4.02951e+00    6.97628e+00    2.28127e-01    3.88859e+01    4.92305e+01
     Coulomb-14        LJ (SR)   Coulomb (SR)      Potential Pressure (bar)
    6.29511e+01   -1.19174e+01   -1.50283e+02    1.01181e-01    0.00000e+00

           Step           Time
            145      145.00000

   Energies (kJ/mol)
           Bond          Angle    Proper Dih. Ryckaert-Bell.          LJ-14
    4.02087e+00    6.98273e+00    2.28623e-01    3.88858e+01    4.92212e+01
     Coulomb-14        LJ (SR)   Coulomb (SR)      Potential Pressure (bar)
    6.29563e+01   -1.19193e+01   -1.50276e+02    1.00433e-01    0.00000e+00

           Step           Time
            146      146.00000

           Step           Time
            147      147.00000

   Energies (kJ/mol)
           Bond          Angle    Proper Dih. Ryckaert-Bell.          LJ-14
    4.02521e+00    6.97859e+00    2.28272e-01    3.88846e+01    4.92270e+01
     Coulomb-14        LJ (SR)   Coulomb (SR)      Potential Pressure (bar)
    6.29530e+01   -1.19180e+01   -1.50280e+02    9.89075e-02    0.00000e+00

           Step           Time
            148      148.00000

           Step           Time
            149      149.00000

   Energies (kJ/mol)
           Bond          Angle    Proper Dih. Ryckaert-Bell.          LJ-14
    4.02231e+00    6.98083e+00    2.28417e-01    3.88838e+01    4.92240e+01
     Coulomb-14        LJ (SR)   Coulomb (SR)      Potential Pressure (bar)
    6.29547e+01   -1.19187e+01   -1.50277e+02    9.82666e-02    0.00000e+00

           Step           Time
            150      150.00000

   Energies (kJ/mol)
           Bond          Angle    Proper Dih. Ryckaert-Bell.          LJ-14
    4.02690e+00    6.97760e+00    2.28182e-01    3.88821e+01    4.92281e+01
     Coulomb-14        LJ (SR)   Coulomb (SR)      Potential Pressure (bar)
    6.29524e+01   -1.19177e+01   -1.50280e+02    9.77631e-02    0.00000e+00

           Step           Time
            151      151.00000

   Energies (kJ/mol)
           Bond          Angle    Proper Dih. Ryckaert-Bell.          LJ-14
    4.02230e+00    6.98107e+00    2.28403e-01    3.88817e+01    4.92234e+01
     Coulomb-14        LJ (SR)   Coulomb (SR)      Potential Pressure (bar)
    6.29550e+01   -1.19187e+01   -1.50276e+02    9.70306e-02    0.00000e+00

           Step           Time
            152      152.00000

   Energies (kJ/mol)
           Bond          Angle    Proper Dih. Ryckaert-Bell.          LJ-14
    4.02864e+00    6.97687e+00    2.28015e-01    3.88796e+01    4.92296e+01
     Coulomb-14        LJ (SR)   Coulomb (SR)      Potential Pressure (bar)
    6.29515e+01   -1.19173e+01   -1.50280e+02    9.69696e-02    0.00000e+00

           Step           Time
            153      153.00000

   Energies (kJ/mol)
           Bond          Angle    Proper Dih. Ryckaert-Bell.          LJ-14
    4.02208e+00    6.98163e+00    2.28363e-01    3.88794e+01    4.92224e+01
     Coulomb-14        LJ (SR)   Coulomb (SR)      Potential Pressure (bar)
    6.29554e+01   -1.19188e+01   -1.50275e+02    9.58862e-02    0.00000e+00

           Step           Time
            154      154.00000

           Step           Time
            155      155.00000

   Energies (kJ/mol)
           Bond          Angle    Proper Dih. Ryckaert-Bell.          LJ-14
    4.02576e+00    6.97862e+00    2.28086e-01    3.88782e+01    4.92269e+01
     Coulomb-14        LJ (SR)   Coulomb (SR)      Potential Pressure (bar)
    6.29528e+01   -1.19179e+01   -1.50277e+02    9.50775e-02    0.00000e+00

           Step           Time
            156      156.00000

   Energies (kJ/mol)
           Bond          Angle    Proper Dih. Ryckaert-Bell.          LJ-14
    4.02177e+00    6.98205e+00    2.28312e-01    3.88773e+01    4.92222e+01
     Coulomb-14        LJ (SR)   Coulomb (SR)      Potential Pressure (bar)
    6.29554e+01   -1.19188e+01   -1.50274e+02    9.46045e-02    0.00000e+00

           Step           Time
            157      157.00000

   Energies (kJ/mol)
           Bond          Angle    Proper Dih. Ryckaert-Bell.          LJ-14
    4.02806e+00    6.97755e+00    2.27932e-01    3.88756e+01    4.92284e+01
     Coulomb-14        LJ (SR)   Coulomb (SR)      Potential Pressure (bar)
    6.29518e+01   -1.19174e+01   -1.50278e+02    9.41315e-02    0.00000e+00

           Step           Time
            158      158.00000

   Energies (kJ/mol)
           Bond          Angle    Proper Dih. Ryckaert-Bell.          LJ-14
    4.02161e+00    6.98254e+00    2.28299e-01    3.88754e+01    4.92213e+01
     Coulomb-14        LJ (SR)   Coulomb (SR)      Potential Pressure (bar)
    6.29557e+01   -1.19189e+01   -1.50272e+02    9.36890e-02    0.00000e+00

           Step           Time
            159      159.00000

           Step           Time
            160      160.00000

   Energies (kJ/mol)
           Bond          Angle    Proper Dih. Ryckaert-Bell.          LJ-14
    4.02534e+00    6.97902e+00    2.28029e-01    3.88743e+01    4.92260e+01
     Coulomb-14        LJ (SR)   Coulomb (SR)      Potential Pressure (bar)
    6.29532e+01   -1.19179e+01   -1.50275e+02    9.25293e-02    0.00000e+00

           Step           Time
            161      161.00000

   Energies (kJ/mol)
           Bond          Angle    Proper Dih. Ryckaert-Bell.          LJ-14
    4.02207e+00    6.98224e+00    2.28171e-01    3.88727e+01    4.92219e+01
     Coulomb-14        LJ (SR)   Coulomb (SR)      Potential Pressure (bar)
    6.29553e+01   -1.19187e+01   -1.50272e+02    9.17511e-02    0.00000e+00

           Step           Time
            162      162.00000

   Energies (kJ/mol)
           Bond          Angle    Proper Dih. Ryckaert-Bell.          LJ-14
    4.02880e+00    6.97698e+00    2.27794e-01    3.88709e+01    4.92287e+01
     Coulomb-14        LJ (SR)   Coulomb (SR)      Potential Pressure (bar)
    6.29518e+01   -1.19172e+01   -1.50276e+02    9.14001e-02    0.00000e+00

           Step           Time
            163      163.00000

   Energies (kJ/mol)
           Bond          Angle    Proper Dih. Ryckaert-Bell.          LJ-14
    4.02178e+00    6.98292e+00    2.28143e-01    3.88707e+01    4.92209e+01
     Coulomb-14        LJ (SR)   Coulomb (SR)      Potential Pressure (bar)
    6.29556e+01   -1.19188e+01   -1.50270e+02    9.07745e-02    0.00000e+00

           Step           Time
            164      164.00000

           Step           Time
            165      165.00000

   Energies (kJ/mol)
           Bond          Angle    Proper Dih. Ryckaert-Bell.          LJ-14
    4.02566e+00    6.97916e+00    2.27867e-01    3.88696e+01    4.92258e+01
     Coulomb-14        LJ (SR)   Coulomb (SR)      Potential Pressure (bar)
    6.29530e+01   -1.19177e+01   -1.50274e+02    8.95996e-02    0.00000e+00

           Step           Time
            166      166.00000

   Energies (kJ/mol)
           Bond          Angle    Proper Dih. Ryckaert-Bell.          LJ-14
    4.02188e+00    6.98270e+00    2.28063e-01    3.88681e+01    4.92210e+01
     Coulomb-14        LJ (SR)   Coulomb (SR)      Potential Pressure (bar)
    6.29556e+01   -1.19187e+01   -1.50270e+02    8.90808e-02    0.00000e+00

           Step           Time
            167      167.00000

   Energies (kJ/mol)
           Bond          Angle    Proper Dih. Ryckaert-Bell.          LJ-14
    4.02822e+00    6.97756e+00    2.27661e-01    3.88666e+01    4.92279e+01
     Coulomb-14        LJ (SR)   Coulomb (SR)      Potential Pressure (bar)
    6.29519e+01   -1.19172e+01   -1.50274e+02    8.84094e-02    0.00000e+00

           Step           Time
            168      168.00000

   Energies (kJ/mol)
           Bond          Angle    Proper Dih. Ryckaert-Bell.          LJ-14
    4.02149e+00    6.98348e+00    2.28048e-01    3.88662e+01    4.92200e+01
     Coulomb-14        LJ (SR)   Coulomb (SR)      Potential Pressure (bar)
    6.29561e+01   -1.19188e+01   -1.50268e+02    8.82416e-02    0.00000e+00

           Step           Time
            169      169.00000

           Step           Time
            170      170.00000

   Energies (kJ/mol)
           Bond          Angle    Proper Dih. Ryckaert-Bell.          LJ-14
    4.02512e+00    6.97960e+00    2.27762e-01    3.88652e+01    4.92250e+01
     Coulomb-14        LJ (SR)   Coulomb (SR)      Potential Pressure (bar)
    6.29534e+01   -1.19177e+01   -1.50272e+02    8.67004e-02    0.00000e+00

           Step           Time
            171      171.00000

   Energies (kJ/mol)
           Bond          Angle    Proper Dih. Ryckaert-Bell.          LJ-14
    4.02348e+00    6.98119e+00    2.27868e-01    3.88634e+01    4.92224e+01
     Coulomb-14        LJ (SR)   Coulomb (SR)      Potential Pressure (bar)
    6.29547e+01   -1.19182e+01   -1.50269e+02    8.56628e-02    0.00000e+00

           Step           Time
            172      172.00000

           Step           Time
            173      173.00000

   Energies (kJ/mol)
           Bond          Angle    Proper Dih. Ryckaert-Bell.          LJ-14
    4.02654e+00    6.97901e+00    2.27627e-01    3.88620e+01    4.92260e+01
     Coulomb-14        LJ (SR)   Coulomb (SR)      Potential Pressure (bar)
    6.29528e+01   -1.19174e+01   -1.50271e+02    8.50372e-02    0.00000e+00

           Step           Time
            174      174.00000

   Energies (kJ/mol)
           Bond          Angle    Proper Dih. Ryckaert-Bell.          LJ-14
    4.02323e+00    6.98162e+00    2.27826e-01    3.88615e+01    4.92222e+01
     Coulomb-14        LJ (SR)   Coulomb (SR)      Potential Pressure (bar)
    6.29548e+01   -1.19182e+01   -1.50268e+02    8.45795e-02    0.00000e+00

           Step           Time
            175      175.00000

   Energies (kJ/mol)
           Bond          Angle    Proper Dih. Ryckaert-Bell.          LJ-14
    4.02824e+00    6.97826e+00    2.27502e-01    3.88597e+01    4.92273e+01
     Coulomb-14        LJ (SR)   Coulomb (SR)      Potential Pressure (bar)
    6.29519e+01   -1.19171e+01   -1.50272e+02    8.41064e-02    0.00000e+00

           Step           Time
            176      176.00000

   Energies (kJ/mol)
           Bond          Angle    Proper Dih. Ryckaert-Bell.          LJ-14
    4.02273e+00    6.98242e+00    2.27786e-01    3.88594e+01    4.92214e+01
     Coulomb-14        LJ (SR)   Coulomb (SR)      Potential Pressure (bar)
    6.29550e+01   -1.19183e+01   -1.50267e+02    8.33893e-02    0.00000e+00

           Step           Time
            177      177.00000

           Step           Time
            178      178.00000

   Energies (kJ/mol)
           Bond          Angle    Proper Dih. Ryckaert-Bell.          LJ-14
    4.02583e+00    6.97967e+00    2.27573e-01    3.88583e+01    4.92253e+01
     Coulomb-14        LJ (SR)   Coulomb (SR)      Potential Pressure (bar)
    6.29529e+01   -1.19175e+01   -1.50270e+02    8.25500e-02    0.00000e+00

           Step           Time
            179      179.00000

   Energies (kJ/mol)
           Bond          Angle    Proper Dih. Ryckaert-Bell.          LJ-14
    4.02321e+00    6.98201e+00    2.27743e-01    3.88572e+01    4.92215e+01
     Coulomb-14        LJ (SR)   Coulomb (SR)      Potential Pressure (bar)
    6.29550e+01   -1.19182e+01   -1.50266e+02    8.19397e-02    0.00000e+00

           Step           Time
            180      180.00000

   Energies (kJ/mol)
           Bond          Angle    Proper Dih. Ryckaert-Bell.          LJ-14
    4.02806e+00    6.97871e+00    2.27405e-01    3.88557e+01    4.92267e+01
     Coulomb-14        LJ (SR)   Coulomb (SR)      Potential Pressure (bar)
    6.29520e+01   -1.19171e+01   -1.50270e+02    8.14819e-02    0.00000e+00

           Step           Time
            181      181.00000

   Energies (kJ/mol)
           Bond          Angle    Proper Dih. Ryckaert-Bell.          LJ-14
    4.02285e+00    6.98271e+00    2.27693e-01    3.88554e+01    4.92209e+01
     Coulomb-14        LJ (SR)   Coulomb (SR)      Potential Pressure (bar)
    6.29552e+01   -1.19183e+01   -1.50265e+02    8.09631e-02    0.00000e+00

           Step           Time
            182      182.00000

   Energies (kJ/mol)
           Bond          Angle    Proper Dih. Ryckaert-Bell.          LJ-14
    4.03022e+00    6.97794e+00    2.27242e-01    3.88534e+01    4.92284e+01
     Coulomb-14        LJ (SR)   Coulomb (SR)      Potential Pressure (bar)
    6.29509e+01   -1.19167e+01   -1.50271e+02    8.08868e-02    0.00000e+00

           Step           Time
            183      183.00000

   Energies (kJ/mol)
           Bond          Angle    Proper Dih. Ryckaert-Bell.          LJ-14
    4.02213e+00    6.98377e+00    2.27688e-01    3.88534e+01    4.92197e+01
     Coulomb-14        LJ (SR)   Coulomb (SR)      Potential Pressure (bar)
    6.29558e+01   -1.19185e+01   -1.50264e+02    8.00323e-02    0.00000e+00

           Step           Time
            184      184.00000

           Step           Time
            185      185.00000

   Energies (kJ/mol)
           Bond          Angle    Proper Dih. Ryckaert-Bell.          LJ-14
    4.02672e+00    6.97964e+00    2.27384e-01    3.88522e+01    4.92252e+01
     Coulomb-14        LJ (SR)   Coulomb (SR)      Potential Pressure (bar)
    6.29526e+01   -1.19172e+01   -1.50268e+02    7.88116e-02    0.00000e+00

           Step           Time
            186      186.00000

   Energies (kJ/mol)
           Bond          Angle    Proper Dih. Ryckaert-Bell.          LJ-14
    4.02204e+00    6.98419e+00    2.27624e-01    3.88510e+01    4.92193e+01
     Coulomb-14        LJ (SR)   Coulomb (SR)      Potential Pressure (bar)
    6.29557e+01   -1.19184e+01   -1.50263e+02    7.85980e-02    0.00000e+00

           Step           Time
            187      187.00000

   Energies (kJ/mol)
           Bond          Angle    Proper Dih. Ryckaert-Bell.          LJ-14
    4.02938e+00    6.97838e+00    2.27175e-01    3.88493e+01    4.92272e+01
     Coulomb-14        LJ (SR)   Coulomb (SR)      Potential Pressure (bar)
    6.29514e+01   -1.19167e+01   -1.50268e+02    7.77435e-02    0.00000e+00

           Step           Time
            188      188.00000

           Step           Time
            189      189.00000

   Energies (kJ/mol)
           Bond          Angle    Proper Dih. Ryckaert-Bell.          LJ-14
    4.02454e+00    6.98154e+00    2.27407e-01    3.88492e+01    4.92227e+01
     Coulomb-14        LJ (SR)   Coulomb (SR)      Potential Pressure (bar)
    6.29538e+01   -1.19176e+01   -1.50265e+02    7.66144e-02    0.00000e+00


Steepest Descents converged to Fmax < 10 in 190 steps
Potential Energy  =  7.6614380e-02
Maximum force     =  9.9433594e+00 on atom 24
Norm of force     =  3.6402379e+00
Finished mdrun on rank 0 Mon Jun 17 09:34:40 2019

