            --------------------------------------------------------
                             AMBER SQM VERSION 19
 
                                     By
              Ross C. Walker, Michael F. Crowley, Scott Brozell,
                         Tim Giese, Andreas W. Goetz,
                        Tai-Sung Lee and David A. Case
 
            --------------------------------------------------------
 

--------------------------------------------------------------------------------
  QM CALCULATION INFO
--------------------------------------------------------------------------------

| QMMM: Citation for AMBER QMMM Run:
| QMMM: R.C. Walker, M.F. Crowley and D.A. Case, J. COMP. CHEM. 29:1019, 2008

QMMM: SINGLET STATE CALCULATION
QMMM: RHF CALCULATION, NO. OF DOUBLY OCCUPIED LEVELS = 57

| QMMM: *** Selected Hamiltonian *** 
| QMMM: AM1         

| QMMM: *** Parameter sets in use ***
| QMMM: N : M.J.S.DEWAR et al. JACS, 107, 3902, (1985)
| QMMM: C : M.J.S.DEWAR et al. JACS, 107, 3902, (1985)
| QMMM: O : M.J.S.DEWAR et al. JACS, 107, 3902, (1985)
| QMMM: H : M.J.S.DEWAR et al. JACS, 107, 3902, (1985)

| QMMM: *** SCF convergence criteria ***
| QMMM: Energy change                :  0.1D-09 kcal/mol
| QMMM: Error matrix |FP-PF|         :  0.1D+00 au
| QMMM: Density matrix change        :  0.5D-06
| QMMM: Maximum number of SCF cycles :     1000

| QMMM: *** Diagonalization Routine Information ***
| QMMM: Pseudo diagonalizations are allowed.
| QMMM: Auto diagonalization routine selection is in use.
| QMMM:
| QMMM: Timing diagonalization routines:
| QMMM:                              norbs =      109
| QMMM:    diag iterations used for timing =       10
| QMMM:
| QMMM:              Internal diag routine = 0.038879 seconds
| QMMM:                 Dspev diag routine = 0.053823 seconds
| QMMM:                Dspevd diag routine = 0.032650 seconds
| QMMM:                Dspevx diag routine = 0.104435 seconds
| QMMM:                 Dsyev diag routine = 0.041037 seconds
| QMMM:                Dsyevd diag routine = 0.028130 seconds
| QMMM:                Dsyevr diag routine = 0.028806 seconds
| QMMM:
| QMMM:                Pseudo diag routine = 0.013169 seconds
| QMMM:
| QMMM: Using dsyevd routine (diag_routine=6).

  QMMM: QM Region Cartesian Coordinates (*=link atom) 
  QMMM: QM_NO.   MM_NO.  ATOM         X         Y         Z
  QMMM:     1        1      N       14.5400    2.2820   12.1020
  QMMM:     2        2      C        8.5090    4.2040   16.3410
  QMMM:     3        3      C        8.6440    4.9030   15.1390
  QMMM:     4        4      C        8.7530    4.1960   13.9390
  QMMM:     5        5      C        8.6680    2.8000   13.9420
  QMMM:     6        6      C        8.4710    2.0800   15.1310
  QMMM:     7        7      C        8.4170    2.8080   16.3330
  QMMM:     8        8      C        8.2400    0.6170   15.1220
  QMMM:     9        9      C        9.1340   -0.3360   14.5660
  QMMM:    10       10      C        8.7640   -1.7010   14.5960
  QMMM:    11       11      C        7.5540   -2.1300   15.1410
  QMMM:    12       12      C        6.6800   -1.2010   15.6810
  QMMM:    13       13      C        7.0210    0.1510   15.6730
  QMMM:    14       14      C       10.4410    0.0040   13.9600
  QMMM:    15       15      C       11.4320    0.6910   14.6740
  QMMM:    16       16      C       12.6740    0.9690   14.0930
  QMMM:    17       17      C       12.9610    0.5680   12.7810
  QMMM:    18       18      C       11.9820   -0.1240   12.0640
  QMMM:    19       19      C       10.7440   -0.4050   12.6490
  QMMM:    20       20      C       14.3070    0.8610   12.1650
  QMMM:    21       21      C        8.6690    6.2430   15.1370
  QMMM:    22       22      O        9.7610    6.7390   15.1330
  QMMM:    23       23      O        7.6660    6.9430   15.1400
  QMMM:    24       24      H       14.4140    2.6540   13.0330
  QMMM:    25       25      H       14.3260    0.4850   11.1420
  QMMM:    26       26      H        8.4510    4.7440   17.2830
  QMMM:    27       27      H        8.9020    4.7160   12.9970
  QMMM:    28       28      H        8.7350    2.2760   12.9950
  QMMM:    29       29      H        8.2870    2.2870   17.2800
  QMMM:    30       30      H        9.4410   -2.4530   14.1920
  QMMM:    31       31      H        7.3020   -3.1870   15.1430
  QMMM:    32       32      H        5.7340   -1.5220   16.1060
  QMMM:    33       33      H        6.3100    0.8630   16.0910
  QMMM:    34       34      H       11.2500    1.0080   15.6990
  QMMM:    35       35      H       13.4260    1.5010   14.6750
  QMMM:    36       36      H       12.1720   -0.4530   11.0450
  QMMM:    37       37      H       10.0050   -0.9490   12.0640
  QMMM:    38       38      H       15.0890    0.3520   12.7390
  QMMM:    39       39      H       13.9450    2.8220   11.4710
  QMMM:    40       40      H       10.0500    6.8700   14.2270

--------------------------------------------------------------------------------
  RESULTS
--------------------------------------------------------------------------------

      iter         sqm energy              rms gradient
      ----    -------------------    -----------------------
xmin    10      -11.2016 kcal/mol        1.5187 kcal/(mol*A)
xmin    20      -12.5254 kcal/mol        0.3104 kcal/(mol*A)
xmin    30      -12.6767 kcal/mol        0.1070 kcal/(mol*A)
xmin    40      -12.7009 kcal/mol        0.1415 kcal/(mol*A)
xmin    50      -12.7037 kcal/mol        0.0267 kcal/(mol*A)
xmin    60      -12.7045 kcal/mol        0.0175 kcal/(mol*A)
xmin    70      -12.7049 kcal/mol        0.0051 kcal/(mol*A)
xmin    80      -12.7054 kcal/mol        0.0126 kcal/(mol*A)
xmin    90      -12.7056 kcal/mol        0.0140 kcal/(mol*A)
xmin   100      -12.7057 kcal/mol        0.0083 kcal/(mol*A)
xmin   110      -12.7058 kcal/mol        0.0082 kcal/(mol*A)
xmin   120      -12.7058 kcal/mol        0.0068 kcal/(mol*A)
xmin   130      -12.7059 kcal/mol        0.0036 kcal/(mol*A)
xmin   140      -12.7059 kcal/mol        0.0100 kcal/(mol*A)
xmin   150      -12.7059 kcal/mol        0.0011 kcal/(mol*A)
xmin   160      -12.7060 kcal/mol        0.0018 kcal/(mol*A)
xmin   170      -12.7060 kcal/mol        0.0025 kcal/(mol*A)
xmin   180      -12.7060 kcal/mol        0.0042 kcal/(mol*A)
xmin   190      -12.7061 kcal/mol        0.0015 kcal/(mol*A)
xmin   200      -12.7061 kcal/mol        0.0024 kcal/(mol*A)
xmin   210      -12.7061 kcal/mol        0.0015 kcal/(mol*A)
xmin   220      -12.7061 kcal/mol        0.0016 kcal/(mol*A)
xmin   230      -12.7021 kcal/mol        0.0459 kcal/(mol*A)
xmin   240      -12.7044 kcal/mol        0.0237 kcal/(mol*A)
xmin   250      -12.7050 kcal/mol        0.0079 kcal/(mol*A)
xmin   260      -12.7052 kcal/mol        0.0034 kcal/(mol*A)
xmin   270      -12.7053 kcal/mol        0.0072 kcal/(mol*A)
xmin   280      -12.7055 kcal/mol        0.0221 kcal/(mol*A)
xmin   290      -12.7056 kcal/mol        0.0066 kcal/(mol*A)
xmin   300      -12.7057 kcal/mol        0.0124 kcal/(mol*A)
xmin   310      -12.7057 kcal/mol        0.0047 kcal/(mol*A)
xmin   320      -12.7058 kcal/mol        0.0044 kcal/(mol*A)
xmin   330      -12.7058 kcal/mol        0.0041 kcal/(mol*A)
xmin   340      -12.7058 kcal/mol        0.0042 kcal/(mol*A)
xmin   350      -12.7058 kcal/mol        0.0017 kcal/(mol*A)
xmin   360      -12.7059 kcal/mol        0.0018 kcal/(mol*A)
xmin   370      -12.7059 kcal/mol        0.0076 kcal/(mol*A)
xmin   380      -12.7059 kcal/mol        0.0013 kcal/(mol*A)
xmin   390      -12.7059 kcal/mol        0.0042 kcal/(mol*A)
xmin   400      -12.7059 kcal/mol        0.0060 kcal/(mol*A)
xmin   410      -12.7060 kcal/mol        0.0105 kcal/(mol*A)
xmin   420      -12.7060 kcal/mol        0.0022 kcal/(mol*A)
xmin   430      -12.7060 kcal/mol        0.0019 kcal/(mol*A)
xmin   440      -12.7060 kcal/mol        0.0032 kcal/(mol*A)
xmin   450      -12.7060 kcal/mol        0.0014 kcal/(mol*A)
xmin   460      -12.7060 kcal/mol        0.0008 kcal/(mol*A)
xmin   470      -12.7061 kcal/mol        0.0022 kcal/(mol*A)
xmin   480      -12.7061 kcal/mol        0.0045 kcal/(mol*A)
xmin   490      -12.7061 kcal/mol        0.0040 kcal/(mol*A)
xmin   500      -12.7061 kcal/mol        0.0096 kcal/(mol*A)
xmin   510      -12.7061 kcal/mol        0.0041 kcal/(mol*A)
xmin   520      -12.7062 kcal/mol        0.0026 kcal/(mol*A)
xmin   530      -12.7062 kcal/mol        0.0029 kcal/(mol*A)
xmin   540      -12.7062 kcal/mol        0.0012 kcal/(mol*A)
xmin   550      -12.7062 kcal/mol        0.0046 kcal/(mol*A)
xmin   560      -12.7062 kcal/mol        0.0013 kcal/(mol*A)
  ... geometry converged !
 
 Final MO eigenvalues (eV):
 -41.4093  -40.7125  -39.6515  -38.7994  -36.8478  -36.2905  -34.1302  -33.2578
 -32.0238  -31.8226  -30.6679  -29.9634  -26.3686  -25.6026  -24.1811  -23.7854
 -23.2046  -23.0082  -21.9715  -21.4609  -19.7913  -18.5383  -17.7164  -17.4515
 -17.3089  -16.9252  -16.5460  -16.3925  -16.1404  -16.0020  -15.9095  -15.4595
 -15.3835  -15.1527  -14.7652  -14.5926  -14.5643  -14.4913  -14.0149  -13.6315
 -13.5828  -13.4486  -13.1703  -12.7044  -12.5510  -12.3564  -12.3272  -12.1880
 -12.0212  -11.3091  -10.6494  -10.3270  -10.2586  -10.1373  -10.0315   -9.7091
  -9.3487   -0.7932   -0.2356   -0.0282    0.1712    0.2042    0.3080    1.3604
   2.2645    2.3269    2.4057    2.5691    3.1835    3.2895    3.3295    3.3921
   3.4769    3.5092    3.6039    3.6252    3.6693    3.6842    3.7431    3.8270
   3.9234    3.9590    4.0346    4.0951    4.1695    4.2933    4.3262    4.4413
   4.5104    4.5406    4.6225    4.7312    4.7789    4.7974    4.8945    4.9664
   5.0921    5.1652    5.2387    5.2501    5.3069    5.3752    5.4419    5.6686
   5.7404    5.7517    5.9674    6.0310    6.6652

 Heat of formation   =        -12.70620710 kcal/mol  (       -0.55098249 eV)

 Total SCF energy    =     -83985.70679034 kcal/mol  (    -3641.89353412 eV)
 Electronic energy   =    -590368.49942215 kcal/mol  (   -25600.29918140 eV)
 Core-core repulsion =     506382.79263182 kcal/mol  (    21958.40564728 eV)
 
    Atomic Charges for Step       1 :
  Atom    Element       Mulliken Charge
     1      N                 -0.333
     2      C                 -0.071
     3      C                 -0.155
     4      C                 -0.105
     5      C                 -0.116
     6      C                 -0.003
     7      C                 -0.132
     8      C                 -0.040
     9      C                 -0.022
    10      C                 -0.120
    11      C                 -0.122
    12      C                 -0.127
    13      C                 -0.116
    14      C                 -0.046
    15      C                 -0.107
    16      C                 -0.130
    17      C                 -0.118
    18      C                 -0.123
    19      C                 -0.121
    20      C                 -0.050
    21      C                  0.340
    22      O                 -0.288
    23      O                 -0.297
    24      H                  0.142
    25      H                  0.098
    26      H                  0.158
    27      H                  0.136
    28      H                  0.150
    29      H                  0.146
    30      H                  0.141
    31      H                  0.137
    32      H                  0.137
    33      H                  0.139
    34      H                  0.141
    35      H                  0.133
    36      H                  0.135
    37      H                  0.138
    38      H                  0.103
    39      H                  0.143
    40      H                  0.224
 Total Mulliken Charge =       0.000
 
                  X        Y        Z     TOTAL  
  QM DIPOLE    -0.366   -5.223   -0.839    5.303
 
 Final Structure

  QMMM: QM Region Cartesian Coordinates (*=link atom) 
  QMMM: QM_NO.   MM_NO.  ATOM         X         Y         Z
  QMMM:     1        1      N       14.5708    2.4536   12.3041
  QMMM:     2        2      C        8.4704    4.1383   16.2494
  QMMM:     3        3      C        8.7648    4.7834   15.0422
  QMMM:     4        4      C        8.8663    4.0364   13.8630
  QMMM:     5        5      C        8.6913    2.6562   13.8933
  QMMM:     6        6      C        8.4092    2.0028   15.1019
  QMMM:     7        7      C        8.2956    2.7573   16.2784
  QMMM:     8        8      C        8.1842    0.5559   15.1360
  QMMM:     9        9      C        9.0902   -0.3653   14.5808
  QMMM:    10       10      C        8.7826   -1.7345   14.6116
  QMMM:    11       11      C        7.6051   -2.1882   15.1976
  QMMM:    12       12      C        6.7144   -1.2758   15.7637
  QMMM:    13       13      C        7.0035    0.0846   15.7326
  QMMM:    14       14      C       10.3644    0.0407   13.9804
  QMMM:    15       15      C       11.3649    0.6379   14.7589
  QMMM:    16       16      C       12.5895    0.9755   14.1885
  QMMM:    17       17      C       12.8342    0.7270   12.8339
  QMMM:    18       18      C       11.8368    0.1316   12.0567
  QMMM:    19       19      C       10.6130   -0.2146   12.6251
  QMMM:    20       20      C       14.1668    1.0736   12.2291
  QMMM:    21       21      C        8.9339    6.2474   15.0443
  QMMM:    22       22      O        9.7816    6.8383   14.1470
  QMMM:    23       23      O        8.3866    7.0534   15.7982
  QMMM:    24       24      H       14.6087    2.7667   13.2547
  QMMM:    25       25      H       14.1705    0.7752   11.1412
  QMMM:    26       26      H        8.3710    4.7352   17.1709
  QMMM:    27       27      H        9.0647    4.5362   12.9020
  QMMM:    28       28      H        8.7774    2.0679   12.9662
  QMMM:    29       29      H        8.0651    2.2534   17.2297
  QMMM:    30       30      H        9.4904   -2.4527   14.1694
  QMMM:    31       31      H        7.3789   -3.2646   15.2157
  QMMM:    32       32      H        5.7839   -1.6296   16.2318
  QMMM:    33       33      H        6.2978    0.8070   16.1716
  QMMM:    34       34      H       11.1810    0.8353   15.8258
  QMMM:    35       35      H       13.3732    1.4311   14.8128
  QMMM:    36       36      H       12.0189   -0.0718   10.9904
  QMMM:    37       37      H        9.8358   -0.6924   12.0098
  QMMM:    38       38      H       14.9558    0.4570   12.7516
  QMMM:    39       39      H       13.9390    3.0421   11.7974
  QMMM:    40       40      H       10.2387    6.1645   13.6260

           --------- Calculation Completed ----------

